  {
    "source": "aws_cloudtrail",
    "timestamp": "2026-02-17T18:14:00",
    "raw": "{\"eventVersion\": \"1.08\", \"userIdentity\": {\"type\": \"IAMUser\", \"principalId\": \"AIDAEXAMPLE78717\", \"arn\": \"arn:aws:iam::123456789012:user/dev-ops-svc\", \"accountId\": \"123456789012\", \"accessKeyId\": \"AKIAIOSFODNN7EXAMPLE\", \"userName\": \"dev-ops-svc\"}, \"eventTime\": \"2026-02-17T18:14:00Z\", \"eventSource\": \"iam.amazonaws.com\", \"eventName\": \"CreateAccessKey\", \"awsRegion\": \"eu-west-1\", \"sourceIPAddress\": \"198.51.100.23\", \"userAgent\": \"aws-cli/2.15.0 Python/3.11.6 Linux/5.15.0-91-generic\", \"requestParameters\": {\"UserName\": \"svc-cloudops\"}, \"responseElements\": {\"_return\": true}, \"requestID\": \"0921679d-65ac-432f-b492-fa25666efca8\", \"eventID\": \"0a43cd75-b6e2-4020-9357-95b6e68dc73a\", \"readOnly\": false, \"eventType\": \"AwsApiCall\", \"managementEvent\": true, \"recipientAccountId\": \"123456789012\"}",
    "log_file": "/home/narenpindi/Desktop/project/enterprise-soc-lab/logs/cloud/cloudtrail_events.json",
    "event_type": "cloud_api_call",
    "severity": "MEDIUM",
    "details": {
      "event_name": "CreateAccessKey",
      "event_source": "iam.amazonaws.com",
      "source_ip": "198.51.100.23",
      "user_name": "dev-ops-svc",
      "region": "eu-west-1",
      "access_key": "AKIAIOSFODNN7EXAMPLE",
      "request_params": {
        "UserName": "svc-cloudops"
      },
      "error_code": null,
      "action": "CreateAccessKey"
    },
    "event_id": "EVT-001082"
  },
  {
    "source": "aws_cloudtrail",
    "timestamp": "2026-02-17T18:18:00",
    "raw": "{\"eventVersion\": \"1.08\", \"userIdentity\": {\"type\": \"IAMUser\", \"principalId\": \"AIDAEXAMPLE70662\", \"arn\": \"arn:aws:iam::123456789012:user/dev-ops-svc\", \"accountId\": \"123456789012\", \"accessKeyId\": \"AKIAIOSFODNN7EXAMPLE\", \"userName\": \"dev-ops-svc\"}, \"eventTime\": \"2026-02-17T18:18:00Z\", \"eventSource\": \"elasticloadbalancing.amazonaws.com\", \"eventName\": \"DescribeLoadBalancers\", \"awsRegion\": \"us-east-1\", \"sourceIPAddress\": \"10.0.1.50\", \"userAgent\": \"aws-cli/2.15.0 Python/3.11.6 Linux/5.15.0-91-generic\", \"requestParameters\": {}, \"responseElements\": {\"_return\": true}, \"requestID\": \"b1e372a5-de7e-4764-ba90-0bc66df1e149\", \"eventID\": \"88db2102-4419-4ec1-acff-4ad8beb55dce\", \"readOnly\": true, \"eventType\": \"AwsApiCall\", \"managementEvent\": true, \"recipientAccountId\": \"123456789012\"}",
    "log_file": "/home/narenpindi/Desktop/project/enterprise-soc-lab/logs/cloud/cloudtrail_events.json",
    "event_type": "cloud_api_call",
    "severity": "LOW",
    "details": {
      "event_name": "DescribeLoadBalancers",
      "event_source": "elasticloadbalancing.amazonaws.com",
      "source_ip": "10.0.1.50",
      "user_name": "dev-ops-svc",
      "region": "us-east-1",
      "access_key": "AKIAIOSFODNN7EXAMPLE",
      "request_params": {},
      "error_code": null,
      "action": "DescribeLoadBalancers"
    },
    "event_id": "EVT-001083"
  },
  {
    "source": "aws_cloudtrail",
    "timestamp": "2026-02-17T18:18:00",
    "raw": "{\"eventVersion\": \"1.08\", \"userIdentity\": {\"type\": \"IAMUser\", \"principalId\": \"AIDAEXAMPLE17268\", \"arn\": \"arn:aws:iam::123456789012:user/dev-ops-svc\", \"accountId\": \"123456789012\", \"accessKeyId\": \"AKIAIOSFODNN7EXAMPLE\", \"userName\": \"dev-ops-svc\"}, \"eventTime\": \"2026-02-17T18:18:00Z\", \"eventSource\": \"iam.amazonaws.com\", \"eventName\": \"AttachUserPolicy\", \"awsRegion\": \"eu-west-1\", \"sourceIPAddress\": \"198.51.100.23\", \"userAgent\": \"aws-cli/2.15.0 Python/3.11.6 Linux/5.15.0-91-generic\", \"requestParameters\": {\"UserName\": \"svc-cloudops\", \"PolicyArn\": \"arn:aws:iam::aws:policy/AdministratorAccess\"}, \"responseElements\": {\"_return\": true}, \"requestID\": \"2e656f5c-fd5a-4e48-880b-3f9249f35747\", \"eventID\": \"767ae76b-6160-45d5-9c3f-eef7843efec5\", \"readOnly\": false, \"eventType\": \"AwsApiCall\", \"managementEvent\": true, \"recipientAccountId\": \"123456789012\"}",
    "log_file": "/home/narenpindi/Desktop/project/enterprise-soc-lab/logs/cloud/cloudtrail_events.json",
    "event_type": "cloud_api_call",
    "severity": "MEDIUM",
    "details": {
      "event_name": "AttachUserPolicy",
      "event_source": "iam.amazonaws.com",
      "source_ip": "198.51.100.23",
      "user_name": "dev-ops-svc",
      "region": "eu-west-1",
      "access_key": "AKIAIOSFODNN7EXAMPLE",
      "request_params": {
        "UserName": "svc-cloudops",
        "PolicyArn": "arn:aws:iam::aws:policy/AdministratorAccess"
      },
      "error_code": null,
      "action": "AttachUserPolicy"
    },
    "event_id": "EVT-001084"
  },
  {
    "source": "aws_cloudtrail",
    "timestamp": "2026-02-17T18:20:00",
    "raw": "{\"eventVersion\": \"1.08\", \"userIdentity\": {\"type\": \"IAMUser\", \"principalId\": \"AIDAEXAMPLE88332\", \"arn\": \"arn:aws:iam::123456789012:user/dev-ops-svc\", \"accountId\": \"123456789012\", \"accessKeyId\": \"AKIAIOSFODNN7EXAMPLE\", \"userName\": \"dev-ops-svc\"}, \"eventTime\": \"2026-02-17T18:20:00Z\", \"eventSource\": \"iam.amazonaws.com\", \"eventName\": \"CreateUser\", \"awsRegion\": \"eu-west-1\", \"sourceIPAddress\": \"198.51.100.23\", \"userAgent\": \"aws-cli/2.15.0 Python/3.11.6 Linux/5.15.0-91-generic\", \"requestParameters\": {\"UserName\": \"svc-cloudops\"}, \"responseElements\": {\"_return\": true}, \"requestID\": \"7bf40db5-90d9-4d4b-9b29-c264ebfd39b1\", \"eventID\": \"59b18d08-442c-4675-9e2e-e3df3492a93e\", \"readOnly\": false, \"eventType\": \"AwsApiCall\", \"managementEvent\": true, \"recipientAccountId\": \"123456789012\"}",
    "log_file": "/home/narenpindi/Desktop/project/enterprise-soc-lab/logs/cloud/cloudtrail_events.json",
    "event_type": "cloud_api_call",
    "severity": "MEDIUM",
    "details": {
      "event_name": "CreateUser",
      "event_source": "iam.amazonaws.com",
      "source_ip": "198.51.100.23",
      "user_name": "dev-ops-svc",
      "region": "eu-west-1",
      "access_key": "AKIAIOSFODNN7EXAMPLE",
      "request_params": {
        "UserName": "svc-cloudops"
      },
      "error_code": null,
      "action": "CreateUser"
    },
    "event_id": "EVT-001085"
  },
  {
    "source": "aws_cloudtrail",
    "timestamp": "2026-02-17T18:20:00",
    "raw": "{\"eventVersion\": \"1.08\", \"userIdentity\": {\"type\": \"IAMUser\", \"principalId\": \"AIDAEXAMPLE60130\", \"arn\": \"arn:aws:iam::123456789012:user/dev-ops-svc\", \"accountId\": \"123456789012\", \"accessKeyId\": \"AKIAIOSFODNN7EXAMPLE\", \"userName\": \"dev-ops-svc\"}, \"eventTime\": \"2026-02-17T18:20:00Z\", \"eventSource\": \"iam.amazonaws.com\", \"eventName\": \"DeleteAccountPasswordPolicy\", \"awsRegion\": \"eu-west-1\", \"sourceIPAddress\": \"198.51.100.23\", \"userAgent\": \"aws-cli/2.15.0 Python/3.11.6 Linux/5.15.0-91-generic\", \"requestParameters\": {}, \"responseElements\": {\"_return\": true}, \"requestID\": \"d322e704-c283-4a9d-9ac4-32444c234c4a\", \"eventID\": \"eab56957-01fb-4cd9-a182-d327114f8505\", \"readOnly\": false, \"eventType\": \"AwsApiCall\", \"managementEvent\": true, \"recipientAccountId\": \"123456789012\", \"errorCode\": \"AccessDenied\", \"errorMessage\": \"User: arn:aws:iam::123456789012:user/dev-ops-svc is not authorized to perform: DeleteAccountPasswordPolicy\"}",
    "log_file": "/home/narenpindi/Desktop/project/enterprise-soc-lab/logs/cloud/cloudtrail_events.json",
    "event_type": "cloud_api_call",
    "severity": "MEDIUM",
    "details": {
      "event_name": "DeleteAccountPasswordPolicy",
      "event_source": "iam.amazonaws.com",
      "source_ip": "198.51.100.23",
      "user_name": "dev-ops-svc",
      "region": "eu-west-1",
      "access_key": "AKIAIOSFODNN7EXAMPLE",
      "request_params": {},
      "error_code": "AccessDenied",
      "action": "DeleteAccountPasswordPolicy"
    },
    "event_id": "EVT-001086"
  },
  {
    "source": "aws_cloudtrail",
    "timestamp": "2026-02-17T18:24:00",
    "raw": "{\"eventVersion\": \"1.08\", \"userIdentity\": {\"type\": \"IAMUser\", \"principalId\": \"AIDAEXAMPLE30370\", \"arn\": \"arn:aws:iam::123456789012:user/dev-ops-svc\", \"accountId\": \"123456789012\", \"accessKeyId\": \"AKIAIOSFODNN7EXAMPLE\", \"userName\": \"dev-ops-svc\"}, \"eventTime\": \"2026-02-17T18:24:00Z\", \"eventSource\": \"lambda.amazonaws.com\", \"eventName\": \"ListFunctions\", \"awsRegion\": \"eu-west-1\", \"sourceIPAddress\": \"198.51.100.23\", \"userAgent\": \"aws-cli/2.15.0 Python/3.11.6 Linux/5.15.0-91-generic\", \"requestParameters\": {}, \"responseElements\": {\"_return\": true}, \"requestID\": \"d4a3a696-7606-451f-81b4-4b500cf4b1b6\", \"eventID\": \"e1754e30-5c62-427f-929a-828489cbd531\", \"readOnly\": true, \"eventType\": \"AwsApiCall\", \"managementEvent\": true, \"recipientAccountId\": \"123456789012\"}",
    "log_file": "/home/narenpindi/Desktop/project/enterprise-soc-lab/logs/cloud/cloudtrail_events.json",
    "event_type": "cloud_api_call",
    "severity": "LOW",
    "details": {
      "event_name": "ListFunctions",
      "event_source": "lambda.amazonaws.com",
      "source_ip": "198.51.100.23",
      "user_name": "dev-ops-svc",
      "region": "eu-west-1",
      "access_key": "AKIAIOSFODNN7EXAMPLE",
      "request_params": {},
      "error_code": null,
      "action": "ListFunctions"
    },
    "event_id": "EVT-001087"
  },
  {
    "source": "aws_cloudtrail",
    "timestamp": "2026-02-17T18:26:00",
    "raw": "{\"eventVersion\": \"1.08\", \"userIdentity\": {\"type\": \"IAMUser\", \"principalId\": \"AIDAEXAMPLE76353\", \"arn\": \"arn:aws:iam::123456789012:user/dev-ops-svc\", \"accountId\": \"123456789012\", \"accessKeyId\": \"AKIAIOSFODNN7EXAMPLE\", \"userName\": \"dev-ops-svc\"}, \"eventTime\": \"2026-02-17T18:26:00Z\", \"eventSource\": \"secretsmanager.amazonaws.com\", \"eventName\": \"ListSecrets\", \"awsRegion\": \"eu-west-1\", \"sourceIPAddress\": \"198.51.100.23\", \"userAgent\": \"aws-cli/2.15.0 Python/3.11.6 Linux/5.15.0-91-generic\", \"requestParameters\": {}, \"responseElements\": {\"_return\": true}, \"requestID\": \"fb39309e-c8d8-43b4-9d55-caad5007eb69\", \"eventID\": \"a31604e8-1343-4334-8663-7fd472a78943\", \"readOnly\": true, \"eventType\": \"AwsApiCall\", \"managementEvent\": true, \"recipientAccountId\": \"123456789012\"}",
    "log_file": "/home/narenpindi/Desktop/project/enterprise-soc-lab/logs/cloud/cloudtrail_events.json",
    "event_type": "cloud_api_call",
    "severity": "LOW",
    "details": {
      "event_name": "ListSecrets",
      "event_source": "secretsmanager.amazonaws.com",
      "source_ip": "198.51.100.23",
      "user_name": "dev-ops-svc",
      "region": "eu-west-1",
      "access_key": "AKIAIOSFODNN7EXAMPLE",
      "request_params": {},
      "error_code": null,
      "action": "ListSecrets"
    },
    "event_id": "EVT-001088"
  },
  {
    "source": "aws_cloudtrail",
    "timestamp": "2026-02-17T18:30:00",
    "raw": "{\"eventVersion\": \"1.08\", \"userIdentity\": {\"type\": \"IAMUser\", \"principalId\": \"AIDAEXAMPLE75458\", \"arn\": \"arn:aws:iam::123456789012:user/dev-ops-svc\", \"accountId\": \"123456789012\", \"accessKeyId\": \"AKIAIOSFODNN7EXAMPLE\", \"userName\": \"dev-ops-svc\"}, \"eventTime\": \"2026-02-17T18:30:00Z\", \"eventSource\": \"ec2.amazonaws.com\", \"eventName\": \"CreateSecurityGroup\", \"awsRegion\": \"eu-west-1\", \"sourceIPAddress\": \"198.51.100.23\", \"userAgent\": \"aws-cli/2.15.0 Python/3.11.6 Linux/5.15.0-91-generic\", \"requestParameters\": {\"GroupName\": \"debug-sg\", \"Description\": \"Temp debug\"}, \"responseElements\": {\"_return\": true}, \"requestID\": \"3c60ca1f-534e-4add-91d7-103b01a14b37\", \"eventID\": \"217b01b0-2093-4f3a-838b-dae969649fcc\", \"readOnly\": false, \"eventType\": \"AwsApiCall\", \"managementEvent\": true, \"recipientAccountId\": \"123456789012\"}",
    "log_file": "/home/narenpindi/Desktop/project/enterprise-soc-lab/logs/cloud/cloudtrail_events.json",
    "event_type": "cloud_api_call",
    "severity": "MEDIUM",
    "details": {
      "event_name": "CreateSecurityGroup",
      "event_source": "ec2.amazonaws.com",
      "source_ip": "198.51.100.23",
      "user_name": "dev-ops-svc",
      "region": "eu-west-1",
      "access_key": "AKIAIOSFODNN7EXAMPLE",
      "request_params": {
        "GroupName": "debug-sg",
        "Description": "Temp debug"
      },
      "error_code": null,
      "action": "CreateSecurityGroup"
    },
    "event_id": "EVT-001089"
  },
  {
    "source": "dns",
    "raw": "17-Feb-2026 18:31:00.000 queries: info: client @0xe380 10.0.1.50#41730 (github.com): query: github.com IN CNAME + (10.0.0.2)",
    "log_file": "/home/narenpindi/Desktop/project/enterprise-soc-lab/logs/network/dns_queries.log",
    "line_number": 233,
    "event_type": "dns_query",
    "severity": "LOW",
    "details": {
      "query_domain": "github.com",
      "query_type": "CNAME",
      "source_ip": "10.0.1.50",
      "action": "dns_lookup"
    },
    "timestamp": "2026-02-17T18:31:00",
    "event_id": "EVT-001090"
  },
  {
    "source": "aws_cloudtrail",
    "timestamp": "2026-02-17T18:32:00",
    "raw": "{\"eventVersion\": \"1.08\", \"userIdentity\": {\"type\": \"IAMUser\", \"principalId\": \"AIDAEXAMPLE57081\", \"arn\": \"arn:aws:iam::123456789012:user/dev-ops-svc\", \"accountId\": \"123456789012\", \"accessKeyId\": \"AKIAIOSFODNN7EXAMPLE\", \"userName\": \"dev-ops-svc\"}, \"eventTime\": \"2026-02-17T18:32:00Z\", \"eventSource\": \"sts.amazonaws.com\", \"eventName\": \"AssumeRole\", \"awsRegion\": \"eu-west-1\", \"sourceIPAddress\": \"198.51.100.23\", \"userAgent\": \"aws-cli/2.15.0 Python/3.11.6 Linux/5.15.0-91-generic\", \"requestParameters\": {\"RoleArn\": \"arn:aws:iam::123456789012:role/AdminRole\", \"RoleSessionName\": \"maintenance\"}, \"responseElements\": {\"_return\": true}, \"requestID\": \"dd6a21c0-2b4c-4df9-afe9-914ad5b3107d\", \"eventID\": \"5886a17b-ef16-4c04-b428-350ba42e9673\", \"readOnly\": false, \"eventType\": \"AwsApiCall\", \"managementEvent\": true, \"recipientAccountId\": \"123456789012\"}",
    "log_file": "/home/narenpindi/Desktop/project/enterprise-soc-lab/logs/cloud/cloudtrail_events.json",
    "event_type": "cloud_api_call",
    "severity": "MEDIUM",
    "details": {
      "event_name": "AssumeRole",
      "event_source": "sts.amazonaws.com",
      "source_ip": "198.51.100.23",
      "user_name": "dev-ops-svc",
      "region": "eu-west-1",
      "access_key": "AKIAIOSFODNN7EXAMPLE",
      "request_params": {
        "RoleArn": "arn:aws:iam::123456789012:role/AdminRole",
        "RoleSessionName": "maintenance"
      },
      "error_code": null,
      "action": "AssumeRole"
    },
    "event_id": "EVT-001091"
  },
  {
    "source": "aws_cloudtrail",
    "timestamp": "2026-02-17T18:32:00",
    "raw": "{\"eventVersion\": \"1.08\", \"userIdentity\": {\"type\": \"IAMUser\", \"principalId\": \"AIDAEXAMPLE97715\", \"arn\": \"arn:aws:iam::123456789012:user/dev-ops-svc\", \"accountId\": \"123456789012\", \"accessKeyId\": \"AKIAIOSFODNN7EXAMPLE\", \"userName\": \"dev-ops-svc\"}, \"eventTime\": \"2026-02-17T18:32:00Z\", \"eventSource\": \"iam.amazonaws.com\", \"eventName\": \"DeleteAccountPasswordPolicy\", \"awsRegion\": \"eu-west-1\", \"sourceIPAddress\": \"198.51.100.23\", \"userAgent\": \"aws-cli/2.15.0 Python/3.11.6 Linux/5.15.0-91-generic\", \"requestParameters\": {}, \"responseElements\": {\"_return\": true}, \"requestID\": \"f33a63f3-4519-49fd-b5a1-ecb53969ef7d\", \"eventID\": \"bd4c01f5-9e84-482a-bf7b-812da5080a82\", \"readOnly\": false, \"eventType\": \"AwsApiCall\", \"managementEvent\": true, \"recipientAccountId\": \"123456789012\", \"errorCode\": \"AccessDenied\", \"errorMessage\": \"User: arn:aws:iam::123456789012:user/dev-ops-svc is not authorized to perform: DeleteAccountPasswordPolicy\"}",
    "log_file": "/home/narenpindi/Desktop/project/enterprise-soc-lab/logs/cloud/cloudtrail_events.json",
    "event_type": "cloud_api_call",
    "severity": "MEDIUM",
    "details": {
      "event_name": "DeleteAccountPasswordPolicy",
      "event_source": "iam.amazonaws.com",
      "source_ip": "198.51.100.23",
      "user_name": "dev-ops-svc",
      "region": "eu-west-1",
      "access_key": "AKIAIOSFODNN7EXAMPLE",
      "request_params": {},
      "error_code": "AccessDenied",
      "action": "DeleteAccountPasswordPolicy"
    },
    "event_id": "EVT-001092"
  },
  {
    "source": "aws_s3",
    "timestamp": "2026-02-17T18:42:00",
    "raw": "{\"eventVersion\": \"1.08\", \"eventSource\": \"s3.amazonaws.com\", \"eventName\": \"GetObject\", \"eventTime\": \"2026-02-17T18:42:00Z\", \"sourceIPAddress\": \"10.0.1.50\", \"userAgent\": \"aws-cli/2.15.0\", \"requestParameters\": {\"bucketName\": \"corpsec-prod-data\", \"key\": \"app/config/settings_5.json\"}, \"responseElements\": null, \"additionalEventData\": {\"bytesTransferredOut\": 4978}}",
    "log_file": "/home/narenpindi/Desktop/project/enterprise-soc-lab/logs/cloud/s3_access_events.json",
    "event_type": "s3_access",
    "severity": "LOW",
    "details": {
      "event_name": "GetObject",
      "source_ip": "10.0.1.50",
      "user_name": "unknown",
      "bucket_name": "corpsec-prod-data",
      "key": "app/config/settings_5.json",
      "bytes_transferred": 4978,
      "action": "GetObject"
    },
    "event_id": "EVT-001093"
  },
  {
    "source": "aws_cloudtrail",
    "timestamp": "2026-02-17T18:45:00",
    "raw": "{\"eventVersion\": \"1.08\", \"userIdentity\": {\"type\": \"IAMUser\", \"principalId\": \"AIDAEXAMPLE39680\", \"arn\": \"arn:aws:iam::123456789012:user/dev-ops-svc\", \"accountId\": \"123456789012\", \"accessKeyId\": \"AKIAIOSFODNN7EXAMPLE\", \"userName\": \"dev-ops-svc\"}, \"eventTime\": \"2026-02-17T18:45:00Z\", \"eventSource\": \"ec2.amazonaws.com\", \"eventName\": \"DescribeInstances\", \"awsRegion\": \"eu-west-1\", \"sourceIPAddress\": \"198.51.100.23\", \"userAgent\": \"aws-cli/2.15.0 Python/3.11.6 Linux/5.15.0-91-generic\", \"requestParameters\": {}, \"responseElements\": {\"_return\": true}, \"requestID\": \"37b1e5ca-1063-44c4-b299-33465f0e7c91\", \"eventID\": \"d6f23a45-dc9e-4c0b-bc21-eb7385414d50\", \"readOnly\": true, \"eventType\": \"AwsApiCall\", \"managementEvent\": true, \"recipientAccountId\": \"123456789012\"}",
    "log_file": "/home/narenpindi/Desktop/project/enterprise-soc-lab/logs/cloud/cloudtrail_events.json",
    "event_type": "cloud_api_call",
    "severity": "LOW",
    "details": {
      "event_name": "DescribeInstances",
      "event_source": "ec2.amazonaws.com",
      "source_ip": "198.51.100.23",
      "user_name": "dev-ops-svc",
      "region": "eu-west-1",
      "access_key": "AKIAIOSFODNN7EXAMPLE",
      "request_params": {},
      "error_code": null,
      "action": "DescribeInstances"
    },
    "event_id": "EVT-001094"
  },
  {
    "source": "aws_cloudtrail",
    "timestamp": "2026-02-17T18:46:00",
    "raw": "{\"eventVersion\": \"1.08\", \"userIdentity\": {\"type\": \"IAMUser\", \"principalId\": \"AIDAEXAMPLE12819\", \"arn\": \"arn:aws:iam::123456789012:user/dev-ops-svc\", \"accountId\": \"123456789012\", \"accessKeyId\": \"AKIAIOSFODNN7EXAMPLE\", \"userName\": \"dev-ops-svc\"}, \"eventTime\": \"2026-02-17T18:46:00Z\", \"eventSource\": \"iam.amazonaws.com\", \"eventName\": \"DeleteAccountPasswordPolicy\", \"awsRegion\": \"eu-west-1\", \"sourceIPAddress\": \"198.51.100.23\", \"userAgent\": \"aws-cli/2.15.0 Python/3.11.6 Linux/5.15.0-91-generic\", \"requestParameters\": {}, \"responseElements\": {\"_return\": true}, \"requestID\": \"8f4215ca-c41d-4570-acdf-642ab7e53b7e\", \"eventID\": \"fc56c350-1353-4f21-a099-b7f73a26473c\", \"readOnly\": false, \"eventType\": \"AwsApiCall\", \"managementEvent\": true, \"recipientAccountId\": \"123456789012\", \"errorCode\": \"AccessDenied\", \"errorMessage\": \"User: arn:aws:iam::123456789012:user/dev-ops-svc is not authorized to perform: DeleteAccountPasswordPolicy\"}",
    "log_file": "/home/narenpindi/Desktop/project/enterprise-soc-lab/logs/cloud/cloudtrail_events.json",
    "event_type": "cloud_api_call",
    "severity": "MEDIUM",
    "details": {
      "event_name": "DeleteAccountPasswordPolicy",
      "event_source": "iam.amazonaws.com",
      "source_ip": "198.51.100.23",
      "user_name": "dev-ops-svc",
      "region": "eu-west-1",
      "access_key": "AKIAIOSFODNN7EXAMPLE",
      "request_params": {},
      "error_code": "AccessDenied",
      "action": "DeleteAccountPasswordPolicy"
    },
    "event_id": "EVT-001095"
  },
  {
    "source": "proxy",
    "raw": "2026-02-17T18:48:00 769 10.0.2.10 TCP_200/200 10623 POST https://stackoverflow.com/questions - DIRECT/185.199.108.133 Mozilla/5.0",
    "log_file": "/home/narenpindi/Desktop/project/enterprise-soc-lab/logs/network/proxy_access.log",
    "line_number": 50,
    "event_type": "web_request",
    "severity": "LOW",
    "timestamp": "2026-02-17T18:48:00",
    "details": {
      "source_ip": "10.0.2.10",
      "method": "POST",
      "url": "https://stackoverflow.com/questions",
      "bytes": 10623,
      "status": "200",
      "action": "web_access"
    },
    "event_id": "EVT-001096"
  },
  {
    "source": "aws_cloudtrail",
    "timestamp": "2026-02-17T18:54:00",
    "raw": "{\"eventVersion\": \"1.08\", \"userIdentity\": {\"type\": \"IAMUser\", \"principalId\": \"AIDAEXAMPLE18457\", \"arn\": \"arn:aws:iam::123456789012:user/dev-ops-svc\", \"accountId\": \"123456789012\", \"accessKeyId\": \"AKIAIOSFODNN7EXAMPLE\", \"userName\": \"dev-ops-svc\"}, \"eventTime\": \"2026-02-17T18:54:00Z\", \"eventSource\": \"iam.amazonaws.com\", \"eventName\": \"DeleteAccountPasswordPolicy\", \"awsRegion\": \"eu-west-1\", \"sourceIPAddress\": \"198.51.100.23\", \"userAgent\": \"aws-cli/2.15.0 Python/3.11.6 Linux/5.15.0-91-generic\", \"requestParameters\": {}, \"responseElements\": {\"_return\": true}, \"requestID\": \"1ecf916a-0c42-4c54-a719-4336c0625dff\", \"eventID\": \"686c7036-b68a-421e-9ae1-3fadc534d8f7\", \"readOnly\": false, \"eventType\": \"AwsApiCall\", \"managementEvent\": true, \"recipientAccountId\": \"123456789012\", \"errorCode\": \"AccessDenied\", \"errorMessage\": \"User: arn:aws:iam::123456789012:user/dev-ops-svc is not authorized to perform: DeleteAccountPasswordPolicy\"}",
    "log_file": "/home/narenpindi/Desktop/project/enterprise-soc-lab/logs/cloud/cloudtrail_events.json",
    "event_type": "cloud_api_call",
    "severity": "MEDIUM",
    "details": {
      "event_name": "DeleteAccountPasswordPolicy",
      "event_source": "iam.amazonaws.com",
      "source_ip": "198.51.100.23",
      "user_name": "dev-ops-svc",
      "region": "eu-west-1",
      "access_key": "AKIAIOSFODNN7EXAMPLE",
      "request_params": {},
      "error_code": "AccessDenied",
      "action": "DeleteAccountPasswordPolicy"
    },
    "event_id": "EVT-001097"
  },
  {
    "source": "aws_cloudtrail",
    "timestamp": "2026-02-17T18:55:00",
    "raw": "{\"eventVersion\": \"1.08\", \"userIdentity\": {\"type\": \"IAMUser\", \"principalId\": \"AIDAEXAMPLE62895\", \"arn\": \"arn:aws:iam::123456789012:user/dev-ops-svc\", \"accountId\": \"123456789012\", \"accessKeyId\": \"AKIAIOSFODNN7EXAMPLE\", \"userName\": \"dev-ops-svc\"}, \"eventTime\": \"2026-02-17T18:55:00Z\", \"eventSource\": \"ec2.amazonaws.com\", \"eventName\": \"AuthorizeSecurityGroupIngress\", \"awsRegion\": \"eu-west-1\", \"sourceIPAddress\": \"198.51.100.23\", \"userAgent\": \"aws-cli/2.15.0 Python/3.11.6 Linux/5.15.0-91-generic\", \"requestParameters\": {\"GroupName\": \"debug-sg\", \"IpProtocol\": \"tcp\", \"FromPort\": 0, \"ToPort\": 65535, \"CidrIp\": \"0.0.0.0/0\"}, \"responseElements\": {\"_return\": true}, \"requestID\": \"5c739e77-4eb0-4803-8683-1d9630e0db9b\", \"eventID\": \"0861ed21-59b4-49e2-b5be-5405d8106576\", \"readOnly\": false, \"eventType\": \"AwsApiCall\", \"managementEvent\": true, \"recipientAccountId\": \"123456789012\"}",
    "log_file": "/home/narenpindi/Desktop/project/enterprise-soc-lab/logs/cloud/cloudtrail_events.json",
    "event_type": "cloud_api_call",
    "severity": "MEDIUM",
    "details": {
      "event_name": "AuthorizeSecurityGroupIngress",
      "event_source": "ec2.amazonaws.com",
      "source_ip": "198.51.100.23",
      "user_name": "dev-ops-svc",
      "region": "eu-west-1",
      "access_key": "AKIAIOSFODNN7EXAMPLE",
      "request_params": {
        "GroupName": "debug-sg",
        "IpProtocol": "tcp",
        "FromPort": 0,
        "ToPort": 65535,
        "CidrIp": "0.0.0.0/0"
      },
      "error_code": null,
      "action": "AuthorizeSecurityGroupIngress"
    },
    "event_id": "EVT-001098"
  },
  {
    "source": "aws_cloudtrail",
    "timestamp": "2026-02-17T18:56:00",
    "raw": "{\"eventVersion\": \"1.08\", \"userIdentity\": {\"type\": \"IAMUser\", \"principalId\": \"AIDAEXAMPLE59916\", \"arn\": \"arn:aws:iam::123456789012:user/dev-ops-svc\", \"accountId\": \"123456789012\", \"accessKeyId\": \"AKIAIOSFODNN7EXAMPLE\", \"userName\": \"dev-ops-svc\"}, \"eventTime\": \"2026-02-17T18:56:00Z\", \"eventSource\": \"secretsmanager.amazonaws.com\", \"eventName\": \"GetSecretValue\", \"awsRegion\": \"eu-west-1\", \"sourceIPAddress\": \"198.51.100.23\", \"userAgent\": \"aws-cli/2.15.0 Python/3.11.6 Linux/5.15.0-91-generic\", \"requestParameters\": {\"SecretId\": \"prod/database/credentials\"}, \"responseElements\": {\"_return\": true}, \"requestID\": \"31a46d32-6539-4060-ba77-51e16f058154\", \"eventID\": \"98184b37-eaec-4743-a36a-303f896d0df2\", \"readOnly\": true, \"eventType\": \"AwsApiCall\", \"managementEvent\": true, \"recipientAccountId\": \"123456789012\"}",
    "log_file": "/home/narenpindi/Desktop/project/enterprise-soc-lab/logs/cloud/cloudtrail_events.json",
    "event_type": "cloud_api_call",
    "severity": "LOW",
    "details": {
      "event_name": "GetSecretValue",
      "event_source": "secretsmanager.amazonaws.com",
      "source_ip": "198.51.100.23",
      "user_name": "dev-ops-svc",
      "region": "eu-west-1",
      "access_key": "AKIAIOSFODNN7EXAMPLE",
      "request_params": {
        "SecretId": "prod/database/credentials"
      },
      "error_code": null,
      "action": "GetSecretValue"
    },
    "event_id": "EVT-001099"
  },
  {
    "source": "aws_cloudtrail",
    "timestamp": "2026-02-17T18:59:00",
    "raw": "{\"eventVersion\": \"1.08\", \"userIdentity\": {\"type\": \"IAMUser\", \"principalId\": \"AIDAEXAMPLE57832\", \"arn\": \"arn:aws:iam::123456789012:user/dev-ops-svc\", \"accountId\": \"123456789012\", \"accessKeyId\": \"AKIAIOSFODNN7EXAMPLE\", \"userName\": \"dev-ops-svc\"}, \"eventTime\": \"2026-02-17T18:59:00Z\", \"eventSource\": \"iam.amazonaws.com\", \"eventName\": \"DeleteAccountPasswordPolicy\", \"awsRegion\": \"eu-west-1\", \"sourceIPAddress\": \"198.51.100.23\", \"userAgent\": \"aws-cli/2.15.0 Python/3.11.6 Linux/5.15.0-91-generic\", \"requestParameters\": {}, \"responseElements\": {\"_return\": true}, \"requestID\": \"f11ab62e-c0c1-4e16-955b-6b8d9deb9517\", \"eventID\": \"16dc5d3a-58bb-42e1-b26e-063df6594904\", \"readOnly\": false, \"eventType\": \"AwsApiCall\", \"managementEvent\": true, \"recipientAccountId\": \"123456789012\", \"errorCode\": \"AccessDenied\", \"errorMessage\": \"User: arn:aws:iam::123456789012:user/dev-ops-svc is not authorized to perform: DeleteAccountPasswordPolicy\"}",
    "log_file": "/home/narenpindi/Desktop/project/enterprise-soc-lab/logs/cloud/cloudtrail_events.json",
    "event_type": "cloud_api_call",
    "severity": "MEDIUM",
    "details": {
      "event_name": "DeleteAccountPasswordPolicy",
      "event_source": "iam.amazonaws.com",
      "source_ip": "198.51.100.23",
      "user_name": "dev-ops-svc",
      "region": "eu-west-1",
      "access_key": "AKIAIOSFODNN7EXAMPLE",
      "request_params": {},
      "error_code": "AccessDenied",
      "action": "DeleteAccountPasswordPolicy"
    },
    "event_id": "EVT-001100"
  },
  {
    "source": "aws_cloudtrail",
    "timestamp": "2026-02-17T19:00:00",
    "raw": "{\"eventVersion\": \"1.08\", \"userIdentity\": {\"type\": \"IAMUser\", \"principalId\": \"AIDAEXAMPLE84619\", \"arn\": \"arn:aws:iam::123456789012:user/dev-ops-svc\", \"accountId\": \"123456789012\", \"accessKeyId\": \"AKIAIOSFODNN7EXAMPLE\", \"userName\": \"dev-ops-svc\"}, \"eventTime\": \"2026-02-17T19:00:00Z\", \"eventSource\": \"signin.amazonaws.com\", \"eventName\": \"ConsoleLogin\", \"awsRegion\": \"eu-west-1\", \"sourceIPAddress\": \"198.51.100.23\", \"userAgent\": \"aws-cli/2.15.0 Python/3.11.6 Linux/5.15.0-91-generic\", \"requestParameters\": {}, \"responseElements\": {\"_return\": true}, \"requestID\": \"cb290baa-bc95-4ed9-9614-a83a89980c58\", \"eventID\": \"15756b2a-8cb6-4333-9940-0fadd6b5eb34\", \"readOnly\": false, \"eventType\": \"AwsApiCall\", \"managementEvent\": true, \"recipientAccountId\": \"123456789012\", \"additionalEventData\": {\"LoginTo\": \"https://console.aws.amazon.com/console/home?region=eu-west-1\", \"MobileVersion\": \"No\", \"MFAUsed\": \"No\"}}",
    "log_file": "/home/narenpindi/Desktop/project/enterprise-soc-lab/logs/cloud/cloudtrail_events.json",
    "event_type": "cloud_api_call",
    "severity": "MEDIUM",
    "details": {
      "event_name": "ConsoleLogin",
      "event_source": "signin.amazonaws.com",
      "source_ip": "198.51.100.23",
      "user_name": "dev-ops-svc",
      "region": "eu-west-1",
      "access_key": "AKIAIOSFODNN7EXAMPLE",
      "request_params": {},
      "error_code": null,
      "action": "ConsoleLogin"
    },
    "event_id": "EVT-001101"
  },
  {
    "source": "windows_security",
    "timestamp": "2026-02-17T19:15:00",
    "raw": "{\"EventID\": 4624, \"TimeCreated\": \"2026-02-17T19:15:00Z\", \"Computer\": \"WS-FIN-PC04.corpsec.local\", \"Channel\": \"Security\", \"Provider\": \"Microsoft-Windows-Security-Auditing\", \"Level\": \"Information\", \"Task\": \"Logon\", \"Keywords\": \"Audit Success\", \"EventData\": {\"SubjectUserSid\": \"S-1-5-18\", \"SubjectUserName\": \"WS-FIN-PC04$\", \"SubjectDomainName\": \"CORPSEC\", \"TargetUserSid\": \"S-1-5-21-8757091-3617\", \"TargetUserName\": \"jsmith\", \"TargetDomainName\": \"CORPSEC\", \"LogonType\": \"10\", \"LogonProcessName\": \"NtLmSsp\", \"AuthenticationPackageName\": \"NTLM\", \"WorkstationName\": \"WS-FIN-PC04\", \"LogonGuid\": \"{b516f9ca-ceb2-49db-a3f0-b08b798141c5}\", \"IpAddress\": \"10.0.2.50\", \"IpPort\": \"48567\", \"ElevatedToken\": \"%%1843\"}}",
    "log_file": "/home/narenpindi/Desktop/project/enterprise-soc-lab/logs/windows/security_events.json",
    "event_type": "authentication_success",
    "severity": "INFO",
    "details": {
      "source_ip": "10.0.2.50",
      "username": "jsmith",
      "domain": "CORPSEC",
      "logon_type": "10",
      "service": "windows_logon",
      "action": "successful_login"
    },
    "event_id": "EVT-001102"
  },
  {
    "source": "proxy",
    "raw": "2026-02-17T19:24:00 4220 10.0.2.10 TCP_200/200 47011 GET https://pypi.org/simple/requests/ - DIRECT/13.107.42.14 Mozilla/5.0",
    "log_file": "/home/narenpindi/Desktop/project/enterprise-soc-lab/logs/network/proxy_access.log",
    "line_number": 51,
    "event_type": "web_request",
    "severity": "LOW",
    "timestamp": "2026-02-17T19:24:00",
    "details": {
      "source_ip": "10.0.2.10",
      "method": "GET",
      "url": "https://pypi.org/simple/requests/",
      "bytes": 47011,
      "status": "200",
      "action": "web_access"
    },
    "event_id": "EVT-001103"
  },
  {
    "source": "proxy",
    "raw": "2026-02-17T19:40:00 4456 10.0.1.51 TCP_200/200 36401 GET https://docs.python.org/3/library - DIRECT/142.250.80.46 Mozilla/5.0",
    "log_file": "/home/narenpindi/Desktop/project/enterprise-soc-lab/logs/network/proxy_access.log",
    "line_number": 52,
    "event_type": "web_request",
    "severity": "LOW",
    "timestamp": "2026-02-17T19:40:00",
    "details": {
      "source_ip": "10.0.1.51",
      "method": "GET",
      "url": "https://docs.python.org/3/library",
      "bytes": 36401,
      "status": "200",
      "action": "web_access"
    },
    "event_id": "EVT-001104"
  },
  {
    "source": "windows_security",
    "timestamp": "2026-02-17T19:45:00",
    "raw": "{\"EventID\": 4624, \"TimeCreated\": \"2026-02-17T19:45:00Z\", \"Computer\": \"WS-FIN-PC04.corpsec.local\", \"Channel\": \"Security\", \"Provider\": \"Microsoft-Windows-Security-Auditing\", \"Level\": \"Information\", \"Task\": \"Logon\", \"Keywords\": \"Audit Success\", \"EventData\": {\"SubjectUserSid\": \"S-1-5-18\", \"SubjectUserName\": \"WS-FIN-PC04$\", \"SubjectDomainName\": \"CORPSEC\", \"TargetUserSid\": \"S-1-5-21-4587496-9733\", \"TargetUserName\": \"administrator\", \"TargetDomainName\": \"CORPSEC\", \"LogonType\": \"2\", \"LogonProcessName\": \"NtLmSsp\", \"AuthenticationPackageName\": \"NTLM\", \"WorkstationName\": \"WS-FIN-PC04\", \"LogonGuid\": \"{b57190f1-c59d-44cc-89be-f30026cf550c}\", \"IpAddress\": \"10.0.2.50\", \"IpPort\": \"49098\", \"ElevatedToken\": \"%%1842\"}}",
    "log_file": "/home/narenpindi/Desktop/project/enterprise-soc-lab/logs/windows/security_events.json",
    "event_type": "authentication_success",
    "severity": "INFO",
    "details": {
      "source_ip": "10.0.2.50",
      "username": "administrator",
      "domain": "CORPSEC",
      "logon_type": "2",
      "service": "windows_logon",
      "action": "successful_login"
    },
    "event_id": "EVT-001105"
  },
  {
    "source": "aws_s3",
    "timestamp": "2026-02-17T19:49:00",
    "raw": "{\"eventVersion\": \"1.08\", \"eventSource\": \"s3.amazonaws.com\", \"eventName\": \"GetObject\", \"eventTime\": \"2026-02-17T19:49:00Z\", \"sourceIPAddress\": \"10.0.1.50\", \"userAgent\": \"aws-cli/2.15.0\", \"requestParameters\": {\"bucketName\": \"corpsec-prod-data\", \"key\": \"app/config/settings_1.json\"}, \"responseElements\": null, \"additionalEventData\": {\"bytesTransferredOut\": 11613}}",
    "log_file": "/home/narenpindi/Desktop/project/enterprise-soc-lab/logs/cloud/s3_access_events.json",
    "event_type": "s3_access",
    "severity": "LOW",
    "details": {
      "event_name": "GetObject",
      "source_ip": "10.0.1.50",
      "user_name": "unknown",
      "bucket_name": "corpsec-prod-data",
      "key": "app/config/settings_1.json",
      "bytes_transferred": 11613,
      "action": "GetObject"
    },
    "event_id": "EVT-001106"
  },
  {
    "source": "linux_auth",
    "raw": "Feb 17 20:00:00 prod-web-01 CRON[28352]: (root CMD (/usr/bin/certbot renew --quiet))",
    "log_file": "/home/narenpindi/Desktop/project/enterprise-soc-lab/logs/linux/auth.log",
    "line_number": 488,
    "timestamp": "2026-02-17T20:00:00",
    "event_type": "scheduled_task",
    "severity": "LOW",
    "details": {
      "action": "cron_execution",
      "command": "/usr/bin/certbot renew --quiet)"
    },
    "event_id": "EVT-001107"
  },
  {
    "source": "aws_s3",
    "timestamp": "2026-02-17T20:14:00",
    "raw": "{\"eventVersion\": \"1.08\", \"eventSource\": \"s3.amazonaws.com\", \"eventName\": \"GetObject\", \"eventTime\": \"2026-02-17T20:14:00Z\", \"sourceIPAddress\": \"10.0.1.50\", \"userAgent\": \"aws-cli/2.15.0\", \"requestParameters\": {\"bucketName\": \"corpsec-prod-data\", \"key\": \"app/config/settings_3.json\"}, \"responseElements\": null, \"additionalEventData\": {\"bytesTransferredOut\": 37894}}",
    "log_file": "/home/narenpindi/Desktop/project/enterprise-soc-lab/logs/cloud/s3_access_events.json",
    "event_type": "s3_access",
    "severity": "LOW",
    "details": {
      "event_name": "GetObject",
      "source_ip": "10.0.1.50",
      "user_name": "unknown",
      "bucket_name": "corpsec-prod-data",
      "key": "app/config/settings_3.json",
      "bytes_transferred": 37894,
      "action": "GetObject"
    },
    "event_id": "EVT-001108"
  },
  {
    "source": "aws_cloudtrail",
    "timestamp": "2026-02-17T20:19:00",
    "raw": "{\"eventVersion\": \"1.08\", \"userIdentity\": {\"type\": \"IAMUser\", \"principalId\": \"AIDAEXAMPLE38914\", \"arn\": \"arn:aws:iam::123456789012:user/dev-ops-svc\", \"accountId\": \"123456789012\", \"accessKeyId\": \"AKIAIOSFODNN7EXAMPLE\", \"userName\": \"dev-ops-svc\"}, \"eventTime\": \"2026-02-17T20:19:00Z\", \"eventSource\": \"cloudwatch.amazonaws.com\", \"eventName\": \"DescribeAlarms\", \"awsRegion\": \"us-east-1\", \"sourceIPAddress\": \"10.0.1.50\", \"userAgent\": \"aws-cli/2.15.0 Python/3.11.6 Linux/5.15.0-91-generic\", \"requestParameters\": {}, \"responseElements\": {\"_return\": true}, \"requestID\": \"31d4d2f7-2de6-4c31-93c9-2edaddf900b2\", \"eventID\": \"71906937-df16-46c0-924b-c50593d43ec4\", \"readOnly\": true, \"eventType\": \"AwsApiCall\", \"managementEvent\": true, \"recipientAccountId\": \"123456789012\"}",
    "log_file": "/home/narenpindi/Desktop/project/enterprise-soc-lab/logs/cloud/cloudtrail_events.json",
    "event_type": "cloud_api_call",
    "severity": "LOW",
    "details": {
      "event_name": "DescribeAlarms",
      "event_source": "cloudwatch.amazonaws.com",
      "source_ip": "10.0.1.50",
      "user_name": "dev-ops-svc",
      "region": "us-east-1",
      "access_key": "AKIAIOSFODNN7EXAMPLE",
      "request_params": {},
      "error_code": null,
      "action": "DescribeAlarms"
    },
    "event_id": "EVT-001109"
  },
  {
    "source": "linux_auth",
    "raw": "Feb 17 20:24:00 prod-web-01 sshd[22663]: Accepted password for ubuntu from 172.16.0.5 port 57313 ssh2",
    "log_file": "/home/narenpindi/Desktop/project/enterprise-soc-lab/logs/linux/auth.log",
    "line_number": 438,
    "timestamp": "2026-02-17T20:24:00",
    "event_type": "authentication_success",
    "severity": "INFO",
    "details": {
      "source_ip": "172.16.0.5",
      "username": "ubuntu",
      "service": "sshd",
      "action": "successful_login"
    },
    "event_id": "EVT-001110"
  },
  {
    "source": "linux_auth",
    "raw": "Feb 17 20:24:01 prod-web-01 sshd[22663]: pam_unix(sshd:session): session opened for user ubuntu(uid=1001) by (uid=0)",
    "log_file": "/home/narenpindi/Desktop/project/enterprise-soc-lab/logs/linux/auth.log",
    "line_number": 439,
    "timestamp": "2026-02-17T20:24:01",
    "event_type": "other",
    "severity": "LOW",
    "details": {
      "message": "Feb 17 20:24:01 prod-web-01 sshd[22663]: pam_unix(sshd:session): session opened for user ubuntu(uid=1001) by (uid=0)"
    },
    "event_id": "EVT-001111"
  },
  {
    "source": "dns",
    "raw": "17-Feb-2026 20:25:00.000 queries: info: client @0xfb24 10.0.2.10#57209 (amazonaws.com): query: amazonaws.com IN AAAA + (10.0.0.2)",
    "log_file": "/home/narenpindi/Desktop/project/enterprise-soc-lab/logs/network/dns_queries.log",
    "line_number": 234,
    "event_type": "dns_query",
    "severity": "LOW",
    "details": {
      "query_domain": "amazonaws.com",
      "query_type": "AAAA",
      "source_ip": "10.0.2.10",
      "action": "dns_lookup"
    },
    "timestamp": "2026-02-17T20:25:00",
    "event_id": "EVT-001112"
  },
  {
    "source": "linux_auth",
    "raw": "Feb 17 21:20:00 prod-web-01 sshd[16885]: Accepted password for ubuntu from 10.0.1.51 port 50571 ssh2",
    "log_file": "/home/narenpindi/Desktop/project/enterprise-soc-lab/logs/linux/auth.log",
    "line_number": 440,
    "timestamp": "2026-02-17T21:20:00",
    "event_type": "authentication_success",
    "severity": "INFO",
    "details": {
      "source_ip": "10.0.1.51",
      "username": "ubuntu",
      "service": "sshd",
      "action": "successful_login"
    },
    "event_id": "EVT-001113"
  },
  {
    "source": "linux_auth",
    "raw": "Feb 17 21:20:01 prod-web-01 sshd[16885]: pam_unix(sshd:session): session opened for user ubuntu(uid=1001) by (uid=0)",
    "log_file": "/home/narenpindi/Desktop/project/enterprise-soc-lab/logs/linux/auth.log",
    "line_number": 441,
    "timestamp": "2026-02-17T21:20:01",
    "event_type": "other",
    "severity": "LOW",
    "details": {
      "message": "Feb 17 21:20:01 prod-web-01 sshd[16885]: pam_unix(sshd:session): session opened for user ubuntu(uid=1001) by (uid=0)"
    },
    "event_id": "EVT-001114"
  },
  {
    "source": "dns",
    "raw": "17-Feb-2026 22:23:00.000 queries: info: client @0x50e8 10.0.1.50#45658 (slack.com): query: slack.com IN CNAME + (10.0.0.2)",
    "log_file": "/home/narenpindi/Desktop/project/enterprise-soc-lab/logs/network/dns_queries.log",
    "line_number": 235,
    "event_type": "dns_query",
    "severity": "LOW",
    "details": {
      "query_domain": "slack.com",
      "query_type": "CNAME",
      "source_ip": "10.0.1.50",
      "action": "dns_lookup"
    },
    "timestamp": "2026-02-17T22:23:00",
    "event_id": "EVT-001115"
  },
  {
    "source": "dns",
    "raw": "17-Feb-2026 22:35:00.000 queries: info: client @0xec8e 10.0.2.10#52175 (cloudflare.com): query: cloudflare.com IN CNAME + (10.0.0.2)",
    "log_file": "/home/narenpindi/Desktop/project/enterprise-soc-lab/logs/network/dns_queries.log",
    "line_number": 236,
    "event_type": "dns_query",
    "severity": "LOW",
    "details": {
      "query_domain": "cloudflare.com",
      "query_type": "CNAME",
      "source_ip": "10.0.2.10",
      "action": "dns_lookup"
    },
    "timestamp": "2026-02-17T22:35:00",
    "event_id": "EVT-001116"
  },
  {
    "source": "linux_auth",
    "raw": "Feb 17 23:00:00 prod-web-01 CRON[25135]: (root CMD (/usr/bin/certbot renew --quiet))",
    "log_file": "/home/narenpindi/Desktop/project/enterprise-soc-lab/logs/linux/auth.log",
    "line_number": 489,
    "timestamp": "2026-02-17T23:00:00",
    "event_type": "scheduled_task",
    "severity": "LOW",
    "details": {
      "action": "cron_execution",
      "command": "/usr/bin/certbot renew --quiet)"
    },
    "event_id": "EVT-001117"
  },
  {
    "source": "proxy",
    "raw": "2026-02-17T23:09:00 2982 10.0.1.50 TCP_200/200 19840 GET https://docs.python.org/3/library - DIRECT/142.250.80.46 Mozilla/5.0",
    "log_file": "/home/narenpindi/Desktop/project/enterprise-soc-lab/logs/network/proxy_access.log",
    "line_number": 53,
    "event_type": "web_request",
    "severity": "LOW",
    "timestamp": "2026-02-17T23:09:00",
    "details": {
      "source_ip": "10.0.1.50",
      "method": "GET",
      "url": "https://docs.python.org/3/library",
      "bytes": 19840,
      "status": "200",
      "action": "web_access"
    },
    "event_id": "EVT-001118"
  },
  {
    "source": "linux_auth",
    "raw": "Feb 17 23:21:00 prod-web-01 sshd[27783]: Accepted password for deploy from 10.0.2.10 port 59465 ssh2",
    "log_file": "/home/narenpindi/Desktop/project/enterprise-soc-lab/logs/linux/auth.log",
    "line_number": 442,
    "timestamp": "2026-02-17T23:21:00",
    "event_type": "authentication_success",
    "severity": "INFO",
    "details": {
      "source_ip": "10.0.2.10",
      "username": "deploy",
      "service": "sshd",
      "action": "successful_login"
    },
    "event_id": "EVT-001119"
  },
  {
    "source": "linux_auth",
    "raw": "Feb 17 23:21:00 prod-web-01 sshd[13420]: Accepted password for deploy from 10.0.1.51 port 51812 ssh2",
    "log_file": "/home/narenpindi/Desktop/project/enterprise-soc-lab/logs/linux/auth.log",
    "line_number": 443,
    "timestamp": "2026-02-17T23:21:00",
    "event_type": "authentication_success",
    "severity": "INFO",
    "details": {
      "source_ip": "10.0.1.51",
      "username": "deploy",
      "service": "sshd",
      "action": "successful_login"
    },
    "event_id": "EVT-001120"
  },
  {
    "source": "linux_auth",
    "raw": "Feb 17 23:21:01 prod-web-01 sshd[27783]: pam_unix(sshd:session): session opened for user deploy(uid=1001) by (uid=0)",
    "log_file": "/home/narenpindi/Desktop/project/enterprise-soc-lab/logs/linux/auth.log",
    "line_number": 444,
    "timestamp": "2026-02-17T23:21:01",
    "event_type": "other",
    "severity": "LOW",
    "details": {
      "message": "Feb 17 23:21:01 prod-web-01 sshd[27783]: pam_unix(sshd:session): session opened for user deploy(uid=1001) by (uid=0)"
    },
    "event_id": "EVT-001121"
  },
  {
    "source": "linux_auth",
    "raw": "Feb 17 23:21:01 prod-web-01 sshd[13420]: pam_unix(sshd:session): session opened for user deploy(uid=1001) by (uid=0)",
    "log_file": "/home/narenpindi/Desktop/project/enterprise-soc-lab/logs/linux/auth.log",
    "line_number": 445,
    "timestamp": "2026-02-17T23:21:01",
    "event_type": "other",
    "severity": "LOW",
    "details": {
      "message": "Feb 17 23:21:01 prod-web-01 sshd[13420]: pam_unix(sshd:session): session opened for user deploy(uid=1001) by (uid=0)"
    },
    "event_id": "EVT-001122"
  },
  {
    "source": "aws_cloudtrail",
    "timestamp": "2026-02-17T23:30:00",
    "raw": "{\"eventVersion\": \"1.08\", \"userIdentity\": {\"type\": \"IAMUser\", \"principalId\": \"AIDAEXAMPLE34963\", \"arn\": \"arn:aws:iam::123456789012:user/dev-ops-svc\", \"accountId\": \"123456789012\", \"accessKeyId\": \"AKIAIOSFODNN7EXAMPLE\", \"userName\": \"dev-ops-svc\"}, \"eventTime\": \"2026-02-17T23:30:00Z\", \"eventSource\": \"logs.amazonaws.com\", \"eventName\": \"DescribeLogGroups\", \"awsRegion\": \"us-east-1\", \"sourceIPAddress\": \"10.0.1.50\", \"userAgent\": \"aws-cli/2.15.0 Python/3.11.6 Linux/5.15.0-91-generic\", \"requestParameters\": {}, \"responseElements\": {\"_return\": true}, \"requestID\": \"24f5243a-1728-415a-a23d-db50a8ca307c\", \"eventID\": \"71dd3c0d-aa75-4f79-a4ee-f0c95ae65aa2\", \"readOnly\": true, \"eventType\": \"AwsApiCall\", \"managementEvent\": true, \"recipientAccountId\": \"123456789012\"}",
    "log_file": "/home/narenpindi/Desktop/project/enterprise-soc-lab/logs/cloud/cloudtrail_events.json",
    "event_type": "cloud_api_call",
    "severity": "LOW",
    "details": {
      "event_name": "DescribeLogGroups",
      "event_source": "logs.amazonaws.com",
      "source_ip": "10.0.1.50",
      "user_name": "dev-ops-svc",
      "region": "us-east-1",
      "access_key": "AKIAIOSFODNN7EXAMPLE",
      "request_params": {},
      "error_code": null,
      "action": "DescribeLogGroups"
    },
    "event_id": "EVT-001123"
  },
