  {
    "source": "windows_security",
    "timestamp": "2026-02-17T11:36:10.969712",
    "raw": "{\"EventID\": 4625, \"TimeCreated\": \"2026-02-17T11:36:10.969712Z\", \"Computer\": \"WS-FIN-PC04.corpsec.local\", \"Channel\": \"Security\", \"Provider\": \"Microsoft-Windows-Security-Auditing\", \"Level\": \"Information\", \"Task\": \"Logon\", \"Keywords\": \"Audit Failure\", \"EventData\": {\"SubjectUserSid\": \"S-1-0-0\", \"SubjectUserName\": \"-\", \"SubjectDomainName\": \"-\", \"TargetUserName\": \"guest\", \"TargetDomainName\": \"CORPSEC\", \"Status\": \"0xC000006D\", \"FailureReason\": \"Bad username or authentication information\", \"SubStatus\": \"0x0\", \"LogonType\": \"10\", \"LogonProcessName\": \"NtLmSsp\", \"AuthenticationPackageName\": \"NTLM\", \"WorkstationName\": \"WS-FIN-PC04\", \"IpAddress\": \"203.0.113.45\", \"IpPort\": \"54164\", \"LogonGuid\": \"{00000000-0000-0000-0000-000000000000}\"}}",
    "log_file": "/home/narenpindi/Desktop/project/enterprise-soc-lab/logs/windows/security_events.json",
    "event_type": "authentication_failure",
    "severity": "MEDIUM",
    "details": {
      "source_ip": "203.0.113.45",
      "username": "guest",
      "domain": "CORPSEC",
      "logon_type": "10",
      "failure_reason": "Bad username or authentication information",
      "service": "windows_logon",
      "action": "failed_login"
    },
    "event_id": "EVT-000741"
  },
  {
    "source": "windows_security",
    "timestamp": "2026-02-17T11:36:13.933129",
    "raw": "{\"EventID\": 4625, \"TimeCreated\": \"2026-02-17T11:36:13.933129Z\", \"Computer\": \"WS-FIN-PC04.corpsec.local\", \"Channel\": \"Security\", \"Provider\": \"Microsoft-Windows-Security-Auditing\", \"Level\": \"Information\", \"Task\": \"Logon\", \"Keywords\": \"Audit Failure\", \"EventData\": {\"SubjectUserSid\": \"S-1-0-0\", \"SubjectUserName\": \"-\", \"SubjectDomainName\": \"-\", \"TargetUserName\": \"admin\", \"TargetDomainName\": \"CORPSEC\", \"Status\": \"0xC0000064\", \"FailureReason\": \"The specified user does not exist\", \"SubStatus\": \"0x0\", \"LogonType\": \"10\", \"LogonProcessName\": \"NtLmSsp\", \"AuthenticationPackageName\": \"NTLM\", \"WorkstationName\": \"WS-FIN-PC04\", \"IpAddress\": \"203.0.113.45\", \"IpPort\": \"48509\", \"LogonGuid\": \"{00000000-0000-0000-0000-000000000000}\"}}",
    "log_file": "/home/narenpindi/Desktop/project/enterprise-soc-lab/logs/windows/security_events.json",
    "event_type": "authentication_failure",
    "severity": "MEDIUM",
    "details": {
      "source_ip": "203.0.113.45",
      "username": "admin",
      "domain": "CORPSEC",
      "logon_type": "10",
      "failure_reason": "The specified user does not exist",
      "service": "windows_logon",
      "action": "failed_login"
    },
    "event_id": "EVT-000742"
  },
  {
    "source": "windows_security",
    "timestamp": "2026-02-17T11:36:14.317546",
    "raw": "{\"EventID\": 4625, \"TimeCreated\": \"2026-02-17T11:36:14.317546Z\", \"Computer\": \"WS-FIN-PC04.corpsec.local\", \"Channel\": \"Security\", \"Provider\": \"Microsoft-Windows-Security-Auditing\", \"Level\": \"Information\", \"Task\": \"Logon\", \"Keywords\": \"Audit Failure\", \"EventData\": {\"SubjectUserSid\": \"S-1-0-0\", \"SubjectUserName\": \"-\", \"SubjectDomainName\": \"-\", \"TargetUserName\": \"user1\", \"TargetDomainName\": \"CORPSEC\", \"Status\": \"0xC000006D\", \"FailureReason\": \"Bad username or authentication information\", \"SubStatus\": \"0x0\", \"LogonType\": \"10\", \"LogonProcessName\": \"NtLmSsp\", \"AuthenticationPackageName\": \"NTLM\", \"WorkstationName\": \"WS-FIN-PC04\", \"IpAddress\": \"203.0.113.45\", \"IpPort\": \"62155\", \"LogonGuid\": \"{00000000-0000-0000-0000-000000000000}\"}}",
    "log_file": "/home/narenpindi/Desktop/project/enterprise-soc-lab/logs/windows/security_events.json",
    "event_type": "authentication_failure",
    "severity": "MEDIUM",
    "details": {
      "source_ip": "203.0.113.45",
      "username": "user1",
      "domain": "CORPSEC",
      "logon_type": "10",
      "failure_reason": "Bad username or authentication information",
      "service": "windows_logon",
      "action": "failed_login"
    },
    "event_id": "EVT-000743"
  },
  {
    "source": "windows_security",
    "timestamp": "2026-02-17T11:36:14.792722",
    "raw": "{\"EventID\": 4625, \"TimeCreated\": \"2026-02-17T11:36:14.792722Z\", \"Computer\": \"WS-FIN-PC04.corpsec.local\", \"Channel\": \"Security\", \"Provider\": \"Microsoft-Windows-Security-Auditing\", \"Level\": \"Information\", \"Task\": \"Logon\", \"Keywords\": \"Audit Failure\", \"EventData\": {\"SubjectUserSid\": \"S-1-0-0\", \"SubjectUserName\": \"-\", \"SubjectDomainName\": \"-\", \"TargetUserName\": \"admin\", \"TargetDomainName\": \"CORPSEC\", \"Status\": \"0xC0000234\", \"FailureReason\": \"The user account has been locked out\", \"SubStatus\": \"0x0\", \"LogonType\": \"10\", \"LogonProcessName\": \"NtLmSsp\", \"AuthenticationPackageName\": \"NTLM\", \"WorkstationName\": \"WS-FIN-PC04\", \"IpAddress\": \"203.0.113.45\", \"IpPort\": \"62186\", \"LogonGuid\": \"{00000000-0000-0000-0000-000000000000}\"}}",
    "log_file": "/home/narenpindi/Desktop/project/enterprise-soc-lab/logs/windows/security_events.json",
    "event_type": "authentication_failure",
    "severity": "MEDIUM",
    "details": {
      "source_ip": "203.0.113.45",
      "username": "admin",
      "domain": "CORPSEC",
      "logon_type": "10",
      "failure_reason": "The user account has been locked out",
      "service": "windows_logon",
      "action": "failed_login"
    },
    "event_id": "EVT-000744"
  },
  {
    "source": "windows_security",
    "timestamp": "2026-02-17T11:36:15.301817",
    "raw": "{\"EventID\": 4625, \"TimeCreated\": \"2026-02-17T11:36:15.301817Z\", \"Computer\": \"WS-FIN-PC04.corpsec.local\", \"Channel\": \"Security\", \"Provider\": \"Microsoft-Windows-Security-Auditing\", \"Level\": \"Information\", \"Task\": \"Logon\", \"Keywords\": \"Audit Failure\", \"EventData\": {\"SubjectUserSid\": \"S-1-0-0\", \"SubjectUserName\": \"-\", \"SubjectDomainName\": \"-\", \"TargetUserName\": \"admin\", \"TargetDomainName\": \"CORPSEC\", \"Status\": \"0xC000006D\", \"FailureReason\": \"Bad username or authentication information\", \"SubStatus\": \"0x0\", \"LogonType\": \"10\", \"LogonProcessName\": \"NtLmSsp\", \"AuthenticationPackageName\": \"NTLM\", \"WorkstationName\": \"WS-FIN-PC04\", \"IpAddress\": \"203.0.113.45\", \"IpPort\": \"52608\", \"LogonGuid\": \"{00000000-0000-0000-0000-000000000000}\"}}",
    "log_file": "/home/narenpindi/Desktop/project/enterprise-soc-lab/logs/windows/security_events.json",
    "event_type": "authentication_failure",
    "severity": "MEDIUM",
    "details": {
      "source_ip": "203.0.113.45",
      "username": "admin",
      "domain": "CORPSEC",
      "logon_type": "10",
      "failure_reason": "Bad username or authentication information",
      "service": "windows_logon",
      "action": "failed_login"
    },
    "event_id": "EVT-000745"
  },
  {
    "source": "windows_security",
    "timestamp": "2026-02-17T11:36:16.494491",
    "raw": "{\"EventID\": 4625, \"TimeCreated\": \"2026-02-17T11:36:16.494491Z\", \"Computer\": \"WS-FIN-PC04.corpsec.local\", \"Channel\": \"Security\", \"Provider\": \"Microsoft-Windows-Security-Auditing\", \"Level\": \"Information\", \"Task\": \"Logon\", \"Keywords\": \"Audit Failure\", \"EventData\": {\"SubjectUserSid\": \"S-1-0-0\", \"SubjectUserName\": \"-\", \"SubjectDomainName\": \"-\", \"TargetUserName\": \"svc_backup\", \"TargetDomainName\": \"CORPSEC\", \"Status\": \"0xC0000234\", \"FailureReason\": \"The user account has been locked out\", \"SubStatus\": \"0x0\", \"LogonType\": \"10\", \"LogonProcessName\": \"NtLmSsp\", \"AuthenticationPackageName\": \"NTLM\", \"WorkstationName\": \"WS-FIN-PC04\", \"IpAddress\": \"203.0.113.45\", \"IpPort\": \"46608\", \"LogonGuid\": \"{00000000-0000-0000-0000-000000000000}\"}}",
    "log_file": "/home/narenpindi/Desktop/project/enterprise-soc-lab/logs/windows/security_events.json",
    "event_type": "authentication_failure",
    "severity": "MEDIUM",
    "details": {
      "source_ip": "203.0.113.45",
      "username": "svc_backup",
      "domain": "CORPSEC",
      "logon_type": "10",
      "failure_reason": "The user account has been locked out",
      "service": "windows_logon",
      "action": "failed_login"
    },
    "event_id": "EVT-000746"
  },
  {
    "source": "windows_security",
    "timestamp": "2026-02-17T11:36:16.929807",
    "raw": "{\"EventID\": 4625, \"TimeCreated\": \"2026-02-17T11:36:16.929807Z\", \"Computer\": \"WS-FIN-PC04.corpsec.local\", \"Channel\": \"Security\", \"Provider\": \"Microsoft-Windows-Security-Auditing\", \"Level\": \"Information\", \"Task\": \"Logon\", \"Keywords\": \"Audit Failure\", \"EventData\": {\"SubjectUserSid\": \"S-1-0-0\", \"SubjectUserName\": \"-\", \"SubjectDomainName\": \"-\", \"TargetUserName\": \"guest\", \"TargetDomainName\": \"CORPSEC\", \"Status\": \"0xC0000072\", \"FailureReason\": \"The user account is disabled\", \"SubStatus\": \"0x0\", \"LogonType\": \"10\", \"LogonProcessName\": \"NtLmSsp\", \"AuthenticationPackageName\": \"NTLM\", \"WorkstationName\": \"WS-FIN-PC04\", \"IpAddress\": \"203.0.113.45\", \"IpPort\": \"41718\", \"LogonGuid\": \"{00000000-0000-0000-0000-000000000000}\"}}",
    "log_file": "/home/narenpindi/Desktop/project/enterprise-soc-lab/logs/windows/security_events.json",
    "event_type": "authentication_failure",
    "severity": "MEDIUM",
    "details": {
      "source_ip": "203.0.113.45",
      "username": "guest",
      "domain": "CORPSEC",
      "logon_type": "10",
      "failure_reason": "The user account is disabled",
      "service": "windows_logon",
      "action": "failed_login"
    },
    "event_id": "EVT-000747"
  },
  {
    "source": "windows_security",
    "timestamp": "2026-02-17T11:36:18.775307",
    "raw": "{\"EventID\": 4625, \"TimeCreated\": \"2026-02-17T11:36:18.775307Z\", \"Computer\": \"WS-FIN-PC04.corpsec.local\", \"Channel\": \"Security\", \"Provider\": \"Microsoft-Windows-Security-Auditing\", \"Level\": \"Information\", \"Task\": \"Logon\", \"Keywords\": \"Audit Failure\", \"EventData\": {\"SubjectUserSid\": \"S-1-0-0\", \"SubjectUserName\": \"-\", \"SubjectDomainName\": \"-\", \"TargetUserName\": \"svc_backup\", \"TargetDomainName\": \"CORPSEC\", \"Status\": \"0xC0000072\", \"FailureReason\": \"The user account is disabled\", \"SubStatus\": \"0x0\", \"LogonType\": \"10\", \"LogonProcessName\": \"NtLmSsp\", \"AuthenticationPackageName\": \"NTLM\", \"WorkstationName\": \"WS-FIN-PC04\", \"IpAddress\": \"203.0.113.45\", \"IpPort\": \"41059\", \"LogonGuid\": \"{00000000-0000-0000-0000-000000000000}\"}}",
    "log_file": "/home/narenpindi/Desktop/project/enterprise-soc-lab/logs/windows/security_events.json",
    "event_type": "authentication_failure",
    "severity": "MEDIUM",
    "details": {
      "source_ip": "203.0.113.45",
      "username": "svc_backup",
      "domain": "CORPSEC",
      "logon_type": "10",
      "failure_reason": "The user account is disabled",
      "service": "windows_logon",
      "action": "failed_login"
    },
    "event_id": "EVT-000748"
  },
  {
    "source": "windows_security",
    "timestamp": "2026-02-17T11:36:19.119403",
    "raw": "{\"EventID\": 4625, \"TimeCreated\": \"2026-02-17T11:36:19.119403Z\", \"Computer\": \"WS-FIN-PC04.corpsec.local\", \"Channel\": \"Security\", \"Provider\": \"Microsoft-Windows-Security-Auditing\", \"Level\": \"Information\", \"Task\": \"Logon\", \"Keywords\": \"Audit Failure\", \"EventData\": {\"SubjectUserSid\": \"S-1-0-0\", \"SubjectUserName\": \"-\", \"SubjectDomainName\": \"-\", \"TargetUserName\": \"jsmith\", \"TargetDomainName\": \"CORPSEC\", \"Status\": \"0xC000006A\", \"FailureReason\": \"An incorrect password was supplied\", \"SubStatus\": \"0x0\", \"LogonType\": \"10\", \"LogonProcessName\": \"NtLmSsp\", \"AuthenticationPackageName\": \"NTLM\", \"WorkstationName\": \"WS-FIN-PC04\", \"IpAddress\": \"203.0.113.45\", \"IpPort\": \"55847\", \"LogonGuid\": \"{00000000-0000-0000-0000-000000000000}\"}}",
    "log_file": "/home/narenpindi/Desktop/project/enterprise-soc-lab/logs/windows/security_events.json",
    "event_type": "authentication_failure",
    "severity": "MEDIUM",
    "details": {
      "source_ip": "203.0.113.45",
      "username": "jsmith",
      "domain": "CORPSEC",
      "logon_type": "10",
      "failure_reason": "An incorrect password was supplied",
      "service": "windows_logon",
      "action": "failed_login"
    },
    "event_id": "EVT-000749"
  },
  {
    "source": "windows_security",
    "timestamp": "2026-02-17T11:36:20.526077",
    "raw": "{\"EventID\": 4625, \"TimeCreated\": \"2026-02-17T11:36:20.526077Z\", \"Computer\": \"WS-FIN-PC04.corpsec.local\", \"Channel\": \"Security\", \"Provider\": \"Microsoft-Windows-Security-Auditing\", \"Level\": \"Information\", \"Task\": \"Logon\", \"Keywords\": \"Audit Failure\", \"EventData\": {\"SubjectUserSid\": \"S-1-0-0\", \"SubjectUserName\": \"-\", \"SubjectDomainName\": \"-\", \"TargetUserName\": \"dbadmin\", \"TargetDomainName\": \"CORPSEC\", \"Status\": \"0xC000006A\", \"FailureReason\": \"An incorrect password was supplied\", \"SubStatus\": \"0x0\", \"LogonType\": \"10\", \"LogonProcessName\": \"NtLmSsp\", \"AuthenticationPackageName\": \"NTLM\", \"WorkstationName\": \"WS-FIN-PC04\", \"IpAddress\": \"203.0.113.45\", \"IpPort\": \"52328\", \"LogonGuid\": \"{00000000-0000-0000-0000-000000000000}\"}}",
    "log_file": "/home/narenpindi/Desktop/project/enterprise-soc-lab/logs/windows/security_events.json",
    "event_type": "authentication_failure",
    "severity": "MEDIUM",
    "details": {
      "source_ip": "203.0.113.45",
      "username": "dbadmin",
      "domain": "CORPSEC",
      "logon_type": "10",
      "failure_reason": "An incorrect password was supplied",
      "service": "windows_logon",
      "action": "failed_login"
    },
    "event_id": "EVT-000750"
  },
  {
    "source": "windows_security",
    "timestamp": "2026-02-17T11:36:20.973381",
    "raw": "{\"EventID\": 4625, \"TimeCreated\": \"2026-02-17T11:36:20.973381Z\", \"Computer\": \"WS-FIN-PC04.corpsec.local\", \"Channel\": \"Security\", \"Provider\": \"Microsoft-Windows-Security-Auditing\", \"Level\": \"Information\", \"Task\": \"Logon\", \"Keywords\": \"Audit Failure\", \"EventData\": {\"SubjectUserSid\": \"S-1-0-0\", \"SubjectUserName\": \"-\", \"SubjectDomainName\": \"-\", \"TargetUserName\": \"guest\", \"TargetDomainName\": \"CORPSEC\", \"Status\": \"0xC0000064\", \"FailureReason\": \"The specified user does not exist\", \"SubStatus\": \"0x0\", \"LogonType\": \"10\", \"LogonProcessName\": \"NtLmSsp\", \"AuthenticationPackageName\": \"NTLM\", \"WorkstationName\": \"WS-FIN-PC04\", \"IpAddress\": \"203.0.113.45\", \"IpPort\": \"63423\", \"LogonGuid\": \"{00000000-0000-0000-0000-000000000000}\"}}",
    "log_file": "/home/narenpindi/Desktop/project/enterprise-soc-lab/logs/windows/security_events.json",
    "event_type": "authentication_failure",
    "severity": "MEDIUM",
    "details": {
      "source_ip": "203.0.113.45",
      "username": "guest",
      "domain": "CORPSEC",
      "logon_type": "10",
      "failure_reason": "The specified user does not exist",
      "service": "windows_logon",
      "action": "failed_login"
    },
    "event_id": "EVT-000751"
  },
  {
    "source": "windows_security",
    "timestamp": "2026-02-17T11:36:21.536236",
    "raw": "{\"EventID\": 4625, \"TimeCreated\": \"2026-02-17T11:36:21.536236Z\", \"Computer\": \"WS-FIN-PC04.corpsec.local\", \"Channel\": \"Security\", \"Provider\": \"Microsoft-Windows-Security-Auditing\", \"Level\": \"Information\", \"Task\": \"Logon\", \"Keywords\": \"Audit Failure\", \"EventData\": {\"SubjectUserSid\": \"S-1-0-0\", \"SubjectUserName\": \"-\", \"SubjectDomainName\": \"-\", \"TargetUserName\": \"administrator\", \"TargetDomainName\": \"CORPSEC\", \"Status\": \"0xC0000064\", \"FailureReason\": \"The specified user does not exist\", \"SubStatus\": \"0x0\", \"LogonType\": \"10\", \"LogonProcessName\": \"NtLmSsp\", \"AuthenticationPackageName\": \"NTLM\", \"WorkstationName\": \"WS-FIN-PC04\", \"IpAddress\": \"203.0.113.45\", \"IpPort\": \"60892\", \"LogonGuid\": \"{00000000-0000-0000-0000-000000000000}\"}}",
    "log_file": "/home/narenpindi/Desktop/project/enterprise-soc-lab/logs/windows/security_events.json",
    "event_type": "authentication_failure",
    "severity": "MEDIUM",
    "details": {
      "source_ip": "203.0.113.45",
      "username": "administrator",
      "domain": "CORPSEC",
      "logon_type": "10",
      "failure_reason": "The specified user does not exist",
      "service": "windows_logon",
      "action": "failed_login"
    },
    "event_id": "EVT-000752"
  },
  {
    "source": "windows_security",
    "timestamp": "2026-02-17T11:36:21.602347",
    "raw": "{\"EventID\": 4625, \"TimeCreated\": \"2026-02-17T11:36:21.602347Z\", \"Computer\": \"WS-FIN-PC04.corpsec.local\", \"Channel\": \"Security\", \"Provider\": \"Microsoft-Windows-Security-Auditing\", \"Level\": \"Information\", \"Task\": \"Logon\", \"Keywords\": \"Audit Failure\", \"EventData\": {\"SubjectUserSid\": \"S-1-0-0\", \"SubjectUserName\": \"-\", \"SubjectDomainName\": \"-\", \"TargetUserName\": \"sa\", \"TargetDomainName\": \"CORPSEC\", \"Status\": \"0xC000006A\", \"FailureReason\": \"An incorrect password was supplied\", \"SubStatus\": \"0x0\", \"LogonType\": \"10\", \"LogonProcessName\": \"NtLmSsp\", \"AuthenticationPackageName\": \"NTLM\", \"WorkstationName\": \"WS-FIN-PC04\", \"IpAddress\": \"203.0.113.45\", \"IpPort\": \"44720\", \"LogonGuid\": \"{00000000-0000-0000-0000-000000000000}\"}}",
    "log_file": "/home/narenpindi/Desktop/project/enterprise-soc-lab/logs/windows/security_events.json",
    "event_type": "authentication_failure",
    "severity": "MEDIUM",
    "details": {
      "source_ip": "203.0.113.45",
      "username": "sa",
      "domain": "CORPSEC",
      "logon_type": "10",
      "failure_reason": "An incorrect password was supplied",
      "service": "windows_logon",
      "action": "failed_login"
    },
    "event_id": "EVT-000753"
  },
  {
    "source": "windows_security",
    "timestamp": "2026-02-17T11:36:23.438020",
    "raw": "{\"EventID\": 4625, \"TimeCreated\": \"2026-02-17T11:36:23.438020Z\", \"Computer\": \"WS-FIN-PC04.corpsec.local\", \"Channel\": \"Security\", \"Provider\": \"Microsoft-Windows-Security-Auditing\", \"Level\": \"Information\", \"Task\": \"Logon\", \"Keywords\": \"Audit Failure\", \"EventData\": {\"SubjectUserSid\": \"S-1-0-0\", \"SubjectUserName\": \"-\", \"SubjectDomainName\": \"-\", \"TargetUserName\": \"admin\", \"TargetDomainName\": \"CORPSEC\", \"Status\": \"0xC0000072\", \"FailureReason\": \"The user account is disabled\", \"SubStatus\": \"0x0\", \"LogonType\": \"10\", \"LogonProcessName\": \"NtLmSsp\", \"AuthenticationPackageName\": \"NTLM\", \"WorkstationName\": \"WS-FIN-PC04\", \"IpAddress\": \"203.0.113.45\", \"IpPort\": \"47541\", \"LogonGuid\": \"{00000000-0000-0000-0000-000000000000}\"}}",
    "log_file": "/home/narenpindi/Desktop/project/enterprise-soc-lab/logs/windows/security_events.json",
    "event_type": "authentication_failure",
    "severity": "MEDIUM",
    "details": {
      "source_ip": "203.0.113.45",
      "username": "admin",
      "domain": "CORPSEC",
      "logon_type": "10",
      "failure_reason": "The user account is disabled",
      "service": "windows_logon",
      "action": "failed_login"
    },
    "event_id": "EVT-000754"
  },
  {
    "source": "windows_security",
    "timestamp": "2026-02-17T11:36:24.766103",
    "raw": "{\"EventID\": 4625, \"TimeCreated\": \"2026-02-17T11:36:24.766103Z\", \"Computer\": \"WS-FIN-PC04.corpsec.local\", \"Channel\": \"Security\", \"Provider\": \"Microsoft-Windows-Security-Auditing\", \"Level\": \"Information\", \"Task\": \"Logon\", \"Keywords\": \"Audit Failure\", \"EventData\": {\"SubjectUserSid\": \"S-1-0-0\", \"SubjectUserName\": \"-\", \"SubjectDomainName\": \"-\", \"TargetUserName\": \"svc_backup\", \"TargetDomainName\": \"CORPSEC\", \"Status\": \"0xC0000072\", \"FailureReason\": \"The user account is disabled\", \"SubStatus\": \"0x0\", \"LogonType\": \"10\", \"LogonProcessName\": \"NtLmSsp\", \"AuthenticationPackageName\": \"NTLM\", \"WorkstationName\": \"WS-FIN-PC04\", \"IpAddress\": \"203.0.113.45\", \"IpPort\": \"60107\", \"LogonGuid\": \"{00000000-0000-0000-0000-000000000000}\"}}",
    "log_file": "/home/narenpindi/Desktop/project/enterprise-soc-lab/logs/windows/security_events.json",
    "event_type": "authentication_failure",
    "severity": "MEDIUM",
    "details": {
      "source_ip": "203.0.113.45",
      "username": "svc_backup",
      "domain": "CORPSEC",
      "logon_type": "10",
      "failure_reason": "The user account is disabled",
      "service": "windows_logon",
      "action": "failed_login"
    },
    "event_id": "EVT-000755"
  },
  {
    "source": "windows_security",
    "timestamp": "2026-02-17T11:36:24.856234",
    "raw": "{\"EventID\": 4625, \"TimeCreated\": \"2026-02-17T11:36:24.856234Z\", \"Computer\": \"WS-FIN-PC04.corpsec.local\", \"Channel\": \"Security\", \"Provider\": \"Microsoft-Windows-Security-Auditing\", \"Level\": \"Information\", \"Task\": \"Logon\", \"Keywords\": \"Audit Failure\", \"EventData\": {\"SubjectUserSid\": \"S-1-0-0\", \"SubjectUserName\": \"-\", \"SubjectDomainName\": \"-\", \"TargetUserName\": \"administrator\", \"TargetDomainName\": \"CORPSEC\", \"Status\": \"0xC0000072\", \"FailureReason\": \"The user account is disabled\", \"SubStatus\": \"0x0\", \"LogonType\": \"10\", \"LogonProcessName\": \"NtLmSsp\", \"AuthenticationPackageName\": \"NTLM\", \"WorkstationName\": \"WS-FIN-PC04\", \"IpAddress\": \"203.0.113.45\", \"IpPort\": \"46830\", \"LogonGuid\": \"{00000000-0000-0000-0000-000000000000}\"}}",
    "log_file": "/home/narenpindi/Desktop/project/enterprise-soc-lab/logs/windows/security_events.json",
    "event_type": "authentication_failure",
    "severity": "MEDIUM",
    "details": {
      "source_ip": "203.0.113.45",
      "username": "administrator",
      "domain": "CORPSEC",
      "logon_type": "10",
      "failure_reason": "The user account is disabled",
      "service": "windows_logon",
      "action": "failed_login"
    },
    "event_id": "EVT-000756"
  },
  {
    "source": "windows_security",
    "timestamp": "2026-02-17T11:36:28.871402",
    "raw": "{\"EventID\": 4625, \"TimeCreated\": \"2026-02-17T11:36:28.871402Z\", \"Computer\": \"WS-FIN-PC04.corpsec.local\", \"Channel\": \"Security\", \"Provider\": \"Microsoft-Windows-Security-Auditing\", \"Level\": \"Information\", \"Task\": \"Logon\", \"Keywords\": \"Audit Failure\", \"EventData\": {\"SubjectUserSid\": \"S-1-0-0\", \"SubjectUserName\": \"-\", \"SubjectDomainName\": \"-\", \"TargetUserName\": \"guest\", \"TargetDomainName\": \"CORPSEC\", \"Status\": \"0xC000006D\", \"FailureReason\": \"Bad username or authentication information\", \"SubStatus\": \"0x0\", \"LogonType\": \"10\", \"LogonProcessName\": \"NtLmSsp\", \"AuthenticationPackageName\": \"NTLM\", \"WorkstationName\": \"WS-FIN-PC04\", \"IpAddress\": \"203.0.113.45\", \"IpPort\": \"60514\", \"LogonGuid\": \"{00000000-0000-0000-0000-000000000000}\"}}",
    "log_file": "/home/narenpindi/Desktop/project/enterprise-soc-lab/logs/windows/security_events.json",
    "event_type": "authentication_failure",
    "severity": "MEDIUM",
    "details": {
      "source_ip": "203.0.113.45",
      "username": "guest",
      "domain": "CORPSEC",
      "logon_type": "10",
      "failure_reason": "Bad username or authentication information",
      "service": "windows_logon",
      "action": "failed_login"
    },
    "event_id": "EVT-000757"
  },
  {
    "source": "windows_security",
    "timestamp": "2026-02-17T11:36:29.102537",
    "raw": "{\"EventID\": 4625, \"TimeCreated\": \"2026-02-17T11:36:29.102537Z\", \"Computer\": \"WS-FIN-PC04.corpsec.local\", \"Channel\": \"Security\", \"Provider\": \"Microsoft-Windows-Security-Auditing\", \"Level\": \"Information\", \"Task\": \"Logon\", \"Keywords\": \"Audit Failure\", \"EventData\": {\"SubjectUserSid\": \"S-1-0-0\", \"SubjectUserName\": \"-\", \"SubjectDomainName\": \"-\", \"TargetUserName\": \"jsmith\", \"TargetDomainName\": \"CORPSEC\", \"Status\": \"0xC000006A\", \"FailureReason\": \"An incorrect password was supplied\", \"SubStatus\": \"0x0\", \"LogonType\": \"10\", \"LogonProcessName\": \"NtLmSsp\", \"AuthenticationPackageName\": \"NTLM\", \"WorkstationName\": \"WS-FIN-PC04\", \"IpAddress\": \"203.0.113.45\", \"IpPort\": \"54055\", \"LogonGuid\": \"{00000000-0000-0000-0000-000000000000}\"}}",
    "log_file": "/home/narenpindi/Desktop/project/enterprise-soc-lab/logs/windows/security_events.json",
    "event_type": "authentication_failure",
    "severity": "MEDIUM",
    "details": {
      "source_ip": "203.0.113.45",
      "username": "jsmith",
      "domain": "CORPSEC",
      "logon_type": "10",
      "failure_reason": "An incorrect password was supplied",
      "service": "windows_logon",
      "action": "failed_login"
    },
    "event_id": "EVT-000758"
  },
  {
    "source": "windows_security",
    "timestamp": "2026-02-17T11:36:29.205144",
    "raw": "{\"EventID\": 4625, \"TimeCreated\": \"2026-02-17T11:36:29.205144Z\", \"Computer\": \"WS-FIN-PC04.corpsec.local\", \"Channel\": \"Security\", \"Provider\": \"Microsoft-Windows-Security-Auditing\", \"Level\": \"Information\", \"Task\": \"Logon\", \"Keywords\": \"Audit Failure\", \"EventData\": {\"SubjectUserSid\": \"S-1-0-0\", \"SubjectUserName\": \"-\", \"SubjectDomainName\": \"-\", \"TargetUserName\": \"administrator\", \"TargetDomainName\": \"CORPSEC\", \"Status\": \"0xC000006A\", \"FailureReason\": \"An incorrect password was supplied\", \"SubStatus\": \"0x0\", \"LogonType\": \"10\", \"LogonProcessName\": \"NtLmSsp\", \"AuthenticationPackageName\": \"NTLM\", \"WorkstationName\": \"WS-FIN-PC04\", \"IpAddress\": \"203.0.113.45\", \"IpPort\": \"64089\", \"LogonGuid\": \"{00000000-0000-0000-0000-000000000000}\"}}",
    "log_file": "/home/narenpindi/Desktop/project/enterprise-soc-lab/logs/windows/security_events.json",
    "event_type": "authentication_failure",
    "severity": "MEDIUM",
    "details": {
      "source_ip": "203.0.113.45",
      "username": "administrator",
      "domain": "CORPSEC",
      "logon_type": "10",
      "failure_reason": "An incorrect password was supplied",
      "service": "windows_logon",
      "action": "failed_login"
    },
    "event_id": "EVT-000759"
  },
  {
    "source": "windows_security",
    "timestamp": "2026-02-17T11:36:29.533853",
    "raw": "{\"EventID\": 4625, \"TimeCreated\": \"2026-02-17T11:36:29.533853Z\", \"Computer\": \"WS-FIN-PC04.corpsec.local\", \"Channel\": \"Security\", \"Provider\": \"Microsoft-Windows-Security-Auditing\", \"Level\": \"Information\", \"Task\": \"Logon\", \"Keywords\": \"Audit Failure\", \"EventData\": {\"SubjectUserSid\": \"S-1-0-0\", \"SubjectUserName\": \"-\", \"SubjectDomainName\": \"-\", \"TargetUserName\": \"administrator\", \"TargetDomainName\": \"CORPSEC\", \"Status\": \"0xC000006A\", \"FailureReason\": \"An incorrect password was supplied\", \"SubStatus\": \"0x0\", \"LogonType\": \"10\", \"LogonProcessName\": \"NtLmSsp\", \"AuthenticationPackageName\": \"NTLM\", \"WorkstationName\": \"WS-FIN-PC04\", \"IpAddress\": \"203.0.113.45\", \"IpPort\": \"59982\", \"LogonGuid\": \"{00000000-0000-0000-0000-000000000000}\"}}",
    "log_file": "/home/narenpindi/Desktop/project/enterprise-soc-lab/logs/windows/security_events.json",
    "event_type": "authentication_failure",
    "severity": "MEDIUM",
    "details": {
      "source_ip": "203.0.113.45",
      "username": "administrator",
      "domain": "CORPSEC",
      "logon_type": "10",
      "failure_reason": "An incorrect password was supplied",
      "service": "windows_logon",
      "action": "failed_login"
    },
    "event_id": "EVT-000760"
  },
  {
    "source": "windows_security",
    "timestamp": "2026-02-17T11:36:30.108591",
    "raw": "{\"EventID\": 4625, \"TimeCreated\": \"2026-02-17T11:36:30.108591Z\", \"Computer\": \"WS-FIN-PC04.corpsec.local\", \"Channel\": \"Security\", \"Provider\": \"Microsoft-Windows-Security-Auditing\", \"Level\": \"Information\", \"Task\": \"Logon\", \"Keywords\": \"Audit Failure\", \"EventData\": {\"SubjectUserSid\": \"S-1-0-0\", \"SubjectUserName\": \"-\", \"SubjectDomainName\": \"-\", \"TargetUserName\": \"dbadmin\", \"TargetDomainName\": \"CORPSEC\", \"Status\": \"0xC0000064\", \"FailureReason\": \"The specified user does not exist\", \"SubStatus\": \"0x0\", \"LogonType\": \"10\", \"LogonProcessName\": \"NtLmSsp\", \"AuthenticationPackageName\": \"NTLM\", \"WorkstationName\": \"WS-FIN-PC04\", \"IpAddress\": \"203.0.113.45\", \"IpPort\": \"50698\", \"LogonGuid\": \"{00000000-0000-0000-0000-000000000000}\"}}",
    "log_file": "/home/narenpindi/Desktop/project/enterprise-soc-lab/logs/windows/security_events.json",
    "event_type": "authentication_failure",
    "severity": "MEDIUM",
    "details": {
      "source_ip": "203.0.113.45",
      "username": "dbadmin",
      "domain": "CORPSEC",
      "logon_type": "10",
      "failure_reason": "The specified user does not exist",
      "service": "windows_logon",
      "action": "failed_login"
    },
    "event_id": "EVT-000761"
  },
  {
    "source": "windows_security",
    "timestamp": "2026-02-17T11:36:30.254555",
    "raw": "{\"EventID\": 4625, \"TimeCreated\": \"2026-02-17T11:36:30.254555Z\", \"Computer\": \"WS-FIN-PC04.corpsec.local\", \"Channel\": \"Security\", \"Provider\": \"Microsoft-Windows-Security-Auditing\", \"Level\": \"Information\", \"Task\": \"Logon\", \"Keywords\": \"Audit Failure\", \"EventData\": {\"SubjectUserSid\": \"S-1-0-0\", \"SubjectUserName\": \"-\", \"SubjectDomainName\": \"-\", \"TargetUserName\": \"sa\", \"TargetDomainName\": \"CORPSEC\", \"Status\": \"0xC0000234\", \"FailureReason\": \"The user account has been locked out\", \"SubStatus\": \"0x0\", \"LogonType\": \"10\", \"LogonProcessName\": \"NtLmSsp\", \"AuthenticationPackageName\": \"NTLM\", \"WorkstationName\": \"WS-FIN-PC04\", \"IpAddress\": \"203.0.113.45\", \"IpPort\": \"63254\", \"LogonGuid\": \"{00000000-0000-0000-0000-000000000000}\"}}",
    "log_file": "/home/narenpindi/Desktop/project/enterprise-soc-lab/logs/windows/security_events.json",
    "event_type": "authentication_failure",
    "severity": "MEDIUM",
    "details": {
      "source_ip": "203.0.113.45",
      "username": "sa",
      "domain": "CORPSEC",
      "logon_type": "10",
      "failure_reason": "The user account has been locked out",
      "service": "windows_logon",
      "action": "failed_login"
    },
    "event_id": "EVT-000762"
  },
  {
    "source": "windows_security",
    "timestamp": "2026-02-17T11:36:30.807944",
    "raw": "{\"EventID\": 4625, \"TimeCreated\": \"2026-02-17T11:36:30.807944Z\", \"Computer\": \"WS-FIN-PC04.corpsec.local\", \"Channel\": \"Security\", \"Provider\": \"Microsoft-Windows-Security-Auditing\", \"Level\": \"Information\", \"Task\": \"Logon\", \"Keywords\": \"Audit Failure\", \"EventData\": {\"SubjectUserSid\": \"S-1-0-0\", \"SubjectUserName\": \"-\", \"SubjectDomainName\": \"-\", \"TargetUserName\": \"jsmith\", \"TargetDomainName\": \"CORPSEC\", \"Status\": \"0xC000006A\", \"FailureReason\": \"An incorrect password was supplied\", \"SubStatus\": \"0x0\", \"LogonType\": \"10\", \"LogonProcessName\": \"NtLmSsp\", \"AuthenticationPackageName\": \"NTLM\", \"WorkstationName\": \"WS-FIN-PC04\", \"IpAddress\": \"203.0.113.45\", \"IpPort\": \"59692\", \"LogonGuid\": \"{00000000-0000-0000-0000-000000000000}\"}}",
    "log_file": "/home/narenpindi/Desktop/project/enterprise-soc-lab/logs/windows/security_events.json",
    "event_type": "authentication_failure",
    "severity": "MEDIUM",
    "details": {
      "source_ip": "203.0.113.45",
      "username": "jsmith",
      "domain": "CORPSEC",
      "logon_type": "10",
      "failure_reason": "An incorrect password was supplied",
      "service": "windows_logon",
      "action": "failed_login"
    },
    "event_id": "EVT-000763"
  },
  {
    "source": "windows_security",
    "timestamp": "2026-02-17T11:36:31.150492",
    "raw": "{\"EventID\": 4625, \"TimeCreated\": \"2026-02-17T11:36:31.150492Z\", \"Computer\": \"WS-FIN-PC04.corpsec.local\", \"Channel\": \"Security\", \"Provider\": \"Microsoft-Windows-Security-Auditing\", \"Level\": \"Information\", \"Task\": \"Logon\", \"Keywords\": \"Audit Failure\", \"EventData\": {\"SubjectUserSid\": \"S-1-0-0\", \"SubjectUserName\": \"-\", \"SubjectDomainName\": \"-\", \"TargetUserName\": \"svc_backup\", \"TargetDomainName\": \"CORPSEC\", \"Status\": \"0xC0000234\", \"FailureReason\": \"The user account has been locked out\", \"SubStatus\": \"0x0\", \"LogonType\": \"10\", \"LogonProcessName\": \"NtLmSsp\", \"AuthenticationPackageName\": \"NTLM\", \"WorkstationName\": \"WS-FIN-PC04\", \"IpAddress\": \"203.0.113.45\", \"IpPort\": \"52463\", \"LogonGuid\": \"{00000000-0000-0000-0000-000000000000}\"}}",
    "log_file": "/home/narenpindi/Desktop/project/enterprise-soc-lab/logs/windows/security_events.json",
    "event_type": "authentication_failure",
    "severity": "MEDIUM",
    "details": {
      "source_ip": "203.0.113.45",
      "username": "svc_backup",
      "domain": "CORPSEC",
      "logon_type": "10",
      "failure_reason": "The user account has been locked out",
      "service": "windows_logon",
      "action": "failed_login"
    },
    "event_id": "EVT-000764"
  },
  {
    "source": "windows_security",
    "timestamp": "2026-02-17T11:36:32.656051",
    "raw": "{\"EventID\": 4625, \"TimeCreated\": \"2026-02-17T11:36:32.656051Z\", \"Computer\": \"WS-FIN-PC04.corpsec.local\", \"Channel\": \"Security\", \"Provider\": \"Microsoft-Windows-Security-Auditing\", \"Level\": \"Information\", \"Task\": \"Logon\", \"Keywords\": \"Audit Failure\", \"EventData\": {\"SubjectUserSid\": \"S-1-0-0\", \"SubjectUserName\": \"-\", \"SubjectDomainName\": \"-\", \"TargetUserName\": \"dbadmin\", \"TargetDomainName\": \"CORPSEC\", \"Status\": \"0xC0000064\", \"FailureReason\": \"The specified user does not exist\", \"SubStatus\": \"0x0\", \"LogonType\": \"10\", \"LogonProcessName\": \"NtLmSsp\", \"AuthenticationPackageName\": \"NTLM\", \"WorkstationName\": \"WS-FIN-PC04\", \"IpAddress\": \"203.0.113.45\", \"IpPort\": \"59058\", \"LogonGuid\": \"{00000000-0000-0000-0000-000000000000}\"}}",
    "log_file": "/home/narenpindi/Desktop/project/enterprise-soc-lab/logs/windows/security_events.json",
    "event_type": "authentication_failure",
    "severity": "MEDIUM",
    "details": {
      "source_ip": "203.0.113.45",
      "username": "dbadmin",
      "domain": "CORPSEC",
      "logon_type": "10",
      "failure_reason": "The specified user does not exist",
      "service": "windows_logon",
      "action": "failed_login"
    },
    "event_id": "EVT-000765"
  },
  {
    "source": "windows_security",
    "timestamp": "2026-02-17T11:36:35.184909",
    "raw": "{\"EventID\": 4625, \"TimeCreated\": \"2026-02-17T11:36:35.184909Z\", \"Computer\": \"WS-FIN-PC04.corpsec.local\", \"Channel\": \"Security\", \"Provider\": \"Microsoft-Windows-Security-Auditing\", \"Level\": \"Information\", \"Task\": \"Logon\", \"Keywords\": \"Audit Failure\", \"EventData\": {\"SubjectUserSid\": \"S-1-0-0\", \"SubjectUserName\": \"-\", \"SubjectDomainName\": \"-\", \"TargetUserName\": \"sa\", \"TargetDomainName\": \"CORPSEC\", \"Status\": \"0xC0000072\", \"FailureReason\": \"The user account is disabled\", \"SubStatus\": \"0x0\", \"LogonType\": \"10\", \"LogonProcessName\": \"NtLmSsp\", \"AuthenticationPackageName\": \"NTLM\", \"WorkstationName\": \"WS-FIN-PC04\", \"IpAddress\": \"203.0.113.45\", \"IpPort\": \"54993\", \"LogonGuid\": \"{00000000-0000-0000-0000-000000000000}\"}}",
    "log_file": "/home/narenpindi/Desktop/project/enterprise-soc-lab/logs/windows/security_events.json",
    "event_type": "authentication_failure",
    "severity": "MEDIUM",
    "details": {
      "source_ip": "203.0.113.45",
      "username": "sa",
      "domain": "CORPSEC",
      "logon_type": "10",
      "failure_reason": "The user account is disabled",
      "service": "windows_logon",
      "action": "failed_login"
    },
    "event_id": "EVT-000766"
  },
  {
    "source": "windows_security",
    "timestamp": "2026-02-17T11:36:37.887369",
    "raw": "{\"EventID\": 4625, \"TimeCreated\": \"2026-02-17T11:36:37.887369Z\", \"Computer\": \"WS-FIN-PC04.corpsec.local\", \"Channel\": \"Security\", \"Provider\": \"Microsoft-Windows-Security-Auditing\", \"Level\": \"Information\", \"Task\": \"Logon\", \"Keywords\": \"Audit Failure\", \"EventData\": {\"SubjectUserSid\": \"S-1-0-0\", \"SubjectUserName\": \"-\", \"SubjectDomainName\": \"-\", \"TargetUserName\": \"guest\", \"TargetDomainName\": \"CORPSEC\", \"Status\": \"0xC0000064\", \"FailureReason\": \"The specified user does not exist\", \"SubStatus\": \"0x0\", \"LogonType\": \"10\", \"LogonProcessName\": \"NtLmSsp\", \"AuthenticationPackageName\": \"NTLM\", \"WorkstationName\": \"WS-FIN-PC04\", \"IpAddress\": \"203.0.113.45\", \"IpPort\": \"50872\", \"LogonGuid\": \"{00000000-0000-0000-0000-000000000000}\"}}",
    "log_file": "/home/narenpindi/Desktop/project/enterprise-soc-lab/logs/windows/security_events.json",
    "event_type": "authentication_failure",
    "severity": "MEDIUM",
    "details": {
      "source_ip": "203.0.113.45",
      "username": "guest",
      "domain": "CORPSEC",
      "logon_type": "10",
      "failure_reason": "The specified user does not exist",
      "service": "windows_logon",
      "action": "failed_login"
    },
    "event_id": "EVT-000767"
  },
  {
    "source": "windows_security",
    "timestamp": "2026-02-17T11:36:38.282339",
    "raw": "{\"EventID\": 4625, \"TimeCreated\": \"2026-02-17T11:36:38.282339Z\", \"Computer\": \"WS-FIN-PC04.corpsec.local\", \"Channel\": \"Security\", \"Provider\": \"Microsoft-Windows-Security-Auditing\", \"Level\": \"Information\", \"Task\": \"Logon\", \"Keywords\": \"Audit Failure\", \"EventData\": {\"SubjectUserSid\": \"S-1-0-0\", \"SubjectUserName\": \"-\", \"SubjectDomainName\": \"-\", \"TargetUserName\": \"admin\", \"TargetDomainName\": \"CORPSEC\", \"Status\": \"0xC0000064\", \"FailureReason\": \"The specified user does not exist\", \"SubStatus\": \"0x0\", \"LogonType\": \"10\", \"LogonProcessName\": \"NtLmSsp\", \"AuthenticationPackageName\": \"NTLM\", \"WorkstationName\": \"WS-FIN-PC04\", \"IpAddress\": \"203.0.113.45\", \"IpPort\": \"56137\", \"LogonGuid\": \"{00000000-0000-0000-0000-000000000000}\"}}",
    "log_file": "/home/narenpindi/Desktop/project/enterprise-soc-lab/logs/windows/security_events.json",
    "event_type": "authentication_failure",
    "severity": "MEDIUM",
    "details": {
      "source_ip": "203.0.113.45",
      "username": "admin",
      "domain": "CORPSEC",
      "logon_type": "10",
      "failure_reason": "The specified user does not exist",
      "service": "windows_logon",
      "action": "failed_login"
    },
    "event_id": "EVT-000768"
  },
  {
    "source": "windows_security",
    "timestamp": "2026-02-17T11:36:38.827012",
    "raw": "{\"EventID\": 4625, \"TimeCreated\": \"2026-02-17T11:36:38.827012Z\", \"Computer\": \"WS-FIN-PC04.corpsec.local\", \"Channel\": \"Security\", \"Provider\": \"Microsoft-Windows-Security-Auditing\", \"Level\": \"Information\", \"Task\": \"Logon\", \"Keywords\": \"Audit Failure\", \"EventData\": {\"SubjectUserSid\": \"S-1-0-0\", \"SubjectUserName\": \"-\", \"SubjectDomainName\": \"-\", \"TargetUserName\": \"dbadmin\", \"TargetDomainName\": \"CORPSEC\", \"Status\": \"0xC000006A\", \"FailureReason\": \"An incorrect password was supplied\", \"SubStatus\": \"0x0\", \"LogonType\": \"10\", \"LogonProcessName\": \"NtLmSsp\", \"AuthenticationPackageName\": \"NTLM\", \"WorkstationName\": \"WS-FIN-PC04\", \"IpAddress\": \"203.0.113.45\", \"IpPort\": \"56355\", \"LogonGuid\": \"{00000000-0000-0000-0000-000000000000}\"}}",
    "log_file": "/home/narenpindi/Desktop/project/enterprise-soc-lab/logs/windows/security_events.json",
    "event_type": "authentication_failure",
    "severity": "MEDIUM",
    "details": {
      "source_ip": "203.0.113.45",
      "username": "dbadmin",
      "domain": "CORPSEC",
      "logon_type": "10",
      "failure_reason": "An incorrect password was supplied",
      "service": "windows_logon",
      "action": "failed_login"
    },
    "event_id": "EVT-000769"
  },
  {
    "source": "windows_security",
    "timestamp": "2026-02-17T11:36:40.272260",
    "raw": "{\"EventID\": 4625, \"TimeCreated\": \"2026-02-17T11:36:40.272260Z\", \"Computer\": \"WS-FIN-PC04.corpsec.local\", \"Channel\": \"Security\", \"Provider\": \"Microsoft-Windows-Security-Auditing\", \"Level\": \"Information\", \"Task\": \"Logon\", \"Keywords\": \"Audit Failure\", \"EventData\": {\"SubjectUserSid\": \"S-1-0-0\", \"SubjectUserName\": \"-\", \"SubjectDomainName\": \"-\", \"TargetUserName\": \"user1\", \"TargetDomainName\": \"CORPSEC\", \"Status\": \"0xC0000064\", \"FailureReason\": \"The specified user does not exist\", \"SubStatus\": \"0x0\", \"LogonType\": \"10\", \"LogonProcessName\": \"NtLmSsp\", \"AuthenticationPackageName\": \"NTLM\", \"WorkstationName\": \"WS-FIN-PC04\", \"IpAddress\": \"203.0.113.45\", \"IpPort\": \"61249\", \"LogonGuid\": \"{00000000-0000-0000-0000-000000000000}\"}}",
    "log_file": "/home/narenpindi/Desktop/project/enterprise-soc-lab/logs/windows/security_events.json",
    "event_type": "authentication_failure",
    "severity": "MEDIUM",
    "details": {
      "source_ip": "203.0.113.45",
      "username": "user1",
      "domain": "CORPSEC",
      "logon_type": "10",
      "failure_reason": "The specified user does not exist",
      "service": "windows_logon",
      "action": "failed_login"
    },
    "event_id": "EVT-000770"
  },
  {
    "source": "windows_security",
    "timestamp": "2026-02-17T11:36:40.611326",
    "raw": "{\"EventID\": 4625, \"TimeCreated\": \"2026-02-17T11:36:40.611326Z\", \"Computer\": \"WS-FIN-PC04.corpsec.local\", \"Channel\": \"Security\", \"Provider\": \"Microsoft-Windows-Security-Auditing\", \"Level\": \"Information\", \"Task\": \"Logon\", \"Keywords\": \"Audit Failure\", \"EventData\": {\"SubjectUserSid\": \"S-1-0-0\", \"SubjectUserName\": \"-\", \"SubjectDomainName\": \"-\", \"TargetUserName\": \"guest\", \"TargetDomainName\": \"CORPSEC\", \"Status\": \"0xC0000234\", \"FailureReason\": \"The user account has been locked out\", \"SubStatus\": \"0x0\", \"LogonType\": \"10\", \"LogonProcessName\": \"NtLmSsp\", \"AuthenticationPackageName\": \"NTLM\", \"WorkstationName\": \"WS-FIN-PC04\", \"IpAddress\": \"203.0.113.45\", \"IpPort\": \"51044\", \"LogonGuid\": \"{00000000-0000-0000-0000-000000000000}\"}}",
    "log_file": "/home/narenpindi/Desktop/project/enterprise-soc-lab/logs/windows/security_events.json",
    "event_type": "authentication_failure",
    "severity": "MEDIUM",
    "details": {
      "source_ip": "203.0.113.45",
      "username": "guest",
      "domain": "CORPSEC",
      "logon_type": "10",
      "failure_reason": "The user account has been locked out",
      "service": "windows_logon",
      "action": "failed_login"
    },
    "event_id": "EVT-000771"
  },
  {
    "source": "windows_security",
    "timestamp": "2026-02-17T11:36:42.209064",
    "raw": "{\"EventID\": 4625, \"TimeCreated\": \"2026-02-17T11:36:42.209064Z\", \"Computer\": \"WS-FIN-PC04.corpsec.local\", \"Channel\": \"Security\", \"Provider\": \"Microsoft-Windows-Security-Auditing\", \"Level\": \"Information\", \"Task\": \"Logon\", \"Keywords\": \"Audit Failure\", \"EventData\": {\"SubjectUserSid\": \"S-1-0-0\", \"SubjectUserName\": \"-\", \"SubjectDomainName\": \"-\", \"TargetUserName\": \"sa\", \"TargetDomainName\": \"CORPSEC\", \"Status\": \"0xC0000234\", \"FailureReason\": \"The user account has been locked out\", \"SubStatus\": \"0x0\", \"LogonType\": \"10\", \"LogonProcessName\": \"NtLmSsp\", \"AuthenticationPackageName\": \"NTLM\", \"WorkstationName\": \"WS-FIN-PC04\", \"IpAddress\": \"203.0.113.45\", \"IpPort\": \"61769\", \"LogonGuid\": \"{00000000-0000-0000-0000-000000000000}\"}}",
    "log_file": "/home/narenpindi/Desktop/project/enterprise-soc-lab/logs/windows/security_events.json",
    "event_type": "authentication_failure",
    "severity": "MEDIUM",
    "details": {
      "source_ip": "203.0.113.45",
      "username": "sa",
      "domain": "CORPSEC",
      "logon_type": "10",
      "failure_reason": "The user account has been locked out",
      "service": "windows_logon",
      "action": "failed_login"
    },
    "event_id": "EVT-000772"
  },
  {
    "source": "windows_security",
    "timestamp": "2026-02-17T11:36:43.555658",
    "raw": "{\"EventID\": 4625, \"TimeCreated\": \"2026-02-17T11:36:43.555658Z\", \"Computer\": \"WS-FIN-PC04.corpsec.local\", \"Channel\": \"Security\", \"Provider\": \"Microsoft-Windows-Security-Auditing\", \"Level\": \"Information\", \"Task\": \"Logon\", \"Keywords\": \"Audit Failure\", \"EventData\": {\"SubjectUserSid\": \"S-1-0-0\", \"SubjectUserName\": \"-\", \"SubjectDomainName\": \"-\", \"TargetUserName\": \"user1\", \"TargetDomainName\": \"CORPSEC\", \"Status\": \"0xC000006A\", \"FailureReason\": \"An incorrect password was supplied\", \"SubStatus\": \"0x0\", \"LogonType\": \"10\", \"LogonProcessName\": \"NtLmSsp\", \"AuthenticationPackageName\": \"NTLM\", \"WorkstationName\": \"WS-FIN-PC04\", \"IpAddress\": \"203.0.113.45\", \"IpPort\": \"62089\", \"LogonGuid\": \"{00000000-0000-0000-0000-000000000000}\"}}",
    "log_file": "/home/narenpindi/Desktop/project/enterprise-soc-lab/logs/windows/security_events.json",
    "event_type": "authentication_failure",
    "severity": "MEDIUM",
    "details": {
      "source_ip": "203.0.113.45",
      "username": "user1",
      "domain": "CORPSEC",
      "logon_type": "10",
      "failure_reason": "An incorrect password was supplied",
      "service": "windows_logon",
      "action": "failed_login"
    },
    "event_id": "EVT-000773"
  },
  {
    "source": "windows_security",
    "timestamp": "2026-02-17T11:36:44.138448",
    "raw": "{\"EventID\": 4625, \"TimeCreated\": \"2026-02-17T11:36:44.138448Z\", \"Computer\": \"WS-FIN-PC04.corpsec.local\", \"Channel\": \"Security\", \"Provider\": \"Microsoft-Windows-Security-Auditing\", \"Level\": \"Information\", \"Task\": \"Logon\", \"Keywords\": \"Audit Failure\", \"EventData\": {\"SubjectUserSid\": \"S-1-0-0\", \"SubjectUserName\": \"-\", \"SubjectDomainName\": \"-\", \"TargetUserName\": \"user1\", \"TargetDomainName\": \"CORPSEC\", \"Status\": \"0xC0000072\", \"FailureReason\": \"The user account is disabled\", \"SubStatus\": \"0x0\", \"LogonType\": \"10\", \"LogonProcessName\": \"NtLmSsp\", \"AuthenticationPackageName\": \"NTLM\", \"WorkstationName\": \"WS-FIN-PC04\", \"IpAddress\": \"203.0.113.45\", \"IpPort\": \"63447\", \"LogonGuid\": \"{00000000-0000-0000-0000-000000000000}\"}}",
    "log_file": "/home/narenpindi/Desktop/project/enterprise-soc-lab/logs/windows/security_events.json",
    "event_type": "authentication_failure",
    "severity": "MEDIUM",
    "details": {
      "source_ip": "203.0.113.45",
      "username": "user1",
      "domain": "CORPSEC",
      "logon_type": "10",
      "failure_reason": "The user account is disabled",
      "service": "windows_logon",
      "action": "failed_login"
    },
    "event_id": "EVT-000774"
  },
  {
    "source": "windows_security",
    "timestamp": "2026-02-17T11:36:48.461283",
    "raw": "{\"EventID\": 4625, \"TimeCreated\": \"2026-02-17T11:36:48.461283Z\", \"Computer\": \"WS-FIN-PC04.corpsec.local\", \"Channel\": \"Security\", \"Provider\": \"Microsoft-Windows-Security-Auditing\", \"Level\": \"Information\", \"Task\": \"Logon\", \"Keywords\": \"Audit Failure\", \"EventData\": {\"SubjectUserSid\": \"S-1-0-0\", \"SubjectUserName\": \"-\", \"SubjectDomainName\": \"-\", \"TargetUserName\": \"jsmith\", \"TargetDomainName\": \"CORPSEC\", \"Status\": \"0xC000006D\", \"FailureReason\": \"Bad username or authentication information\", \"SubStatus\": \"0x0\", \"LogonType\": \"10\", \"LogonProcessName\": \"NtLmSsp\", \"AuthenticationPackageName\": \"NTLM\", \"WorkstationName\": \"WS-FIN-PC04\", \"IpAddress\": \"203.0.113.45\", \"IpPort\": \"61445\", \"LogonGuid\": \"{00000000-0000-0000-0000-000000000000}\"}}",
    "log_file": "/home/narenpindi/Desktop/project/enterprise-soc-lab/logs/windows/security_events.json",
    "event_type": "authentication_failure",
    "severity": "MEDIUM",
    "details": {
      "source_ip": "203.0.113.45",
      "username": "jsmith",
      "domain": "CORPSEC",
      "logon_type": "10",
      "failure_reason": "Bad username or authentication information",
      "service": "windows_logon",
      "action": "failed_login"
    },
    "event_id": "EVT-000775"
  },
