  {
    "source": "windows_security",
    "timestamp": "2026-02-17T05:21:18.233858",
    "raw": "{\"EventID\": 4625, \"TimeCreated\": \"2026-02-17T05:21:18.233858Z\", \"Computer\": \"WS-FIN-PC04.corpsec.local\", \"Channel\": \"Security\", \"Provider\": \"Microsoft-Windows-Security-Auditing\", \"Level\": \"Information\", \"Task\": \"Logon\", \"Keywords\": \"Audit Failure\", \"EventData\": {\"SubjectUserSid\": \"S-1-0-0\", \"SubjectUserName\": \"-\", \"SubjectDomainName\": \"-\", \"TargetUserName\": \"jsmith\", \"TargetDomainName\": \"CORPSEC\", \"Status\": \"0xC0000234\", \"FailureReason\": \"The user account has been locked out\", \"SubStatus\": \"0x0\", \"LogonType\": \"10\", \"LogonProcessName\": \"NtLmSsp\", \"AuthenticationPackageName\": \"NTLM\", \"WorkstationName\": \"WS-FIN-PC04\", \"IpAddress\": \"198.51.100.23\", \"IpPort\": \"63184\", \"LogonGuid\": \"{00000000-0000-0000-0000-000000000000}\"}}",
    "log_file": "/home/narenpindi/Desktop/project/enterprise-soc-lab/logs/windows/security_events.json",
    "event_type": "authentication_failure",
    "severity": "MEDIUM",
    "details": {
      "source_ip": "198.51.100.23",
      "username": "jsmith",
      "domain": "CORPSEC",
      "logon_type": "10",
      "failure_reason": "The user account has been locked out",
      "service": "windows_logon",
      "action": "failed_login"
    },
    "event_id": "EVT-000052"
  },
  {
    "source": "windows_security",
    "timestamp": "2026-02-17T05:21:18.447377",
    "raw": "{\"EventID\": 4625, \"TimeCreated\": \"2026-02-17T05:21:18.447377Z\", \"Computer\": \"WS-FIN-PC04.corpsec.local\", \"Channel\": \"Security\", \"Provider\": \"Microsoft-Windows-Security-Auditing\", \"Level\": \"Information\", \"Task\": \"Logon\", \"Keywords\": \"Audit Failure\", \"EventData\": {\"SubjectUserSid\": \"S-1-0-0\", \"SubjectUserName\": \"-\", \"SubjectDomainName\": \"-\", \"TargetUserName\": \"administrator\", \"TargetDomainName\": \"CORPSEC\", \"Status\": \"0xC000006D\", \"FailureReason\": \"Bad username or authentication information\", \"SubStatus\": \"0x0\", \"LogonType\": \"10\", \"LogonProcessName\": \"NtLmSsp\", \"AuthenticationPackageName\": \"NTLM\", \"WorkstationName\": \"WS-FIN-PC04\", \"IpAddress\": \"198.51.100.23\", \"IpPort\": \"55475\", \"LogonGuid\": \"{00000000-0000-0000-0000-000000000000}\"}}",
    "log_file": "/home/narenpindi/Desktop/project/enterprise-soc-lab/logs/windows/security_events.json",
    "event_type": "authentication_failure",
    "severity": "MEDIUM",
    "details": {
      "source_ip": "198.51.100.23",
      "username": "administrator",
      "domain": "CORPSEC",
      "logon_type": "10",
      "failure_reason": "Bad username or authentication information",
      "service": "windows_logon",
      "action": "failed_login"
    },
    "event_id": "EVT-000053"
  },
  {
    "source": "windows_security",
    "timestamp": "2026-02-17T05:21:20.010357",
    "raw": "{\"EventID\": 4625, \"TimeCreated\": \"2026-02-17T05:21:20.010357Z\", \"Computer\": \"WS-FIN-PC04.corpsec.local\", \"Channel\": \"Security\", \"Provider\": \"Microsoft-Windows-Security-Auditing\", \"Level\": \"Information\", \"Task\": \"Logon\", \"Keywords\": \"Audit Failure\", \"EventData\": {\"SubjectUserSid\": \"S-1-0-0\", \"SubjectUserName\": \"-\", \"SubjectDomainName\": \"-\", \"TargetUserName\": \"guest\", \"TargetDomainName\": \"CORPSEC\", \"Status\": \"0xC0000072\", \"FailureReason\": \"The user account is disabled\", \"SubStatus\": \"0x0\", \"LogonType\": \"10\", \"LogonProcessName\": \"NtLmSsp\", \"AuthenticationPackageName\": \"NTLM\", \"WorkstationName\": \"WS-FIN-PC04\", \"IpAddress\": \"198.51.100.23\", \"IpPort\": \"50552\", \"LogonGuid\": \"{00000000-0000-0000-0000-000000000000}\"}}",
    "log_file": "/home/narenpindi/Desktop/project/enterprise-soc-lab/logs/windows/security_events.json",
    "event_type": "authentication_failure",
    "severity": "MEDIUM",
    "details": {
      "source_ip": "198.51.100.23",
      "username": "guest",
      "domain": "CORPSEC",
      "logon_type": "10",
      "failure_reason": "The user account is disabled",
      "service": "windows_logon",
      "action": "failed_login"
    },
    "event_id": "EVT-000054"
  },
  {
    "source": "windows_security",
    "timestamp": "2026-02-17T05:21:20.568317",
    "raw": "{\"EventID\": 4625, \"TimeCreated\": \"2026-02-17T05:21:20.568317Z\", \"Computer\": \"WS-FIN-PC04.corpsec.local\", \"Channel\": \"Security\", \"Provider\": \"Microsoft-Windows-Security-Auditing\", \"Level\": \"Information\", \"Task\": \"Logon\", \"Keywords\": \"Audit Failure\", \"EventData\": {\"SubjectUserSid\": \"S-1-0-0\", \"SubjectUserName\": \"-\", \"SubjectDomainName\": \"-\", \"TargetUserName\": \"administrator\", \"TargetDomainName\": \"CORPSEC\", \"Status\": \"0xC0000064\", \"FailureReason\": \"The specified user does not exist\", \"SubStatus\": \"0x0\", \"LogonType\": \"10\", \"LogonProcessName\": \"NtLmSsp\", \"AuthenticationPackageName\": \"NTLM\", \"WorkstationName\": \"WS-FIN-PC04\", \"IpAddress\": \"198.51.100.23\", \"IpPort\": \"63773\", \"LogonGuid\": \"{00000000-0000-0000-0000-000000000000}\"}}",
    "log_file": "/home/narenpindi/Desktop/project/enterprise-soc-lab/logs/windows/security_events.json",
    "event_type": "authentication_failure",
    "severity": "MEDIUM",
    "details": {
      "source_ip": "198.51.100.23",
      "username": "administrator",
      "domain": "CORPSEC",
      "logon_type": "10",
      "failure_reason": "The specified user does not exist",
      "service": "windows_logon",
      "action": "failed_login"
    },
    "event_id": "EVT-000055"
  },
  {
    "source": "windows_security",
    "timestamp": "2026-02-17T05:21:20.691540",
    "raw": "{\"EventID\": 4625, \"TimeCreated\": \"2026-02-17T05:21:20.691540Z\", \"Computer\": \"WS-FIN-PC04.corpsec.local\", \"Channel\": \"Security\", \"Provider\": \"Microsoft-Windows-Security-Auditing\", \"Level\": \"Information\", \"Task\": \"Logon\", \"Keywords\": \"Audit Failure\", \"EventData\": {\"SubjectUserSid\": \"S-1-0-0\", \"SubjectUserName\": \"-\", \"SubjectDomainName\": \"-\", \"TargetUserName\": \"admin\", \"TargetDomainName\": \"CORPSEC\", \"Status\": \"0xC0000072\", \"FailureReason\": \"The user account is disabled\", \"SubStatus\": \"0x0\", \"LogonType\": \"10\", \"LogonProcessName\": \"NtLmSsp\", \"AuthenticationPackageName\": \"NTLM\", \"WorkstationName\": \"WS-FIN-PC04\", \"IpAddress\": \"198.51.100.23\", \"IpPort\": \"48150\", \"LogonGuid\": \"{00000000-0000-0000-0000-000000000000}\"}}",
    "log_file": "/home/narenpindi/Desktop/project/enterprise-soc-lab/logs/windows/security_events.json",
    "event_type": "authentication_failure",
    "severity": "MEDIUM",
    "details": {
      "source_ip": "198.51.100.23",
      "username": "admin",
      "domain": "CORPSEC",
      "logon_type": "10",
      "failure_reason": "The user account is disabled",
      "service": "windows_logon",
      "action": "failed_login"
    },
    "event_id": "EVT-000056"
  },
  {
    "source": "windows_security",
    "timestamp": "2026-02-17T05:21:21.500190",
    "raw": "{\"EventID\": 4625, \"TimeCreated\": \"2026-02-17T05:21:21.500190Z\", \"Computer\": \"WS-FIN-PC04.corpsec.local\", \"Channel\": \"Security\", \"Provider\": \"Microsoft-Windows-Security-Auditing\", \"Level\": \"Information\", \"Task\": \"Logon\", \"Keywords\": \"Audit Failure\", \"EventData\": {\"SubjectUserSid\": \"S-1-0-0\", \"SubjectUserName\": \"-\", \"SubjectDomainName\": \"-\", \"TargetUserName\": \"user1\", \"TargetDomainName\": \"CORPSEC\", \"Status\": \"0xC0000234\", \"FailureReason\": \"The user account has been locked out\", \"SubStatus\": \"0x0\", \"LogonType\": \"10\", \"LogonProcessName\": \"NtLmSsp\", \"AuthenticationPackageName\": \"NTLM\", \"WorkstationName\": \"WS-FIN-PC04\", \"IpAddress\": \"198.51.100.23\", \"IpPort\": \"55249\", \"LogonGuid\": \"{00000000-0000-0000-0000-000000000000}\"}}",
    "log_file": "/home/narenpindi/Desktop/project/enterprise-soc-lab/logs/windows/security_events.json",
    "event_type": "authentication_failure",
    "severity": "MEDIUM",
    "details": {
      "source_ip": "198.51.100.23",
      "username": "user1",
      "domain": "CORPSEC",
      "logon_type": "10",
      "failure_reason": "The user account has been locked out",
      "service": "windows_logon",
      "action": "failed_login"
    },
    "event_id": "EVT-000057"
  },
  {
    "source": "windows_security",
    "timestamp": "2026-02-17T05:21:22.261071",
    "raw": "{\"EventID\": 4625, \"TimeCreated\": \"2026-02-17T05:21:22.261071Z\", \"Computer\": \"WS-FIN-PC04.corpsec.local\", \"Channel\": \"Security\", \"Provider\": \"Microsoft-Windows-Security-Auditing\", \"Level\": \"Information\", \"Task\": \"Logon\", \"Keywords\": \"Audit Failure\", \"EventData\": {\"SubjectUserSid\": \"S-1-0-0\", \"SubjectUserName\": \"-\", \"SubjectDomainName\": \"-\", \"TargetUserName\": \"dbadmin\", \"TargetDomainName\": \"CORPSEC\", \"Status\": \"0xC0000234\", \"FailureReason\": \"The user account has been locked out\", \"SubStatus\": \"0x0\", \"LogonType\": \"10\", \"LogonProcessName\": \"NtLmSsp\", \"AuthenticationPackageName\": \"NTLM\", \"WorkstationName\": \"WS-FIN-PC04\", \"IpAddress\": \"198.51.100.23\", \"IpPort\": \"56080\", \"LogonGuid\": \"{00000000-0000-0000-0000-000000000000}\"}}",
    "log_file": "/home/narenpindi/Desktop/project/enterprise-soc-lab/logs/windows/security_events.json",
    "event_type": "authentication_failure",
    "severity": "MEDIUM",
    "details": {
      "source_ip": "198.51.100.23",
      "username": "dbadmin",
      "domain": "CORPSEC",
      "logon_type": "10",
      "failure_reason": "The user account has been locked out",
      "service": "windows_logon",
      "action": "failed_login"
    },
    "event_id": "EVT-000058"
  },
  {
    "source": "windows_security",
    "timestamp": "2026-02-17T05:21:22.304870",
    "raw": "{\"EventID\": 4625, \"TimeCreated\": \"2026-02-17T05:21:22.304870Z\", \"Computer\": \"WS-FIN-PC04.corpsec.local\", \"Channel\": \"Security\", \"Provider\": \"Microsoft-Windows-Security-Auditing\", \"Level\": \"Information\", \"Task\": \"Logon\", \"Keywords\": \"Audit Failure\", \"EventData\": {\"SubjectUserSid\": \"S-1-0-0\", \"SubjectUserName\": \"-\", \"SubjectDomainName\": \"-\", \"TargetUserName\": \"jsmith\", \"TargetDomainName\": \"CORPSEC\", \"Status\": \"0xC000006D\", \"FailureReason\": \"Bad username or authentication information\", \"SubStatus\": \"0x0\", \"LogonType\": \"10\", \"LogonProcessName\": \"NtLmSsp\", \"AuthenticationPackageName\": \"NTLM\", \"WorkstationName\": \"WS-FIN-PC04\", \"IpAddress\": \"198.51.100.23\", \"IpPort\": \"42714\", \"LogonGuid\": \"{00000000-0000-0000-0000-000000000000}\"}}",
    "log_file": "/home/narenpindi/Desktop/project/enterprise-soc-lab/logs/windows/security_events.json",
    "event_type": "authentication_failure",
    "severity": "MEDIUM",
    "details": {
      "source_ip": "198.51.100.23",
      "username": "jsmith",
      "domain": "CORPSEC",
      "logon_type": "10",
      "failure_reason": "Bad username or authentication information",
      "service": "windows_logon",
      "action": "failed_login"
    },
    "event_id": "EVT-000059"
  },
  {
    "source": "windows_security",
    "timestamp": "2026-02-17T05:21:22.681740",
    "raw": "{\"EventID\": 4625, \"TimeCreated\": \"2026-02-17T05:21:22.681740Z\", \"Computer\": \"WS-FIN-PC04.corpsec.local\", \"Channel\": \"Security\", \"Provider\": \"Microsoft-Windows-Security-Auditing\", \"Level\": \"Information\", \"Task\": \"Logon\", \"Keywords\": \"Audit Failure\", \"EventData\": {\"SubjectUserSid\": \"S-1-0-0\", \"SubjectUserName\": \"-\", \"SubjectDomainName\": \"-\", \"TargetUserName\": \"jsmith\", \"TargetDomainName\": \"CORPSEC\", \"Status\": \"0xC000006D\", \"FailureReason\": \"Bad username or authentication information\", \"SubStatus\": \"0x0\", \"LogonType\": \"10\", \"LogonProcessName\": \"NtLmSsp\", \"AuthenticationPackageName\": \"NTLM\", \"WorkstationName\": \"WS-FIN-PC04\", \"IpAddress\": \"198.51.100.23\", \"IpPort\": \"53524\", \"LogonGuid\": \"{00000000-0000-0000-0000-000000000000}\"}}",
    "log_file": "/home/narenpindi/Desktop/project/enterprise-soc-lab/logs/windows/security_events.json",
    "event_type": "authentication_failure",
    "severity": "MEDIUM",
    "details": {
      "source_ip": "198.51.100.23",
      "username": "jsmith",
      "domain": "CORPSEC",
      "logon_type": "10",
      "failure_reason": "Bad username or authentication information",
      "service": "windows_logon",
      "action": "failed_login"
    },
    "event_id": "EVT-000060"
  },
  {
    "source": "windows_security",
    "timestamp": "2026-02-17T05:21:23.053746",
    "raw": "{\"EventID\": 4625, \"TimeCreated\": \"2026-02-17T05:21:23.053746Z\", \"Computer\": \"WS-FIN-PC04.corpsec.local\", \"Channel\": \"Security\", \"Provider\": \"Microsoft-Windows-Security-Auditing\", \"Level\": \"Information\", \"Task\": \"Logon\", \"Keywords\": \"Audit Failure\", \"EventData\": {\"SubjectUserSid\": \"S-1-0-0\", \"SubjectUserName\": \"-\", \"SubjectDomainName\": \"-\", \"TargetUserName\": \"admin\", \"TargetDomainName\": \"CORPSEC\", \"Status\": \"0xC000006A\", \"FailureReason\": \"An incorrect password was supplied\", \"SubStatus\": \"0x0\", \"LogonType\": \"10\", \"LogonProcessName\": \"NtLmSsp\", \"AuthenticationPackageName\": \"NTLM\", \"WorkstationName\": \"WS-FIN-PC04\", \"IpAddress\": \"198.51.100.23\", \"IpPort\": \"60243\", \"LogonGuid\": \"{00000000-0000-0000-0000-000000000000}\"}}",
    "log_file": "/home/narenpindi/Desktop/project/enterprise-soc-lab/logs/windows/security_events.json",
    "event_type": "authentication_failure",
    "severity": "MEDIUM",
    "details": {
      "source_ip": "198.51.100.23",
      "username": "admin",
      "domain": "CORPSEC",
      "logon_type": "10",
      "failure_reason": "An incorrect password was supplied",
      "service": "windows_logon",
      "action": "failed_login"
    },
    "event_id": "EVT-000061"
  },
  {
    "source": "windows_security",
    "timestamp": "2026-02-17T05:21:23.225955",
    "raw": "{\"EventID\": 4625, \"TimeCreated\": \"2026-02-17T05:21:23.225955Z\", \"Computer\": \"WS-FIN-PC04.corpsec.local\", \"Channel\": \"Security\", \"Provider\": \"Microsoft-Windows-Security-Auditing\", \"Level\": \"Information\", \"Task\": \"Logon\", \"Keywords\": \"Audit Failure\", \"EventData\": {\"SubjectUserSid\": \"S-1-0-0\", \"SubjectUserName\": \"-\", \"SubjectDomainName\": \"-\", \"TargetUserName\": \"admin\", \"TargetDomainName\": \"CORPSEC\", \"Status\": \"0xC0000064\", \"FailureReason\": \"The specified user does not exist\", \"SubStatus\": \"0x0\", \"LogonType\": \"10\", \"LogonProcessName\": \"NtLmSsp\", \"AuthenticationPackageName\": \"NTLM\", \"WorkstationName\": \"WS-FIN-PC04\", \"IpAddress\": \"198.51.100.23\", \"IpPort\": \"41489\", \"LogonGuid\": \"{00000000-0000-0000-0000-000000000000}\"}}",
    "log_file": "/home/narenpindi/Desktop/project/enterprise-soc-lab/logs/windows/security_events.json",
    "event_type": "authentication_failure",
    "severity": "MEDIUM",
    "details": {
      "source_ip": "198.51.100.23",
      "username": "admin",
      "domain": "CORPSEC",
      "logon_type": "10",
      "failure_reason": "The specified user does not exist",
      "service": "windows_logon",
      "action": "failed_login"
    },
    "event_id": "EVT-000062"
  },
  {
    "source": "windows_security",
    "timestamp": "2026-02-17T05:21:23.362950",
    "raw": "{\"EventID\": 4625, \"TimeCreated\": \"2026-02-17T05:21:23.362950Z\", \"Computer\": \"WS-FIN-PC04.corpsec.local\", \"Channel\": \"Security\", \"Provider\": \"Microsoft-Windows-Security-Auditing\", \"Level\": \"Information\", \"Task\": \"Logon\", \"Keywords\": \"Audit Failure\", \"EventData\": {\"SubjectUserSid\": \"S-1-0-0\", \"SubjectUserName\": \"-\", \"SubjectDomainName\": \"-\", \"TargetUserName\": \"dbadmin\", \"TargetDomainName\": \"CORPSEC\", \"Status\": \"0xC0000064\", \"FailureReason\": \"The specified user does not exist\", \"SubStatus\": \"0x0\", \"LogonType\": \"10\", \"LogonProcessName\": \"NtLmSsp\", \"AuthenticationPackageName\": \"NTLM\", \"WorkstationName\": \"WS-FIN-PC04\", \"IpAddress\": \"198.51.100.23\", \"IpPort\": \"47052\", \"LogonGuid\": \"{00000000-0000-0000-0000-000000000000}\"}}",
    "log_file": "/home/narenpindi/Desktop/project/enterprise-soc-lab/logs/windows/security_events.json",
    "event_type": "authentication_failure",
    "severity": "MEDIUM",
    "details": {
      "source_ip": "198.51.100.23",
      "username": "dbadmin",
      "domain": "CORPSEC",
      "logon_type": "10",
      "failure_reason": "The specified user does not exist",
      "service": "windows_logon",
      "action": "failed_login"
    },
    "event_id": "EVT-000063"
  },
  {
    "source": "windows_security",
    "timestamp": "2026-02-17T05:21:24.458601",
    "raw": "{\"EventID\": 4625, \"TimeCreated\": \"2026-02-17T05:21:24.458601Z\", \"Computer\": \"WS-FIN-PC04.corpsec.local\", \"Channel\": \"Security\", \"Provider\": \"Microsoft-Windows-Security-Auditing\", \"Level\": \"Information\", \"Task\": \"Logon\", \"Keywords\": \"Audit Failure\", \"EventData\": {\"SubjectUserSid\": \"S-1-0-0\", \"SubjectUserName\": \"-\", \"SubjectDomainName\": \"-\", \"TargetUserName\": \"user1\", \"TargetDomainName\": \"CORPSEC\", \"Status\": \"0xC0000234\", \"FailureReason\": \"The user account has been locked out\", \"SubStatus\": \"0x0\", \"LogonType\": \"10\", \"LogonProcessName\": \"NtLmSsp\", \"AuthenticationPackageName\": \"NTLM\", \"WorkstationName\": \"WS-FIN-PC04\", \"IpAddress\": \"198.51.100.23\", \"IpPort\": \"54640\", \"LogonGuid\": \"{00000000-0000-0000-0000-000000000000}\"}}",
    "log_file": "/home/narenpindi/Desktop/project/enterprise-soc-lab/logs/windows/security_events.json",
    "event_type": "authentication_failure",
    "severity": "MEDIUM",
    "details": {
      "source_ip": "198.51.100.23",
      "username": "user1",
      "domain": "CORPSEC",
      "logon_type": "10",
      "failure_reason": "The user account has been locked out",
      "service": "windows_logon",
      "action": "failed_login"
    },
    "event_id": "EVT-000064"
  },
  {
    "source": "windows_security",
    "timestamp": "2026-02-17T05:21:25.689410",
    "raw": "{\"EventID\": 4625, \"TimeCreated\": \"2026-02-17T05:21:25.689410Z\", \"Computer\": \"WS-FIN-PC04.corpsec.local\", \"Channel\": \"Security\", \"Provider\": \"Microsoft-Windows-Security-Auditing\", \"Level\": \"Information\", \"Task\": \"Logon\", \"Keywords\": \"Audit Failure\", \"EventData\": {\"SubjectUserSid\": \"S-1-0-0\", \"SubjectUserName\": \"-\", \"SubjectDomainName\": \"-\", \"TargetUserName\": \"administrator\", \"TargetDomainName\": \"CORPSEC\", \"Status\": \"0xC0000072\", \"FailureReason\": \"The user account is disabled\", \"SubStatus\": \"0x0\", \"LogonType\": \"10\", \"LogonProcessName\": \"NtLmSsp\", \"AuthenticationPackageName\": \"NTLM\", \"WorkstationName\": \"WS-FIN-PC04\", \"IpAddress\": \"198.51.100.23\", \"IpPort\": \"45798\", \"LogonGuid\": \"{00000000-0000-0000-0000-000000000000}\"}}",
    "log_file": "/home/narenpindi/Desktop/project/enterprise-soc-lab/logs/windows/security_events.json",
    "event_type": "authentication_failure",
    "severity": "MEDIUM",
    "details": {
      "source_ip": "198.51.100.23",
      "username": "administrator",
      "domain": "CORPSEC",
      "logon_type": "10",
      "failure_reason": "The user account is disabled",
      "service": "windows_logon",
      "action": "failed_login"
    },
    "event_id": "EVT-000065"
  },
  {
    "source": "windows_security",
    "timestamp": "2026-02-17T05:21:25.808043",
    "raw": "{\"EventID\": 4625, \"TimeCreated\": \"2026-02-17T05:21:25.808043Z\", \"Computer\": \"WS-FIN-PC04.corpsec.local\", \"Channel\": \"Security\", \"Provider\": \"Microsoft-Windows-Security-Auditing\", \"Level\": \"Information\", \"Task\": \"Logon\", \"Keywords\": \"Audit Failure\", \"EventData\": {\"SubjectUserSid\": \"S-1-0-0\", \"SubjectUserName\": \"-\", \"SubjectDomainName\": \"-\", \"TargetUserName\": \"sa\", \"TargetDomainName\": \"CORPSEC\", \"Status\": \"0xC000006A\", \"FailureReason\": \"An incorrect password was supplied\", \"SubStatus\": \"0x0\", \"LogonType\": \"10\", \"LogonProcessName\": \"NtLmSsp\", \"AuthenticationPackageName\": \"NTLM\", \"WorkstationName\": \"WS-FIN-PC04\", \"IpAddress\": \"198.51.100.23\", \"IpPort\": \"56641\", \"LogonGuid\": \"{00000000-0000-0000-0000-000000000000}\"}}",
    "log_file": "/home/narenpindi/Desktop/project/enterprise-soc-lab/logs/windows/security_events.json",
    "event_type": "authentication_failure",
    "severity": "MEDIUM",
    "details": {
      "source_ip": "198.51.100.23",
      "username": "sa",
      "domain": "CORPSEC",
      "logon_type": "10",
      "failure_reason": "An incorrect password was supplied",
      "service": "windows_logon",
      "action": "failed_login"
    },
    "event_id": "EVT-000066"
  },
  {
    "source": "windows_security",
    "timestamp": "2026-02-17T05:21:26.452036",
    "raw": "{\"EventID\": 4625, \"TimeCreated\": \"2026-02-17T05:21:26.452036Z\", \"Computer\": \"WS-FIN-PC04.corpsec.local\", \"Channel\": \"Security\", \"Provider\": \"Microsoft-Windows-Security-Auditing\", \"Level\": \"Information\", \"Task\": \"Logon\", \"Keywords\": \"Audit Failure\", \"EventData\": {\"SubjectUserSid\": \"S-1-0-0\", \"SubjectUserName\": \"-\", \"SubjectDomainName\": \"-\", \"TargetUserName\": \"sa\", \"TargetDomainName\": \"CORPSEC\", \"Status\": \"0xC0000064\", \"FailureReason\": \"The specified user does not exist\", \"SubStatus\": \"0x0\", \"LogonType\": \"10\", \"LogonProcessName\": \"NtLmSsp\", \"AuthenticationPackageName\": \"NTLM\", \"WorkstationName\": \"WS-FIN-PC04\", \"IpAddress\": \"198.51.100.23\", \"IpPort\": \"46413\", \"LogonGuid\": \"{00000000-0000-0000-0000-000000000000}\"}}",
    "log_file": "/home/narenpindi/Desktop/project/enterprise-soc-lab/logs/windows/security_events.json",
    "event_type": "authentication_failure",
    "severity": "MEDIUM",
    "details": {
      "source_ip": "198.51.100.23",
      "username": "sa",
      "domain": "CORPSEC",
      "logon_type": "10",
      "failure_reason": "The specified user does not exist",
      "service": "windows_logon",
      "action": "failed_login"
    },
    "event_id": "EVT-000067"
  },
  {
    "source": "windows_security",
    "timestamp": "2026-02-17T05:21:28.260586",
    "raw": "{\"EventID\": 4625, \"TimeCreated\": \"2026-02-17T05:21:28.260586Z\", \"Computer\": \"WS-FIN-PC04.corpsec.local\", \"Channel\": \"Security\", \"Provider\": \"Microsoft-Windows-Security-Auditing\", \"Level\": \"Information\", \"Task\": \"Logon\", \"Keywords\": \"Audit Failure\", \"EventData\": {\"SubjectUserSid\": \"S-1-0-0\", \"SubjectUserName\": \"-\", \"SubjectDomainName\": \"-\", \"TargetUserName\": \"administrator\", \"TargetDomainName\": \"CORPSEC\", \"Status\": \"0xC000006A\", \"FailureReason\": \"An incorrect password was supplied\", \"SubStatus\": \"0x0\", \"LogonType\": \"10\", \"LogonProcessName\": \"NtLmSsp\", \"AuthenticationPackageName\": \"NTLM\", \"WorkstationName\": \"WS-FIN-PC04\", \"IpAddress\": \"198.51.100.23\", \"IpPort\": \"59775\", \"LogonGuid\": \"{00000000-0000-0000-0000-000000000000}\"}}",
    "log_file": "/home/narenpindi/Desktop/project/enterprise-soc-lab/logs/windows/security_events.json",
    "event_type": "authentication_failure",
    "severity": "MEDIUM",
    "details": {
      "source_ip": "198.51.100.23",
      "username": "administrator",
      "domain": "CORPSEC",
      "logon_type": "10",
      "failure_reason": "An incorrect password was supplied",
      "service": "windows_logon",
      "action": "failed_login"
    },
    "event_id": "EVT-000068"
  },
  {
    "source": "windows_security",
    "timestamp": "2026-02-17T05:21:29.316262",
    "raw": "{\"EventID\": 4625, \"TimeCreated\": \"2026-02-17T05:21:29.316262Z\", \"Computer\": \"WS-FIN-PC04.corpsec.local\", \"Channel\": \"Security\", \"Provider\": \"Microsoft-Windows-Security-Auditing\", \"Level\": \"Information\", \"Task\": \"Logon\", \"Keywords\": \"Audit Failure\", \"EventData\": {\"SubjectUserSid\": \"S-1-0-0\", \"SubjectUserName\": \"-\", \"SubjectDomainName\": \"-\", \"TargetUserName\": \"administrator\", \"TargetDomainName\": \"CORPSEC\", \"Status\": \"0xC000006D\", \"FailureReason\": \"Bad username or authentication information\", \"SubStatus\": \"0x0\", \"LogonType\": \"10\", \"LogonProcessName\": \"NtLmSsp\", \"AuthenticationPackageName\": \"NTLM\", \"WorkstationName\": \"WS-FIN-PC04\", \"IpAddress\": \"198.51.100.23\", \"IpPort\": \"54782\", \"LogonGuid\": \"{00000000-0000-0000-0000-000000000000}\"}}",
    "log_file": "/home/narenpindi/Desktop/project/enterprise-soc-lab/logs/windows/security_events.json",
    "event_type": "authentication_failure",
    "severity": "MEDIUM",
    "details": {
      "source_ip": "198.51.100.23",
      "username": "administrator",
      "domain": "CORPSEC",
      "logon_type": "10",
      "failure_reason": "Bad username or authentication information",
      "service": "windows_logon",
      "action": "failed_login"
    },
    "event_id": "EVT-000069"
  },
  {
    "source": "windows_security",
    "timestamp": "2026-02-17T05:21:29.476615",
    "raw": "{\"EventID\": 4625, \"TimeCreated\": \"2026-02-17T05:21:29.476615Z\", \"Computer\": \"WS-FIN-PC04.corpsec.local\", \"Channel\": \"Security\", \"Provider\": \"Microsoft-Windows-Security-Auditing\", \"Level\": \"Information\", \"Task\": \"Logon\", \"Keywords\": \"Audit Failure\", \"EventData\": {\"SubjectUserSid\": \"S-1-0-0\", \"SubjectUserName\": \"-\", \"SubjectDomainName\": \"-\", \"TargetUserName\": \"dbadmin\", \"TargetDomainName\": \"CORPSEC\", \"Status\": \"0xC000006D\", \"FailureReason\": \"Bad username or authentication information\", \"SubStatus\": \"0x0\", \"LogonType\": \"10\", \"LogonProcessName\": \"NtLmSsp\", \"AuthenticationPackageName\": \"NTLM\", \"WorkstationName\": \"WS-FIN-PC04\", \"IpAddress\": \"198.51.100.23\", \"IpPort\": \"42258\", \"LogonGuid\": \"{00000000-0000-0000-0000-000000000000}\"}}",
    "log_file": "/home/narenpindi/Desktop/project/enterprise-soc-lab/logs/windows/security_events.json",
    "event_type": "authentication_failure",
    "severity": "MEDIUM",
    "details": {
      "source_ip": "198.51.100.23",
      "username": "dbadmin",
      "domain": "CORPSEC",
      "logon_type": "10",
      "failure_reason": "Bad username or authentication information",
      "service": "windows_logon",
      "action": "failed_login"
    },
    "event_id": "EVT-000070"
  },
  {
    "source": "windows_security",
    "timestamp": "2026-02-17T05:21:30.483994",
    "raw": "{\"EventID\": 4625, \"TimeCreated\": \"2026-02-17T05:21:30.483994Z\", \"Computer\": \"WS-FIN-PC04.corpsec.local\", \"Channel\": \"Security\", \"Provider\": \"Microsoft-Windows-Security-Auditing\", \"Level\": \"Information\", \"Task\": \"Logon\", \"Keywords\": \"Audit Failure\", \"EventData\": {\"SubjectUserSid\": \"S-1-0-0\", \"SubjectUserName\": \"-\", \"SubjectDomainName\": \"-\", \"TargetUserName\": \"administrator\", \"TargetDomainName\": \"CORPSEC\", \"Status\": \"0xC000006D\", \"FailureReason\": \"Bad username or authentication information\", \"SubStatus\": \"0x0\", \"LogonType\": \"10\", \"LogonProcessName\": \"NtLmSsp\", \"AuthenticationPackageName\": \"NTLM\", \"WorkstationName\": \"WS-FIN-PC04\", \"IpAddress\": \"198.51.100.23\", \"IpPort\": \"63175\", \"LogonGuid\": \"{00000000-0000-0000-0000-000000000000}\"}}",
    "log_file": "/home/narenpindi/Desktop/project/enterprise-soc-lab/logs/windows/security_events.json",
    "event_type": "authentication_failure",
    "severity": "MEDIUM",
    "details": {
      "source_ip": "198.51.100.23",
      "username": "administrator",
      "domain": "CORPSEC",
      "logon_type": "10",
      "failure_reason": "Bad username or authentication information",
      "service": "windows_logon",
      "action": "failed_login"
    },
    "event_id": "EVT-000071"
  },
  {
    "source": "windows_security",
    "timestamp": "2026-02-17T05:21:30.638539",
    "raw": "{\"EventID\": 4625, \"TimeCreated\": \"2026-02-17T05:21:30.638539Z\", \"Computer\": \"WS-FIN-PC04.corpsec.local\", \"Channel\": \"Security\", \"Provider\": \"Microsoft-Windows-Security-Auditing\", \"Level\": \"Information\", \"Task\": \"Logon\", \"Keywords\": \"Audit Failure\", \"EventData\": {\"SubjectUserSid\": \"S-1-0-0\", \"SubjectUserName\": \"-\", \"SubjectDomainName\": \"-\", \"TargetUserName\": \"sa\", \"TargetDomainName\": \"CORPSEC\", \"Status\": \"0xC0000064\", \"FailureReason\": \"The specified user does not exist\", \"SubStatus\": \"0x0\", \"LogonType\": \"10\", \"LogonProcessName\": \"NtLmSsp\", \"AuthenticationPackageName\": \"NTLM\", \"WorkstationName\": \"WS-FIN-PC04\", \"IpAddress\": \"198.51.100.23\", \"IpPort\": \"63668\", \"LogonGuid\": \"{00000000-0000-0000-0000-000000000000}\"}}",
    "log_file": "/home/narenpindi/Desktop/project/enterprise-soc-lab/logs/windows/security_events.json",
    "event_type": "authentication_failure",
    "severity": "MEDIUM",
    "details": {
      "source_ip": "198.51.100.23",
      "username": "sa",
      "domain": "CORPSEC",
      "logon_type": "10",
      "failure_reason": "The specified user does not exist",
      "service": "windows_logon",
      "action": "failed_login"
    },
    "event_id": "EVT-000072"
  },
  {
    "source": "windows_security",
    "timestamp": "2026-02-17T05:21:31.232234",
    "raw": "{\"EventID\": 4625, \"TimeCreated\": \"2026-02-17T05:21:31.232234Z\", \"Computer\": \"WS-FIN-PC04.corpsec.local\", \"Channel\": \"Security\", \"Provider\": \"Microsoft-Windows-Security-Auditing\", \"Level\": \"Information\", \"Task\": \"Logon\", \"Keywords\": \"Audit Failure\", \"EventData\": {\"SubjectUserSid\": \"S-1-0-0\", \"SubjectUserName\": \"-\", \"SubjectDomainName\": \"-\", \"TargetUserName\": \"dbadmin\", \"TargetDomainName\": \"CORPSEC\", \"Status\": \"0xC0000234\", \"FailureReason\": \"The user account has been locked out\", \"SubStatus\": \"0x0\", \"LogonType\": \"10\", \"LogonProcessName\": \"NtLmSsp\", \"AuthenticationPackageName\": \"NTLM\", \"WorkstationName\": \"WS-FIN-PC04\", \"IpAddress\": \"198.51.100.23\", \"IpPort\": \"56524\", \"LogonGuid\": \"{00000000-0000-0000-0000-000000000000}\"}}",
    "log_file": "/home/narenpindi/Desktop/project/enterprise-soc-lab/logs/windows/security_events.json",
    "event_type": "authentication_failure",
    "severity": "MEDIUM",
    "details": {
      "source_ip": "198.51.100.23",
      "username": "dbadmin",
      "domain": "CORPSEC",
      "logon_type": "10",
      "failure_reason": "The user account has been locked out",
      "service": "windows_logon",
      "action": "failed_login"
    },
    "event_id": "EVT-000073"
  },
  {
    "source": "windows_security",
    "timestamp": "2026-02-17T05:21:31.720008",
    "raw": "{\"EventID\": 4625, \"TimeCreated\": \"2026-02-17T05:21:31.720008Z\", \"Computer\": \"WS-FIN-PC04.corpsec.local\", \"Channel\": \"Security\", \"Provider\": \"Microsoft-Windows-Security-Auditing\", \"Level\": \"Information\", \"Task\": \"Logon\", \"Keywords\": \"Audit Failure\", \"EventData\": {\"SubjectUserSid\": \"S-1-0-0\", \"SubjectUserName\": \"-\", \"SubjectDomainName\": \"-\", \"TargetUserName\": \"dbadmin\", \"TargetDomainName\": \"CORPSEC\", \"Status\": \"0xC000006A\", \"FailureReason\": \"An incorrect password was supplied\", \"SubStatus\": \"0x0\", \"LogonType\": \"10\", \"LogonProcessName\": \"NtLmSsp\", \"AuthenticationPackageName\": \"NTLM\", \"WorkstationName\": \"WS-FIN-PC04\", \"IpAddress\": \"198.51.100.23\", \"IpPort\": \"63679\", \"LogonGuid\": \"{00000000-0000-0000-0000-000000000000}\"}}",
    "log_file": "/home/narenpindi/Desktop/project/enterprise-soc-lab/logs/windows/security_events.json",
    "event_type": "authentication_failure",
    "severity": "MEDIUM",
    "details": {
      "source_ip": "198.51.100.23",
      "username": "dbadmin",
      "domain": "CORPSEC",
      "logon_type": "10",
      "failure_reason": "An incorrect password was supplied",
      "service": "windows_logon",
      "action": "failed_login"
    },
    "event_id": "EVT-000074"
  },
  {
    "source": "windows_security",
    "timestamp": "2026-02-17T05:21:32.995069",
    "raw": "{\"EventID\": 4625, \"TimeCreated\": \"2026-02-17T05:21:32.995069Z\", \"Computer\": \"WS-FIN-PC04.corpsec.local\", \"Channel\": \"Security\", \"Provider\": \"Microsoft-Windows-Security-Auditing\", \"Level\": \"Information\", \"Task\": \"Logon\", \"Keywords\": \"Audit Failure\", \"EventData\": {\"SubjectUserSid\": \"S-1-0-0\", \"SubjectUserName\": \"-\", \"SubjectDomainName\": \"-\", \"TargetUserName\": \"dbadmin\", \"TargetDomainName\": \"CORPSEC\", \"Status\": \"0xC000006D\", \"FailureReason\": \"Bad username or authentication information\", \"SubStatus\": \"0x0\", \"LogonType\": \"10\", \"LogonProcessName\": \"NtLmSsp\", \"AuthenticationPackageName\": \"NTLM\", \"WorkstationName\": \"WS-FIN-PC04\", \"IpAddress\": \"198.51.100.23\", \"IpPort\": \"47614\", \"LogonGuid\": \"{00000000-0000-0000-0000-000000000000}\"}}",
    "log_file": "/home/narenpindi/Desktop/project/enterprise-soc-lab/logs/windows/security_events.json",
    "event_type": "authentication_failure",
    "severity": "MEDIUM",
    "details": {
      "source_ip": "198.51.100.23",
      "username": "dbadmin",
      "domain": "CORPSEC",
      "logon_type": "10",
      "failure_reason": "Bad username or authentication information",
      "service": "windows_logon",
      "action": "failed_login"
    },
    "event_id": "EVT-000075"
  },
  {
    "source": "windows_security",
    "timestamp": "2026-02-17T05:21:35.178314",
    "raw": "{\"EventID\": 4625, \"TimeCreated\": \"2026-02-17T05:21:35.178314Z\", \"Computer\": \"WS-FIN-PC04.corpsec.local\", \"Channel\": \"Security\", \"Provider\": \"Microsoft-Windows-Security-Auditing\", \"Level\": \"Information\", \"Task\": \"Logon\", \"Keywords\": \"Audit Failure\", \"EventData\": {\"SubjectUserSid\": \"S-1-0-0\", \"SubjectUserName\": \"-\", \"SubjectDomainName\": \"-\", \"TargetUserName\": \"jsmith\", \"TargetDomainName\": \"CORPSEC\", \"Status\": \"0xC000006D\", \"FailureReason\": \"Bad username or authentication information\", \"SubStatus\": \"0x0\", \"LogonType\": \"10\", \"LogonProcessName\": \"NtLmSsp\", \"AuthenticationPackageName\": \"NTLM\", \"WorkstationName\": \"WS-FIN-PC04\", \"IpAddress\": \"198.51.100.23\", \"IpPort\": \"62184\", \"LogonGuid\": \"{00000000-0000-0000-0000-000000000000}\"}}",
    "log_file": "/home/narenpindi/Desktop/project/enterprise-soc-lab/logs/windows/security_events.json",
    "event_type": "authentication_failure",
    "severity": "MEDIUM",
    "details": {
      "source_ip": "198.51.100.23",
      "username": "jsmith",
      "domain": "CORPSEC",
      "logon_type": "10",
      "failure_reason": "Bad username or authentication information",
      "service": "windows_logon",
      "action": "failed_login"
    },
    "event_id": "EVT-000076"
  },
  {
    "source": "windows_security",
    "timestamp": "2026-02-17T05:21:35.195753",
    "raw": "{\"EventID\": 4625, \"TimeCreated\": \"2026-02-17T05:21:35.195753Z\", \"Computer\": \"WS-FIN-PC04.corpsec.local\", \"Channel\": \"Security\", \"Provider\": \"Microsoft-Windows-Security-Auditing\", \"Level\": \"Information\", \"Task\": \"Logon\", \"Keywords\": \"Audit Failure\", \"EventData\": {\"SubjectUserSid\": \"S-1-0-0\", \"SubjectUserName\": \"-\", \"SubjectDomainName\": \"-\", \"TargetUserName\": \"jsmith\", \"TargetDomainName\": \"CORPSEC\", \"Status\": \"0xC000006D\", \"FailureReason\": \"Bad username or authentication information\", \"SubStatus\": \"0x0\", \"LogonType\": \"10\", \"LogonProcessName\": \"NtLmSsp\", \"AuthenticationPackageName\": \"NTLM\", \"WorkstationName\": \"WS-FIN-PC04\", \"IpAddress\": \"198.51.100.23\", \"IpPort\": \"64248\", \"LogonGuid\": \"{00000000-0000-0000-0000-000000000000}\"}}",
    "log_file": "/home/narenpindi/Desktop/project/enterprise-soc-lab/logs/windows/security_events.json",
    "event_type": "authentication_failure",
    "severity": "MEDIUM",
    "details": {
      "source_ip": "198.51.100.23",
      "username": "jsmith",
      "domain": "CORPSEC",
      "logon_type": "10",
      "failure_reason": "Bad username or authentication information",
      "service": "windows_logon",
      "action": "failed_login"
    },
    "event_id": "EVT-000077"
  },
  {
    "source": "windows_security",
    "timestamp": "2026-02-17T05:21:37.021815",
    "raw": "{\"EventID\": 4625, \"TimeCreated\": \"2026-02-17T05:21:37.021815Z\", \"Computer\": \"WS-FIN-PC04.corpsec.local\", \"Channel\": \"Security\", \"Provider\": \"Microsoft-Windows-Security-Auditing\", \"Level\": \"Information\", \"Task\": \"Logon\", \"Keywords\": \"Audit Failure\", \"EventData\": {\"SubjectUserSid\": \"S-1-0-0\", \"SubjectUserName\": \"-\", \"SubjectDomainName\": \"-\", \"TargetUserName\": \"user1\", \"TargetDomainName\": \"CORPSEC\", \"Status\": \"0xC000006A\", \"FailureReason\": \"An incorrect password was supplied\", \"SubStatus\": \"0x0\", \"LogonType\": \"10\", \"LogonProcessName\": \"NtLmSsp\", \"AuthenticationPackageName\": \"NTLM\", \"WorkstationName\": \"WS-FIN-PC04\", \"IpAddress\": \"198.51.100.23\", \"IpPort\": \"49909\", \"LogonGuid\": \"{00000000-0000-0000-0000-000000000000}\"}}",
    "log_file": "/home/narenpindi/Desktop/project/enterprise-soc-lab/logs/windows/security_events.json",
    "event_type": "authentication_failure",
    "severity": "MEDIUM",
    "details": {
      "source_ip": "198.51.100.23",
      "username": "user1",
      "domain": "CORPSEC",
      "logon_type": "10",
      "failure_reason": "An incorrect password was supplied",
      "service": "windows_logon",
      "action": "failed_login"
    },
    "event_id": "EVT-000078"
  },
  {
    "source": "windows_security",
    "timestamp": "2026-02-17T05:21:37.773641",
    "raw": "{\"EventID\": 4625, \"TimeCreated\": \"2026-02-17T05:21:37.773641Z\", \"Computer\": \"WS-FIN-PC04.corpsec.local\", \"Channel\": \"Security\", \"Provider\": \"Microsoft-Windows-Security-Auditing\", \"Level\": \"Information\", \"Task\": \"Logon\", \"Keywords\": \"Audit Failure\", \"EventData\": {\"SubjectUserSid\": \"S-1-0-0\", \"SubjectUserName\": \"-\", \"SubjectDomainName\": \"-\", \"TargetUserName\": \"user1\", \"TargetDomainName\": \"CORPSEC\", \"Status\": \"0xC000006D\", \"FailureReason\": \"Bad username or authentication information\", \"SubStatus\": \"0x0\", \"LogonType\": \"10\", \"LogonProcessName\": \"NtLmSsp\", \"AuthenticationPackageName\": \"NTLM\", \"WorkstationName\": \"WS-FIN-PC04\", \"IpAddress\": \"198.51.100.23\", \"IpPort\": \"55877\", \"LogonGuid\": \"{00000000-0000-0000-0000-000000000000}\"}}",
    "log_file": "/home/narenpindi/Desktop/project/enterprise-soc-lab/logs/windows/security_events.json",
    "event_type": "authentication_failure",
    "severity": "MEDIUM",
    "details": {
      "source_ip": "198.51.100.23",
      "username": "user1",
      "domain": "CORPSEC",
      "logon_type": "10",
      "failure_reason": "Bad username or authentication information",
      "service": "windows_logon",
      "action": "failed_login"
    },
    "event_id": "EVT-000079"
  },
  {
    "source": "windows_security",
    "timestamp": "2026-02-17T05:21:38.107049",
    "raw": "{\"EventID\": 4625, \"TimeCreated\": \"2026-02-17T05:21:38.107049Z\", \"Computer\": \"WS-FIN-PC04.corpsec.local\", \"Channel\": \"Security\", \"Provider\": \"Microsoft-Windows-Security-Auditing\", \"Level\": \"Information\", \"Task\": \"Logon\", \"Keywords\": \"Audit Failure\", \"EventData\": {\"SubjectUserSid\": \"S-1-0-0\", \"SubjectUserName\": \"-\", \"SubjectDomainName\": \"-\", \"TargetUserName\": \"user1\", \"TargetDomainName\": \"CORPSEC\", \"Status\": \"0xC0000072\", \"FailureReason\": \"The user account is disabled\", \"SubStatus\": \"0x0\", \"LogonType\": \"10\", \"LogonProcessName\": \"NtLmSsp\", \"AuthenticationPackageName\": \"NTLM\", \"WorkstationName\": \"WS-FIN-PC04\", \"IpAddress\": \"198.51.100.23\", \"IpPort\": \"57374\", \"LogonGuid\": \"{00000000-0000-0000-0000-000000000000}\"}}",
    "log_file": "/home/narenpindi/Desktop/project/enterprise-soc-lab/logs/windows/security_events.json",
    "event_type": "authentication_failure",
    "severity": "MEDIUM",
    "details": {
      "source_ip": "198.51.100.23",
      "username": "user1",
      "domain": "CORPSEC",
      "logon_type": "10",
      "failure_reason": "The user account is disabled",
      "service": "windows_logon",
      "action": "failed_login"
    },
    "event_id": "EVT-000080"
  },
  {
    "source": "windows_security",
    "timestamp": "2026-02-17T05:21:38.361961",
    "raw": "{\"EventID\": 4625, \"TimeCreated\": \"2026-02-17T05:21:38.361961Z\", \"Computer\": \"WS-FIN-PC04.corpsec.local\", \"Channel\": \"Security\", \"Provider\": \"Microsoft-Windows-Security-Auditing\", \"Level\": \"Information\", \"Task\": \"Logon\", \"Keywords\": \"Audit Failure\", \"EventData\": {\"SubjectUserSid\": \"S-1-0-0\", \"SubjectUserName\": \"-\", \"SubjectDomainName\": \"-\", \"TargetUserName\": \"guest\", \"TargetDomainName\": \"CORPSEC\", \"Status\": \"0xC0000064\", \"FailureReason\": \"The specified user does not exist\", \"SubStatus\": \"0x0\", \"LogonType\": \"10\", \"LogonProcessName\": \"NtLmSsp\", \"AuthenticationPackageName\": \"NTLM\", \"WorkstationName\": \"WS-FIN-PC04\", \"IpAddress\": \"198.51.100.23\", \"IpPort\": \"61881\", \"LogonGuid\": \"{00000000-0000-0000-0000-000000000000}\"}}",
    "log_file": "/home/narenpindi/Desktop/project/enterprise-soc-lab/logs/windows/security_events.json",
    "event_type": "authentication_failure",
    "severity": "MEDIUM",
    "details": {
      "source_ip": "198.51.100.23",
      "username": "guest",
      "domain": "CORPSEC",
      "logon_type": "10",
      "failure_reason": "The specified user does not exist",
      "service": "windows_logon",
      "action": "failed_login"
    },
    "event_id": "EVT-000081"
  },
  {
    "source": "windows_security",
    "timestamp": "2026-02-17T05:21:39.270788",
    "raw": "{\"EventID\": 4625, \"TimeCreated\": \"2026-02-17T05:21:39.270788Z\", \"Computer\": \"WS-FIN-PC04.corpsec.local\", \"Channel\": \"Security\", \"Provider\": \"Microsoft-Windows-Security-Auditing\", \"Level\": \"Information\", \"Task\": \"Logon\", \"Keywords\": \"Audit Failure\", \"EventData\": {\"SubjectUserSid\": \"S-1-0-0\", \"SubjectUserName\": \"-\", \"SubjectDomainName\": \"-\", \"TargetUserName\": \"svc_backup\", \"TargetDomainName\": \"CORPSEC\", \"Status\": \"0xC000006A\", \"FailureReason\": \"An incorrect password was supplied\", \"SubStatus\": \"0x0\", \"LogonType\": \"10\", \"LogonProcessName\": \"NtLmSsp\", \"AuthenticationPackageName\": \"NTLM\", \"WorkstationName\": \"WS-FIN-PC04\", \"IpAddress\": \"198.51.100.23\", \"IpPort\": \"42016\", \"LogonGuid\": \"{00000000-0000-0000-0000-000000000000}\"}}",
    "log_file": "/home/narenpindi/Desktop/project/enterprise-soc-lab/logs/windows/security_events.json",
    "event_type": "authentication_failure",
    "severity": "MEDIUM",
    "details": {
      "source_ip": "198.51.100.23",
      "username": "svc_backup",
      "domain": "CORPSEC",
      "logon_type": "10",
      "failure_reason": "An incorrect password was supplied",
      "service": "windows_logon",
      "action": "failed_login"
    },
    "event_id": "EVT-000082"
  },
  {
    "source": "windows_security",
    "timestamp": "2026-02-17T05:21:41.690078",
    "raw": "{\"EventID\": 4625, \"TimeCreated\": \"2026-02-17T05:21:41.690078Z\", \"Computer\": \"WS-FIN-PC04.corpsec.local\", \"Channel\": \"Security\", \"Provider\": \"Microsoft-Windows-Security-Auditing\", \"Level\": \"Information\", \"Task\": \"Logon\", \"Keywords\": \"Audit Failure\", \"EventData\": {\"SubjectUserSid\": \"S-1-0-0\", \"SubjectUserName\": \"-\", \"SubjectDomainName\": \"-\", \"TargetUserName\": \"user1\", \"TargetDomainName\": \"CORPSEC\", \"Status\": \"0xC000006A\", \"FailureReason\": \"An incorrect password was supplied\", \"SubStatus\": \"0x0\", \"LogonType\": \"10\", \"LogonProcessName\": \"NtLmSsp\", \"AuthenticationPackageName\": \"NTLM\", \"WorkstationName\": \"WS-FIN-PC04\", \"IpAddress\": \"198.51.100.23\", \"IpPort\": \"59195\", \"LogonGuid\": \"{00000000-0000-0000-0000-000000000000}\"}}",
    "log_file": "/home/narenpindi/Desktop/project/enterprise-soc-lab/logs/windows/security_events.json",
    "event_type": "authentication_failure",
    "severity": "MEDIUM",
    "details": {
      "source_ip": "198.51.100.23",
      "username": "user1",
      "domain": "CORPSEC",
      "logon_type": "10",
      "failure_reason": "An incorrect password was supplied",
      "service": "windows_logon",
      "action": "failed_login"
    },
    "event_id": "EVT-000083"
  },
  {
    "source": "windows_security",
    "timestamp": "2026-02-17T05:21:42.056842",
    "raw": "{\"EventID\": 4625, \"TimeCreated\": \"2026-02-17T05:21:42.056842Z\", \"Computer\": \"WS-FIN-PC04.corpsec.local\", \"Channel\": \"Security\", \"Provider\": \"Microsoft-Windows-Security-Auditing\", \"Level\": \"Information\", \"Task\": \"Logon\", \"Keywords\": \"Audit Failure\", \"EventData\": {\"SubjectUserSid\": \"S-1-0-0\", \"SubjectUserName\": \"-\", \"SubjectDomainName\": \"-\", \"TargetUserName\": \"guest\", \"TargetDomainName\": \"CORPSEC\", \"Status\": \"0xC0000234\", \"FailureReason\": \"The user account has been locked out\", \"SubStatus\": \"0x0\", \"LogonType\": \"10\", \"LogonProcessName\": \"NtLmSsp\", \"AuthenticationPackageName\": \"NTLM\", \"WorkstationName\": \"WS-FIN-PC04\", \"IpAddress\": \"198.51.100.23\", \"IpPort\": \"56528\", \"LogonGuid\": \"{00000000-0000-0000-0000-000000000000}\"}}",
    "log_file": "/home/narenpindi/Desktop/project/enterprise-soc-lab/logs/windows/security_events.json",
    "event_type": "authentication_failure",
    "severity": "MEDIUM",
    "details": {
      "source_ip": "198.51.100.23",
      "username": "guest",
      "domain": "CORPSEC",
      "logon_type": "10",
      "failure_reason": "The user account has been locked out",
      "service": "windows_logon",
      "action": "failed_login"
    },
    "event_id": "EVT-000084"
  },
  {
    "source": "windows_security",
    "timestamp": "2026-02-17T05:21:42.251149",
    "raw": "{\"EventID\": 4625, \"TimeCreated\": \"2026-02-17T05:21:42.251149Z\", \"Computer\": \"WS-FIN-PC04.corpsec.local\", \"Channel\": \"Security\", \"Provider\": \"Microsoft-Windows-Security-Auditing\", \"Level\": \"Information\", \"Task\": \"Logon\", \"Keywords\": \"Audit Failure\", \"EventData\": {\"SubjectUserSid\": \"S-1-0-0\", \"SubjectUserName\": \"-\", \"SubjectDomainName\": \"-\", \"TargetUserName\": \"guest\", \"TargetDomainName\": \"CORPSEC\", \"Status\": \"0xC0000064\", \"FailureReason\": \"The specified user does not exist\", \"SubStatus\": \"0x0\", \"LogonType\": \"10\", \"LogonProcessName\": \"NtLmSsp\", \"AuthenticationPackageName\": \"NTLM\", \"WorkstationName\": \"WS-FIN-PC04\", \"IpAddress\": \"198.51.100.23\", \"IpPort\": \"42376\", \"LogonGuid\": \"{00000000-0000-0000-0000-000000000000}\"}}",
    "log_file": "/home/narenpindi/Desktop/project/enterprise-soc-lab/logs/windows/security_events.json",
    "event_type": "authentication_failure",
    "severity": "MEDIUM",
    "details": {
      "source_ip": "198.51.100.23",
      "username": "guest",
      "domain": "CORPSEC",
      "logon_type": "10",
      "failure_reason": "The specified user does not exist",
      "service": "windows_logon",
      "action": "failed_login"
    },
    "event_id": "EVT-000085"
  },
  {
    "source": "windows_security",
    "timestamp": "2026-02-17T05:21:42.440325",
    "raw": "{\"EventID\": 4625, \"TimeCreated\": \"2026-02-17T05:21:42.440325Z\", \"Computer\": \"WS-FIN-PC04.corpsec.local\", \"Channel\": \"Security\", \"Provider\": \"Microsoft-Windows-Security-Auditing\", \"Level\": \"Information\", \"Task\": \"Logon\", \"Keywords\": \"Audit Failure\", \"EventData\": {\"SubjectUserSid\": \"S-1-0-0\", \"SubjectUserName\": \"-\", \"SubjectDomainName\": \"-\", \"TargetUserName\": \"dbadmin\", \"TargetDomainName\": \"CORPSEC\", \"Status\": \"0xC000006A\", \"FailureReason\": \"An incorrect password was supplied\", \"SubStatus\": \"0x0\", \"LogonType\": \"10\", \"LogonProcessName\": \"NtLmSsp\", \"AuthenticationPackageName\": \"NTLM\", \"WorkstationName\": \"WS-FIN-PC04\", \"IpAddress\": \"198.51.100.23\", \"IpPort\": \"50504\", \"LogonGuid\": \"{00000000-0000-0000-0000-000000000000}\"}}",
    "log_file": "/home/narenpindi/Desktop/project/enterprise-soc-lab/logs/windows/security_events.json",
    "event_type": "authentication_failure",
    "severity": "MEDIUM",
    "details": {
      "source_ip": "198.51.100.23",
      "username": "dbadmin",
      "domain": "CORPSEC",
      "logon_type": "10",
      "failure_reason": "An incorrect password was supplied",
      "service": "windows_logon",
      "action": "failed_login"
    },
    "event_id": "EVT-000086"
  },
