[
  {
    "source": "dns",
    "raw": "17-Feb-2026 00:23:00.000 queries: info: client @0x97b1 10.0.2.10#40778 (docker.com): query: docker.com IN CNAME + (10.0.0.2)",
    "log_file": "/home/narenpindi/Desktop/project/enterprise-soc-lab/logs/network/dns_queries.log",
    "line_number": 1,
    "event_type": "dns_query",
    "severity": "LOW",
    "details": {
      "query_domain": "docker.com",
      "query_type": "CNAME",
      "source_ip": "10.0.2.10",
      "action": "dns_lookup"
    },
    "timestamp": "2026-02-17T00:23:00",
    "event_id": "EVT-000001"
  },
  {
    "source": "dns",
    "raw": "17-Feb-2026 00:35:00.000 queries: info: client @0xbdb8 10.0.1.51#41711 (microsoft.com): query: microsoft.com IN A + (10.0.0.2)",
    "log_file": "/home/narenpindi/Desktop/project/enterprise-soc-lab/logs/network/dns_queries.log",
    "line_number": 2,
    "event_type": "dns_query",
    "severity": "LOW",
    "details": {
      "query_domain": "microsoft.com",
      "query_type": "A",
      "source_ip": "10.0.1.51",
      "action": "dns_lookup"
    },
    "timestamp": "2026-02-17T00:35:00",
    "event_id": "EVT-000002"
  },
  {
    "source": "windows_security",
    "timestamp": "2026-02-17T00:36:00",
    "raw": "{\"EventID\": 4688, \"TimeCreated\": \"2026-02-17T00:36:00Z\", \"Computer\": \"WS-FIN-PC04.corpsec.local\", \"Channel\": \"Security\", \"Provider\": \"Microsoft-Windows-Security-Auditing\", \"Level\": \"Information\", \"Task\": \"Process Creation\", \"Keywords\": \"Audit Success\", \"EventData\": {\"SubjectUserSid\": \"S-1-5-21-123456789-8029\", \"SubjectUserName\": \"jsmith\", \"SubjectDomainName\": \"CORPSEC\", \"NewProcessId\": \"0xb761\", \"NewProcessName\": \"C:\\\\Windows\\\\System32\\\\powershell.exe\", \"CommandLine\": \"powershell.exe -c \\\"Get-Service | Where-Object {$_.Status -eq 'Running'}\\\"\", \"ParentProcessName\": \"C:\\\\Windows\\\\System32\\\\explorer.exe\", \"TokenElevationType\": \"%%1937\", \"MandatoryLabel\": \"S-1-16-8192\"}}",
    "log_file": "/home/narenpindi/Desktop/project/enterprise-soc-lab/logs/windows/security_events.json",
    "event_type": "process_creation",
    "severity": "LOW",
    "details": {
      "username": "jsmith",
      "command_line": "powershell.exe -c \"Get-Service | Where-Object {$_.Status -eq 'Running'}\"",
      "process_name": "C:\\Windows\\System32\\powershell.exe",
      "parent_process": "C:\\Windows\\System32\\explorer.exe",
      "action": "process_created"
    },
    "event_id": "EVT-000003"
  },
  {
    "source": "aws_s3",
    "timestamp": "2026-02-17T00:52:00",
    "raw": "{\"eventVersion\": \"1.08\", \"eventSource\": \"s3.amazonaws.com\", \"eventName\": \"GetObject\", \"eventTime\": \"2026-02-17T00:52:00Z\", \"sourceIPAddress\": \"10.0.1.50\", \"userAgent\": \"aws-cli/2.15.0\", \"requestParameters\": {\"bucketName\": \"corpsec-prod-data\", \"key\": \"app/config/settings_1.json\"}, \"responseElements\": null, \"additionalEventData\": {\"bytesTransferredOut\": 41645}}",
    "log_file": "/home/narenpindi/Desktop/project/enterprise-soc-lab/logs/cloud/s3_access_events.json",
    "event_type": "s3_access",
    "severity": "LOW",
    "details": {
      "event_name": "GetObject",
      "source_ip": "10.0.1.50",
      "user_name": "unknown",
      "bucket_name": "corpsec-prod-data",
      "key": "app/config/settings_1.json",
      "bytes_transferred": 41645,
      "action": "GetObject"
    },
    "event_id": "EVT-000004"
  },
  {
    "source": "proxy",
    "raw": "2026-02-17T00:55:00 1077 10.0.1.50 TCP_200/200 49140 POST https://slack.com/api/chat.postMessage - DIRECT/13.107.42.14 Mozilla/5.0",
    "log_file": "/home/narenpindi/Desktop/project/enterprise-soc-lab/logs/network/proxy_access.log",
    "line_number": 1,
    "event_type": "web_request",
    "severity": "LOW",
    "timestamp": "2026-02-17T00:55:00",
    "details": {
      "source_ip": "10.0.1.50",
      "method": "POST",
      "url": "https://slack.com/api/chat.postMessage",
      "bytes": 49140,
      "status": "200",
      "action": "web_access"
    },
    "event_id": "EVT-000005"
  },
  {
    "source": "windows_security",
    "timestamp": "2026-02-17T00:56:00",
    "raw": "{\"EventID\": 4688, \"TimeCreated\": \"2026-02-17T00:56:00Z\", \"Computer\": \"WS-FIN-PC04.corpsec.local\", \"Channel\": \"Security\", \"Provider\": \"Microsoft-Windows-Security-Auditing\", \"Level\": \"Information\", \"Task\": \"Process Creation\", \"Keywords\": \"Audit Success\", \"EventData\": {\"SubjectUserSid\": \"S-1-5-21-123456789-4680\", \"SubjectUserName\": \"jsmith\", \"SubjectDomainName\": \"CORPSEC\", \"NewProcessId\": \"0xba71\", \"NewProcessName\": \"C:\\\\Windows\\\\System32\\\\powershell.exe\", \"CommandLine\": \"powershell.exe -c \\\"Get-Process | Sort-Object CPU -Descending | Select-Object -First 5\\\"\", \"ParentProcessName\": \"C:\\\\Windows\\\\System32\\\\explorer.exe\", \"TokenElevationType\": \"%%1937\", \"MandatoryLabel\": \"S-1-16-8192\"}}",
    "log_file": "/home/narenpindi/Desktop/project/enterprise-soc-lab/logs/windows/security_events.json",
    "event_type": "process_creation",
    "severity": "LOW",
    "details": {
      "username": "jsmith",
      "command_line": "powershell.exe -c \"Get-Process | Sort-Object CPU -Descending | Select-Object -First 5\"",
      "process_name": "C:\\Windows\\System32\\powershell.exe",
      "parent_process": "C:\\Windows\\System32\\explorer.exe",
      "action": "process_created"
    },
    "event_id": "EVT-000006"
  },
  {
    "source": "linux_auth",
    "raw": "Feb 17 01:00:00 prod-web-01 CRON[23719]: (deploy CMD (/opt/app/scripts/backup.sh))",
    "log_file": "/home/narenpindi/Desktop/project/enterprise-soc-lab/logs/linux/auth.log",
    "line_number": 470,
    "timestamp": "2026-02-17T01:00:00",
    "event_type": "scheduled_task",
    "severity": "LOW",
    "details": {
      "action": "cron_execution",
      "command": "/opt/app/scripts/backup.sh)"
    },
    "event_id": "EVT-000007"
  },
  {
    "source": "proxy",
    "raw": "2026-02-17T01:28:00 3677 10.0.2.10 TCP_200/200 4732 POST https://slack.com/api/chat.postMessage - DIRECT/13.107.42.14 Mozilla/5.0",
    "log_file": "/home/narenpindi/Desktop/project/enterprise-soc-lab/logs/network/proxy_access.log",
    "line_number": 2,
    "event_type": "web_request",
    "severity": "LOW",
    "timestamp": "2026-02-17T01:28:00",
    "details": {
      "source_ip": "10.0.2.10",
      "method": "POST",
      "url": "https://slack.com/api/chat.postMessage",
      "bytes": 4732,
      "status": "200",
      "action": "web_access"
    },
    "event_id": "EVT-000008"
  },
  {
    "source": "dns",
    "raw": "17-Feb-2026 01:31:00.000 queries: info: client @0xb405 10.0.1.51#42723 (stackoverflow.com): query: stackoverflow.com IN CNAME + (10.0.0.2)",
    "log_file": "/home/narenpindi/Desktop/project/enterprise-soc-lab/logs/network/dns_queries.log",
    "line_number": 3,
    "event_type": "dns_query",
    "severity": "LOW",
    "details": {
      "query_domain": "stackoverflow.com",
      "query_type": "CNAME",
      "source_ip": "10.0.1.51",
      "action": "dns_lookup"
    },
    "timestamp": "2026-02-17T01:31:00",
    "event_id": "EVT-000009"
  },
  {
    "source": "windows_security",
    "timestamp": "2026-02-17T01:32:00",
    "raw": "{\"EventID\": 4624, \"TimeCreated\": \"2026-02-17T01:32:00Z\", \"Computer\": \"WS-FIN-PC04.corpsec.local\", \"Channel\": \"Security\", \"Provider\": \"Microsoft-Windows-Security-Auditing\", \"Level\": \"Information\", \"Task\": \"Logon\", \"Keywords\": \"Audit Success\", \"EventData\": {\"SubjectUserSid\": \"S-1-5-18\", \"SubjectUserName\": \"WS-FIN-PC04$\", \"SubjectDomainName\": \"CORPSEC\", \"TargetUserSid\": \"S-1-5-21-3328001-7512\", \"TargetUserName\": \"administrator\", \"TargetDomainName\": \"CORPSEC\", \"LogonType\": \"10\", \"LogonProcessName\": \"NtLmSsp\", \"AuthenticationPackageName\": \"NTLM\", \"WorkstationName\": \"WS-FIN-PC04\", \"LogonGuid\": \"{a6c82648-3df2-4b83-b5a7-ca96937f7c67}\", \"IpAddress\": \"10.0.1.100\", \"IpPort\": \"47908\", \"ElevatedToken\": \"%%1842\"}}",
    "log_file": "/home/narenpindi/Desktop/project/enterprise-soc-lab/logs/windows/security_events.json",
    "event_type": "authentication_success",
    "severity": "INFO",
    "details": {
      "source_ip": "10.0.1.100",
      "username": "administrator",
      "domain": "CORPSEC",
      "logon_type": "10",
      "service": "windows_logon",
      "action": "successful_login"
    },
    "event_id": "EVT-000010"
  },
  {
    "source": "linux_auth",
    "raw": "Feb 17 01:39:00 prod-web-01 sudo: deploy : TTY=pts/0 ; PWD=/home/deploy ; USER=root ; COMMAND=/usr/bin/apt update",
    "log_file": "/home/narenpindi/Desktop/project/enterprise-soc-lab/logs/linux/auth.log",
    "line_number": 448,
    "timestamp": "2026-02-17T01:39:00",
    "event_type": "privilege_escalation",
    "severity": "MEDIUM",
    "details": {
      "username": "deploy",
      "command": "/usr/bin/apt update",
      "action": "sudo_executed",
      "unauthorized": false
    },
    "event_id": "EVT-000011"
  },
  {
    "source": "proxy",
    "raw": "2026-02-17T01:46:00 3096 10.0.1.50 TCP_200/200 6205 GET https://registry.npmjs.org/express - DIRECT/13.107.42.14 Mozilla/5.0",
    "log_file": "/home/narenpindi/Desktop/project/enterprise-soc-lab/logs/network/proxy_access.log",
    "line_number": 3,
    "event_type": "web_request",
    "severity": "LOW",
    "timestamp": "2026-02-17T01:46:00",
    "details": {
      "source_ip": "10.0.1.50",
      "method": "GET",
      "url": "https://registry.npmjs.org/express",
      "bytes": 6205,
      "status": "200",
      "action": "web_access"
    },
    "event_id": "EVT-000012"
  },
  {
    "source": "linux_auth",
    "raw": "Feb 17 02:00:00 prod-web-01 sudo: deploy : TTY=pts/0 ; PWD=/home/deploy ; USER=root ; COMMAND=/usr/bin/journalctl -u nginx",
    "log_file": "/home/narenpindi/Desktop/project/enterprise-soc-lab/logs/linux/auth.log",
    "line_number": 449,
    "timestamp": "2026-02-17T02:00:00",
    "event_type": "privilege_escalation",
    "severity": "MEDIUM",
    "details": {
      "username": "deploy",
      "command": "/usr/bin/journalctl -u nginx",
      "action": "sudo_executed",
      "unauthorized": false
    },
    "event_id": "EVT-000013"
  },
  {
    "source": "windows_security",
    "timestamp": "2026-02-17T02:03:00",
    "raw": "{\"EventID\": 4688, \"TimeCreated\": \"2026-02-17T02:03:00Z\", \"Computer\": \"WS-FIN-PC04.corpsec.local\", \"Channel\": \"Security\", \"Provider\": \"Microsoft-Windows-Security-Auditing\", \"Level\": \"Information\", \"Task\": \"Process Creation\", \"Keywords\": \"Audit Success\", \"EventData\": {\"SubjectUserSid\": \"S-1-5-21-123456789-4366\", \"SubjectUserName\": \"jsmith\", \"SubjectDomainName\": \"CORPSEC\", \"NewProcessId\": \"0x756\", \"NewProcessName\": \"C:\\\\Windows\\\\System32\\\\powershell.exe\", \"CommandLine\": \"powershell.exe -c \\\"Get-Service | Where-Object {$_.Status -eq 'Running'}\\\"\", \"ParentProcessName\": \"C:\\\\Windows\\\\System32\\\\explorer.exe\", \"TokenElevationType\": \"%%1937\", \"MandatoryLabel\": \"S-1-16-8192\"}}",
    "log_file": "/home/narenpindi/Desktop/project/enterprise-soc-lab/logs/windows/security_events.json",
    "event_type": "process_creation",
    "severity": "LOW",
    "details": {
      "username": "jsmith",
      "command_line": "powershell.exe -c \"Get-Service | Where-Object {$_.Status -eq 'Running'}\"",
      "process_name": "C:\\Windows\\System32\\powershell.exe",
      "parent_process": "C:\\Windows\\System32\\explorer.exe",
      "action": "process_created"
    },
    "event_id": "EVT-000014"
  },
  {
    "source": "dns",
    "raw": "17-Feb-2026 02:14:00.000 queries: info: client @0xb43c 10.0.1.51#61810 (pypi.org): query: pypi.org IN A + (10.0.0.2)",
    "log_file": "/home/narenpindi/Desktop/project/enterprise-soc-lab/logs/network/dns_queries.log",
    "line_number": 4,
    "event_type": "dns_query",
    "severity": "LOW",
    "details": {
      "query_domain": "pypi.org",
      "query_type": "A",
      "source_ip": "10.0.1.51",
      "action": "dns_lookup"
    },
    "timestamp": "2026-02-17T02:14:00",
    "event_id": "EVT-000015"
  },
  {
    "source": "proxy",
    "raw": "2026-02-17T02:33:00 2710 10.0.2.10 TCP_200/200 39032 POST https://slack.com/api/chat.postMessage - DIRECT/185.199.108.133 Mozilla/5.0",
    "log_file": "/home/narenpindi/Desktop/project/enterprise-soc-lab/logs/network/proxy_access.log",
    "line_number": 4,
    "event_type": "web_request",
    "severity": "LOW",
    "timestamp": "2026-02-17T02:33:00",
    "details": {
      "source_ip": "10.0.2.10",
      "method": "POST",
      "url": "https://slack.com/api/chat.postMessage",
      "bytes": 39032,
      "status": "200",
      "action": "web_access"
    },
    "event_id": "EVT-000016"
  },
  {
    "source": "dns",
    "raw": "17-Feb-2026 02:36:00.000 queries: info: client @0x7232 10.0.2.10#43367 (pypi.org): query: pypi.org IN AAAA + (10.0.0.2)",
    "log_file": "/home/narenpindi/Desktop/project/enterprise-soc-lab/logs/network/dns_queries.log",
    "line_number": 5,
    "event_type": "dns_query",
    "severity": "LOW",
    "details": {
      "query_domain": "pypi.org",
      "query_type": "AAAA",
      "source_ip": "10.0.2.10",
      "action": "dns_lookup"
    },
    "timestamp": "2026-02-17T02:36:00",
    "event_id": "EVT-000017"
  },
  {
    "source": "aws_cloudtrail",
    "timestamp": "2026-02-17T02:40:00",
    "raw": "{\"eventVersion\": \"1.08\", \"userIdentity\": {\"type\": \"IAMUser\", \"principalId\": \"AIDAEXAMPLE17018\", \"arn\": \"arn:aws:iam::123456789012:user/dev-ops-svc\", \"accountId\": \"123456789012\", \"accessKeyId\": \"AKIAIOSFODNN7EXAMPLE\", \"userName\": \"dev-ops-svc\"}, \"eventTime\": \"2026-02-17T02:40:00Z\", \"eventSource\": \"ec2.amazonaws.com\", \"eventName\": \"DescribeSecurityGroups\", \"awsRegion\": \"us-east-1\", \"sourceIPAddress\": \"10.0.1.50\", \"userAgent\": \"aws-cli/2.15.0 Python/3.11.6 Linux/5.15.0-91-generic\", \"requestParameters\": {}, \"responseElements\": {\"_return\": true}, \"requestID\": \"aa5eaed2-9cfa-413b-b57a-2f3f213d87d8\", \"eventID\": \"e4c422f2-f752-466e-8079-e11e2a9e8050\", \"readOnly\": true, \"eventType\": \"AwsApiCall\", \"managementEvent\": true, \"recipientAccountId\": \"123456789012\"}",
    "log_file": "/home/narenpindi/Desktop/project/enterprise-soc-lab/logs/cloud/cloudtrail_events.json",
    "event_type": "cloud_api_call",
    "severity": "LOW",
    "details": {
      "event_name": "DescribeSecurityGroups",
      "event_source": "ec2.amazonaws.com",
      "source_ip": "10.0.1.50",
      "user_name": "dev-ops-svc",
      "region": "us-east-1",
      "access_key": "AKIAIOSFODNN7EXAMPLE",
      "request_params": {},
      "error_code": null,
      "action": "DescribeSecurityGroups"
    },
    "event_id": "EVT-000018"
  },
  {
    "source": "linux_auth",
    "raw": "Feb 17 02:41:00 prod-web-01 sudo: deploy : TTY=pts/0 ; PWD=/home/deploy ; USER=root ; COMMAND=/usr/bin/journalctl -u nginx",
    "log_file": "/home/narenpindi/Desktop/project/enterprise-soc-lab/logs/linux/auth.log",
    "line_number": 450,
    "timestamp": "2026-02-17T02:41:00",
    "event_type": "privilege_escalation",
    "severity": "MEDIUM",
    "details": {
      "username": "deploy",
      "command": "/usr/bin/journalctl -u nginx",
      "action": "sudo_executed",
      "unauthorized": false
    },
    "event_id": "EVT-000019"
  },
  {
    "source": "dns",
    "raw": "17-Feb-2026 02:49:00.000 queries: info: client @0x3ad9 10.0.1.51#54831 (slack.com): query: slack.com IN A + (10.0.0.2)",
    "log_file": "/home/narenpindi/Desktop/project/enterprise-soc-lab/logs/network/dns_queries.log",
    "line_number": 6,
    "event_type": "dns_query",
    "severity": "LOW",
    "details": {
      "query_domain": "slack.com",
      "query_type": "A",
      "source_ip": "10.0.1.51",
      "action": "dns_lookup"
    },
    "timestamp": "2026-02-17T02:49:00",
    "event_id": "EVT-000020"
  },
  {
    "source": "dns",
    "raw": "17-Feb-2026 03:09:00.000 queries: info: client @0xf685 10.0.2.10#41089 (docker.com): query: docker.com IN AAAA + (10.0.0.2)",
    "log_file": "/home/narenpindi/Desktop/project/enterprise-soc-lab/logs/network/dns_queries.log",
    "line_number": 7,
    "event_type": "dns_query",
    "severity": "LOW",
    "details": {
      "query_domain": "docker.com",
      "query_type": "AAAA",
      "source_ip": "10.0.2.10",
      "action": "dns_lookup"
    },
    "timestamp": "2026-02-17T03:09:00",
    "event_id": "EVT-000021"
  },
  {
    "source": "windows_security",
    "timestamp": "2026-02-17T03:14:00",
    "raw": "{\"EventID\": 4688, \"TimeCreated\": \"2026-02-17T03:14:00Z\", \"Computer\": \"WS-FIN-PC04.corpsec.local\", \"Channel\": \"Security\", \"Provider\": \"Microsoft-Windows-Security-Auditing\", \"Level\": \"Information\", \"Task\": \"Process Creation\", \"Keywords\": \"Audit Success\", \"EventData\": {\"SubjectUserSid\": \"S-1-5-21-123456789-3121\", \"SubjectUserName\": \"jsmith\", \"SubjectDomainName\": \"CORPSEC\", \"NewProcessId\": \"0x8580\", \"NewProcessName\": \"C:\\\\Windows\\\\System32\\\\powershell.exe\", \"CommandLine\": \"powershell.exe -c \\\"Get-Service | Where-Object {$_.Status -eq 'Running'}\\\"\", \"ParentProcessName\": \"C:\\\\Windows\\\\System32\\\\explorer.exe\", \"TokenElevationType\": \"%%1937\", \"MandatoryLabel\": \"S-1-16-8192\"}}",
    "log_file": "/home/narenpindi/Desktop/project/enterprise-soc-lab/logs/windows/security_events.json",
    "event_type": "process_creation",
    "severity": "LOW",
    "details": {
      "username": "jsmith",
      "command_line": "powershell.exe -c \"Get-Service | Where-Object {$_.Status -eq 'Running'}\"",
      "process_name": "C:\\Windows\\System32\\powershell.exe",
      "parent_process": "C:\\Windows\\System32\\explorer.exe",
      "action": "process_created"
    },
    "event_id": "EVT-000022"
  },
  {
    "source": "proxy",
    "raw": "2026-02-17T03:35:00 462 10.0.1.51 TCP_200/200 47938 GET https://pypi.org/simple/requests/ - DIRECT/13.107.42.14 Mozilla/5.0",
    "log_file": "/home/narenpindi/Desktop/project/enterprise-soc-lab/logs/network/proxy_access.log",
    "line_number": 5,
    "event_type": "web_request",
    "severity": "LOW",
    "timestamp": "2026-02-17T03:35:00",
    "details": {
      "source_ip": "10.0.1.51",
      "method": "GET",
      "url": "https://pypi.org/simple/requests/",
      "bytes": 47938,
      "status": "200",
      "action": "web_access"
    },
    "event_id": "EVT-000023"
  },
  {
    "source": "proxy",
    "raw": "2026-02-17T03:43:00 2545 10.0.1.50 TCP_200/200 23033 GET http://github.com/api/v3/repos - DIRECT/185.199.108.133 Mozilla/5.0",
    "log_file": "/home/narenpindi/Desktop/project/enterprise-soc-lab/logs/network/proxy_access.log",
    "line_number": 6,
    "event_type": "web_request",
    "severity": "LOW",
    "timestamp": "2026-02-17T03:43:00",
    "details": {
      "source_ip": "10.0.1.50",
      "method": "GET",
      "url": "http://github.com/api/v3/repos",
      "bytes": 23033,
      "status": "200",
      "action": "web_access"
    },
    "event_id": "EVT-000024"
  },
  {
    "source": "dns",
    "raw": "17-Feb-2026 03:52:00.000 queries: info: client @0x8ce8 10.0.1.50#60103 (google.com): query: google.com IN CNAME + (10.0.0.2)",
    "log_file": "/home/narenpindi/Desktop/project/enterprise-soc-lab/logs/network/dns_queries.log",
    "line_number": 8,
    "event_type": "dns_query",
    "severity": "LOW",
    "details": {
      "query_domain": "google.com",
      "query_type": "CNAME",
      "source_ip": "10.0.1.50",
      "action": "dns_lookup"
    },
    "timestamp": "2026-02-17T03:52:00",
    "event_id": "EVT-000025"
  },
  {
    "source": "dns",
    "raw": "17-Feb-2026 03:58:00.000 queries: info: client @0xd7a2 10.0.2.10#58219 (github.com): query: github.com IN A + (10.0.0.2)",
    "log_file": "/home/narenpindi/Desktop/project/enterprise-soc-lab/logs/network/dns_queries.log",
    "line_number": 9,
    "event_type": "dns_query",
    "severity": "LOW",
    "details": {
      "query_domain": "github.com",
      "query_type": "A",
      "source_ip": "10.0.2.10",
      "action": "dns_lookup"
    },
    "timestamp": "2026-02-17T03:58:00",
    "event_id": "EVT-000026"
  },
  {
    "source": "linux_auth",
    "raw": "Feb 17 04:00:00 prod-web-01 CRON[27969]: (root CMD (/usr/bin/certbot renew --quiet))",
    "log_file": "/home/narenpindi/Desktop/project/enterprise-soc-lab/logs/linux/auth.log",
    "line_number": 471,
    "timestamp": "2026-02-17T04:00:00",
    "event_type": "scheduled_task",
    "severity": "LOW",
    "details": {
      "action": "cron_execution",
      "command": "/usr/bin/certbot renew --quiet)"
    },
    "event_id": "EVT-000027"
  },
  {
    "source": "linux_auth",
    "raw": "Feb 17 04:11:00 prod-web-01 sudo: deploy : TTY=pts/0 ; PWD=/home/deploy ; USER=root ; COMMAND=/usr/bin/journalctl -u nginx",
    "log_file": "/home/narenpindi/Desktop/project/enterprise-soc-lab/logs/linux/auth.log",
    "line_number": 451,
    "timestamp": "2026-02-17T04:11:00",
    "event_type": "privilege_escalation",
    "severity": "MEDIUM",
    "details": {
      "username": "deploy",
      "command": "/usr/bin/journalctl -u nginx",
      "action": "sudo_executed",
      "unauthorized": false
    },
    "event_id": "EVT-000028"
  },
  {
    "source": "dns",
    "raw": "17-Feb-2026 04:35:00.000 queries: info: client @0xa9ce 10.0.2.10#51024 (ubuntu.com): query: ubuntu.com IN AAAA + (10.0.0.2)",
    "log_file": "/home/narenpindi/Desktop/project/enterprise-soc-lab/logs/network/dns_queries.log",
    "line_number": 10,
    "event_type": "dns_query",
    "severity": "LOW",
    "details": {
      "query_domain": "ubuntu.com",
      "query_type": "AAAA",
      "source_ip": "10.0.2.10",
      "action": "dns_lookup"
    },
    "timestamp": "2026-02-17T04:35:00",
    "event_id": "EVT-000029"
  },
  {
    "source": "proxy",
    "raw": "2026-02-17T04:39:00 4770 10.0.1.50 TCP_200/200 41113 GET https://docs.python.org/3/library - DIRECT/13.107.42.14 Mozilla/5.0",
    "log_file": "/home/narenpindi/Desktop/project/enterprise-soc-lab/logs/network/proxy_access.log",
    "line_number": 7,
    "event_type": "web_request",
    "severity": "LOW",
    "timestamp": "2026-02-17T04:39:00",
    "details": {
      "source_ip": "10.0.1.50",
      "method": "GET",
      "url": "https://docs.python.org/3/library",
      "bytes": 41113,
      "status": "200",
      "action": "web_access"
    },
    "event_id": "EVT-000030"
  },
  {
    "source": "linux_auth",
    "raw": "Feb 17 04:41:00 prod-web-01 sshd[15955]: Accepted password for deploy from 172.16.0.5 port 46015 ssh2",
    "log_file": "/home/narenpindi/Desktop/project/enterprise-soc-lab/logs/linux/auth.log",
    "line_number": 1,
    "timestamp": "2026-02-17T04:41:00",
    "event_type": "authentication_success",
    "severity": "INFO",
    "details": {
      "source_ip": "172.16.0.5",
      "username": "deploy",
      "service": "sshd",
      "action": "successful_login"
    },
    "event_id": "EVT-000031"
  },
  {
    "source": "linux_auth",
    "raw": "Feb 17 04:41:01 prod-web-01 sshd[15955]: pam_unix(sshd:session): session opened for user deploy(uid=1001) by (uid=0)",
    "log_file": "/home/narenpindi/Desktop/project/enterprise-soc-lab/logs/linux/auth.log",
    "line_number": 2,
    "timestamp": "2026-02-17T04:41:01",
    "event_type": "other",
    "severity": "LOW",
    "details": {
      "message": "Feb 17 04:41:01 prod-web-01 sshd[15955]: pam_unix(sshd:session): session opened for user deploy(uid=1001) by (uid=0)"
    },
    "event_id": "EVT-000032"
  },
  {
    "source": "dns",
    "raw": "17-Feb-2026 04:52:00.000 queries: info: client @0xf116 10.0.2.10#63007 (npmjs.org): query: npmjs.org IN CNAME + (10.0.0.2)",
    "log_file": "/home/narenpindi/Desktop/project/enterprise-soc-lab/logs/network/dns_queries.log",
    "line_number": 11,
    "event_type": "dns_query",
    "severity": "LOW",
    "details": {
      "query_domain": "npmjs.org",
      "query_type": "CNAME",
      "source_ip": "10.0.2.10",
      "action": "dns_lookup"
    },
    "timestamp": "2026-02-17T04:52:00",
    "event_id": "EVT-000033"
  },
  {
    "source": "aws_s3",
    "timestamp": "2026-02-17T05:18:00",
    "raw": "{\"eventVersion\": \"1.08\", \"eventSource\": \"s3.amazonaws.com\", \"eventName\": \"GetObject\", \"eventTime\": \"2026-02-17T05:18:00Z\", \"sourceIPAddress\": \"10.0.1.50\", \"userAgent\": \"aws-cli/2.15.0\", \"requestParameters\": {\"bucketName\": \"corpsec-prod-data\", \"key\": \"app/config/settings_2.json\"}, \"responseElements\": null, \"additionalEventData\": {\"bytesTransferredOut\": 4454}}",
    "log_file": "/home/narenpindi/Desktop/project/enterprise-soc-lab/logs/cloud/s3_access_events.json",
    "event_type": "s3_access",
    "severity": "LOW",
    "details": {
      "event_name": "GetObject",
      "source_ip": "10.0.1.50",
      "user_name": "unknown",
      "bucket_name": "corpsec-prod-data",
      "key": "app/config/settings_2.json",
      "bytes_transferred": 4454,
      "action": "GetObject"
    },
    "event_id": "EVT-000034"
  },
  {
    "source": "windows_security",
    "timestamp": "2026-02-17T05:21:00",
    "raw": "{\"EventID\": 4625, \"TimeCreated\": \"2026-02-17T05:21:00Z\", \"Computer\": \"WS-FIN-PC04.corpsec.local\", \"Channel\": \"Security\", \"Provider\": \"Microsoft-Windows-Security-Auditing\", \"Level\": \"Information\", \"Task\": \"Logon\", \"Keywords\": \"Audit Failure\", \"EventData\": {\"SubjectUserSid\": \"S-1-0-0\", \"SubjectUserName\": \"-\", \"SubjectDomainName\": \"-\", \"TargetUserName\": \"admin\", \"TargetDomainName\": \"CORPSEC\", \"Status\": \"0xC000006D\", \"FailureReason\": \"Bad username or authentication information\", \"SubStatus\": \"0x0\", \"LogonType\": \"10\", \"LogonProcessName\": \"NtLmSsp\", \"AuthenticationPackageName\": \"NTLM\", \"WorkstationName\": \"WS-FIN-PC04\", \"IpAddress\": \"198.51.100.23\", \"IpPort\": \"44917\", \"LogonGuid\": \"{00000000-0000-0000-0000-000000000000}\"}}",
    "log_file": "/home/narenpindi/Desktop/project/enterprise-soc-lab/logs/windows/security_events.json",
    "event_type": "authentication_failure",
    "severity": "MEDIUM",
    "details": {
      "source_ip": "198.51.100.23",
      "username": "admin",
      "domain": "CORPSEC",
      "logon_type": "10",
      "failure_reason": "Bad username or authentication information",
      "service": "windows_logon",
      "action": "failed_login"
    },
    "event_id": "EVT-000035"
  },
  {
    "source": "windows_security",
    "timestamp": "2026-02-17T05:21:01.510117",
    "raw": "{\"EventID\": 4625, \"TimeCreated\": \"2026-02-17T05:21:01.510117Z\", \"Computer\": \"WS-FIN-PC04.corpsec.local\", \"Channel\": \"Security\", \"Provider\": \"Microsoft-Windows-Security-Auditing\", \"Level\": \"Information\", \"Task\": \"Logon\", \"Keywords\": \"Audit Failure\", \"EventData\": {\"SubjectUserSid\": \"S-1-0-0\", \"SubjectUserName\": \"-\", \"SubjectDomainName\": \"-\", \"TargetUserName\": \"jsmith\", \"TargetDomainName\": \"CORPSEC\", \"Status\": \"0xC0000064\", \"FailureReason\": \"The specified user does not exist\", \"SubStatus\": \"0x0\", \"LogonType\": \"10\", \"LogonProcessName\": \"NtLmSsp\", \"AuthenticationPackageName\": \"NTLM\", \"WorkstationName\": \"WS-FIN-PC04\", \"IpAddress\": \"198.51.100.23\", \"IpPort\": \"58193\", \"LogonGuid\": \"{00000000-0000-0000-0000-000000000000}\"}}",
    "log_file": "/home/narenpindi/Desktop/project/enterprise-soc-lab/logs/windows/security_events.json",
    "event_type": "authentication_failure",
    "severity": "MEDIUM",
    "details": {
      "source_ip": "198.51.100.23",
      "username": "jsmith",
      "domain": "CORPSEC",
      "logon_type": "10",
      "failure_reason": "The specified user does not exist",
      "service": "windows_logon",
      "action": "failed_login"
    },
    "event_id": "EVT-000036"
  },
  {
    "source": "windows_security",
    "timestamp": "2026-02-17T05:21:03.031580",
    "raw": "{\"EventID\": 4625, \"TimeCreated\": \"2026-02-17T05:21:03.031580Z\", \"Computer\": \"WS-FIN-PC04.corpsec.local\", \"Channel\": \"Security\", \"Provider\": \"Microsoft-Windows-Security-Auditing\", \"Level\": \"Information\", \"Task\": \"Logon\", \"Keywords\": \"Audit Failure\", \"EventData\": {\"SubjectUserSid\": \"S-1-0-0\", \"SubjectUserName\": \"-\", \"SubjectDomainName\": \"-\", \"TargetUserName\": \"administrator\", \"TargetDomainName\": \"CORPSEC\", \"Status\": \"0xC0000234\", \"FailureReason\": \"The user account has been locked out\", \"SubStatus\": \"0x0\", \"LogonType\": \"10\", \"LogonProcessName\": \"NtLmSsp\", \"AuthenticationPackageName\": \"NTLM\", \"WorkstationName\": \"WS-FIN-PC04\", \"IpAddress\": \"198.51.100.23\", \"IpPort\": \"50698\", \"LogonGuid\": \"{00000000-0000-0000-0000-000000000000}\"}}",
    "log_file": "/home/narenpindi/Desktop/project/enterprise-soc-lab/logs/windows/security_events.json",
    "event_type": "authentication_failure",
    "severity": "MEDIUM",
    "details": {
      "source_ip": "198.51.100.23",
      "username": "administrator",
      "domain": "CORPSEC",
      "logon_type": "10",
      "failure_reason": "The user account has been locked out",
      "service": "windows_logon",
      "action": "failed_login"
    },
    "event_id": "EVT-000037"
  },
  {
    "source": "windows_security",
    "timestamp": "2026-02-17T05:21:04.000452",
    "raw": "{\"EventID\": 4625, \"TimeCreated\": \"2026-02-17T05:21:04.000452Z\", \"Computer\": \"WS-FIN-PC04.corpsec.local\", \"Channel\": \"Security\", \"Provider\": \"Microsoft-Windows-Security-Auditing\", \"Level\": \"Information\", \"Task\": \"Logon\", \"Keywords\": \"Audit Failure\", \"EventData\": {\"SubjectUserSid\": \"S-1-0-0\", \"SubjectUserName\": \"-\", \"SubjectDomainName\": \"-\", \"TargetUserName\": \"administrator\", \"TargetDomainName\": \"CORPSEC\", \"Status\": \"0xC000006D\", \"FailureReason\": \"Bad username or authentication information\", \"SubStatus\": \"0x0\", \"LogonType\": \"10\", \"LogonProcessName\": \"NtLmSsp\", \"AuthenticationPackageName\": \"NTLM\", \"WorkstationName\": \"WS-FIN-PC04\", \"IpAddress\": \"198.51.100.23\", \"IpPort\": \"47371\", \"LogonGuid\": \"{00000000-0000-0000-0000-000000000000}\"}}",
    "log_file": "/home/narenpindi/Desktop/project/enterprise-soc-lab/logs/windows/security_events.json",
    "event_type": "authentication_failure",
    "severity": "MEDIUM",
    "details": {
      "source_ip": "198.51.100.23",
      "username": "administrator",
      "domain": "CORPSEC",
      "logon_type": "10",
      "failure_reason": "Bad username or authentication information",
      "service": "windows_logon",
      "action": "failed_login"
    },
    "event_id": "EVT-000038"
  },
  {
    "source": "windows_security",
    "timestamp": "2026-02-17T05:21:04.213473",
    "raw": "{\"EventID\": 4625, \"TimeCreated\": \"2026-02-17T05:21:04.213473Z\", \"Computer\": \"WS-FIN-PC04.corpsec.local\", \"Channel\": \"Security\", \"Provider\": \"Microsoft-Windows-Security-Auditing\", \"Level\": \"Information\", \"Task\": \"Logon\", \"Keywords\": \"Audit Failure\", \"EventData\": {\"SubjectUserSid\": \"S-1-0-0\", \"SubjectUserName\": \"-\", \"SubjectDomainName\": \"-\", \"TargetUserName\": \"user1\", \"TargetDomainName\": \"CORPSEC\", \"Status\": \"0xC0000234\", \"FailureReason\": \"The user account has been locked out\", \"SubStatus\": \"0x0\", \"LogonType\": \"10\", \"LogonProcessName\": \"NtLmSsp\", \"AuthenticationPackageName\": \"NTLM\", \"WorkstationName\": \"WS-FIN-PC04\", \"IpAddress\": \"198.51.100.23\", \"IpPort\": \"48879\", \"LogonGuid\": \"{00000000-0000-0000-0000-000000000000}\"}}",
    "log_file": "/home/narenpindi/Desktop/project/enterprise-soc-lab/logs/windows/security_events.json",
    "event_type": "authentication_failure",
    "severity": "MEDIUM",
    "details": {
      "source_ip": "198.51.100.23",
      "username": "user1",
      "domain": "CORPSEC",
      "logon_type": "10",
      "failure_reason": "The user account has been locked out",
      "service": "windows_logon",
      "action": "failed_login"
    },
    "event_id": "EVT-000039"
  },
  {
    "source": "windows_security",
    "timestamp": "2026-02-17T05:21:06.478020",
    "raw": "{\"EventID\": 4625, \"TimeCreated\": \"2026-02-17T05:21:06.478020Z\", \"Computer\": \"WS-FIN-PC04.corpsec.local\", \"Channel\": \"Security\", \"Provider\": \"Microsoft-Windows-Security-Auditing\", \"Level\": \"Information\", \"Task\": \"Logon\", \"Keywords\": \"Audit Failure\", \"EventData\": {\"SubjectUserSid\": \"S-1-0-0\", \"SubjectUserName\": \"-\", \"SubjectDomainName\": \"-\", \"TargetUserName\": \"admin\", \"TargetDomainName\": \"CORPSEC\", \"Status\": \"0xC0000064\", \"FailureReason\": \"The specified user does not exist\", \"SubStatus\": \"0x0\", \"LogonType\": \"10\", \"LogonProcessName\": \"NtLmSsp\", \"AuthenticationPackageName\": \"NTLM\", \"WorkstationName\": \"WS-FIN-PC04\", \"IpAddress\": \"198.51.100.23\", \"IpPort\": \"53111\", \"LogonGuid\": \"{00000000-0000-0000-0000-000000000000}\"}}",
    "log_file": "/home/narenpindi/Desktop/project/enterprise-soc-lab/logs/windows/security_events.json",
    "event_type": "authentication_failure",
    "severity": "MEDIUM",
    "details": {
      "source_ip": "198.51.100.23",
      "username": "admin",
      "domain": "CORPSEC",
      "logon_type": "10",
      "failure_reason": "The specified user does not exist",
      "service": "windows_logon",
      "action": "failed_login"
    },
    "event_id": "EVT-000040"
  },
  {
    "source": "windows_security",
    "timestamp": "2026-02-17T05:21:07.076727",
    "raw": "{\"EventID\": 4625, \"TimeCreated\": \"2026-02-17T05:21:07.076727Z\", \"Computer\": \"WS-FIN-PC04.corpsec.local\", \"Channel\": \"Security\", \"Provider\": \"Microsoft-Windows-Security-Auditing\", \"Level\": \"Information\", \"Task\": \"Logon\", \"Keywords\": \"Audit Failure\", \"EventData\": {\"SubjectUserSid\": \"S-1-0-0\", \"SubjectUserName\": \"-\", \"SubjectDomainName\": \"-\", \"TargetUserName\": \"user1\", \"TargetDomainName\": \"CORPSEC\", \"Status\": \"0xC000006D\", \"FailureReason\": \"Bad username or authentication information\", \"SubStatus\": \"0x0\", \"LogonType\": \"10\", \"LogonProcessName\": \"NtLmSsp\", \"AuthenticationPackageName\": \"NTLM\", \"WorkstationName\": \"WS-FIN-PC04\", \"IpAddress\": \"198.51.100.23\", \"IpPort\": \"62069\", \"LogonGuid\": \"{00000000-0000-0000-0000-000000000000}\"}}",
    "log_file": "/home/narenpindi/Desktop/project/enterprise-soc-lab/logs/windows/security_events.json",
    "event_type": "authentication_failure",
    "severity": "MEDIUM",
    "details": {
      "source_ip": "198.51.100.23",
      "username": "user1",
      "domain": "CORPSEC",
      "logon_type": "10",
      "failure_reason": "Bad username or authentication information",
      "service": "windows_logon",
      "action": "failed_login"
    },
    "event_id": "EVT-000041"
  },
  {
    "source": "windows_security",
    "timestamp": "2026-02-17T05:21:08.144294",
    "raw": "{\"EventID\": 4625, \"TimeCreated\": \"2026-02-17T05:21:08.144294Z\", \"Computer\": \"WS-FIN-PC04.corpsec.local\", \"Channel\": \"Security\", \"Provider\": \"Microsoft-Windows-Security-Auditing\", \"Level\": \"Information\", \"Task\": \"Logon\", \"Keywords\": \"Audit Failure\", \"EventData\": {\"SubjectUserSid\": \"S-1-0-0\", \"SubjectUserName\": \"-\", \"SubjectDomainName\": \"-\", \"TargetUserName\": \"sa\", \"TargetDomainName\": \"CORPSEC\", \"Status\": \"0xC0000064\", \"FailureReason\": \"The specified user does not exist\", \"SubStatus\": \"0x0\", \"LogonType\": \"10\", \"LogonProcessName\": \"NtLmSsp\", \"AuthenticationPackageName\": \"NTLM\", \"WorkstationName\": \"WS-FIN-PC04\", \"IpAddress\": \"198.51.100.23\", \"IpPort\": \"57802\", \"LogonGuid\": \"{00000000-0000-0000-0000-000000000000}\"}}",
    "log_file": "/home/narenpindi/Desktop/project/enterprise-soc-lab/logs/windows/security_events.json",
    "event_type": "authentication_failure",
    "severity": "MEDIUM",
    "details": {
      "source_ip": "198.51.100.23",
      "username": "sa",
      "domain": "CORPSEC",
      "logon_type": "10",
      "failure_reason": "The specified user does not exist",
      "service": "windows_logon",
      "action": "failed_login"
    },
    "event_id": "EVT-000042"
  },
  {
    "source": "windows_security",
    "timestamp": "2026-02-17T05:21:08.608674",
    "raw": "{\"EventID\": 4625, \"TimeCreated\": \"2026-02-17T05:21:08.608674Z\", \"Computer\": \"WS-FIN-PC04.corpsec.local\", \"Channel\": \"Security\", \"Provider\": \"Microsoft-Windows-Security-Auditing\", \"Level\": \"Information\", \"Task\": \"Logon\", \"Keywords\": \"Audit Failure\", \"EventData\": {\"SubjectUserSid\": \"S-1-0-0\", \"SubjectUserName\": \"-\", \"SubjectDomainName\": \"-\", \"TargetUserName\": \"svc_backup\", \"TargetDomainName\": \"CORPSEC\", \"Status\": \"0xC0000064\", \"FailureReason\": \"The specified user does not exist\", \"SubStatus\": \"0x0\", \"LogonType\": \"10\", \"LogonProcessName\": \"NtLmSsp\", \"AuthenticationPackageName\": \"NTLM\", \"WorkstationName\": \"WS-FIN-PC04\", \"IpAddress\": \"198.51.100.23\", \"IpPort\": \"54732\", \"LogonGuid\": \"{00000000-0000-0000-0000-000000000000}\"}}",
    "log_file": "/home/narenpindi/Desktop/project/enterprise-soc-lab/logs/windows/security_events.json",
    "event_type": "authentication_failure",
    "severity": "MEDIUM",
    "details": {
      "source_ip": "198.51.100.23",
      "username": "svc_backup",
      "domain": "CORPSEC",
      "logon_type": "10",
      "failure_reason": "The specified user does not exist",
      "service": "windows_logon",
      "action": "failed_login"
    },
    "event_id": "EVT-000043"
  },
  {
    "source": "windows_security",
    "timestamp": "2026-02-17T05:21:09.474603",
    "raw": "{\"EventID\": 4625, \"TimeCreated\": \"2026-02-17T05:21:09.474603Z\", \"Computer\": \"WS-FIN-PC04.corpsec.local\", \"Channel\": \"Security\", \"Provider\": \"Microsoft-Windows-Security-Auditing\", \"Level\": \"Information\", \"Task\": \"Logon\", \"Keywords\": \"Audit Failure\", \"EventData\": {\"SubjectUserSid\": \"S-1-0-0\", \"SubjectUserName\": \"-\", \"SubjectDomainName\": \"-\", \"TargetUserName\": \"dbadmin\", \"TargetDomainName\": \"CORPSEC\", \"Status\": \"0xC0000064\", \"FailureReason\": \"The specified user does not exist\", \"SubStatus\": \"0x0\", \"LogonType\": \"10\", \"LogonProcessName\": \"NtLmSsp\", \"AuthenticationPackageName\": \"NTLM\", \"WorkstationName\": \"WS-FIN-PC04\", \"IpAddress\": \"198.51.100.23\", \"IpPort\": \"64553\", \"LogonGuid\": \"{00000000-0000-0000-0000-000000000000}\"}}",
    "log_file": "/home/narenpindi/Desktop/project/enterprise-soc-lab/logs/windows/security_events.json",
    "event_type": "authentication_failure",
    "severity": "MEDIUM",
    "details": {
      "source_ip": "198.51.100.23",
      "username": "dbadmin",
      "domain": "CORPSEC",
      "logon_type": "10",
      "failure_reason": "The specified user does not exist",
      "service": "windows_logon",
      "action": "failed_login"
    },
    "event_id": "EVT-000044"
  },
  {
    "source": "windows_security",
    "timestamp": "2026-02-17T05:21:10.410129",
    "raw": "{\"EventID\": 4625, \"TimeCreated\": \"2026-02-17T05:21:10.410129Z\", \"Computer\": \"WS-FIN-PC04.corpsec.local\", \"Channel\": \"Security\", \"Provider\": \"Microsoft-Windows-Security-Auditing\", \"Level\": \"Information\", \"Task\": \"Logon\", \"Keywords\": \"Audit Failure\", \"EventData\": {\"SubjectUserSid\": \"S-1-0-0\", \"SubjectUserName\": \"-\", \"SubjectDomainName\": \"-\", \"TargetUserName\": \"svc_backup\", \"TargetDomainName\": \"CORPSEC\", \"Status\": \"0xC0000064\", \"FailureReason\": \"The specified user does not exist\", \"SubStatus\": \"0x0\", \"LogonType\": \"10\", \"LogonProcessName\": \"NtLmSsp\", \"AuthenticationPackageName\": \"NTLM\", \"WorkstationName\": \"WS-FIN-PC04\", \"IpAddress\": \"198.51.100.23\", \"IpPort\": \"62444\", \"LogonGuid\": \"{00000000-0000-0000-0000-000000000000}\"}}",
    "log_file": "/home/narenpindi/Desktop/project/enterprise-soc-lab/logs/windows/security_events.json",
    "event_type": "authentication_failure",
    "severity": "MEDIUM",
    "details": {
      "source_ip": "198.51.100.23",
      "username": "svc_backup",
      "domain": "CORPSEC",
      "logon_type": "10",
      "failure_reason": "The specified user does not exist",
      "service": "windows_logon",
      "action": "failed_login"
    },
    "event_id": "EVT-000045"
  },
  {
    "source": "windows_security",
    "timestamp": "2026-02-17T05:21:10.428847",
    "raw": "{\"EventID\": 4625, \"TimeCreated\": \"2026-02-17T05:21:10.428847Z\", \"Computer\": \"WS-FIN-PC04.corpsec.local\", \"Channel\": \"Security\", \"Provider\": \"Microsoft-Windows-Security-Auditing\", \"Level\": \"Information\", \"Task\": \"Logon\", \"Keywords\": \"Audit Failure\", \"EventData\": {\"SubjectUserSid\": \"S-1-0-0\", \"SubjectUserName\": \"-\", \"SubjectDomainName\": \"-\", \"TargetUserName\": \"dbadmin\", \"TargetDomainName\": \"CORPSEC\", \"Status\": \"0xC000006D\", \"FailureReason\": \"Bad username or authentication information\", \"SubStatus\": \"0x0\", \"LogonType\": \"10\", \"LogonProcessName\": \"NtLmSsp\", \"AuthenticationPackageName\": \"NTLM\", \"WorkstationName\": \"WS-FIN-PC04\", \"IpAddress\": \"198.51.100.23\", \"IpPort\": \"60960\", \"LogonGuid\": \"{00000000-0000-0000-0000-000000000000}\"}}",
    "log_file": "/home/narenpindi/Desktop/project/enterprise-soc-lab/logs/windows/security_events.json",
    "event_type": "authentication_failure",
    "severity": "MEDIUM",
    "details": {
      "source_ip": "198.51.100.23",
      "username": "dbadmin",
      "domain": "CORPSEC",
      "logon_type": "10",
      "failure_reason": "Bad username or authentication information",
      "service": "windows_logon",
      "action": "failed_login"
    },
    "event_id": "EVT-000046"
  },
  {
    "source": "windows_security",
    "timestamp": "2026-02-17T05:21:13.910951",
    "raw": "{\"EventID\": 4625, \"TimeCreated\": \"2026-02-17T05:21:13.910951Z\", \"Computer\": \"WS-FIN-PC04.corpsec.local\", \"Channel\": \"Security\", \"Provider\": \"Microsoft-Windows-Security-Auditing\", \"Level\": \"Information\", \"Task\": \"Logon\", \"Keywords\": \"Audit Failure\", \"EventData\": {\"SubjectUserSid\": \"S-1-0-0\", \"SubjectUserName\": \"-\", \"SubjectDomainName\": \"-\", \"TargetUserName\": \"sa\", \"TargetDomainName\": \"CORPSEC\", \"Status\": \"0xC000006A\", \"FailureReason\": \"An incorrect password was supplied\", \"SubStatus\": \"0x0\", \"LogonType\": \"10\", \"LogonProcessName\": \"NtLmSsp\", \"AuthenticationPackageName\": \"NTLM\", \"WorkstationName\": \"WS-FIN-PC04\", \"IpAddress\": \"198.51.100.23\", \"IpPort\": \"49302\", \"LogonGuid\": \"{00000000-0000-0000-0000-000000000000}\"}}",
    "log_file": "/home/narenpindi/Desktop/project/enterprise-soc-lab/logs/windows/security_events.json",
    "event_type": "authentication_failure",
    "severity": "MEDIUM",
    "details": {
      "source_ip": "198.51.100.23",
      "username": "sa",
      "domain": "CORPSEC",
      "logon_type": "10",
      "failure_reason": "An incorrect password was supplied",
      "service": "windows_logon",
      "action": "failed_login"
    },
    "event_id": "EVT-000047"
  },
  {
    "source": "windows_security",
    "timestamp": "2026-02-17T05:21:14.835003",
    "raw": "{\"EventID\": 4625, \"TimeCreated\": \"2026-02-17T05:21:14.835003Z\", \"Computer\": \"WS-FIN-PC04.corpsec.local\", \"Channel\": \"Security\", \"Provider\": \"Microsoft-Windows-Security-Auditing\", \"Level\": \"Information\", \"Task\": \"Logon\", \"Keywords\": \"Audit Failure\", \"EventData\": {\"SubjectUserSid\": \"S-1-0-0\", \"SubjectUserName\": \"-\", \"SubjectDomainName\": \"-\", \"TargetUserName\": \"sa\", \"TargetDomainName\": \"CORPSEC\", \"Status\": \"0xC000006D\", \"FailureReason\": \"Bad username or authentication information\", \"SubStatus\": \"0x0\", \"LogonType\": \"10\", \"LogonProcessName\": \"NtLmSsp\", \"AuthenticationPackageName\": \"NTLM\", \"WorkstationName\": \"WS-FIN-PC04\", \"IpAddress\": \"198.51.100.23\", \"IpPort\": \"43902\", \"LogonGuid\": \"{00000000-0000-0000-0000-000000000000}\"}}",
    "log_file": "/home/narenpindi/Desktop/project/enterprise-soc-lab/logs/windows/security_events.json",
    "event_type": "authentication_failure",
    "severity": "MEDIUM",
    "details": {
      "source_ip": "198.51.100.23",
      "username": "sa",
      "domain": "CORPSEC",
      "logon_type": "10",
      "failure_reason": "Bad username or authentication information",
      "service": "windows_logon",
      "action": "failed_login"
    },
    "event_id": "EVT-000048"
  },
  {
    "source": "windows_security",
    "timestamp": "2026-02-17T05:21:16.455506",
    "raw": "{\"EventID\": 4625, \"TimeCreated\": \"2026-02-17T05:21:16.455506Z\", \"Computer\": \"WS-FIN-PC04.corpsec.local\", \"Channel\": \"Security\", \"Provider\": \"Microsoft-Windows-Security-Auditing\", \"Level\": \"Information\", \"Task\": \"Logon\", \"Keywords\": \"Audit Failure\", \"EventData\": {\"SubjectUserSid\": \"S-1-0-0\", \"SubjectUserName\": \"-\", \"SubjectDomainName\": \"-\", \"TargetUserName\": \"guest\", \"TargetDomainName\": \"CORPSEC\", \"Status\": \"0xC000006A\", \"FailureReason\": \"An incorrect password was supplied\", \"SubStatus\": \"0x0\", \"LogonType\": \"10\", \"LogonProcessName\": \"NtLmSsp\", \"AuthenticationPackageName\": \"NTLM\", \"WorkstationName\": \"WS-FIN-PC04\", \"IpAddress\": \"198.51.100.23\", \"IpPort\": \"49258\", \"LogonGuid\": \"{00000000-0000-0000-0000-000000000000}\"}}",
    "log_file": "/home/narenpindi/Desktop/project/enterprise-soc-lab/logs/windows/security_events.json",
    "event_type": "authentication_failure",
    "severity": "MEDIUM",
    "details": {
      "source_ip": "198.51.100.23",
      "username": "guest",
      "domain": "CORPSEC",
      "logon_type": "10",
      "failure_reason": "An incorrect password was supplied",
      "service": "windows_logon",
      "action": "failed_login"
    },
    "event_id": "EVT-000049"
  },
  {
    "source": "windows_security",
    "timestamp": "2026-02-17T05:21:16.951673",
    "raw": "{\"EventID\": 4625, \"TimeCreated\": \"2026-02-17T05:21:16.951673Z\", \"Computer\": \"WS-FIN-PC04.corpsec.local\", \"Channel\": \"Security\", \"Provider\": \"Microsoft-Windows-Security-Auditing\", \"Level\": \"Information\", \"Task\": \"Logon\", \"Keywords\": \"Audit Failure\", \"EventData\": {\"SubjectUserSid\": \"S-1-0-0\", \"SubjectUserName\": \"-\", \"SubjectDomainName\": \"-\", \"TargetUserName\": \"sa\", \"TargetDomainName\": \"CORPSEC\", \"Status\": \"0xC000006D\", \"FailureReason\": \"Bad username or authentication information\", \"SubStatus\": \"0x0\", \"LogonType\": \"10\", \"LogonProcessName\": \"NtLmSsp\", \"AuthenticationPackageName\": \"NTLM\", \"WorkstationName\": \"WS-FIN-PC04\", \"IpAddress\": \"198.51.100.23\", \"IpPort\": \"63531\", \"LogonGuid\": \"{00000000-0000-0000-0000-000000000000}\"}}",
    "log_file": "/home/narenpindi/Desktop/project/enterprise-soc-lab/logs/windows/security_events.json",
    "event_type": "authentication_failure",
    "severity": "MEDIUM",
    "details": {
      "source_ip": "198.51.100.23",
      "username": "sa",
      "domain": "CORPSEC",
      "logon_type": "10",
      "failure_reason": "Bad username or authentication information",
      "service": "windows_logon",
      "action": "failed_login"
    },
    "event_id": "EVT-000050"
  },
  {
    "source": "windows_security",
    "timestamp": "2026-02-17T05:21:18.208669",
    "raw": "{\"EventID\": 4625, \"TimeCreated\": \"2026-02-17T05:21:18.208669Z\", \"Computer\": \"WS-FIN-PC04.corpsec.local\", \"Channel\": \"Security\", \"Provider\": \"Microsoft-Windows-Security-Auditing\", \"Level\": \"Information\", \"Task\": \"Logon\", \"Keywords\": \"Audit Failure\", \"EventData\": {\"SubjectUserSid\": \"S-1-0-0\", \"SubjectUserName\": \"-\", \"SubjectDomainName\": \"-\", \"TargetUserName\": \"sa\", \"TargetDomainName\": \"CORPSEC\", \"Status\": \"0xC0000064\", \"FailureReason\": \"The specified user does not exist\", \"SubStatus\": \"0x0\", \"LogonType\": \"10\", \"LogonProcessName\": \"NtLmSsp\", \"AuthenticationPackageName\": \"NTLM\", \"WorkstationName\": \"WS-FIN-PC04\", \"IpAddress\": \"198.51.100.23\", \"IpPort\": \"48844\", \"LogonGuid\": \"{00000000-0000-0000-0000-000000000000}\"}}",
    "log_file": "/home/narenpindi/Desktop/project/enterprise-soc-lab/logs/windows/security_events.json",
    "event_type": "authentication_failure",
    "severity": "MEDIUM",
    "details": {
      "source_ip": "198.51.100.23",
      "username": "sa",
      "domain": "CORPSEC",
      "logon_type": "10",
      "failure_reason": "The specified user does not exist",
      "service": "windows_logon",
      "action": "failed_login"
    },
    "event_id": "EVT-000051"
  },
