  {
    "source": "dns",
    "raw": "18-Feb-2026 12:54:00.000 queries: info: client @0xb6ea 10.0.2.10#49811 (google.com): query: google.com IN A + (10.0.0.2)",
    "log_file": "/home/narenpindi/Desktop/project/enterprise-soc-lab/logs/network/dns_queries.log",
    "line_number": 262,
    "event_type": "dns_query",
    "severity": "LOW",
    "details": {
      "query_domain": "google.com",
      "query_type": "A",
      "source_ip": "10.0.2.10",
      "action": "dns_lookup"
    },
    "timestamp": "2026-02-18T12:54:00",
    "event_id": "EVT-001184"
  },
  {
    "source": "linux_auth",
    "raw": "Feb 18 13:00:00 prod-web-01 CRON[22227]: (root CMD (/usr/bin/certbot renew --quiet))",
    "log_file": "/home/narenpindi/Desktop/project/enterprise-soc-lab/logs/linux/auth.log",
    "line_number": 492,
    "timestamp": "2026-02-18T13:00:00",
    "event_type": "scheduled_task",
    "severity": "LOW",
    "details": {
      "action": "cron_execution",
      "command": "/usr/bin/certbot renew --quiet)"
    },
    "event_id": "EVT-001185"
  },
  {
    "source": "dns",
    "raw": "18-Feb-2026 13:08:00.000 queries: info: client @0xead4 10.0.2.10#53781 (ubuntu.com): query: ubuntu.com IN A + (10.0.0.2)",
    "log_file": "/home/narenpindi/Desktop/project/enterprise-soc-lab/logs/network/dns_queries.log",
    "line_number": 263,
    "event_type": "dns_query",
    "severity": "LOW",
    "details": {
      "query_domain": "ubuntu.com",
      "query_type": "A",
      "source_ip": "10.0.2.10",
      "action": "dns_lookup"
    },
    "timestamp": "2026-02-18T13:08:00",
    "event_id": "EVT-001186"
  },
  {
    "source": "aws_cloudtrail",
    "timestamp": "2026-02-18T13:18:00",
    "raw": "{\"eventVersion\": \"1.08\", \"userIdentity\": {\"type\": \"IAMUser\", \"principalId\": \"AIDAEXAMPLE28604\", \"arn\": \"arn:aws:iam::123456789012:user/dev-ops-svc\", \"accountId\": \"123456789012\", \"accessKeyId\": \"AKIAIOSFODNN7EXAMPLE\", \"userName\": \"dev-ops-svc\"}, \"eventTime\": \"2026-02-18T13:18:00Z\", \"eventSource\": \"elasticloadbalancing.amazonaws.com\", \"eventName\": \"DescribeLoadBalancers\", \"awsRegion\": \"us-east-1\", \"sourceIPAddress\": \"10.0.1.50\", \"userAgent\": \"aws-cli/2.15.0 Python/3.11.6 Linux/5.15.0-91-generic\", \"requestParameters\": {}, \"responseElements\": {\"_return\": true}, \"requestID\": \"a57843d0-ca55-48ce-8854-0f7ee545d0b4\", \"eventID\": \"0bd14e8a-b277-4e5f-baaf-2d3d424c4eb6\", \"readOnly\": true, \"eventType\": \"AwsApiCall\", \"managementEvent\": true, \"recipientAccountId\": \"123456789012\"}",
    "log_file": "/home/narenpindi/Desktop/project/enterprise-soc-lab/logs/cloud/cloudtrail_events.json",
    "event_type": "cloud_api_call",
    "severity": "LOW",
    "details": {
      "event_name": "DescribeLoadBalancers",
      "event_source": "elasticloadbalancing.amazonaws.com",
      "source_ip": "10.0.1.50",
      "user_name": "dev-ops-svc",
      "region": "us-east-1",
      "access_key": "AKIAIOSFODNN7EXAMPLE",
      "request_params": {},
      "error_code": null,
      "action": "DescribeLoadBalancers"
    },
    "event_id": "EVT-001187"
  },
  {
    "source": "aws_cloudtrail",
    "timestamp": "2026-02-18T13:41:00",
    "raw": "{\"eventVersion\": \"1.08\", \"userIdentity\": {\"type\": \"IAMUser\", \"principalId\": \"AIDAEXAMPLE51509\", \"arn\": \"arn:aws:iam::123456789012:user/dev-ops-svc\", \"accountId\": \"123456789012\", \"accessKeyId\": \"AKIAIOSFODNN7EXAMPLE\", \"userName\": \"dev-ops-svc\"}, \"eventTime\": \"2026-02-18T13:41:00Z\", \"eventSource\": \"sts.amazonaws.com\", \"eventName\": \"GetCallerIdentity\", \"awsRegion\": \"us-east-1\", \"sourceIPAddress\": \"10.0.1.50\", \"userAgent\": \"aws-cli/2.15.0 Python/3.11.6 Linux/5.15.0-91-generic\", \"requestParameters\": {}, \"responseElements\": {\"_return\": true}, \"requestID\": \"59ee152f-10e4-427b-8488-93666290cf65\", \"eventID\": \"b2a4141b-7acf-4df4-a5b1-ac97af09b5c9\", \"readOnly\": true, \"eventType\": \"AwsApiCall\", \"managementEvent\": true, \"recipientAccountId\": \"123456789012\"}",
    "log_file": "/home/narenpindi/Desktop/project/enterprise-soc-lab/logs/cloud/cloudtrail_events.json",
    "event_type": "cloud_api_call",
    "severity": "LOW",
    "details": {
      "event_name": "GetCallerIdentity",
      "event_source": "sts.amazonaws.com",
      "source_ip": "10.0.1.50",
      "user_name": "dev-ops-svc",
      "region": "us-east-1",
      "access_key": "AKIAIOSFODNN7EXAMPLE",
      "request_params": {},
      "error_code": null,
      "action": "GetCallerIdentity"
    },
    "event_id": "EVT-001188"
  },
  {
    "source": "dns",
    "raw": "18-Feb-2026 13:58:00.000 queries: info: client @0xe582 10.0.1.51#48214 (google.com): query: google.com IN A + (10.0.0.2)",
    "log_file": "/home/narenpindi/Desktop/project/enterprise-soc-lab/logs/network/dns_queries.log",
    "line_number": 264,
    "event_type": "dns_query",
    "severity": "LOW",
    "details": {
      "query_domain": "google.com",
      "query_type": "A",
      "source_ip": "10.0.1.51",
      "action": "dns_lookup"
    },
    "timestamp": "2026-02-18T13:58:00",
    "event_id": "EVT-001189"
  },
  {
    "source": "dns",
    "raw": "18-Feb-2026 14:00:00.000 queries: info: client @0x20ee 10.0.2.10#49000 (cloudflare.com): query: cloudflare.com IN CNAME + (10.0.0.2)",
    "log_file": "/home/narenpindi/Desktop/project/enterprise-soc-lab/logs/network/dns_queries.log",
    "line_number": 265,
    "event_type": "dns_query",
    "severity": "LOW",
    "details": {
      "query_domain": "cloudflare.com",
      "query_type": "CNAME",
      "source_ip": "10.0.2.10",
      "action": "dns_lookup"
    },
    "timestamp": "2026-02-18T14:00:00",
    "event_id": "EVT-001190"
  },
  {
    "source": "proxy",
    "raw": "2026-02-18T14:12:00 607 10.0.1.51 TCP_200/200 40856 GET https://pypi.org/simple/requests/ - DIRECT/185.199.108.133 Mozilla/5.0",
    "log_file": "/home/narenpindi/Desktop/project/enterprise-soc-lab/logs/network/proxy_access.log",
    "line_number": 66,
    "event_type": "web_request",
    "severity": "LOW",
    "timestamp": "2026-02-18T14:12:00",
    "details": {
      "source_ip": "10.0.1.51",
      "method": "GET",
      "url": "https://pypi.org/simple/requests/",
      "bytes": 40856,
      "status": "200",
      "action": "web_access"
    },
    "event_id": "EVT-001191"
  },
  {
    "source": "aws_s3",
    "timestamp": "2026-02-18T14:20:00",
    "raw": "{\"eventVersion\": \"1.08\", \"eventSource\": \"s3.amazonaws.com\", \"eventName\": \"GetObject\", \"eventTime\": \"2026-02-18T14:20:00Z\", \"sourceIPAddress\": \"10.0.1.50\", \"userAgent\": \"aws-cli/2.15.0\", \"requestParameters\": {\"bucketName\": \"corpsec-prod-data\", \"key\": \"app/config/settings_5.json\"}, \"responseElements\": null, \"additionalEventData\": {\"bytesTransferredOut\": 30474}}",
    "log_file": "/home/narenpindi/Desktop/project/enterprise-soc-lab/logs/cloud/s3_access_events.json",
    "event_type": "s3_access",
    "severity": "LOW",
    "details": {
      "event_name": "GetObject",
      "source_ip": "10.0.1.50",
      "user_name": "unknown",
      "bucket_name": "corpsec-prod-data",
      "key": "app/config/settings_5.json",
      "bytes_transferred": 30474,
      "action": "GetObject"
    },
    "event_id": "EVT-001192"
  },
  {
    "source": "dns",
    "raw": "18-Feb-2026 14:20:00.000 queries: info: client @0x8c32 10.0.2.10#49099 (slack.com): query: slack.com IN CNAME + (10.0.0.2)",
    "log_file": "/home/narenpindi/Desktop/project/enterprise-soc-lab/logs/network/dns_queries.log",
    "line_number": 266,
    "event_type": "dns_query",
    "severity": "LOW",
    "details": {
      "query_domain": "slack.com",
      "query_type": "CNAME",
      "source_ip": "10.0.2.10",
      "action": "dns_lookup"
    },
    "timestamp": "2026-02-18T14:20:00",
    "event_id": "EVT-001193"
  },
  {
    "source": "dns",
    "raw": "18-Feb-2026 14:41:00.000 queries: info: client @0xaf58 10.0.1.50#40774 (pypi.org): query: pypi.org IN CNAME + (10.0.0.2)",
    "log_file": "/home/narenpindi/Desktop/project/enterprise-soc-lab/logs/network/dns_queries.log",
    "line_number": 267,
    "event_type": "dns_query",
    "severity": "LOW",
    "details": {
      "query_domain": "pypi.org",
      "query_type": "CNAME",
      "source_ip": "10.0.1.50",
      "action": "dns_lookup"
    },
    "timestamp": "2026-02-18T14:41:00",
    "event_id": "EVT-001194"
  },
  {
    "source": "dns",
    "raw": "18-Feb-2026 14:49:00.000 queries: info: client @0x771e 10.0.1.50#57865 (cloudflare.com): query: cloudflare.com IN A + (10.0.0.2)",
    "log_file": "/home/narenpindi/Desktop/project/enterprise-soc-lab/logs/network/dns_queries.log",
    "line_number": 268,
    "event_type": "dns_query",
    "severity": "LOW",
    "details": {
      "query_domain": "cloudflare.com",
      "query_type": "A",
      "source_ip": "10.0.1.50",
      "action": "dns_lookup"
    },
    "timestamp": "2026-02-18T14:49:00",
    "event_id": "EVT-001195"
  },
  {
    "source": "dns",
    "raw": "18-Feb-2026 15:04:00.000 queries: info: client @0xd40b 10.0.1.51#49499 (slack.com): query: slack.com IN CNAME + (10.0.0.2)",
    "log_file": "/home/narenpindi/Desktop/project/enterprise-soc-lab/logs/network/dns_queries.log",
    "line_number": 269,
    "event_type": "dns_query",
    "severity": "LOW",
    "details": {
      "query_domain": "slack.com",
      "query_type": "CNAME",
      "source_ip": "10.0.1.51",
      "action": "dns_lookup"
    },
    "timestamp": "2026-02-18T15:04:00",
    "event_id": "EVT-001196"
  },
  {
    "source": "aws_cloudtrail",
    "timestamp": "2026-02-18T15:10:00",
    "raw": "{\"eventVersion\": \"1.08\", \"userIdentity\": {\"type\": \"IAMUser\", \"principalId\": \"AIDAEXAMPLE91647\", \"arn\": \"arn:aws:iam::123456789012:user/dev-ops-svc\", \"accountId\": \"123456789012\", \"accessKeyId\": \"AKIAIOSFODNN7EXAMPLE\", \"userName\": \"dev-ops-svc\"}, \"eventTime\": \"2026-02-18T15:10:00Z\", \"eventSource\": \"ec2.amazonaws.com\", \"eventName\": \"DescribeSecurityGroups\", \"awsRegion\": \"us-east-1\", \"sourceIPAddress\": \"10.0.1.50\", \"userAgent\": \"aws-cli/2.15.0 Python/3.11.6 Linux/5.15.0-91-generic\", \"requestParameters\": {}, \"responseElements\": {\"_return\": true}, \"requestID\": \"8ece3ac9-5f08-40c2-bf28-53d555136ae4\", \"eventID\": \"a6f4e507-2fff-449c-9dc4-ef9644de7aca\", \"readOnly\": true, \"eventType\": \"AwsApiCall\", \"managementEvent\": true, \"recipientAccountId\": \"123456789012\"}",
    "log_file": "/home/narenpindi/Desktop/project/enterprise-soc-lab/logs/cloud/cloudtrail_events.json",
    "event_type": "cloud_api_call",
    "severity": "LOW",
    "details": {
      "event_name": "DescribeSecurityGroups",
      "event_source": "ec2.amazonaws.com",
      "source_ip": "10.0.1.50",
      "user_name": "dev-ops-svc",
      "region": "us-east-1",
      "access_key": "AKIAIOSFODNN7EXAMPLE",
      "request_params": {},
      "error_code": null,
      "action": "DescribeSecurityGroups"
    },
    "event_id": "EVT-001197"
  },
  {
    "source": "aws_s3",
    "timestamp": "2026-02-18T15:17:00",
    "raw": "{\"eventVersion\": \"1.08\", \"eventSource\": \"s3.amazonaws.com\", \"eventName\": \"GetObject\", \"eventTime\": \"2026-02-18T15:17:00Z\", \"sourceIPAddress\": \"10.0.1.50\", \"userAgent\": \"aws-cli/2.15.0\", \"requestParameters\": {\"bucketName\": \"corpsec-prod-data\", \"key\": \"app/config/settings_5.json\"}, \"responseElements\": null, \"additionalEventData\": {\"bytesTransferredOut\": 47016}}",
    "log_file": "/home/narenpindi/Desktop/project/enterprise-soc-lab/logs/cloud/s3_access_events.json",
    "event_type": "s3_access",
    "severity": "LOW",
    "details": {
      "event_name": "GetObject",
      "source_ip": "10.0.1.50",
      "user_name": "unknown",
      "bucket_name": "corpsec-prod-data",
      "key": "app/config/settings_5.json",
      "bytes_transferred": 47016,
      "action": "GetObject"
    },
    "event_id": "EVT-001198"
  },
  {
    "source": "aws_cloudtrail",
    "timestamp": "2026-02-18T15:32:00",
    "raw": "{\"eventVersion\": \"1.08\", \"userIdentity\": {\"type\": \"IAMUser\", \"principalId\": \"AIDAEXAMPLE70532\", \"arn\": \"arn:aws:iam::123456789012:user/dev-ops-svc\", \"accountId\": \"123456789012\", \"accessKeyId\": \"AKIAIOSFODNN7EXAMPLE\", \"userName\": \"dev-ops-svc\"}, \"eventTime\": \"2026-02-18T15:32:00Z\", \"eventSource\": \"logs.amazonaws.com\", \"eventName\": \"DescribeLogGroups\", \"awsRegion\": \"us-east-1\", \"sourceIPAddress\": \"10.0.1.50\", \"userAgent\": \"aws-cli/2.15.0 Python/3.11.6 Linux/5.15.0-91-generic\", \"requestParameters\": {}, \"responseElements\": {\"_return\": true}, \"requestID\": \"7cab7d28-aad3-4087-ae9a-de640bd5054b\", \"eventID\": \"d975d0e1-25b7-48be-b85a-0f8af2a8b6ab\", \"readOnly\": true, \"eventType\": \"AwsApiCall\", \"managementEvent\": true, \"recipientAccountId\": \"123456789012\"}",
    "log_file": "/home/narenpindi/Desktop/project/enterprise-soc-lab/logs/cloud/cloudtrail_events.json",
    "event_type": "cloud_api_call",
    "severity": "LOW",
    "details": {
      "event_name": "DescribeLogGroups",
      "event_source": "logs.amazonaws.com",
      "source_ip": "10.0.1.50",
      "user_name": "dev-ops-svc",
      "region": "us-east-1",
      "access_key": "AKIAIOSFODNN7EXAMPLE",
      "request_params": {},
      "error_code": null,
      "action": "DescribeLogGroups"
    },
    "event_id": "EVT-001199"
  },
  {
    "source": "dns",
    "raw": "18-Feb-2026 15:47:00.000 queries: info: client @0x588c 10.0.1.50#58848 (slack.com): query: slack.com IN AAAA + (10.0.0.2)",
    "log_file": "/home/narenpindi/Desktop/project/enterprise-soc-lab/logs/network/dns_queries.log",
    "line_number": 270,
    "event_type": "dns_query",
    "severity": "LOW",
    "details": {
      "query_domain": "slack.com",
      "query_type": "AAAA",
      "source_ip": "10.0.1.50",
      "action": "dns_lookup"
    },
    "timestamp": "2026-02-18T15:47:00",
    "event_id": "EVT-001200"
  },
  {
    "source": "windows_security",
    "timestamp": "2026-02-18T15:49:00",
    "raw": "{\"EventID\": 4624, \"TimeCreated\": \"2026-02-18T15:49:00Z\", \"Computer\": \"WS-FIN-PC04.corpsec.local\", \"Channel\": \"Security\", \"Provider\": \"Microsoft-Windows-Security-Auditing\", \"Level\": \"Information\", \"Task\": \"Logon\", \"Keywords\": \"Audit Success\", \"EventData\": {\"SubjectUserSid\": \"S-1-5-18\", \"SubjectUserName\": \"WS-FIN-PC04$\", \"SubjectDomainName\": \"CORPSEC\", \"TargetUserSid\": \"S-1-5-21-7947933-5561\", \"TargetUserName\": \"svc_backup\", \"TargetDomainName\": \"CORPSEC\", \"LogonType\": \"10\", \"LogonProcessName\": \"NtLmSsp\", \"AuthenticationPackageName\": \"NTLM\", \"WorkstationName\": \"WS-FIN-PC04\", \"LogonGuid\": \"{d8e5e010-2c9f-4e09-8cf2-30f49da3411b}\", \"IpAddress\": \"10.0.1.101\", \"IpPort\": \"56907\", \"ElevatedToken\": \"%%1843\"}}",
    "log_file": "/home/narenpindi/Desktop/project/enterprise-soc-lab/logs/windows/security_events.json",
    "event_type": "authentication_success",
    "severity": "INFO",
    "details": {
      "source_ip": "10.0.1.101",
      "username": "svc_backup",
      "domain": "CORPSEC",
      "logon_type": "10",
      "service": "windows_logon",
      "action": "successful_login"
    },
    "event_id": "EVT-001201"
  },
  {
    "source": "aws_cloudtrail",
    "timestamp": "2026-02-18T16:04:00",
    "raw": "{\"eventVersion\": \"1.08\", \"userIdentity\": {\"type\": \"IAMUser\", \"principalId\": \"AIDAEXAMPLE17274\", \"arn\": \"arn:aws:iam::123456789012:user/dev-ops-svc\", \"accountId\": \"123456789012\", \"accessKeyId\": \"AKIAIOSFODNN7EXAMPLE\", \"userName\": \"dev-ops-svc\"}, \"eventTime\": \"2026-02-18T16:04:00Z\", \"eventSource\": \"s3.amazonaws.com\", \"eventName\": \"GetBucketLocation\", \"awsRegion\": \"us-east-1\", \"sourceIPAddress\": \"10.0.1.50\", \"userAgent\": \"aws-cli/2.15.0 Python/3.11.6 Linux/5.15.0-91-generic\", \"requestParameters\": {}, \"responseElements\": {\"_return\": true}, \"requestID\": \"a84d215e-703b-4cba-9360-e7b297da9e3e\", \"eventID\": \"0240ef06-005f-471d-a2d9-2e978244a6ab\", \"readOnly\": true, \"eventType\": \"AwsApiCall\", \"managementEvent\": true, \"recipientAccountId\": \"123456789012\"}",
    "log_file": "/home/narenpindi/Desktop/project/enterprise-soc-lab/logs/cloud/cloudtrail_events.json",
    "event_type": "cloud_api_call",
    "severity": "LOW",
    "details": {
      "event_name": "GetBucketLocation",
      "event_source": "s3.amazonaws.com",
      "source_ip": "10.0.1.50",
      "user_name": "dev-ops-svc",
      "region": "us-east-1",
      "access_key": "AKIAIOSFODNN7EXAMPLE",
      "request_params": {},
      "error_code": null,
      "action": "GetBucketLocation"
    },
    "event_id": "EVT-001202"
  },
  {
    "source": "aws_cloudtrail",
    "timestamp": "2026-02-18T16:12:00",
    "raw": "{\"eventVersion\": \"1.08\", \"userIdentity\": {\"type\": \"IAMUser\", \"principalId\": \"AIDAEXAMPLE57325\", \"arn\": \"arn:aws:iam::123456789012:user/dev-ops-svc\", \"accountId\": \"123456789012\", \"accessKeyId\": \"AKIAIOSFODNN7EXAMPLE\", \"userName\": \"dev-ops-svc\"}, \"eventTime\": \"2026-02-18T16:12:00Z\", \"eventSource\": \"s3.amazonaws.com\", \"eventName\": \"GetBucketLocation\", \"awsRegion\": \"us-east-1\", \"sourceIPAddress\": \"10.0.1.50\", \"userAgent\": \"aws-cli/2.15.0 Python/3.11.6 Linux/5.15.0-91-generic\", \"requestParameters\": {}, \"responseElements\": {\"_return\": true}, \"requestID\": \"6ea762ea-0a08-4e53-83f1-37d39efafcb5\", \"eventID\": \"8f4ac5bf-74f9-4adb-a6b7-7f15b7ad6854\", \"readOnly\": true, \"eventType\": \"AwsApiCall\", \"managementEvent\": true, \"recipientAccountId\": \"123456789012\"}",
    "log_file": "/home/narenpindi/Desktop/project/enterprise-soc-lab/logs/cloud/cloudtrail_events.json",
    "event_type": "cloud_api_call",
    "severity": "LOW",
    "details": {
      "event_name": "GetBucketLocation",
      "event_source": "s3.amazonaws.com",
      "source_ip": "10.0.1.50",
      "user_name": "dev-ops-svc",
      "region": "us-east-1",
      "access_key": "AKIAIOSFODNN7EXAMPLE",
      "request_params": {},
      "error_code": null,
      "action": "GetBucketLocation"
    },
    "event_id": "EVT-001203"
  },
  {
    "source": "dns",
    "raw": "18-Feb-2026 16:47:00.000 queries: info: client @0x186b 10.0.1.51#58050 (cloudflare.com): query: cloudflare.com IN A + (10.0.0.2)",
    "log_file": "/home/narenpindi/Desktop/project/enterprise-soc-lab/logs/network/dns_queries.log",
    "line_number": 271,
    "event_type": "dns_query",
    "severity": "LOW",
    "details": {
      "query_domain": "cloudflare.com",
      "query_type": "A",
      "source_ip": "10.0.1.51",
      "action": "dns_lookup"
    },
    "timestamp": "2026-02-18T16:47:00",
    "event_id": "EVT-001204"
  },
  {
    "source": "aws_s3",
    "timestamp": "2026-02-18T16:48:00",
    "raw": "{\"eventVersion\": \"1.08\", \"eventSource\": \"s3.amazonaws.com\", \"eventName\": \"GetObject\", \"eventTime\": \"2026-02-18T16:48:00Z\", \"sourceIPAddress\": \"10.0.1.50\", \"userAgent\": \"aws-cli/2.15.0\", \"requestParameters\": {\"bucketName\": \"corpsec-prod-data\", \"key\": \"app/config/settings_5.json\"}, \"responseElements\": null, \"additionalEventData\": {\"bytesTransferredOut\": 32608}}",
    "log_file": "/home/narenpindi/Desktop/project/enterprise-soc-lab/logs/cloud/s3_access_events.json",
    "event_type": "s3_access",
    "severity": "LOW",
    "details": {
      "event_name": "GetObject",
      "source_ip": "10.0.1.50",
      "user_name": "unknown",
      "bucket_name": "corpsec-prod-data",
      "key": "app/config/settings_5.json",
      "bytes_transferred": 32608,
      "action": "GetObject"
    },
    "event_id": "EVT-001205"
  },
  {
    "source": "dns",
    "raw": "18-Feb-2026 16:53:00.000 queries: info: client @0x1b91 10.0.2.10#51844 (pypi.org): query: pypi.org IN AAAA + (10.0.0.2)",
    "log_file": "/home/narenpindi/Desktop/project/enterprise-soc-lab/logs/network/dns_queries.log",
    "line_number": 272,
    "event_type": "dns_query",
    "severity": "LOW",
    "details": {
      "query_domain": "pypi.org",
      "query_type": "AAAA",
      "source_ip": "10.0.2.10",
      "action": "dns_lookup"
    },
    "timestamp": "2026-02-18T16:53:00",
    "event_id": "EVT-001206"
  },
  {
    "source": "aws_cloudtrail",
    "timestamp": "2026-02-18T17:25:00",
    "raw": "{\"eventVersion\": \"1.08\", \"userIdentity\": {\"type\": \"IAMUser\", \"principalId\": \"AIDAEXAMPLE91474\", \"arn\": \"arn:aws:iam::123456789012:user/dev-ops-svc\", \"accountId\": \"123456789012\", \"accessKeyId\": \"AKIAIOSFODNN7EXAMPLE\", \"userName\": \"dev-ops-svc\"}, \"eventTime\": \"2026-02-18T17:25:00Z\", \"eventSource\": \"elasticloadbalancing.amazonaws.com\", \"eventName\": \"DescribeLoadBalancers\", \"awsRegion\": \"us-east-1\", \"sourceIPAddress\": \"10.0.1.50\", \"userAgent\": \"aws-cli/2.15.0 Python/3.11.6 Linux/5.15.0-91-generic\", \"requestParameters\": {}, \"responseElements\": {\"_return\": true}, \"requestID\": \"25b68784-57fd-495b-b613-d30a0c064a08\", \"eventID\": \"4d13eefe-acb4-4d2f-88c5-111050298044\", \"readOnly\": true, \"eventType\": \"AwsApiCall\", \"managementEvent\": true, \"recipientAccountId\": \"123456789012\"}",
    "log_file": "/home/narenpindi/Desktop/project/enterprise-soc-lab/logs/cloud/cloudtrail_events.json",
    "event_type": "cloud_api_call",
    "severity": "LOW",
    "details": {
      "event_name": "DescribeLoadBalancers",
      "event_source": "elasticloadbalancing.amazonaws.com",
      "source_ip": "10.0.1.50",
      "user_name": "dev-ops-svc",
      "region": "us-east-1",
      "access_key": "AKIAIOSFODNN7EXAMPLE",
      "request_params": {},
      "error_code": null,
      "action": "DescribeLoadBalancers"
    },
    "event_id": "EVT-001207"
  },
  {
    "source": "windows_security",
    "timestamp": "2026-02-18T17:30:00",
    "raw": "{\"EventID\": 4624, \"TimeCreated\": \"2026-02-18T17:30:00Z\", \"Computer\": \"WS-FIN-PC04.corpsec.local\", \"Channel\": \"Security\", \"Provider\": \"Microsoft-Windows-Security-Auditing\", \"Level\": \"Information\", \"Task\": \"Logon\", \"Keywords\": \"Audit Success\", \"EventData\": {\"SubjectUserSid\": \"S-1-5-18\", \"SubjectUserName\": \"WS-FIN-PC04$\", \"SubjectDomainName\": \"CORPSEC\", \"TargetUserSid\": \"S-1-5-21-3202726-2947\", \"TargetUserName\": \"svc_backup\", \"TargetDomainName\": \"CORPSEC\", \"LogonType\": \"2\", \"LogonProcessName\": \"NtLmSsp\", \"AuthenticationPackageName\": \"NTLM\", \"WorkstationName\": \"WS-FIN-PC04\", \"LogonGuid\": \"{21913929-7c8a-48d1-8dd0-cded0925a5e1}\", \"IpAddress\": \"10.0.1.101\", \"IpPort\": \"64075\", \"ElevatedToken\": \"%%1843\"}}",
    "log_file": "/home/narenpindi/Desktop/project/enterprise-soc-lab/logs/windows/security_events.json",
    "event_type": "authentication_success",
    "severity": "INFO",
    "details": {
      "source_ip": "10.0.1.101",
      "username": "svc_backup",
      "domain": "CORPSEC",
      "logon_type": "2",
      "service": "windows_logon",
      "action": "successful_login"
    },
    "event_id": "EVT-001208"
  },
  {
    "source": "proxy",
    "raw": "2026-02-18T17:31:00 4718 10.0.2.10 TCP_200/200 34052 POST https://docs.python.org/3/library - DIRECT/142.250.80.46 Mozilla/5.0",
    "log_file": "/home/narenpindi/Desktop/project/enterprise-soc-lab/logs/network/proxy_access.log",
    "line_number": 67,
    "event_type": "web_request",
    "severity": "LOW",
    "timestamp": "2026-02-18T17:31:00",
    "details": {
      "source_ip": "10.0.2.10",
      "method": "POST",
      "url": "https://docs.python.org/3/library",
      "bytes": 34052,
      "status": "200",
      "action": "web_access"
    },
    "event_id": "EVT-001209"
  },
  {
    "source": "linux_auth",
    "raw": "Feb 18 18:00:00 prod-web-01 CRON[13580]: (root CMD (/usr/lib/apt/apt.systemd.daily))",
    "log_file": "/home/narenpindi/Desktop/project/enterprise-soc-lab/logs/linux/auth.log",
    "line_number": 493,
    "timestamp": "2026-02-18T18:00:00",
    "event_type": "scheduled_task",
    "severity": "LOW",
    "details": {
      "action": "cron_execution",
      "command": "/usr/lib/apt/apt.systemd.daily)"
    },
    "event_id": "EVT-001210"
  },
  {
    "source": "proxy",
    "raw": "2026-02-18T18:22:00 3780 10.0.1.50 TCP_200/200 12854 POST https://pypi.org/simple/requests/ - DIRECT/142.250.80.46 Mozilla/5.0",
    "log_file": "/home/narenpindi/Desktop/project/enterprise-soc-lab/logs/network/proxy_access.log",
    "line_number": 68,
    "event_type": "web_request",
    "severity": "LOW",
    "timestamp": "2026-02-18T18:22:00",
    "details": {
      "source_ip": "10.0.1.50",
      "method": "POST",
      "url": "https://pypi.org/simple/requests/",
      "bytes": 12854,
      "status": "200",
      "action": "web_access"
    },
    "event_id": "EVT-001211"
  },
  {
    "source": "aws_s3",
    "timestamp": "2026-02-18T18:36:00",
    "raw": "{\"eventVersion\": \"1.08\", \"eventSource\": \"s3.amazonaws.com\", \"eventName\": \"GetObject\", \"eventTime\": \"2026-02-18T18:36:00Z\", \"sourceIPAddress\": \"10.0.1.50\", \"userAgent\": \"aws-cli/2.15.0\", \"requestParameters\": {\"bucketName\": \"corpsec-prod-data\", \"key\": \"app/config/settings_3.json\"}, \"responseElements\": null, \"additionalEventData\": {\"bytesTransferredOut\": 18237}}",
    "log_file": "/home/narenpindi/Desktop/project/enterprise-soc-lab/logs/cloud/s3_access_events.json",
    "event_type": "s3_access",
    "severity": "LOW",
    "details": {
      "event_name": "GetObject",
      "source_ip": "10.0.1.50",
      "user_name": "unknown",
      "bucket_name": "corpsec-prod-data",
      "key": "app/config/settings_3.json",
      "bytes_transferred": 18237,
      "action": "GetObject"
    },
    "event_id": "EVT-001212"
  },
  {
    "source": "dns",
    "raw": "18-Feb-2026 18:44:00.000 queries: info: client @0x40aa 10.0.1.50#60904 (docker.com): query: docker.com IN A + (10.0.0.2)",
    "log_file": "/home/narenpindi/Desktop/project/enterprise-soc-lab/logs/network/dns_queries.log",
    "line_number": 273,
    "event_type": "dns_query",
    "severity": "LOW",
    "details": {
      "query_domain": "docker.com",
      "query_type": "A",
      "source_ip": "10.0.1.50",
      "action": "dns_lookup"
    },
    "timestamp": "2026-02-18T18:44:00",
    "event_id": "EVT-001213"
  },
  {
    "source": "dns",
    "raw": "18-Feb-2026 19:09:00.000 queries: info: client @0xf810 10.0.1.51#58437 (npmjs.org): query: npmjs.org IN AAAA + (10.0.0.2)",
    "log_file": "/home/narenpindi/Desktop/project/enterprise-soc-lab/logs/network/dns_queries.log",
    "line_number": 274,
    "event_type": "dns_query",
    "severity": "LOW",
    "details": {
      "query_domain": "npmjs.org",
      "query_type": "AAAA",
      "source_ip": "10.0.1.51",
      "action": "dns_lookup"
    },
    "timestamp": "2026-02-18T19:09:00",
    "event_id": "EVT-001214"
  },
  {
    "source": "dns",
    "raw": "18-Feb-2026 19:26:00.000 queries: info: client @0xb997 10.0.1.51#58022 (docker.com): query: docker.com IN A + (10.0.0.2)",
    "log_file": "/home/narenpindi/Desktop/project/enterprise-soc-lab/logs/network/dns_queries.log",
    "line_number": 275,
    "event_type": "dns_query",
    "severity": "LOW",
    "details": {
      "query_domain": "docker.com",
      "query_type": "A",
      "source_ip": "10.0.1.51",
      "action": "dns_lookup"
    },
    "timestamp": "2026-02-18T19:26:00",
    "event_id": "EVT-001215"
  },
  {
    "source": "windows_security",
    "timestamp": "2026-02-18T19:42:00",
    "raw": "{\"EventID\": 4624, \"TimeCreated\": \"2026-02-18T19:42:00Z\", \"Computer\": \"WS-FIN-PC04.corpsec.local\", \"Channel\": \"Security\", \"Provider\": \"Microsoft-Windows-Security-Auditing\", \"Level\": \"Information\", \"Task\": \"Logon\", \"Keywords\": \"Audit Success\", \"EventData\": {\"SubjectUserSid\": \"S-1-5-18\", \"SubjectUserName\": \"WS-FIN-PC04$\", \"SubjectDomainName\": \"CORPSEC\", \"TargetUserSid\": \"S-1-5-21-1253841-5798\", \"TargetUserName\": \"jsmith\", \"TargetDomainName\": \"CORPSEC\", \"LogonType\": \"3\", \"LogonProcessName\": \"NtLmSsp\", \"AuthenticationPackageName\": \"NTLM\", \"WorkstationName\": \"WS-FIN-PC04\", \"LogonGuid\": \"{d32adcf5-c162-4668-b01d-319e0460e2fb}\", \"IpAddress\": \"10.0.2.50\", \"IpPort\": \"46904\", \"ElevatedToken\": \"%%1843\"}}",
    "log_file": "/home/narenpindi/Desktop/project/enterprise-soc-lab/logs/windows/security_events.json",
    "event_type": "authentication_success",
    "severity": "INFO",
    "details": {
      "source_ip": "10.0.2.50",
      "username": "jsmith",
      "domain": "CORPSEC",
      "logon_type": "3",
      "service": "windows_logon",
      "action": "successful_login"
    },
    "event_id": "EVT-001216"
  },
  {
    "source": "dns",
    "raw": "18-Feb-2026 19:55:00.000 queries: info: client @0x7f8b 10.0.1.50#57939 (docker.com): query: docker.com IN CNAME + (10.0.0.2)",
    "log_file": "/home/narenpindi/Desktop/project/enterprise-soc-lab/logs/network/dns_queries.log",
    "line_number": 276,
    "event_type": "dns_query",
    "severity": "LOW",
    "details": {
      "query_domain": "docker.com",
      "query_type": "CNAME",
      "source_ip": "10.0.1.50",
      "action": "dns_lookup"
    },
    "timestamp": "2026-02-18T19:55:00",
    "event_id": "EVT-001217"
  },
  {
    "source": "windows_security",
    "timestamp": "2026-02-18T20:18:00",
    "raw": "{\"EventID\": 4624, \"TimeCreated\": \"2026-02-18T20:18:00Z\", \"Computer\": \"WS-FIN-PC04.corpsec.local\", \"Channel\": \"Security\", \"Provider\": \"Microsoft-Windows-Security-Auditing\", \"Level\": \"Information\", \"Task\": \"Logon\", \"Keywords\": \"Audit Success\", \"EventData\": {\"SubjectUserSid\": \"S-1-5-18\", \"SubjectUserName\": \"WS-FIN-PC04$\", \"SubjectDomainName\": \"CORPSEC\", \"TargetUserSid\": \"S-1-5-21-8203960-5986\", \"TargetUserName\": \"administrator\", \"TargetDomainName\": \"CORPSEC\", \"LogonType\": \"2\", \"LogonProcessName\": \"NtLmSsp\", \"AuthenticationPackageName\": \"NTLM\", \"WorkstationName\": \"WS-FIN-PC04\", \"LogonGuid\": \"{f25ebf9a-1681-44cf-af59-45946b19be99}\", \"IpAddress\": \"10.0.2.50\", \"IpPort\": \"57175\", \"ElevatedToken\": \"%%1842\"}}",
    "log_file": "/home/narenpindi/Desktop/project/enterprise-soc-lab/logs/windows/security_events.json",
    "event_type": "authentication_success",
    "severity": "INFO",
    "details": {
      "source_ip": "10.0.2.50",
      "username": "administrator",
      "domain": "CORPSEC",
      "logon_type": "2",
      "service": "windows_logon",
      "action": "successful_login"
    },
    "event_id": "EVT-001218"
  },
  {
    "source": "aws_cloudtrail",
    "timestamp": "2026-02-18T20:39:00",
    "raw": "{\"eventVersion\": \"1.08\", \"userIdentity\": {\"type\": \"IAMUser\", \"principalId\": \"AIDAEXAMPLE80104\", \"arn\": \"arn:aws:iam::123456789012:user/dev-ops-svc\", \"accountId\": \"123456789012\", \"accessKeyId\": \"AKIAIOSFODNN7EXAMPLE\", \"userName\": \"dev-ops-svc\"}, \"eventTime\": \"2026-02-18T20:39:00Z\", \"eventSource\": \"logs.amazonaws.com\", \"eventName\": \"DescribeLogGroups\", \"awsRegion\": \"us-east-1\", \"sourceIPAddress\": \"10.0.1.50\", \"userAgent\": \"aws-cli/2.15.0 Python/3.11.6 Linux/5.15.0-91-generic\", \"requestParameters\": {}, \"responseElements\": {\"_return\": true}, \"requestID\": \"69aea269-1e23-4a9e-ae81-04c97efcb2e4\", \"eventID\": \"f2d5c7a5-bd27-4ed0-95e4-769f5e234b1c\", \"readOnly\": true, \"eventType\": \"AwsApiCall\", \"managementEvent\": true, \"recipientAccountId\": \"123456789012\"}",
    "log_file": "/home/narenpindi/Desktop/project/enterprise-soc-lab/logs/cloud/cloudtrail_events.json",
    "event_type": "cloud_api_call",
    "severity": "LOW",
    "details": {
      "event_name": "DescribeLogGroups",
      "event_source": "logs.amazonaws.com",
      "source_ip": "10.0.1.50",
      "user_name": "dev-ops-svc",
      "region": "us-east-1",
      "access_key": "AKIAIOSFODNN7EXAMPLE",
      "request_params": {},
      "error_code": null,
      "action": "DescribeLogGroups"
    },
    "event_id": "EVT-001219"
  },
  {
    "source": "proxy",
    "raw": "2026-02-18T20:55:00 4998 10.0.1.51 TCP_200/200 10557 GET https://registry.npmjs.org/express - DIRECT/142.250.80.46 Mozilla/5.0",
    "log_file": "/home/narenpindi/Desktop/project/enterprise-soc-lab/logs/network/proxy_access.log",
    "line_number": 69,
    "event_type": "web_request",
    "severity": "LOW",
    "timestamp": "2026-02-18T20:55:00",
    "details": {
      "source_ip": "10.0.1.51",
      "method": "GET",
      "url": "https://registry.npmjs.org/express",
      "bytes": 10557,
      "status": "200",
      "action": "web_access"
    },
    "event_id": "EVT-001220"
  },
  {
    "source": "linux_auth",
    "raw": "Feb 18 21:00:00 prod-web-01 CRON[25312]: (root CMD (test -x /usr/sbin/anacron || ( cd / && run-parts --report /etc/cron.daily )))",
    "log_file": "/home/narenpindi/Desktop/project/enterprise-soc-lab/logs/linux/auth.log",
    "line_number": 494,
    "timestamp": "2026-02-18T21:00:00",
    "event_type": "scheduled_task",
    "severity": "LOW",
    "details": {
      "action": "cron_execution",
      "command": "test -x /usr/sbin/anacron || ( cd / && run-parts --report /etc/cron.daily ))"
    },
    "event_id": "EVT-001221"
  },
  {
    "source": "windows_security",
    "timestamp": "2026-02-18T21:48:00",
    "raw": "{\"EventID\": 4624, \"TimeCreated\": \"2026-02-18T21:48:00Z\", \"Computer\": \"WS-FIN-PC04.corpsec.local\", \"Channel\": \"Security\", \"Provider\": \"Microsoft-Windows-Security-Auditing\", \"Level\": \"Information\", \"Task\": \"Logon\", \"Keywords\": \"Audit Success\", \"EventData\": {\"SubjectUserSid\": \"S-1-5-18\", \"SubjectUserName\": \"WS-FIN-PC04$\", \"SubjectDomainName\": \"CORPSEC\", \"TargetUserSid\": \"S-1-5-21-6217190-5487\", \"TargetUserName\": \"administrator\", \"TargetDomainName\": \"CORPSEC\", \"LogonType\": \"3\", \"LogonProcessName\": \"NtLmSsp\", \"AuthenticationPackageName\": \"NTLM\", \"WorkstationName\": \"WS-FIN-PC04\", \"LogonGuid\": \"{f673546c-6b49-495d-81cc-a43a9b7bbdbd}\", \"IpAddress\": \"10.0.2.50\", \"IpPort\": \"51422\", \"ElevatedToken\": \"%%1842\"}}",
    "log_file": "/home/narenpindi/Desktop/project/enterprise-soc-lab/logs/windows/security_events.json",
    "event_type": "authentication_success",
    "severity": "INFO",
    "details": {
      "source_ip": "10.0.2.50",
      "username": "administrator",
      "domain": "CORPSEC",
      "logon_type": "3",
      "service": "windows_logon",
      "action": "successful_login"
    },
    "event_id": "EVT-001222"
  },
  {
    "source": "dns",
    "raw": "18-Feb-2026 21:52:00.000 queries: info: client @0x8fc3 10.0.1.51#47965 (slack.com): query: slack.com IN A + (10.0.0.2)",
    "log_file": "/home/narenpindi/Desktop/project/enterprise-soc-lab/logs/network/dns_queries.log",
    "line_number": 277,
    "event_type": "dns_query",
    "severity": "LOW",
    "details": {
      "query_domain": "slack.com",
      "query_type": "A",
      "source_ip": "10.0.1.51",
      "action": "dns_lookup"
    },
    "timestamp": "2026-02-18T21:52:00",
    "event_id": "EVT-001223"
  },
  {
    "source": "aws_cloudtrail",
    "timestamp": "2026-02-18T21:57:00",
    "raw": "{\"eventVersion\": \"1.08\", \"userIdentity\": {\"type\": \"IAMUser\", \"principalId\": \"AIDAEXAMPLE99071\", \"arn\": \"arn:aws:iam::123456789012:user/dev-ops-svc\", \"accountId\": \"123456789012\", \"accessKeyId\": \"AKIAIOSFODNN7EXAMPLE\", \"userName\": \"dev-ops-svc\"}, \"eventTime\": \"2026-02-18T21:57:00Z\", \"eventSource\": \"sts.amazonaws.com\", \"eventName\": \"GetCallerIdentity\", \"awsRegion\": \"us-east-1\", \"sourceIPAddress\": \"10.0.1.50\", \"userAgent\": \"aws-cli/2.15.0 Python/3.11.6 Linux/5.15.0-91-generic\", \"requestParameters\": {}, \"responseElements\": {\"_return\": true}, \"requestID\": \"3c3b7c29-2669-4272-8327-350a91cbf28f\", \"eventID\": \"3ad72847-8219-4607-8855-80fc8e2c3319\", \"readOnly\": true, \"eventType\": \"AwsApiCall\", \"managementEvent\": true, \"recipientAccountId\": \"123456789012\"}",
    "log_file": "/home/narenpindi/Desktop/project/enterprise-soc-lab/logs/cloud/cloudtrail_events.json",
    "event_type": "cloud_api_call",
    "severity": "LOW",
    "details": {
      "event_name": "GetCallerIdentity",
      "event_source": "sts.amazonaws.com",
      "source_ip": "10.0.1.50",
      "user_name": "dev-ops-svc",
      "region": "us-east-1",
      "access_key": "AKIAIOSFODNN7EXAMPLE",
      "request_params": {},
      "error_code": null,
      "action": "GetCallerIdentity"
    },
    "event_id": "EVT-001224"
  },
  {
    "source": "dns",
    "raw": "18-Feb-2026 22:25:00.000 queries: info: client @0x59c4 10.0.1.50#54029 (github.com): query: github.com IN CNAME + (10.0.0.2)",
    "log_file": "/home/narenpindi/Desktop/project/enterprise-soc-lab/logs/network/dns_queries.log",
    "line_number": 278,
    "event_type": "dns_query",
    "severity": "LOW",
    "details": {
      "query_domain": "github.com",
      "query_type": "CNAME",
      "source_ip": "10.0.1.50",
      "action": "dns_lookup"
    },
    "timestamp": "2026-02-18T22:25:00",
    "event_id": "EVT-001225"
  },
  {
    "source": "dns",
    "raw": "18-Feb-2026 22:40:00.000 queries: info: client @0xa151 10.0.2.10#54108 (pypi.org): query: pypi.org IN CNAME + (10.0.0.2)",
    "log_file": "/home/narenpindi/Desktop/project/enterprise-soc-lab/logs/network/dns_queries.log",
    "line_number": 279,
    "event_type": "dns_query",
    "severity": "LOW",
    "details": {
      "query_domain": "pypi.org",
      "query_type": "CNAME",
      "source_ip": "10.0.2.10",
      "action": "dns_lookup"
    },
    "timestamp": "2026-02-18T22:40:00",
    "event_id": "EVT-001226"
  },
  {
    "source": "windows_security",
    "timestamp": "2026-02-18T23:04:00",
    "raw": "{\"EventID\": 4624, \"TimeCreated\": \"2026-02-18T23:04:00Z\", \"Computer\": \"WS-FIN-PC04.corpsec.local\", \"Channel\": \"Security\", \"Provider\": \"Microsoft-Windows-Security-Auditing\", \"Level\": \"Information\", \"Task\": \"Logon\", \"Keywords\": \"Audit Success\", \"EventData\": {\"SubjectUserSid\": \"S-1-5-18\", \"SubjectUserName\": \"WS-FIN-PC04$\", \"SubjectDomainName\": \"CORPSEC\", \"TargetUserSid\": \"S-1-5-21-9215803-9047\", \"TargetUserName\": \"svc_backup\", \"TargetDomainName\": \"CORPSEC\", \"LogonType\": \"2\", \"LogonProcessName\": \"NtLmSsp\", \"AuthenticationPackageName\": \"NTLM\", \"WorkstationName\": \"WS-FIN-PC04\", \"LogonGuid\": \"{4c946d0f-8a24-40c4-9f4b-8d1cf117018b}\", \"IpAddress\": \"10.0.1.101\", \"IpPort\": \"40931\", \"ElevatedToken\": \"%%1843\"}}",
    "log_file": "/home/narenpindi/Desktop/project/enterprise-soc-lab/logs/windows/security_events.json",
    "event_type": "authentication_success",
    "severity": "INFO",
    "details": {
      "source_ip": "10.0.1.101",
      "username": "svc_backup",
      "domain": "CORPSEC",
      "logon_type": "2",
      "service": "windows_logon",
      "action": "successful_login"
    },
    "event_id": "EVT-001227"
  },
  {
    "source": "proxy",
    "raw": "2026-02-18T23:05:00 3619 10.0.2.10 TCP_200/200 37527 GET https://registry.npmjs.org/express - DIRECT/13.107.42.14 Mozilla/5.0",
    "log_file": "/home/narenpindi/Desktop/project/enterprise-soc-lab/logs/network/proxy_access.log",
    "line_number": 70,
    "event_type": "web_request",
    "severity": "LOW",
    "timestamp": "2026-02-18T23:05:00",
    "details": {
      "source_ip": "10.0.2.10",
      "method": "GET",
      "url": "https://registry.npmjs.org/express",
      "bytes": 37527,
      "status": "200",
      "action": "web_access"
    },
    "event_id": "EVT-001228"
  },
  {
    "source": "windows_security",
    "timestamp": "2026-02-18T23:10:00",
    "raw": "{\"EventID\": 4624, \"TimeCreated\": \"2026-02-18T23:10:00Z\", \"Computer\": \"WS-FIN-PC04.corpsec.local\", \"Channel\": \"Security\", \"Provider\": \"Microsoft-Windows-Security-Auditing\", \"Level\": \"Information\", \"Task\": \"Logon\", \"Keywords\": \"Audit Success\", \"EventData\": {\"SubjectUserSid\": \"S-1-5-18\", \"SubjectUserName\": \"WS-FIN-PC04$\", \"SubjectDomainName\": \"CORPSEC\", \"TargetUserSid\": \"S-1-5-21-2342537-8995\", \"TargetUserName\": \"administrator\", \"TargetDomainName\": \"CORPSEC\", \"LogonType\": \"10\", \"LogonProcessName\": \"NtLmSsp\", \"AuthenticationPackageName\": \"NTLM\", \"WorkstationName\": \"WS-FIN-PC04\", \"LogonGuid\": \"{6b7c1c71-b4a4-41dc-9070-6b14752eb785}\", \"IpAddress\": \"10.0.1.101\", \"IpPort\": \"48487\", \"ElevatedToken\": \"%%1842\"}}",
    "log_file": "/home/narenpindi/Desktop/project/enterprise-soc-lab/logs/windows/security_events.json",
    "event_type": "authentication_success",
    "severity": "INFO",
    "details": {
      "source_ip": "10.0.1.101",
      "username": "administrator",
      "domain": "CORPSEC",
      "logon_type": "10",
      "service": "windows_logon",
      "action": "successful_login"
    },
    "event_id": "EVT-001229"
  },
  {
    "source": "windows_security",
    "timestamp": "2026-02-18T23:22:00",
    "raw": "{\"EventID\": 4624, \"TimeCreated\": \"2026-02-18T23:22:00Z\", \"Computer\": \"WS-FIN-PC04.corpsec.local\", \"Channel\": \"Security\", \"Provider\": \"Microsoft-Windows-Security-Auditing\", \"Level\": \"Information\", \"Task\": \"Logon\", \"Keywords\": \"Audit Success\", \"EventData\": {\"SubjectUserSid\": \"S-1-5-18\", \"SubjectUserName\": \"WS-FIN-PC04$\", \"SubjectDomainName\": \"CORPSEC\", \"TargetUserSid\": \"S-1-5-21-2044468-8794\", \"TargetUserName\": \"jsmith\", \"TargetDomainName\": \"CORPSEC\", \"LogonType\": \"2\", \"LogonProcessName\": \"NtLmSsp\", \"AuthenticationPackageName\": \"NTLM\", \"WorkstationName\": \"WS-FIN-PC04\", \"LogonGuid\": \"{3149655e-f891-464b-a8a7-a0e412a809c9}\", \"IpAddress\": \"10.0.2.50\", \"IpPort\": \"53476\", \"ElevatedToken\": \"%%1843\"}}",
    "log_file": "/home/narenpindi/Desktop/project/enterprise-soc-lab/logs/windows/security_events.json",
    "event_type": "authentication_success",
    "severity": "INFO",
    "details": {
      "source_ip": "10.0.2.50",
      "username": "jsmith",
      "domain": "CORPSEC",
      "logon_type": "2",
      "service": "windows_logon",
      "action": "successful_login"
    },
    "event_id": "EVT-001230"
  },
  {
    "source": "dns",
    "raw": "18-Feb-2026 23:42:00.000 queries: info: client @0x51fb 10.0.1.50#40286 (cloudflare.com): query: cloudflare.com IN CNAME + (10.0.0.2)",
    "log_file": "/home/narenpindi/Desktop/project/enterprise-soc-lab/logs/network/dns_queries.log",
    "line_number": 280,
    "event_type": "dns_query",
    "severity": "LOW",
    "details": {
      "query_domain": "cloudflare.com",
      "query_type": "CNAME",
      "source_ip": "10.0.1.50",
      "action": "dns_lookup"
    },
    "timestamp": "2026-02-18T23:42:00",
    "event_id": "EVT-001231"
  }
]