  {
    "source": "windows_security",
    "timestamp": "2026-02-17T11:36:51.995754",
    "raw": "{\"EventID\": 4625, \"TimeCreated\": \"2026-02-17T11:36:51.995754Z\", \"Computer\": \"WS-FIN-PC04.corpsec.local\", \"Channel\": \"Security\", \"Provider\": \"Microsoft-Windows-Security-Auditing\", \"Level\": \"Information\", \"Task\": \"Logon\", \"Keywords\": \"Audit Failure\", \"EventData\": {\"SubjectUserSid\": \"S-1-0-0\", \"SubjectUserName\": \"-\", \"SubjectDomainName\": \"-\", \"TargetUserName\": \"administrator\", \"TargetDomainName\": \"CORPSEC\", \"Status\": \"0xC000006D\", \"FailureReason\": \"Bad username or authentication information\", \"SubStatus\": \"0x0\", \"LogonType\": \"10\", \"LogonProcessName\": \"NtLmSsp\", \"AuthenticationPackageName\": \"NTLM\", \"WorkstationName\": \"WS-FIN-PC04\", \"IpAddress\": \"203.0.113.45\", \"IpPort\": \"45872\", \"LogonGuid\": \"{00000000-0000-0000-0000-000000000000}\"}}",
    "log_file": "/home/narenpindi/Desktop/project/enterprise-soc-lab/logs/windows/security_events.json",
    "event_type": "authentication_failure",
    "severity": "MEDIUM",
    "details": {
      "source_ip": "203.0.113.45",
      "username": "administrator",
      "domain": "CORPSEC",
      "logon_type": "10",
      "failure_reason": "Bad username or authentication information",
      "service": "windows_logon",
      "action": "failed_login"
    },
    "event_id": "EVT-000776"
  },
  {
    "source": "windows_security",
    "timestamp": "2026-02-17T11:36:52.788523",
    "raw": "{\"EventID\": 4625, \"TimeCreated\": \"2026-02-17T11:36:52.788523Z\", \"Computer\": \"WS-FIN-PC04.corpsec.local\", \"Channel\": \"Security\", \"Provider\": \"Microsoft-Windows-Security-Auditing\", \"Level\": \"Information\", \"Task\": \"Logon\", \"Keywords\": \"Audit Failure\", \"EventData\": {\"SubjectUserSid\": \"S-1-0-0\", \"SubjectUserName\": \"-\", \"SubjectDomainName\": \"-\", \"TargetUserName\": \"admin\", \"TargetDomainName\": \"CORPSEC\", \"Status\": \"0xC0000072\", \"FailureReason\": \"The user account is disabled\", \"SubStatus\": \"0x0\", \"LogonType\": \"10\", \"LogonProcessName\": \"NtLmSsp\", \"AuthenticationPackageName\": \"NTLM\", \"WorkstationName\": \"WS-FIN-PC04\", \"IpAddress\": \"203.0.113.45\", \"IpPort\": \"46250\", \"LogonGuid\": \"{00000000-0000-0000-0000-000000000000}\"}}",
    "log_file": "/home/narenpindi/Desktop/project/enterprise-soc-lab/logs/windows/security_events.json",
    "event_type": "authentication_failure",
    "severity": "MEDIUM",
    "details": {
      "source_ip": "203.0.113.45",
      "username": "admin",
      "domain": "CORPSEC",
      "logon_type": "10",
      "failure_reason": "The user account is disabled",
      "service": "windows_logon",
      "action": "failed_login"
    },
    "event_id": "EVT-000777"
  },
  {
    "source": "windows_security",
    "timestamp": "2026-02-17T11:36:53.784656",
    "raw": "{\"EventID\": 4625, \"TimeCreated\": \"2026-02-17T11:36:53.784656Z\", \"Computer\": \"WS-FIN-PC04.corpsec.local\", \"Channel\": \"Security\", \"Provider\": \"Microsoft-Windows-Security-Auditing\", \"Level\": \"Information\", \"Task\": \"Logon\", \"Keywords\": \"Audit Failure\", \"EventData\": {\"SubjectUserSid\": \"S-1-0-0\", \"SubjectUserName\": \"-\", \"SubjectDomainName\": \"-\", \"TargetUserName\": \"sa\", \"TargetDomainName\": \"CORPSEC\", \"Status\": \"0xC000006D\", \"FailureReason\": \"Bad username or authentication information\", \"SubStatus\": \"0x0\", \"LogonType\": \"10\", \"LogonProcessName\": \"NtLmSsp\", \"AuthenticationPackageName\": \"NTLM\", \"WorkstationName\": \"WS-FIN-PC04\", \"IpAddress\": \"203.0.113.45\", \"IpPort\": \"47749\", \"LogonGuid\": \"{00000000-0000-0000-0000-000000000000}\"}}",
    "log_file": "/home/narenpindi/Desktop/project/enterprise-soc-lab/logs/windows/security_events.json",
    "event_type": "authentication_failure",
    "severity": "MEDIUM",
    "details": {
      "source_ip": "203.0.113.45",
      "username": "sa",
      "domain": "CORPSEC",
      "logon_type": "10",
      "failure_reason": "Bad username or authentication information",
      "service": "windows_logon",
      "action": "failed_login"
    },
    "event_id": "EVT-000778"
  },
  {
    "source": "windows_security",
    "timestamp": "2026-02-17T11:36:54.496937",
    "raw": "{\"EventID\": 4625, \"TimeCreated\": \"2026-02-17T11:36:54.496937Z\", \"Computer\": \"WS-FIN-PC04.corpsec.local\", \"Channel\": \"Security\", \"Provider\": \"Microsoft-Windows-Security-Auditing\", \"Level\": \"Information\", \"Task\": \"Logon\", \"Keywords\": \"Audit Failure\", \"EventData\": {\"SubjectUserSid\": \"S-1-0-0\", \"SubjectUserName\": \"-\", \"SubjectDomainName\": \"-\", \"TargetUserName\": \"svc_backup\", \"TargetDomainName\": \"CORPSEC\", \"Status\": \"0xC000006A\", \"FailureReason\": \"An incorrect password was supplied\", \"SubStatus\": \"0x0\", \"LogonType\": \"10\", \"LogonProcessName\": \"NtLmSsp\", \"AuthenticationPackageName\": \"NTLM\", \"WorkstationName\": \"WS-FIN-PC04\", \"IpAddress\": \"203.0.113.45\", \"IpPort\": \"45557\", \"LogonGuid\": \"{00000000-0000-0000-0000-000000000000}\"}}",
    "log_file": "/home/narenpindi/Desktop/project/enterprise-soc-lab/logs/windows/security_events.json",
    "event_type": "authentication_failure",
    "severity": "MEDIUM",
    "details": {
      "source_ip": "203.0.113.45",
      "username": "svc_backup",
      "domain": "CORPSEC",
      "logon_type": "10",
      "failure_reason": "An incorrect password was supplied",
      "service": "windows_logon",
      "action": "failed_login"
    },
    "event_id": "EVT-000779"
  },
  {
    "source": "windows_security",
    "timestamp": "2026-02-17T11:36:55.913035",
    "raw": "{\"EventID\": 4625, \"TimeCreated\": \"2026-02-17T11:36:55.913035Z\", \"Computer\": \"WS-FIN-PC04.corpsec.local\", \"Channel\": \"Security\", \"Provider\": \"Microsoft-Windows-Security-Auditing\", \"Level\": \"Information\", \"Task\": \"Logon\", \"Keywords\": \"Audit Failure\", \"EventData\": {\"SubjectUserSid\": \"S-1-0-0\", \"SubjectUserName\": \"-\", \"SubjectDomainName\": \"-\", \"TargetUserName\": \"admin\", \"TargetDomainName\": \"CORPSEC\", \"Status\": \"0xC0000064\", \"FailureReason\": \"The specified user does not exist\", \"SubStatus\": \"0x0\", \"LogonType\": \"10\", \"LogonProcessName\": \"NtLmSsp\", \"AuthenticationPackageName\": \"NTLM\", \"WorkstationName\": \"WS-FIN-PC04\", \"IpAddress\": \"203.0.113.45\", \"IpPort\": \"53468\", \"LogonGuid\": \"{00000000-0000-0000-0000-000000000000}\"}}",
    "log_file": "/home/narenpindi/Desktop/project/enterprise-soc-lab/logs/windows/security_events.json",
    "event_type": "authentication_failure",
    "severity": "MEDIUM",
    "details": {
      "source_ip": "203.0.113.45",
      "username": "admin",
      "domain": "CORPSEC",
      "logon_type": "10",
      "failure_reason": "The specified user does not exist",
      "service": "windows_logon",
      "action": "failed_login"
    },
    "event_id": "EVT-000780"
  },
  {
    "source": "windows_security",
    "timestamp": "2026-02-17T11:36:57.966773",
    "raw": "{\"EventID\": 4625, \"TimeCreated\": \"2026-02-17T11:36:57.966773Z\", \"Computer\": \"WS-FIN-PC04.corpsec.local\", \"Channel\": \"Security\", \"Provider\": \"Microsoft-Windows-Security-Auditing\", \"Level\": \"Information\", \"Task\": \"Logon\", \"Keywords\": \"Audit Failure\", \"EventData\": {\"SubjectUserSid\": \"S-1-0-0\", \"SubjectUserName\": \"-\", \"SubjectDomainName\": \"-\", \"TargetUserName\": \"administrator\", \"TargetDomainName\": \"CORPSEC\", \"Status\": \"0xC0000234\", \"FailureReason\": \"The user account has been locked out\", \"SubStatus\": \"0x0\", \"LogonType\": \"10\", \"LogonProcessName\": \"NtLmSsp\", \"AuthenticationPackageName\": \"NTLM\", \"WorkstationName\": \"WS-FIN-PC04\", \"IpAddress\": \"203.0.113.45\", \"IpPort\": \"49985\", \"LogonGuid\": \"{00000000-0000-0000-0000-000000000000}\"}}",
    "log_file": "/home/narenpindi/Desktop/project/enterprise-soc-lab/logs/windows/security_events.json",
    "event_type": "authentication_failure",
    "severity": "MEDIUM",
    "details": {
      "source_ip": "203.0.113.45",
      "username": "administrator",
      "domain": "CORPSEC",
      "logon_type": "10",
      "failure_reason": "The user account has been locked out",
      "service": "windows_logon",
      "action": "failed_login"
    },
    "event_id": "EVT-000781"
  },
  {
    "source": "windows_security",
    "timestamp": "2026-02-17T11:36:58.609518",
    "raw": "{\"EventID\": 4625, \"TimeCreated\": \"2026-02-17T11:36:58.609518Z\", \"Computer\": \"WS-FIN-PC04.corpsec.local\", \"Channel\": \"Security\", \"Provider\": \"Microsoft-Windows-Security-Auditing\", \"Level\": \"Information\", \"Task\": \"Logon\", \"Keywords\": \"Audit Failure\", \"EventData\": {\"SubjectUserSid\": \"S-1-0-0\", \"SubjectUserName\": \"-\", \"SubjectDomainName\": \"-\", \"TargetUserName\": \"svc_backup\", \"TargetDomainName\": \"CORPSEC\", \"Status\": \"0xC000006D\", \"FailureReason\": \"Bad username or authentication information\", \"SubStatus\": \"0x0\", \"LogonType\": \"10\", \"LogonProcessName\": \"NtLmSsp\", \"AuthenticationPackageName\": \"NTLM\", \"WorkstationName\": \"WS-FIN-PC04\", \"IpAddress\": \"203.0.113.45\", \"IpPort\": \"44181\", \"LogonGuid\": \"{00000000-0000-0000-0000-000000000000}\"}}",
    "log_file": "/home/narenpindi/Desktop/project/enterprise-soc-lab/logs/windows/security_events.json",
    "event_type": "authentication_failure",
    "severity": "MEDIUM",
    "details": {
      "source_ip": "203.0.113.45",
      "username": "svc_backup",
      "domain": "CORPSEC",
      "logon_type": "10",
      "failure_reason": "Bad username or authentication information",
      "service": "windows_logon",
      "action": "failed_login"
    },
    "event_id": "EVT-000782"
  },
  {
    "source": "windows_security",
    "timestamp": "2026-02-17T11:37:02.276043",
    "raw": "{\"EventID\": 4625, \"TimeCreated\": \"2026-02-17T11:37:02.276043Z\", \"Computer\": \"WS-FIN-PC04.corpsec.local\", \"Channel\": \"Security\", \"Provider\": \"Microsoft-Windows-Security-Auditing\", \"Level\": \"Information\", \"Task\": \"Logon\", \"Keywords\": \"Audit Failure\", \"EventData\": {\"SubjectUserSid\": \"S-1-0-0\", \"SubjectUserName\": \"-\", \"SubjectDomainName\": \"-\", \"TargetUserName\": \"user1\", \"TargetDomainName\": \"CORPSEC\", \"Status\": \"0xC0000234\", \"FailureReason\": \"The user account has been locked out\", \"SubStatus\": \"0x0\", \"LogonType\": \"10\", \"LogonProcessName\": \"NtLmSsp\", \"AuthenticationPackageName\": \"NTLM\", \"WorkstationName\": \"WS-FIN-PC04\", \"IpAddress\": \"203.0.113.45\", \"IpPort\": \"54204\", \"LogonGuid\": \"{00000000-0000-0000-0000-000000000000}\"}}",
    "log_file": "/home/narenpindi/Desktop/project/enterprise-soc-lab/logs/windows/security_events.json",
    "event_type": "authentication_failure",
    "severity": "MEDIUM",
    "details": {
      "source_ip": "203.0.113.45",
      "username": "user1",
      "domain": "CORPSEC",
      "logon_type": "10",
      "failure_reason": "The user account has been locked out",
      "service": "windows_logon",
      "action": "failed_login"
    },
    "event_id": "EVT-000783"
  },
  {
    "source": "windows_security",
    "timestamp": "2026-02-17T11:37:03.863889",
    "raw": "{\"EventID\": 4625, \"TimeCreated\": \"2026-02-17T11:37:03.863889Z\", \"Computer\": \"WS-FIN-PC04.corpsec.local\", \"Channel\": \"Security\", \"Provider\": \"Microsoft-Windows-Security-Auditing\", \"Level\": \"Information\", \"Task\": \"Logon\", \"Keywords\": \"Audit Failure\", \"EventData\": {\"SubjectUserSid\": \"S-1-0-0\", \"SubjectUserName\": \"-\", \"SubjectDomainName\": \"-\", \"TargetUserName\": \"guest\", \"TargetDomainName\": \"CORPSEC\", \"Status\": \"0xC0000064\", \"FailureReason\": \"The specified user does not exist\", \"SubStatus\": \"0x0\", \"LogonType\": \"10\", \"LogonProcessName\": \"NtLmSsp\", \"AuthenticationPackageName\": \"NTLM\", \"WorkstationName\": \"WS-FIN-PC04\", \"IpAddress\": \"203.0.113.45\", \"IpPort\": \"63696\", \"LogonGuid\": \"{00000000-0000-0000-0000-000000000000}\"}}",
    "log_file": "/home/narenpindi/Desktop/project/enterprise-soc-lab/logs/windows/security_events.json",
    "event_type": "authentication_failure",
    "severity": "MEDIUM",
    "details": {
      "source_ip": "203.0.113.45",
      "username": "guest",
      "domain": "CORPSEC",
      "logon_type": "10",
      "failure_reason": "The specified user does not exist",
      "service": "windows_logon",
      "action": "failed_login"
    },
    "event_id": "EVT-000784"
  },
  {
    "source": "windows_security",
    "timestamp": "2026-02-17T11:37:04.741258",
    "raw": "{\"EventID\": 4625, \"TimeCreated\": \"2026-02-17T11:37:04.741258Z\", \"Computer\": \"WS-FIN-PC04.corpsec.local\", \"Channel\": \"Security\", \"Provider\": \"Microsoft-Windows-Security-Auditing\", \"Level\": \"Information\", \"Task\": \"Logon\", \"Keywords\": \"Audit Failure\", \"EventData\": {\"SubjectUserSid\": \"S-1-0-0\", \"SubjectUserName\": \"-\", \"SubjectDomainName\": \"-\", \"TargetUserName\": \"jsmith\", \"TargetDomainName\": \"CORPSEC\", \"Status\": \"0xC0000064\", \"FailureReason\": \"The specified user does not exist\", \"SubStatus\": \"0x0\", \"LogonType\": \"10\", \"LogonProcessName\": \"NtLmSsp\", \"AuthenticationPackageName\": \"NTLM\", \"WorkstationName\": \"WS-FIN-PC04\", \"IpAddress\": \"203.0.113.45\", \"IpPort\": \"47866\", \"LogonGuid\": \"{00000000-0000-0000-0000-000000000000}\"}}",
    "log_file": "/home/narenpindi/Desktop/project/enterprise-soc-lab/logs/windows/security_events.json",
    "event_type": "authentication_failure",
    "severity": "MEDIUM",
    "details": {
      "source_ip": "203.0.113.45",
      "username": "jsmith",
      "domain": "CORPSEC",
      "logon_type": "10",
      "failure_reason": "The specified user does not exist",
      "service": "windows_logon",
      "action": "failed_login"
    },
    "event_id": "EVT-000785"
  },
  {
    "source": "windows_security",
    "timestamp": "2026-02-17T11:37:04.792010",
    "raw": "{\"EventID\": 4625, \"TimeCreated\": \"2026-02-17T11:37:04.792010Z\", \"Computer\": \"WS-FIN-PC04.corpsec.local\", \"Channel\": \"Security\", \"Provider\": \"Microsoft-Windows-Security-Auditing\", \"Level\": \"Information\", \"Task\": \"Logon\", \"Keywords\": \"Audit Failure\", \"EventData\": {\"SubjectUserSid\": \"S-1-0-0\", \"SubjectUserName\": \"-\", \"SubjectDomainName\": \"-\", \"TargetUserName\": \"guest\", \"TargetDomainName\": \"CORPSEC\", \"Status\": \"0xC000006D\", \"FailureReason\": \"Bad username or authentication information\", \"SubStatus\": \"0x0\", \"LogonType\": \"10\", \"LogonProcessName\": \"NtLmSsp\", \"AuthenticationPackageName\": \"NTLM\", \"WorkstationName\": \"WS-FIN-PC04\", \"IpAddress\": \"203.0.113.45\", \"IpPort\": \"42391\", \"LogonGuid\": \"{00000000-0000-0000-0000-000000000000}\"}}",
    "log_file": "/home/narenpindi/Desktop/project/enterprise-soc-lab/logs/windows/security_events.json",
    "event_type": "authentication_failure",
    "severity": "MEDIUM",
    "details": {
      "source_ip": "203.0.113.45",
      "username": "guest",
      "domain": "CORPSEC",
      "logon_type": "10",
      "failure_reason": "Bad username or authentication information",
      "service": "windows_logon",
      "action": "failed_login"
    },
    "event_id": "EVT-000786"
  },
  {
    "source": "windows_security",
    "timestamp": "2026-02-17T11:37:05.297594",
    "raw": "{\"EventID\": 4625, \"TimeCreated\": \"2026-02-17T11:37:05.297594Z\", \"Computer\": \"WS-FIN-PC04.corpsec.local\", \"Channel\": \"Security\", \"Provider\": \"Microsoft-Windows-Security-Auditing\", \"Level\": \"Information\", \"Task\": \"Logon\", \"Keywords\": \"Audit Failure\", \"EventData\": {\"SubjectUserSid\": \"S-1-0-0\", \"SubjectUserName\": \"-\", \"SubjectDomainName\": \"-\", \"TargetUserName\": \"guest\", \"TargetDomainName\": \"CORPSEC\", \"Status\": \"0xC0000064\", \"FailureReason\": \"The specified user does not exist\", \"SubStatus\": \"0x0\", \"LogonType\": \"10\", \"LogonProcessName\": \"NtLmSsp\", \"AuthenticationPackageName\": \"NTLM\", \"WorkstationName\": \"WS-FIN-PC04\", \"IpAddress\": \"203.0.113.45\", \"IpPort\": \"42257\", \"LogonGuid\": \"{00000000-0000-0000-0000-000000000000}\"}}",
    "log_file": "/home/narenpindi/Desktop/project/enterprise-soc-lab/logs/windows/security_events.json",
    "event_type": "authentication_failure",
    "severity": "MEDIUM",
    "details": {
      "source_ip": "203.0.113.45",
      "username": "guest",
      "domain": "CORPSEC",
      "logon_type": "10",
      "failure_reason": "The specified user does not exist",
      "service": "windows_logon",
      "action": "failed_login"
    },
    "event_id": "EVT-000787"
  },
  {
    "source": "windows_security",
    "timestamp": "2026-02-17T11:37:10.011950",
    "raw": "{\"EventID\": 4625, \"TimeCreated\": \"2026-02-17T11:37:10.011950Z\", \"Computer\": \"WS-FIN-PC04.corpsec.local\", \"Channel\": \"Security\", \"Provider\": \"Microsoft-Windows-Security-Auditing\", \"Level\": \"Information\", \"Task\": \"Logon\", \"Keywords\": \"Audit Failure\", \"EventData\": {\"SubjectUserSid\": \"S-1-0-0\", \"SubjectUserName\": \"-\", \"SubjectDomainName\": \"-\", \"TargetUserName\": \"jsmith\", \"TargetDomainName\": \"CORPSEC\", \"Status\": \"0xC0000064\", \"FailureReason\": \"The specified user does not exist\", \"SubStatus\": \"0x0\", \"LogonType\": \"10\", \"LogonProcessName\": \"NtLmSsp\", \"AuthenticationPackageName\": \"NTLM\", \"WorkstationName\": \"WS-FIN-PC04\", \"IpAddress\": \"203.0.113.45\", \"IpPort\": \"48506\", \"LogonGuid\": \"{00000000-0000-0000-0000-000000000000}\"}}",
    "log_file": "/home/narenpindi/Desktop/project/enterprise-soc-lab/logs/windows/security_events.json",
    "event_type": "authentication_failure",
    "severity": "MEDIUM",
    "details": {
      "source_ip": "203.0.113.45",
      "username": "jsmith",
      "domain": "CORPSEC",
      "logon_type": "10",
      "failure_reason": "The specified user does not exist",
      "service": "windows_logon",
      "action": "failed_login"
    },
    "event_id": "EVT-000788"
  },
  {
    "source": "windows_security",
    "timestamp": "2026-02-17T11:37:10.989227",
    "raw": "{\"EventID\": 4625, \"TimeCreated\": \"2026-02-17T11:37:10.989227Z\", \"Computer\": \"WS-FIN-PC04.corpsec.local\", \"Channel\": \"Security\", \"Provider\": \"Microsoft-Windows-Security-Auditing\", \"Level\": \"Information\", \"Task\": \"Logon\", \"Keywords\": \"Audit Failure\", \"EventData\": {\"SubjectUserSid\": \"S-1-0-0\", \"SubjectUserName\": \"-\", \"SubjectDomainName\": \"-\", \"TargetUserName\": \"svc_backup\", \"TargetDomainName\": \"CORPSEC\", \"Status\": \"0xC0000064\", \"FailureReason\": \"The specified user does not exist\", \"SubStatus\": \"0x0\", \"LogonType\": \"10\", \"LogonProcessName\": \"NtLmSsp\", \"AuthenticationPackageName\": \"NTLM\", \"WorkstationName\": \"WS-FIN-PC04\", \"IpAddress\": \"203.0.113.45\", \"IpPort\": \"55062\", \"LogonGuid\": \"{00000000-0000-0000-0000-000000000000}\"}}",
    "log_file": "/home/narenpindi/Desktop/project/enterprise-soc-lab/logs/windows/security_events.json",
    "event_type": "authentication_failure",
    "severity": "MEDIUM",
    "details": {
      "source_ip": "203.0.113.45",
      "username": "svc_backup",
      "domain": "CORPSEC",
      "logon_type": "10",
      "failure_reason": "The specified user does not exist",
      "service": "windows_logon",
      "action": "failed_login"
    },
    "event_id": "EVT-000789"
  },
  {
    "source": "windows_security",
    "timestamp": "2026-02-17T11:37:13.090032",
    "raw": "{\"EventID\": 4625, \"TimeCreated\": \"2026-02-17T11:37:13.090032Z\", \"Computer\": \"WS-FIN-PC04.corpsec.local\", \"Channel\": \"Security\", \"Provider\": \"Microsoft-Windows-Security-Auditing\", \"Level\": \"Information\", \"Task\": \"Logon\", \"Keywords\": \"Audit Failure\", \"EventData\": {\"SubjectUserSid\": \"S-1-0-0\", \"SubjectUserName\": \"-\", \"SubjectDomainName\": \"-\", \"TargetUserName\": \"guest\", \"TargetDomainName\": \"CORPSEC\", \"Status\": \"0xC0000072\", \"FailureReason\": \"The user account is disabled\", \"SubStatus\": \"0x0\", \"LogonType\": \"10\", \"LogonProcessName\": \"NtLmSsp\", \"AuthenticationPackageName\": \"NTLM\", \"WorkstationName\": \"WS-FIN-PC04\", \"IpAddress\": \"203.0.113.45\", \"IpPort\": \"48849\", \"LogonGuid\": \"{00000000-0000-0000-0000-000000000000}\"}}",
    "log_file": "/home/narenpindi/Desktop/project/enterprise-soc-lab/logs/windows/security_events.json",
    "event_type": "authentication_failure",
    "severity": "MEDIUM",
    "details": {
      "source_ip": "203.0.113.45",
      "username": "guest",
      "domain": "CORPSEC",
      "logon_type": "10",
      "failure_reason": "The user account is disabled",
      "service": "windows_logon",
      "action": "failed_login"
    },
    "event_id": "EVT-000790"
  },
  {
    "source": "windows_security",
    "timestamp": "2026-02-17T11:37:16.847793",
    "raw": "{\"EventID\": 4625, \"TimeCreated\": \"2026-02-17T11:37:16.847793Z\", \"Computer\": \"WS-FIN-PC04.corpsec.local\", \"Channel\": \"Security\", \"Provider\": \"Microsoft-Windows-Security-Auditing\", \"Level\": \"Information\", \"Task\": \"Logon\", \"Keywords\": \"Audit Failure\", \"EventData\": {\"SubjectUserSid\": \"S-1-0-0\", \"SubjectUserName\": \"-\", \"SubjectDomainName\": \"-\", \"TargetUserName\": \"guest\", \"TargetDomainName\": \"CORPSEC\", \"Status\": \"0xC0000072\", \"FailureReason\": \"The user account is disabled\", \"SubStatus\": \"0x0\", \"LogonType\": \"10\", \"LogonProcessName\": \"NtLmSsp\", \"AuthenticationPackageName\": \"NTLM\", \"WorkstationName\": \"WS-FIN-PC04\", \"IpAddress\": \"203.0.113.45\", \"IpPort\": \"62031\", \"LogonGuid\": \"{00000000-0000-0000-0000-000000000000}\"}}",
    "log_file": "/home/narenpindi/Desktop/project/enterprise-soc-lab/logs/windows/security_events.json",
    "event_type": "authentication_failure",
    "severity": "MEDIUM",
    "details": {
      "source_ip": "203.0.113.45",
      "username": "guest",
      "domain": "CORPSEC",
      "logon_type": "10",
      "failure_reason": "The user account is disabled",
      "service": "windows_logon",
      "action": "failed_login"
    },
    "event_id": "EVT-000791"
  },
  {
    "source": "windows_security",
    "timestamp": "2026-02-17T11:37:21.101138",
    "raw": "{\"EventID\": 4625, \"TimeCreated\": \"2026-02-17T11:37:21.101138Z\", \"Computer\": \"WS-FIN-PC04.corpsec.local\", \"Channel\": \"Security\", \"Provider\": \"Microsoft-Windows-Security-Auditing\", \"Level\": \"Information\", \"Task\": \"Logon\", \"Keywords\": \"Audit Failure\", \"EventData\": {\"SubjectUserSid\": \"S-1-0-0\", \"SubjectUserName\": \"-\", \"SubjectDomainName\": \"-\", \"TargetUserName\": \"dbadmin\", \"TargetDomainName\": \"CORPSEC\", \"Status\": \"0xC0000234\", \"FailureReason\": \"The user account has been locked out\", \"SubStatus\": \"0x0\", \"LogonType\": \"10\", \"LogonProcessName\": \"NtLmSsp\", \"AuthenticationPackageName\": \"NTLM\", \"WorkstationName\": \"WS-FIN-PC04\", \"IpAddress\": \"203.0.113.45\", \"IpPort\": \"53682\", \"LogonGuid\": \"{00000000-0000-0000-0000-000000000000}\"}}",
    "log_file": "/home/narenpindi/Desktop/project/enterprise-soc-lab/logs/windows/security_events.json",
    "event_type": "authentication_failure",
    "severity": "MEDIUM",
    "details": {
      "source_ip": "203.0.113.45",
      "username": "dbadmin",
      "domain": "CORPSEC",
      "logon_type": "10",
      "failure_reason": "The user account has been locked out",
      "service": "windows_logon",
      "action": "failed_login"
    },
    "event_id": "EVT-000792"
  },
  {
    "source": "windows_security",
    "timestamp": "2026-02-17T11:37:23.374042",
    "raw": "{\"EventID\": 4625, \"TimeCreated\": \"2026-02-17T11:37:23.374042Z\", \"Computer\": \"WS-FIN-PC04.corpsec.local\", \"Channel\": \"Security\", \"Provider\": \"Microsoft-Windows-Security-Auditing\", \"Level\": \"Information\", \"Task\": \"Logon\", \"Keywords\": \"Audit Failure\", \"EventData\": {\"SubjectUserSid\": \"S-1-0-0\", \"SubjectUserName\": \"-\", \"SubjectDomainName\": \"-\", \"TargetUserName\": \"guest\", \"TargetDomainName\": \"CORPSEC\", \"Status\": \"0xC0000064\", \"FailureReason\": \"The specified user does not exist\", \"SubStatus\": \"0x0\", \"LogonType\": \"10\", \"LogonProcessName\": \"NtLmSsp\", \"AuthenticationPackageName\": \"NTLM\", \"WorkstationName\": \"WS-FIN-PC04\", \"IpAddress\": \"203.0.113.45\", \"IpPort\": \"57704\", \"LogonGuid\": \"{00000000-0000-0000-0000-000000000000}\"}}",
    "log_file": "/home/narenpindi/Desktop/project/enterprise-soc-lab/logs/windows/security_events.json",
    "event_type": "authentication_failure",
    "severity": "MEDIUM",
    "details": {
      "source_ip": "203.0.113.45",
      "username": "guest",
      "domain": "CORPSEC",
      "logon_type": "10",
      "failure_reason": "The specified user does not exist",
      "service": "windows_logon",
      "action": "failed_login"
    },
    "event_id": "EVT-000793"
  },
  {
    "source": "windows_security",
    "timestamp": "2026-02-17T11:37:23.549798",
    "raw": "{\"EventID\": 4625, \"TimeCreated\": \"2026-02-17T11:37:23.549798Z\", \"Computer\": \"WS-FIN-PC04.corpsec.local\", \"Channel\": \"Security\", \"Provider\": \"Microsoft-Windows-Security-Auditing\", \"Level\": \"Information\", \"Task\": \"Logon\", \"Keywords\": \"Audit Failure\", \"EventData\": {\"SubjectUserSid\": \"S-1-0-0\", \"SubjectUserName\": \"-\", \"SubjectDomainName\": \"-\", \"TargetUserName\": \"admin\", \"TargetDomainName\": \"CORPSEC\", \"Status\": \"0xC000006D\", \"FailureReason\": \"Bad username or authentication information\", \"SubStatus\": \"0x0\", \"LogonType\": \"10\", \"LogonProcessName\": \"NtLmSsp\", \"AuthenticationPackageName\": \"NTLM\", \"WorkstationName\": \"WS-FIN-PC04\", \"IpAddress\": \"203.0.113.45\", \"IpPort\": \"54794\", \"LogonGuid\": \"{00000000-0000-0000-0000-000000000000}\"}}",
    "log_file": "/home/narenpindi/Desktop/project/enterprise-soc-lab/logs/windows/security_events.json",
    "event_type": "authentication_failure",
    "severity": "MEDIUM",
    "details": {
      "source_ip": "203.0.113.45",
      "username": "admin",
      "domain": "CORPSEC",
      "logon_type": "10",
      "failure_reason": "Bad username or authentication information",
      "service": "windows_logon",
      "action": "failed_login"
    },
    "event_id": "EVT-000794"
  },
  {
    "source": "windows_security",
    "timestamp": "2026-02-17T11:37:25.263472",
    "raw": "{\"EventID\": 4625, \"TimeCreated\": \"2026-02-17T11:37:25.263472Z\", \"Computer\": \"WS-FIN-PC04.corpsec.local\", \"Channel\": \"Security\", \"Provider\": \"Microsoft-Windows-Security-Auditing\", \"Level\": \"Information\", \"Task\": \"Logon\", \"Keywords\": \"Audit Failure\", \"EventData\": {\"SubjectUserSid\": \"S-1-0-0\", \"SubjectUserName\": \"-\", \"SubjectDomainName\": \"-\", \"TargetUserName\": \"administrator\", \"TargetDomainName\": \"CORPSEC\", \"Status\": \"0xC0000234\", \"FailureReason\": \"The user account has been locked out\", \"SubStatus\": \"0x0\", \"LogonType\": \"10\", \"LogonProcessName\": \"NtLmSsp\", \"AuthenticationPackageName\": \"NTLM\", \"WorkstationName\": \"WS-FIN-PC04\", \"IpAddress\": \"203.0.113.45\", \"IpPort\": \"42107\", \"LogonGuid\": \"{00000000-0000-0000-0000-000000000000}\"}}",
    "log_file": "/home/narenpindi/Desktop/project/enterprise-soc-lab/logs/windows/security_events.json",
    "event_type": "authentication_failure",
    "severity": "MEDIUM",
    "details": {
      "source_ip": "203.0.113.45",
      "username": "administrator",
      "domain": "CORPSEC",
      "logon_type": "10",
      "failure_reason": "The user account has been locked out",
      "service": "windows_logon",
      "action": "failed_login"
    },
    "event_id": "EVT-000795"
  },
  {
    "source": "windows_security",
    "timestamp": "2026-02-17T11:37:25.990238",
    "raw": "{\"EventID\": 4625, \"TimeCreated\": \"2026-02-17T11:37:25.990238Z\", \"Computer\": \"WS-FIN-PC04.corpsec.local\", \"Channel\": \"Security\", \"Provider\": \"Microsoft-Windows-Security-Auditing\", \"Level\": \"Information\", \"Task\": \"Logon\", \"Keywords\": \"Audit Failure\", \"EventData\": {\"SubjectUserSid\": \"S-1-0-0\", \"SubjectUserName\": \"-\", \"SubjectDomainName\": \"-\", \"TargetUserName\": \"svc_backup\", \"TargetDomainName\": \"CORPSEC\", \"Status\": \"0xC0000072\", \"FailureReason\": \"The user account is disabled\", \"SubStatus\": \"0x0\", \"LogonType\": \"10\", \"LogonProcessName\": \"NtLmSsp\", \"AuthenticationPackageName\": \"NTLM\", \"WorkstationName\": \"WS-FIN-PC04\", \"IpAddress\": \"203.0.113.45\", \"IpPort\": \"58663\", \"LogonGuid\": \"{00000000-0000-0000-0000-000000000000}\"}}",
    "log_file": "/home/narenpindi/Desktop/project/enterprise-soc-lab/logs/windows/security_events.json",
    "event_type": "authentication_failure",
    "severity": "MEDIUM",
    "details": {
      "source_ip": "203.0.113.45",
      "username": "svc_backup",
      "domain": "CORPSEC",
      "logon_type": "10",
      "failure_reason": "The user account is disabled",
      "service": "windows_logon",
      "action": "failed_login"
    },
    "event_id": "EVT-000796"
  },
  {
    "source": "windows_security",
    "timestamp": "2026-02-17T11:37:26.991124",
    "raw": "{\"EventID\": 4625, \"TimeCreated\": \"2026-02-17T11:37:26.991124Z\", \"Computer\": \"WS-FIN-PC04.corpsec.local\", \"Channel\": \"Security\", \"Provider\": \"Microsoft-Windows-Security-Auditing\", \"Level\": \"Information\", \"Task\": \"Logon\", \"Keywords\": \"Audit Failure\", \"EventData\": {\"SubjectUserSid\": \"S-1-0-0\", \"SubjectUserName\": \"-\", \"SubjectDomainName\": \"-\", \"TargetUserName\": \"svc_backup\", \"TargetDomainName\": \"CORPSEC\", \"Status\": \"0xC0000072\", \"FailureReason\": \"The user account is disabled\", \"SubStatus\": \"0x0\", \"LogonType\": \"10\", \"LogonProcessName\": \"NtLmSsp\", \"AuthenticationPackageName\": \"NTLM\", \"WorkstationName\": \"WS-FIN-PC04\", \"IpAddress\": \"203.0.113.45\", \"IpPort\": \"49594\", \"LogonGuid\": \"{00000000-0000-0000-0000-000000000000}\"}}",
    "log_file": "/home/narenpindi/Desktop/project/enterprise-soc-lab/logs/windows/security_events.json",
    "event_type": "authentication_failure",
    "severity": "MEDIUM",
    "details": {
      "source_ip": "203.0.113.45",
      "username": "svc_backup",
      "domain": "CORPSEC",
      "logon_type": "10",
      "failure_reason": "The user account is disabled",
      "service": "windows_logon",
      "action": "failed_login"
    },
    "event_id": "EVT-000797"
  },
  {
    "source": "windows_security",
    "timestamp": "2026-02-17T11:37:30.736334",
    "raw": "{\"EventID\": 4625, \"TimeCreated\": \"2026-02-17T11:37:30.736334Z\", \"Computer\": \"WS-FIN-PC04.corpsec.local\", \"Channel\": \"Security\", \"Provider\": \"Microsoft-Windows-Security-Auditing\", \"Level\": \"Information\", \"Task\": \"Logon\", \"Keywords\": \"Audit Failure\", \"EventData\": {\"SubjectUserSid\": \"S-1-0-0\", \"SubjectUserName\": \"-\", \"SubjectDomainName\": \"-\", \"TargetUserName\": \"jsmith\", \"TargetDomainName\": \"CORPSEC\", \"Status\": \"0xC000006A\", \"FailureReason\": \"An incorrect password was supplied\", \"SubStatus\": \"0x0\", \"LogonType\": \"10\", \"LogonProcessName\": \"NtLmSsp\", \"AuthenticationPackageName\": \"NTLM\", \"WorkstationName\": \"WS-FIN-PC04\", \"IpAddress\": \"203.0.113.45\", \"IpPort\": \"54318\", \"LogonGuid\": \"{00000000-0000-0000-0000-000000000000}\"}}",
    "log_file": "/home/narenpindi/Desktop/project/enterprise-soc-lab/logs/windows/security_events.json",
    "event_type": "authentication_failure",
    "severity": "MEDIUM",
    "details": {
      "source_ip": "203.0.113.45",
      "username": "jsmith",
      "domain": "CORPSEC",
      "logon_type": "10",
      "failure_reason": "An incorrect password was supplied",
      "service": "windows_logon",
      "action": "failed_login"
    },
    "event_id": "EVT-000798"
  },
  {
    "source": "windows_security",
    "timestamp": "2026-02-17T11:37:40.499702",
    "raw": "{\"EventID\": 4625, \"TimeCreated\": \"2026-02-17T11:37:40.499702Z\", \"Computer\": \"WS-FIN-PC04.corpsec.local\", \"Channel\": \"Security\", \"Provider\": \"Microsoft-Windows-Security-Auditing\", \"Level\": \"Information\", \"Task\": \"Logon\", \"Keywords\": \"Audit Failure\", \"EventData\": {\"SubjectUserSid\": \"S-1-0-0\", \"SubjectUserName\": \"-\", \"SubjectDomainName\": \"-\", \"TargetUserName\": \"jsmith\", \"TargetDomainName\": \"CORPSEC\", \"Status\": \"0xC0000234\", \"FailureReason\": \"The user account has been locked out\", \"SubStatus\": \"0x0\", \"LogonType\": \"10\", \"LogonProcessName\": \"NtLmSsp\", \"AuthenticationPackageName\": \"NTLM\", \"WorkstationName\": \"WS-FIN-PC04\", \"IpAddress\": \"203.0.113.45\", \"IpPort\": \"58539\", \"LogonGuid\": \"{00000000-0000-0000-0000-000000000000}\"}}",
    "log_file": "/home/narenpindi/Desktop/project/enterprise-soc-lab/logs/windows/security_events.json",
    "event_type": "authentication_failure",
    "severity": "MEDIUM",
    "details": {
      "source_ip": "203.0.113.45",
      "username": "jsmith",
      "domain": "CORPSEC",
      "logon_type": "10",
      "failure_reason": "The user account has been locked out",
      "service": "windows_logon",
      "action": "failed_login"
    },
    "event_id": "EVT-000799"
  },
  {
    "source": "windows_security",
    "timestamp": "2026-02-17T11:37:41.226121",
    "raw": "{\"EventID\": 4625, \"TimeCreated\": \"2026-02-17T11:37:41.226121Z\", \"Computer\": \"WS-FIN-PC04.corpsec.local\", \"Channel\": \"Security\", \"Provider\": \"Microsoft-Windows-Security-Auditing\", \"Level\": \"Information\", \"Task\": \"Logon\", \"Keywords\": \"Audit Failure\", \"EventData\": {\"SubjectUserSid\": \"S-1-0-0\", \"SubjectUserName\": \"-\", \"SubjectDomainName\": \"-\", \"TargetUserName\": \"user1\", \"TargetDomainName\": \"CORPSEC\", \"Status\": \"0xC0000064\", \"FailureReason\": \"The specified user does not exist\", \"SubStatus\": \"0x0\", \"LogonType\": \"10\", \"LogonProcessName\": \"NtLmSsp\", \"AuthenticationPackageName\": \"NTLM\", \"WorkstationName\": \"WS-FIN-PC04\", \"IpAddress\": \"203.0.113.45\", \"IpPort\": \"42998\", \"LogonGuid\": \"{00000000-0000-0000-0000-000000000000}\"}}",
    "log_file": "/home/narenpindi/Desktop/project/enterprise-soc-lab/logs/windows/security_events.json",
    "event_type": "authentication_failure",
    "severity": "MEDIUM",
    "details": {
      "source_ip": "203.0.113.45",
      "username": "user1",
      "domain": "CORPSEC",
      "logon_type": "10",
      "failure_reason": "The specified user does not exist",
      "service": "windows_logon",
      "action": "failed_login"
    },
    "event_id": "EVT-000800"
  },
  {
    "source": "windows_security",
    "timestamp": "2026-02-17T11:37:46.290171",
    "raw": "{\"EventID\": 4625, \"TimeCreated\": \"2026-02-17T11:37:46.290171Z\", \"Computer\": \"WS-FIN-PC04.corpsec.local\", \"Channel\": \"Security\", \"Provider\": \"Microsoft-Windows-Security-Auditing\", \"Level\": \"Information\", \"Task\": \"Logon\", \"Keywords\": \"Audit Failure\", \"EventData\": {\"SubjectUserSid\": \"S-1-0-0\", \"SubjectUserName\": \"-\", \"SubjectDomainName\": \"-\", \"TargetUserName\": \"sa\", \"TargetDomainName\": \"CORPSEC\", \"Status\": \"0xC000006D\", \"FailureReason\": \"Bad username or authentication information\", \"SubStatus\": \"0x0\", \"LogonType\": \"10\", \"LogonProcessName\": \"NtLmSsp\", \"AuthenticationPackageName\": \"NTLM\", \"WorkstationName\": \"WS-FIN-PC04\", \"IpAddress\": \"203.0.113.45\", \"IpPort\": \"42519\", \"LogonGuid\": \"{00000000-0000-0000-0000-000000000000}\"}}",
    "log_file": "/home/narenpindi/Desktop/project/enterprise-soc-lab/logs/windows/security_events.json",
    "event_type": "authentication_failure",
    "severity": "MEDIUM",
    "details": {
      "source_ip": "203.0.113.45",
      "username": "sa",
      "domain": "CORPSEC",
      "logon_type": "10",
      "failure_reason": "Bad username or authentication information",
      "service": "windows_logon",
      "action": "failed_login"
    },
    "event_id": "EVT-000801"
  },
  {
    "source": "windows_security",
    "timestamp": "2026-02-17T11:37:49.802520",
    "raw": "{\"EventID\": 4625, \"TimeCreated\": \"2026-02-17T11:37:49.802520Z\", \"Computer\": \"WS-FIN-PC04.corpsec.local\", \"Channel\": \"Security\", \"Provider\": \"Microsoft-Windows-Security-Auditing\", \"Level\": \"Information\", \"Task\": \"Logon\", \"Keywords\": \"Audit Failure\", \"EventData\": {\"SubjectUserSid\": \"S-1-0-0\", \"SubjectUserName\": \"-\", \"SubjectDomainName\": \"-\", \"TargetUserName\": \"dbadmin\", \"TargetDomainName\": \"CORPSEC\", \"Status\": \"0xC000006D\", \"FailureReason\": \"Bad username or authentication information\", \"SubStatus\": \"0x0\", \"LogonType\": \"10\", \"LogonProcessName\": \"NtLmSsp\", \"AuthenticationPackageName\": \"NTLM\", \"WorkstationName\": \"WS-FIN-PC04\", \"IpAddress\": \"203.0.113.45\", \"IpPort\": \"57891\", \"LogonGuid\": \"{00000000-0000-0000-0000-000000000000}\"}}",
    "log_file": "/home/narenpindi/Desktop/project/enterprise-soc-lab/logs/windows/security_events.json",
    "event_type": "authentication_failure",
    "severity": "MEDIUM",
    "details": {
      "source_ip": "203.0.113.45",
      "username": "dbadmin",
      "domain": "CORPSEC",
      "logon_type": "10",
      "failure_reason": "Bad username or authentication information",
      "service": "windows_logon",
      "action": "failed_login"
    },
    "event_id": "EVT-000802"
  },
  {
    "source": "windows_security",
    "timestamp": "2026-02-17T11:37:52.265554",
    "raw": "{\"EventID\": 4625, \"TimeCreated\": \"2026-02-17T11:37:52.265554Z\", \"Computer\": \"WS-FIN-PC04.corpsec.local\", \"Channel\": \"Security\", \"Provider\": \"Microsoft-Windows-Security-Auditing\", \"Level\": \"Information\", \"Task\": \"Logon\", \"Keywords\": \"Audit Failure\", \"EventData\": {\"SubjectUserSid\": \"S-1-0-0\", \"SubjectUserName\": \"-\", \"SubjectDomainName\": \"-\", \"TargetUserName\": \"dbadmin\", \"TargetDomainName\": \"CORPSEC\", \"Status\": \"0xC000006A\", \"FailureReason\": \"An incorrect password was supplied\", \"SubStatus\": \"0x0\", \"LogonType\": \"10\", \"LogonProcessName\": \"NtLmSsp\", \"AuthenticationPackageName\": \"NTLM\", \"WorkstationName\": \"WS-FIN-PC04\", \"IpAddress\": \"203.0.113.45\", \"IpPort\": \"47235\", \"LogonGuid\": \"{00000000-0000-0000-0000-000000000000}\"}}",
    "log_file": "/home/narenpindi/Desktop/project/enterprise-soc-lab/logs/windows/security_events.json",
    "event_type": "authentication_failure",
    "severity": "MEDIUM",
    "details": {
      "source_ip": "203.0.113.45",
      "username": "dbadmin",
      "domain": "CORPSEC",
      "logon_type": "10",
      "failure_reason": "An incorrect password was supplied",
      "service": "windows_logon",
      "action": "failed_login"
    },
    "event_id": "EVT-000803"
  },
  {
    "source": "windows_security",
    "timestamp": "2026-02-17T11:38:04.301957",
    "raw": "{\"EventID\": 4625, \"TimeCreated\": \"2026-02-17T11:38:04.301957Z\", \"Computer\": \"WS-FIN-PC04.corpsec.local\", \"Channel\": \"Security\", \"Provider\": \"Microsoft-Windows-Security-Auditing\", \"Level\": \"Information\", \"Task\": \"Logon\", \"Keywords\": \"Audit Failure\", \"EventData\": {\"SubjectUserSid\": \"S-1-0-0\", \"SubjectUserName\": \"-\", \"SubjectDomainName\": \"-\", \"TargetUserName\": \"user1\", \"TargetDomainName\": \"CORPSEC\", \"Status\": \"0xC0000234\", \"FailureReason\": \"The user account has been locked out\", \"SubStatus\": \"0x0\", \"LogonType\": \"10\", \"LogonProcessName\": \"NtLmSsp\", \"AuthenticationPackageName\": \"NTLM\", \"WorkstationName\": \"WS-FIN-PC04\", \"IpAddress\": \"203.0.113.45\", \"IpPort\": \"42700\", \"LogonGuid\": \"{00000000-0000-0000-0000-000000000000}\"}}",
    "log_file": "/home/narenpindi/Desktop/project/enterprise-soc-lab/logs/windows/security_events.json",
    "event_type": "authentication_failure",
    "severity": "MEDIUM",
    "details": {
      "source_ip": "203.0.113.45",
      "username": "user1",
      "domain": "CORPSEC",
      "logon_type": "10",
      "failure_reason": "The user account has been locked out",
      "service": "windows_logon",
      "action": "failed_login"
    },
    "event_id": "EVT-000804"
  },
  {
    "source": "windows_security",
    "timestamp": "2026-02-17T11:38:08.199054",
    "raw": "{\"EventID\": 4625, \"TimeCreated\": \"2026-02-17T11:38:08.199054Z\", \"Computer\": \"WS-FIN-PC04.corpsec.local\", \"Channel\": \"Security\", \"Provider\": \"Microsoft-Windows-Security-Auditing\", \"Level\": \"Information\", \"Task\": \"Logon\", \"Keywords\": \"Audit Failure\", \"EventData\": {\"SubjectUserSid\": \"S-1-0-0\", \"SubjectUserName\": \"-\", \"SubjectDomainName\": \"-\", \"TargetUserName\": \"sa\", \"TargetDomainName\": \"CORPSEC\", \"Status\": \"0xC000006A\", \"FailureReason\": \"An incorrect password was supplied\", \"SubStatus\": \"0x0\", \"LogonType\": \"10\", \"LogonProcessName\": \"NtLmSsp\", \"AuthenticationPackageName\": \"NTLM\", \"WorkstationName\": \"WS-FIN-PC04\", \"IpAddress\": \"203.0.113.45\", \"IpPort\": \"47382\", \"LogonGuid\": \"{00000000-0000-0000-0000-000000000000}\"}}",
    "log_file": "/home/narenpindi/Desktop/project/enterprise-soc-lab/logs/windows/security_events.json",
    "event_type": "authentication_failure",
    "severity": "MEDIUM",
    "details": {
      "source_ip": "203.0.113.45",
      "username": "sa",
      "domain": "CORPSEC",
      "logon_type": "10",
      "failure_reason": "An incorrect password was supplied",
      "service": "windows_logon",
      "action": "failed_login"
    },
    "event_id": "EVT-000805"
  },
  {
    "source": "windows_security",
    "timestamp": "2026-02-17T11:38:11.415025",
    "raw": "{\"EventID\": 4625, \"TimeCreated\": \"2026-02-17T11:38:11.415025Z\", \"Computer\": \"WS-FIN-PC04.corpsec.local\", \"Channel\": \"Security\", \"Provider\": \"Microsoft-Windows-Security-Auditing\", \"Level\": \"Information\", \"Task\": \"Logon\", \"Keywords\": \"Audit Failure\", \"EventData\": {\"SubjectUserSid\": \"S-1-0-0\", \"SubjectUserName\": \"-\", \"SubjectDomainName\": \"-\", \"TargetUserName\": \"administrator\", \"TargetDomainName\": \"CORPSEC\", \"Status\": \"0xC0000072\", \"FailureReason\": \"The user account is disabled\", \"SubStatus\": \"0x0\", \"LogonType\": \"10\", \"LogonProcessName\": \"NtLmSsp\", \"AuthenticationPackageName\": \"NTLM\", \"WorkstationName\": \"WS-FIN-PC04\", \"IpAddress\": \"203.0.113.45\", \"IpPort\": \"56330\", \"LogonGuid\": \"{00000000-0000-0000-0000-000000000000}\"}}",
    "log_file": "/home/narenpindi/Desktop/project/enterprise-soc-lab/logs/windows/security_events.json",
    "event_type": "authentication_failure",
    "severity": "MEDIUM",
    "details": {
      "source_ip": "203.0.113.45",
      "username": "administrator",
      "domain": "CORPSEC",
      "logon_type": "10",
      "failure_reason": "The user account is disabled",
      "service": "windows_logon",
      "action": "failed_login"
    },
    "event_id": "EVT-000806"
  },
  {
    "source": "windows_security",
    "timestamp": "2026-02-17T11:38:14.393637",
    "raw": "{\"EventID\": 4625, \"TimeCreated\": \"2026-02-17T11:38:14.393637Z\", \"Computer\": \"WS-FIN-PC04.corpsec.local\", \"Channel\": \"Security\", \"Provider\": \"Microsoft-Windows-Security-Auditing\", \"Level\": \"Information\", \"Task\": \"Logon\", \"Keywords\": \"Audit Failure\", \"EventData\": {\"SubjectUserSid\": \"S-1-0-0\", \"SubjectUserName\": \"-\", \"SubjectDomainName\": \"-\", \"TargetUserName\": \"admin\", \"TargetDomainName\": \"CORPSEC\", \"Status\": \"0xC0000234\", \"FailureReason\": \"The user account has been locked out\", \"SubStatus\": \"0x0\", \"LogonType\": \"10\", \"LogonProcessName\": \"NtLmSsp\", \"AuthenticationPackageName\": \"NTLM\", \"WorkstationName\": \"WS-FIN-PC04\", \"IpAddress\": \"203.0.113.45\", \"IpPort\": \"43821\", \"LogonGuid\": \"{00000000-0000-0000-0000-000000000000}\"}}",
    "log_file": "/home/narenpindi/Desktop/project/enterprise-soc-lab/logs/windows/security_events.json",
    "event_type": "authentication_failure",
    "severity": "MEDIUM",
    "details": {
      "source_ip": "203.0.113.45",
      "username": "admin",
      "domain": "CORPSEC",
      "logon_type": "10",
      "failure_reason": "The user account has been locked out",
      "service": "windows_logon",
      "action": "failed_login"
    },
    "event_id": "EVT-000807"
  },
  {
    "source": "windows_security",
    "timestamp": "2026-02-17T11:38:21.365637",
    "raw": "{\"EventID\": 4625, \"TimeCreated\": \"2026-02-17T11:38:21.365637Z\", \"Computer\": \"WS-FIN-PC04.corpsec.local\", \"Channel\": \"Security\", \"Provider\": \"Microsoft-Windows-Security-Auditing\", \"Level\": \"Information\", \"Task\": \"Logon\", \"Keywords\": \"Audit Failure\", \"EventData\": {\"SubjectUserSid\": \"S-1-0-0\", \"SubjectUserName\": \"-\", \"SubjectDomainName\": \"-\", \"TargetUserName\": \"jsmith\", \"TargetDomainName\": \"CORPSEC\", \"Status\": \"0xC000006D\", \"FailureReason\": \"Bad username or authentication information\", \"SubStatus\": \"0x0\", \"LogonType\": \"10\", \"LogonProcessName\": \"NtLmSsp\", \"AuthenticationPackageName\": \"NTLM\", \"WorkstationName\": \"WS-FIN-PC04\", \"IpAddress\": \"203.0.113.45\", \"IpPort\": \"64919\", \"LogonGuid\": \"{00000000-0000-0000-0000-000000000000}\"}}",
    "log_file": "/home/narenpindi/Desktop/project/enterprise-soc-lab/logs/windows/security_events.json",
    "event_type": "authentication_failure",
    "severity": "MEDIUM",
    "details": {
      "source_ip": "203.0.113.45",
      "username": "jsmith",
      "domain": "CORPSEC",
      "logon_type": "10",
      "failure_reason": "Bad username or authentication information",
      "service": "windows_logon",
      "action": "failed_login"
    },
    "event_id": "EVT-000808"
  },
  {
    "source": "windows_security",
    "timestamp": "2026-02-17T11:38:39.744747",
    "raw": "{\"EventID\": 4625, \"TimeCreated\": \"2026-02-17T11:38:39.744747Z\", \"Computer\": \"WS-FIN-PC04.corpsec.local\", \"Channel\": \"Security\", \"Provider\": \"Microsoft-Windows-Security-Auditing\", \"Level\": \"Information\", \"Task\": \"Logon\", \"Keywords\": \"Audit Failure\", \"EventData\": {\"SubjectUserSid\": \"S-1-0-0\", \"SubjectUserName\": \"-\", \"SubjectDomainName\": \"-\", \"TargetUserName\": \"sa\", \"TargetDomainName\": \"CORPSEC\", \"Status\": \"0xC0000072\", \"FailureReason\": \"The user account is disabled\", \"SubStatus\": \"0x0\", \"LogonType\": \"10\", \"LogonProcessName\": \"NtLmSsp\", \"AuthenticationPackageName\": \"NTLM\", \"WorkstationName\": \"WS-FIN-PC04\", \"IpAddress\": \"203.0.113.45\", \"IpPort\": \"58912\", \"LogonGuid\": \"{00000000-0000-0000-0000-000000000000}\"}}",
    "log_file": "/home/narenpindi/Desktop/project/enterprise-soc-lab/logs/windows/security_events.json",
    "event_type": "authentication_failure",
    "severity": "MEDIUM",
    "details": {
      "source_ip": "203.0.113.45",
      "username": "sa",
      "domain": "CORPSEC",
      "logon_type": "10",
      "failure_reason": "The user account is disabled",
      "service": "windows_logon",
      "action": "failed_login"
    },
    "event_id": "EVT-000809"
  },
