  {
    "source": "windows_security",
    "timestamp": "2026-02-17T05:21:43.641112",
    "raw": "{\"EventID\": 4625, \"TimeCreated\": \"2026-02-17T05:21:43.641112Z\", \"Computer\": \"WS-FIN-PC04.corpsec.local\", \"Channel\": \"Security\", \"Provider\": \"Microsoft-Windows-Security-Auditing\", \"Level\": \"Information\", \"Task\": \"Logon\", \"Keywords\": \"Audit Failure\", \"EventData\": {\"SubjectUserSid\": \"S-1-0-0\", \"SubjectUserName\": \"-\", \"SubjectDomainName\": \"-\", \"TargetUserName\": \"svc_backup\", \"TargetDomainName\": \"CORPSEC\", \"Status\": \"0xC000006A\", \"FailureReason\": \"An incorrect password was supplied\", \"SubStatus\": \"0x0\", \"LogonType\": \"10\", \"LogonProcessName\": \"NtLmSsp\", \"AuthenticationPackageName\": \"NTLM\", \"WorkstationName\": \"WS-FIN-PC04\", \"IpAddress\": \"198.51.100.23\", \"IpPort\": \"48833\", \"LogonGuid\": \"{00000000-0000-0000-0000-000000000000}\"}}",
    "log_file": "/home/narenpindi/Desktop/project/enterprise-soc-lab/logs/windows/security_events.json",
    "event_type": "authentication_failure",
    "severity": "MEDIUM",
    "details": {
      "source_ip": "198.51.100.23",
      "username": "svc_backup",
      "domain": "CORPSEC",
      "logon_type": "10",
      "failure_reason": "An incorrect password was supplied",
      "service": "windows_logon",
      "action": "failed_login"
    },
    "event_id": "EVT-000087"
  },
  {
    "source": "windows_security",
    "timestamp": "2026-02-17T05:21:43.911351",
    "raw": "{\"EventID\": 4625, \"TimeCreated\": \"2026-02-17T05:21:43.911351Z\", \"Computer\": \"WS-FIN-PC04.corpsec.local\", \"Channel\": \"Security\", \"Provider\": \"Microsoft-Windows-Security-Auditing\", \"Level\": \"Information\", \"Task\": \"Logon\", \"Keywords\": \"Audit Failure\", \"EventData\": {\"SubjectUserSid\": \"S-1-0-0\", \"SubjectUserName\": \"-\", \"SubjectDomainName\": \"-\", \"TargetUserName\": \"dbadmin\", \"TargetDomainName\": \"CORPSEC\", \"Status\": \"0xC0000072\", \"FailureReason\": \"The user account is disabled\", \"SubStatus\": \"0x0\", \"LogonType\": \"10\", \"LogonProcessName\": \"NtLmSsp\", \"AuthenticationPackageName\": \"NTLM\", \"WorkstationName\": \"WS-FIN-PC04\", \"IpAddress\": \"198.51.100.23\", \"IpPort\": \"57310\", \"LogonGuid\": \"{00000000-0000-0000-0000-000000000000}\"}}",
    "log_file": "/home/narenpindi/Desktop/project/enterprise-soc-lab/logs/windows/security_events.json",
    "event_type": "authentication_failure",
    "severity": "MEDIUM",
    "details": {
      "source_ip": "198.51.100.23",
      "username": "dbadmin",
      "domain": "CORPSEC",
      "logon_type": "10",
      "failure_reason": "The user account is disabled",
      "service": "windows_logon",
      "action": "failed_login"
    },
    "event_id": "EVT-000088"
  },
  {
    "source": "windows_security",
    "timestamp": "2026-02-17T05:21:45.118133",
    "raw": "{\"EventID\": 4625, \"TimeCreated\": \"2026-02-17T05:21:45.118133Z\", \"Computer\": \"WS-FIN-PC04.corpsec.local\", \"Channel\": \"Security\", \"Provider\": \"Microsoft-Windows-Security-Auditing\", \"Level\": \"Information\", \"Task\": \"Logon\", \"Keywords\": \"Audit Failure\", \"EventData\": {\"SubjectUserSid\": \"S-1-0-0\", \"SubjectUserName\": \"-\", \"SubjectDomainName\": \"-\", \"TargetUserName\": \"administrator\", \"TargetDomainName\": \"CORPSEC\", \"Status\": \"0xC000006A\", \"FailureReason\": \"An incorrect password was supplied\", \"SubStatus\": \"0x0\", \"LogonType\": \"10\", \"LogonProcessName\": \"NtLmSsp\", \"AuthenticationPackageName\": \"NTLM\", \"WorkstationName\": \"WS-FIN-PC04\", \"IpAddress\": \"198.51.100.23\", \"IpPort\": \"57353\", \"LogonGuid\": \"{00000000-0000-0000-0000-000000000000}\"}}",
    "log_file": "/home/narenpindi/Desktop/project/enterprise-soc-lab/logs/windows/security_events.json",
    "event_type": "authentication_failure",
    "severity": "MEDIUM",
    "details": {
      "source_ip": "198.51.100.23",
      "username": "administrator",
      "domain": "CORPSEC",
      "logon_type": "10",
      "failure_reason": "An incorrect password was supplied",
      "service": "windows_logon",
      "action": "failed_login"
    },
    "event_id": "EVT-000089"
  },
  {
    "source": "windows_security",
    "timestamp": "2026-02-17T05:21:45.771937",
    "raw": "{\"EventID\": 4625, \"TimeCreated\": \"2026-02-17T05:21:45.771937Z\", \"Computer\": \"WS-FIN-PC04.corpsec.local\", \"Channel\": \"Security\", \"Provider\": \"Microsoft-Windows-Security-Auditing\", \"Level\": \"Information\", \"Task\": \"Logon\", \"Keywords\": \"Audit Failure\", \"EventData\": {\"SubjectUserSid\": \"S-1-0-0\", \"SubjectUserName\": \"-\", \"SubjectDomainName\": \"-\", \"TargetUserName\": \"dbadmin\", \"TargetDomainName\": \"CORPSEC\", \"Status\": \"0xC000006A\", \"FailureReason\": \"An incorrect password was supplied\", \"SubStatus\": \"0x0\", \"LogonType\": \"10\", \"LogonProcessName\": \"NtLmSsp\", \"AuthenticationPackageName\": \"NTLM\", \"WorkstationName\": \"WS-FIN-PC04\", \"IpAddress\": \"198.51.100.23\", \"IpPort\": \"52022\", \"LogonGuid\": \"{00000000-0000-0000-0000-000000000000}\"}}",
    "log_file": "/home/narenpindi/Desktop/project/enterprise-soc-lab/logs/windows/security_events.json",
    "event_type": "authentication_failure",
    "severity": "MEDIUM",
    "details": {
      "source_ip": "198.51.100.23",
      "username": "dbadmin",
      "domain": "CORPSEC",
      "logon_type": "10",
      "failure_reason": "An incorrect password was supplied",
      "service": "windows_logon",
      "action": "failed_login"
    },
    "event_id": "EVT-000090"
  },
  {
    "source": "windows_security",
    "timestamp": "2026-02-17T05:21:48.809095",
    "raw": "{\"EventID\": 4625, \"TimeCreated\": \"2026-02-17T05:21:48.809095Z\", \"Computer\": \"WS-FIN-PC04.corpsec.local\", \"Channel\": \"Security\", \"Provider\": \"Microsoft-Windows-Security-Auditing\", \"Level\": \"Information\", \"Task\": \"Logon\", \"Keywords\": \"Audit Failure\", \"EventData\": {\"SubjectUserSid\": \"S-1-0-0\", \"SubjectUserName\": \"-\", \"SubjectDomainName\": \"-\", \"TargetUserName\": \"svc_backup\", \"TargetDomainName\": \"CORPSEC\", \"Status\": \"0xC0000064\", \"FailureReason\": \"The specified user does not exist\", \"SubStatus\": \"0x0\", \"LogonType\": \"10\", \"LogonProcessName\": \"NtLmSsp\", \"AuthenticationPackageName\": \"NTLM\", \"WorkstationName\": \"WS-FIN-PC04\", \"IpAddress\": \"198.51.100.23\", \"IpPort\": \"58331\", \"LogonGuid\": \"{00000000-0000-0000-0000-000000000000}\"}}",
    "log_file": "/home/narenpindi/Desktop/project/enterprise-soc-lab/logs/windows/security_events.json",
    "event_type": "authentication_failure",
    "severity": "MEDIUM",
    "details": {
      "source_ip": "198.51.100.23",
      "username": "svc_backup",
      "domain": "CORPSEC",
      "logon_type": "10",
      "failure_reason": "The specified user does not exist",
      "service": "windows_logon",
      "action": "failed_login"
    },
    "event_id": "EVT-000091"
  },
  {
    "source": "windows_security",
    "timestamp": "2026-02-17T05:21:49.791449",
    "raw": "{\"EventID\": 4625, \"TimeCreated\": \"2026-02-17T05:21:49.791449Z\", \"Computer\": \"WS-FIN-PC04.corpsec.local\", \"Channel\": \"Security\", \"Provider\": \"Microsoft-Windows-Security-Auditing\", \"Level\": \"Information\", \"Task\": \"Logon\", \"Keywords\": \"Audit Failure\", \"EventData\": {\"SubjectUserSid\": \"S-1-0-0\", \"SubjectUserName\": \"-\", \"SubjectDomainName\": \"-\", \"TargetUserName\": \"dbadmin\", \"TargetDomainName\": \"CORPSEC\", \"Status\": \"0xC0000234\", \"FailureReason\": \"The user account has been locked out\", \"SubStatus\": \"0x0\", \"LogonType\": \"10\", \"LogonProcessName\": \"NtLmSsp\", \"AuthenticationPackageName\": \"NTLM\", \"WorkstationName\": \"WS-FIN-PC04\", \"IpAddress\": \"198.51.100.23\", \"IpPort\": \"64767\", \"LogonGuid\": \"{00000000-0000-0000-0000-000000000000}\"}}",
    "log_file": "/home/narenpindi/Desktop/project/enterprise-soc-lab/logs/windows/security_events.json",
    "event_type": "authentication_failure",
    "severity": "MEDIUM",
    "details": {
      "source_ip": "198.51.100.23",
      "username": "dbadmin",
      "domain": "CORPSEC",
      "logon_type": "10",
      "failure_reason": "The user account has been locked out",
      "service": "windows_logon",
      "action": "failed_login"
    },
    "event_id": "EVT-000092"
  },
  {
    "source": "windows_security",
    "timestamp": "2026-02-17T05:21:50.362826",
    "raw": "{\"EventID\": 4625, \"TimeCreated\": \"2026-02-17T05:21:50.362826Z\", \"Computer\": \"WS-FIN-PC04.corpsec.local\", \"Channel\": \"Security\", \"Provider\": \"Microsoft-Windows-Security-Auditing\", \"Level\": \"Information\", \"Task\": \"Logon\", \"Keywords\": \"Audit Failure\", \"EventData\": {\"SubjectUserSid\": \"S-1-0-0\", \"SubjectUserName\": \"-\", \"SubjectDomainName\": \"-\", \"TargetUserName\": \"sa\", \"TargetDomainName\": \"CORPSEC\", \"Status\": \"0xC0000072\", \"FailureReason\": \"The user account is disabled\", \"SubStatus\": \"0x0\", \"LogonType\": \"10\", \"LogonProcessName\": \"NtLmSsp\", \"AuthenticationPackageName\": \"NTLM\", \"WorkstationName\": \"WS-FIN-PC04\", \"IpAddress\": \"198.51.100.23\", \"IpPort\": \"46977\", \"LogonGuid\": \"{00000000-0000-0000-0000-000000000000}\"}}",
    "log_file": "/home/narenpindi/Desktop/project/enterprise-soc-lab/logs/windows/security_events.json",
    "event_type": "authentication_failure",
    "severity": "MEDIUM",
    "details": {
      "source_ip": "198.51.100.23",
      "username": "sa",
      "domain": "CORPSEC",
      "logon_type": "10",
      "failure_reason": "The user account is disabled",
      "service": "windows_logon",
      "action": "failed_login"
    },
    "event_id": "EVT-000093"
  },
  {
    "source": "windows_security",
    "timestamp": "2026-02-17T05:21:52.725648",
    "raw": "{\"EventID\": 4625, \"TimeCreated\": \"2026-02-17T05:21:52.725648Z\", \"Computer\": \"WS-FIN-PC04.corpsec.local\", \"Channel\": \"Security\", \"Provider\": \"Microsoft-Windows-Security-Auditing\", \"Level\": \"Information\", \"Task\": \"Logon\", \"Keywords\": \"Audit Failure\", \"EventData\": {\"SubjectUserSid\": \"S-1-0-0\", \"SubjectUserName\": \"-\", \"SubjectDomainName\": \"-\", \"TargetUserName\": \"user1\", \"TargetDomainName\": \"CORPSEC\", \"Status\": \"0xC000006A\", \"FailureReason\": \"An incorrect password was supplied\", \"SubStatus\": \"0x0\", \"LogonType\": \"10\", \"LogonProcessName\": \"NtLmSsp\", \"AuthenticationPackageName\": \"NTLM\", \"WorkstationName\": \"WS-FIN-PC04\", \"IpAddress\": \"198.51.100.23\", \"IpPort\": \"46612\", \"LogonGuid\": \"{00000000-0000-0000-0000-000000000000}\"}}",
    "log_file": "/home/narenpindi/Desktop/project/enterprise-soc-lab/logs/windows/security_events.json",
    "event_type": "authentication_failure",
    "severity": "MEDIUM",
    "details": {
      "source_ip": "198.51.100.23",
      "username": "user1",
      "domain": "CORPSEC",
      "logon_type": "10",
      "failure_reason": "An incorrect password was supplied",
      "service": "windows_logon",
      "action": "failed_login"
    },
    "event_id": "EVT-000094"
  },
  {
    "source": "windows_security",
    "timestamp": "2026-02-17T05:21:53.149868",
    "raw": "{\"EventID\": 4625, \"TimeCreated\": \"2026-02-17T05:21:53.149868Z\", \"Computer\": \"WS-FIN-PC04.corpsec.local\", \"Channel\": \"Security\", \"Provider\": \"Microsoft-Windows-Security-Auditing\", \"Level\": \"Information\", \"Task\": \"Logon\", \"Keywords\": \"Audit Failure\", \"EventData\": {\"SubjectUserSid\": \"S-1-0-0\", \"SubjectUserName\": \"-\", \"SubjectDomainName\": \"-\", \"TargetUserName\": \"jsmith\", \"TargetDomainName\": \"CORPSEC\", \"Status\": \"0xC000006D\", \"FailureReason\": \"Bad username or authentication information\", \"SubStatus\": \"0x0\", \"LogonType\": \"10\", \"LogonProcessName\": \"NtLmSsp\", \"AuthenticationPackageName\": \"NTLM\", \"WorkstationName\": \"WS-FIN-PC04\", \"IpAddress\": \"198.51.100.23\", \"IpPort\": \"49155\", \"LogonGuid\": \"{00000000-0000-0000-0000-000000000000}\"}}",
    "log_file": "/home/narenpindi/Desktop/project/enterprise-soc-lab/logs/windows/security_events.json",
    "event_type": "authentication_failure",
    "severity": "MEDIUM",
    "details": {
      "source_ip": "198.51.100.23",
      "username": "jsmith",
      "domain": "CORPSEC",
      "logon_type": "10",
      "failure_reason": "Bad username or authentication information",
      "service": "windows_logon",
      "action": "failed_login"
    },
    "event_id": "EVT-000095"
  },
  {
    "source": "windows_security",
    "timestamp": "2026-02-17T05:21:54.067004",
    "raw": "{\"EventID\": 4625, \"TimeCreated\": \"2026-02-17T05:21:54.067004Z\", \"Computer\": \"WS-FIN-PC04.corpsec.local\", \"Channel\": \"Security\", \"Provider\": \"Microsoft-Windows-Security-Auditing\", \"Level\": \"Information\", \"Task\": \"Logon\", \"Keywords\": \"Audit Failure\", \"EventData\": {\"SubjectUserSid\": \"S-1-0-0\", \"SubjectUserName\": \"-\", \"SubjectDomainName\": \"-\", \"TargetUserName\": \"administrator\", \"TargetDomainName\": \"CORPSEC\", \"Status\": \"0xC0000064\", \"FailureReason\": \"The specified user does not exist\", \"SubStatus\": \"0x0\", \"LogonType\": \"10\", \"LogonProcessName\": \"NtLmSsp\", \"AuthenticationPackageName\": \"NTLM\", \"WorkstationName\": \"WS-FIN-PC04\", \"IpAddress\": \"198.51.100.23\", \"IpPort\": \"54982\", \"LogonGuid\": \"{00000000-0000-0000-0000-000000000000}\"}}",
    "log_file": "/home/narenpindi/Desktop/project/enterprise-soc-lab/logs/windows/security_events.json",
    "event_type": "authentication_failure",
    "severity": "MEDIUM",
    "details": {
      "source_ip": "198.51.100.23",
      "username": "administrator",
      "domain": "CORPSEC",
      "logon_type": "10",
      "failure_reason": "The specified user does not exist",
      "service": "windows_logon",
      "action": "failed_login"
    },
    "event_id": "EVT-000096"
  },
  {
    "source": "windows_security",
    "timestamp": "2026-02-17T05:21:55.142000",
    "raw": "{\"EventID\": 4625, \"TimeCreated\": \"2026-02-17T05:21:55.142000Z\", \"Computer\": \"WS-FIN-PC04.corpsec.local\", \"Channel\": \"Security\", \"Provider\": \"Microsoft-Windows-Security-Auditing\", \"Level\": \"Information\", \"Task\": \"Logon\", \"Keywords\": \"Audit Failure\", \"EventData\": {\"SubjectUserSid\": \"S-1-0-0\", \"SubjectUserName\": \"-\", \"SubjectDomainName\": \"-\", \"TargetUserName\": \"svc_backup\", \"TargetDomainName\": \"CORPSEC\", \"Status\": \"0xC0000072\", \"FailureReason\": \"The user account is disabled\", \"SubStatus\": \"0x0\", \"LogonType\": \"10\", \"LogonProcessName\": \"NtLmSsp\", \"AuthenticationPackageName\": \"NTLM\", \"WorkstationName\": \"WS-FIN-PC04\", \"IpAddress\": \"198.51.100.23\", \"IpPort\": \"53020\", \"LogonGuid\": \"{00000000-0000-0000-0000-000000000000}\"}}",
    "log_file": "/home/narenpindi/Desktop/project/enterprise-soc-lab/logs/windows/security_events.json",
    "event_type": "authentication_failure",
    "severity": "MEDIUM",
    "details": {
      "source_ip": "198.51.100.23",
      "username": "svc_backup",
      "domain": "CORPSEC",
      "logon_type": "10",
      "failure_reason": "The user account is disabled",
      "service": "windows_logon",
      "action": "failed_login"
    },
    "event_id": "EVT-000097"
  },
  {
    "source": "windows_security",
    "timestamp": "2026-02-17T05:21:55.553345",
    "raw": "{\"EventID\": 4625, \"TimeCreated\": \"2026-02-17T05:21:55.553345Z\", \"Computer\": \"WS-FIN-PC04.corpsec.local\", \"Channel\": \"Security\", \"Provider\": \"Microsoft-Windows-Security-Auditing\", \"Level\": \"Information\", \"Task\": \"Logon\", \"Keywords\": \"Audit Failure\", \"EventData\": {\"SubjectUserSid\": \"S-1-0-0\", \"SubjectUserName\": \"-\", \"SubjectDomainName\": \"-\", \"TargetUserName\": \"svc_backup\", \"TargetDomainName\": \"CORPSEC\", \"Status\": \"0xC0000234\", \"FailureReason\": \"The user account has been locked out\", \"SubStatus\": \"0x0\", \"LogonType\": \"10\", \"LogonProcessName\": \"NtLmSsp\", \"AuthenticationPackageName\": \"NTLM\", \"WorkstationName\": \"WS-FIN-PC04\", \"IpAddress\": \"198.51.100.23\", \"IpPort\": \"44483\", \"LogonGuid\": \"{00000000-0000-0000-0000-000000000000}\"}}",
    "log_file": "/home/narenpindi/Desktop/project/enterprise-soc-lab/logs/windows/security_events.json",
    "event_type": "authentication_failure",
    "severity": "MEDIUM",
    "details": {
      "source_ip": "198.51.100.23",
      "username": "svc_backup",
      "domain": "CORPSEC",
      "logon_type": "10",
      "failure_reason": "The user account has been locked out",
      "service": "windows_logon",
      "action": "failed_login"
    },
    "event_id": "EVT-000098"
  },
  {
    "source": "windows_security",
    "timestamp": "2026-02-17T05:21:56.536453",
    "raw": "{\"EventID\": 4625, \"TimeCreated\": \"2026-02-17T05:21:56.536453Z\", \"Computer\": \"WS-FIN-PC04.corpsec.local\", \"Channel\": \"Security\", \"Provider\": \"Microsoft-Windows-Security-Auditing\", \"Level\": \"Information\", \"Task\": \"Logon\", \"Keywords\": \"Audit Failure\", \"EventData\": {\"SubjectUserSid\": \"S-1-0-0\", \"SubjectUserName\": \"-\", \"SubjectDomainName\": \"-\", \"TargetUserName\": \"guest\", \"TargetDomainName\": \"CORPSEC\", \"Status\": \"0xC0000064\", \"FailureReason\": \"The specified user does not exist\", \"SubStatus\": \"0x0\", \"LogonType\": \"10\", \"LogonProcessName\": \"NtLmSsp\", \"AuthenticationPackageName\": \"NTLM\", \"WorkstationName\": \"WS-FIN-PC04\", \"IpAddress\": \"198.51.100.23\", \"IpPort\": \"53437\", \"LogonGuid\": \"{00000000-0000-0000-0000-000000000000}\"}}",
    "log_file": "/home/narenpindi/Desktop/project/enterprise-soc-lab/logs/windows/security_events.json",
    "event_type": "authentication_failure",
    "severity": "MEDIUM",
    "details": {
      "source_ip": "198.51.100.23",
      "username": "guest",
      "domain": "CORPSEC",
      "logon_type": "10",
      "failure_reason": "The specified user does not exist",
      "service": "windows_logon",
      "action": "failed_login"
    },
    "event_id": "EVT-000099"
  },
  {
    "source": "windows_security",
    "timestamp": "2026-02-17T05:21:56.829096",
    "raw": "{\"EventID\": 4625, \"TimeCreated\": \"2026-02-17T05:21:56.829096Z\", \"Computer\": \"WS-FIN-PC04.corpsec.local\", \"Channel\": \"Security\", \"Provider\": \"Microsoft-Windows-Security-Auditing\", \"Level\": \"Information\", \"Task\": \"Logon\", \"Keywords\": \"Audit Failure\", \"EventData\": {\"SubjectUserSid\": \"S-1-0-0\", \"SubjectUserName\": \"-\", \"SubjectDomainName\": \"-\", \"TargetUserName\": \"admin\", \"TargetDomainName\": \"CORPSEC\", \"Status\": \"0xC0000234\", \"FailureReason\": \"The user account has been locked out\", \"SubStatus\": \"0x0\", \"LogonType\": \"10\", \"LogonProcessName\": \"NtLmSsp\", \"AuthenticationPackageName\": \"NTLM\", \"WorkstationName\": \"WS-FIN-PC04\", \"IpAddress\": \"198.51.100.23\", \"IpPort\": \"41028\", \"LogonGuid\": \"{00000000-0000-0000-0000-000000000000}\"}}",
    "log_file": "/home/narenpindi/Desktop/project/enterprise-soc-lab/logs/windows/security_events.json",
    "event_type": "authentication_failure",
    "severity": "MEDIUM",
    "details": {
      "source_ip": "198.51.100.23",
      "username": "admin",
      "domain": "CORPSEC",
      "logon_type": "10",
      "failure_reason": "The user account has been locked out",
      "service": "windows_logon",
      "action": "failed_login"
    },
    "event_id": "EVT-000100"
  },
  {
    "source": "windows_security",
    "timestamp": "2026-02-17T05:21:58.003877",
    "raw": "{\"EventID\": 4625, \"TimeCreated\": \"2026-02-17T05:21:58.003877Z\", \"Computer\": \"WS-FIN-PC04.corpsec.local\", \"Channel\": \"Security\", \"Provider\": \"Microsoft-Windows-Security-Auditing\", \"Level\": \"Information\", \"Task\": \"Logon\", \"Keywords\": \"Audit Failure\", \"EventData\": {\"SubjectUserSid\": \"S-1-0-0\", \"SubjectUserName\": \"-\", \"SubjectDomainName\": \"-\", \"TargetUserName\": \"sa\", \"TargetDomainName\": \"CORPSEC\", \"Status\": \"0xC0000072\", \"FailureReason\": \"The user account is disabled\", \"SubStatus\": \"0x0\", \"LogonType\": \"10\", \"LogonProcessName\": \"NtLmSsp\", \"AuthenticationPackageName\": \"NTLM\", \"WorkstationName\": \"WS-FIN-PC04\", \"IpAddress\": \"198.51.100.23\", \"IpPort\": \"46214\", \"LogonGuid\": \"{00000000-0000-0000-0000-000000000000}\"}}",
    "log_file": "/home/narenpindi/Desktop/project/enterprise-soc-lab/logs/windows/security_events.json",
    "event_type": "authentication_failure",
    "severity": "MEDIUM",
    "details": {
      "source_ip": "198.51.100.23",
      "username": "sa",
      "domain": "CORPSEC",
      "logon_type": "10",
      "failure_reason": "The user account is disabled",
      "service": "windows_logon",
      "action": "failed_login"
    },
    "event_id": "EVT-000101"
  },
  {
    "source": "windows_security",
    "timestamp": "2026-02-17T05:21:58.684640",
    "raw": "{\"EventID\": 4625, \"TimeCreated\": \"2026-02-17T05:21:58.684640Z\", \"Computer\": \"WS-FIN-PC04.corpsec.local\", \"Channel\": \"Security\", \"Provider\": \"Microsoft-Windows-Security-Auditing\", \"Level\": \"Information\", \"Task\": \"Logon\", \"Keywords\": \"Audit Failure\", \"EventData\": {\"SubjectUserSid\": \"S-1-0-0\", \"SubjectUserName\": \"-\", \"SubjectDomainName\": \"-\", \"TargetUserName\": \"admin\", \"TargetDomainName\": \"CORPSEC\", \"Status\": \"0xC000006A\", \"FailureReason\": \"An incorrect password was supplied\", \"SubStatus\": \"0x0\", \"LogonType\": \"10\", \"LogonProcessName\": \"NtLmSsp\", \"AuthenticationPackageName\": \"NTLM\", \"WorkstationName\": \"WS-FIN-PC04\", \"IpAddress\": \"198.51.100.23\", \"IpPort\": \"48039\", \"LogonGuid\": \"{00000000-0000-0000-0000-000000000000}\"}}",
    "log_file": "/home/narenpindi/Desktop/project/enterprise-soc-lab/logs/windows/security_events.json",
    "event_type": "authentication_failure",
    "severity": "MEDIUM",
    "details": {
      "source_ip": "198.51.100.23",
      "username": "admin",
      "domain": "CORPSEC",
      "logon_type": "10",
      "failure_reason": "An incorrect password was supplied",
      "service": "windows_logon",
      "action": "failed_login"
    },
    "event_id": "EVT-000102"
  },
  {
    "source": "windows_security",
    "timestamp": "2026-02-17T05:21:59.379830",
    "raw": "{\"EventID\": 4625, \"TimeCreated\": \"2026-02-17T05:21:59.379830Z\", \"Computer\": \"WS-FIN-PC04.corpsec.local\", \"Channel\": \"Security\", \"Provider\": \"Microsoft-Windows-Security-Auditing\", \"Level\": \"Information\", \"Task\": \"Logon\", \"Keywords\": \"Audit Failure\", \"EventData\": {\"SubjectUserSid\": \"S-1-0-0\", \"SubjectUserName\": \"-\", \"SubjectDomainName\": \"-\", \"TargetUserName\": \"user1\", \"TargetDomainName\": \"CORPSEC\", \"Status\": \"0xC0000234\", \"FailureReason\": \"The user account has been locked out\", \"SubStatus\": \"0x0\", \"LogonType\": \"10\", \"LogonProcessName\": \"NtLmSsp\", \"AuthenticationPackageName\": \"NTLM\", \"WorkstationName\": \"WS-FIN-PC04\", \"IpAddress\": \"198.51.100.23\", \"IpPort\": \"58948\", \"LogonGuid\": \"{00000000-0000-0000-0000-000000000000}\"}}",
    "log_file": "/home/narenpindi/Desktop/project/enterprise-soc-lab/logs/windows/security_events.json",
    "event_type": "authentication_failure",
    "severity": "MEDIUM",
    "details": {
      "source_ip": "198.51.100.23",
      "username": "user1",
      "domain": "CORPSEC",
      "logon_type": "10",
      "failure_reason": "The user account has been locked out",
      "service": "windows_logon",
      "action": "failed_login"
    },
    "event_id": "EVT-000103"
  },
  {
    "source": "windows_security",
    "timestamp": "2026-02-17T05:22:00.105024",
    "raw": "{\"EventID\": 4625, \"TimeCreated\": \"2026-02-17T05:22:00.105024Z\", \"Computer\": \"WS-FIN-PC04.corpsec.local\", \"Channel\": \"Security\", \"Provider\": \"Microsoft-Windows-Security-Auditing\", \"Level\": \"Information\", \"Task\": \"Logon\", \"Keywords\": \"Audit Failure\", \"EventData\": {\"SubjectUserSid\": \"S-1-0-0\", \"SubjectUserName\": \"-\", \"SubjectDomainName\": \"-\", \"TargetUserName\": \"administrator\", \"TargetDomainName\": \"CORPSEC\", \"Status\": \"0xC0000234\", \"FailureReason\": \"The user account has been locked out\", \"SubStatus\": \"0x0\", \"LogonType\": \"10\", \"LogonProcessName\": \"NtLmSsp\", \"AuthenticationPackageName\": \"NTLM\", \"WorkstationName\": \"WS-FIN-PC04\", \"IpAddress\": \"198.51.100.23\", \"IpPort\": \"42350\", \"LogonGuid\": \"{00000000-0000-0000-0000-000000000000}\"}}",
    "log_file": "/home/narenpindi/Desktop/project/enterprise-soc-lab/logs/windows/security_events.json",
    "event_type": "authentication_failure",
    "severity": "MEDIUM",
    "details": {
      "source_ip": "198.51.100.23",
      "username": "administrator",
      "domain": "CORPSEC",
      "logon_type": "10",
      "failure_reason": "The user account has been locked out",
      "service": "windows_logon",
      "action": "failed_login"
    },
    "event_id": "EVT-000104"
  },
  {
    "source": "windows_security",
    "timestamp": "2026-02-17T05:22:00.563279",
    "raw": "{\"EventID\": 4625, \"TimeCreated\": \"2026-02-17T05:22:00.563279Z\", \"Computer\": \"WS-FIN-PC04.corpsec.local\", \"Channel\": \"Security\", \"Provider\": \"Microsoft-Windows-Security-Auditing\", \"Level\": \"Information\", \"Task\": \"Logon\", \"Keywords\": \"Audit Failure\", \"EventData\": {\"SubjectUserSid\": \"S-1-0-0\", \"SubjectUserName\": \"-\", \"SubjectDomainName\": \"-\", \"TargetUserName\": \"jsmith\", \"TargetDomainName\": \"CORPSEC\", \"Status\": \"0xC000006A\", \"FailureReason\": \"An incorrect password was supplied\", \"SubStatus\": \"0x0\", \"LogonType\": \"10\", \"LogonProcessName\": \"NtLmSsp\", \"AuthenticationPackageName\": \"NTLM\", \"WorkstationName\": \"WS-FIN-PC04\", \"IpAddress\": \"198.51.100.23\", \"IpPort\": \"45247\", \"LogonGuid\": \"{00000000-0000-0000-0000-000000000000}\"}}",
    "log_file": "/home/narenpindi/Desktop/project/enterprise-soc-lab/logs/windows/security_events.json",
    "event_type": "authentication_failure",
    "severity": "MEDIUM",
    "details": {
      "source_ip": "198.51.100.23",
      "username": "jsmith",
      "domain": "CORPSEC",
      "logon_type": "10",
      "failure_reason": "An incorrect password was supplied",
      "service": "windows_logon",
      "action": "failed_login"
    },
    "event_id": "EVT-000105"
  },
  {
    "source": "windows_security",
    "timestamp": "2026-02-17T05:22:05.520181",
    "raw": "{\"EventID\": 4625, \"TimeCreated\": \"2026-02-17T05:22:05.520181Z\", \"Computer\": \"WS-FIN-PC04.corpsec.local\", \"Channel\": \"Security\", \"Provider\": \"Microsoft-Windows-Security-Auditing\", \"Level\": \"Information\", \"Task\": \"Logon\", \"Keywords\": \"Audit Failure\", \"EventData\": {\"SubjectUserSid\": \"S-1-0-0\", \"SubjectUserName\": \"-\", \"SubjectDomainName\": \"-\", \"TargetUserName\": \"administrator\", \"TargetDomainName\": \"CORPSEC\", \"Status\": \"0xC0000234\", \"FailureReason\": \"The user account has been locked out\", \"SubStatus\": \"0x0\", \"LogonType\": \"10\", \"LogonProcessName\": \"NtLmSsp\", \"AuthenticationPackageName\": \"NTLM\", \"WorkstationName\": \"WS-FIN-PC04\", \"IpAddress\": \"198.51.100.23\", \"IpPort\": \"52178\", \"LogonGuid\": \"{00000000-0000-0000-0000-000000000000}\"}}",
    "log_file": "/home/narenpindi/Desktop/project/enterprise-soc-lab/logs/windows/security_events.json",
    "event_type": "authentication_failure",
    "severity": "MEDIUM",
    "details": {
      "source_ip": "198.51.100.23",
      "username": "administrator",
      "domain": "CORPSEC",
      "logon_type": "10",
      "failure_reason": "The user account has been locked out",
      "service": "windows_logon",
      "action": "failed_login"
    },
    "event_id": "EVT-000106"
  },
  {
    "source": "windows_security",
    "timestamp": "2026-02-17T05:22:05.929228",
    "raw": "{\"EventID\": 4625, \"TimeCreated\": \"2026-02-17T05:22:05.929228Z\", \"Computer\": \"WS-FIN-PC04.corpsec.local\", \"Channel\": \"Security\", \"Provider\": \"Microsoft-Windows-Security-Auditing\", \"Level\": \"Information\", \"Task\": \"Logon\", \"Keywords\": \"Audit Failure\", \"EventData\": {\"SubjectUserSid\": \"S-1-0-0\", \"SubjectUserName\": \"-\", \"SubjectDomainName\": \"-\", \"TargetUserName\": \"guest\", \"TargetDomainName\": \"CORPSEC\", \"Status\": \"0xC0000064\", \"FailureReason\": \"The specified user does not exist\", \"SubStatus\": \"0x0\", \"LogonType\": \"10\", \"LogonProcessName\": \"NtLmSsp\", \"AuthenticationPackageName\": \"NTLM\", \"WorkstationName\": \"WS-FIN-PC04\", \"IpAddress\": \"198.51.100.23\", \"IpPort\": \"43356\", \"LogonGuid\": \"{00000000-0000-0000-0000-000000000000}\"}}",
    "log_file": "/home/narenpindi/Desktop/project/enterprise-soc-lab/logs/windows/security_events.json",
    "event_type": "authentication_failure",
    "severity": "MEDIUM",
    "details": {
      "source_ip": "198.51.100.23",
      "username": "guest",
      "domain": "CORPSEC",
      "logon_type": "10",
      "failure_reason": "The specified user does not exist",
      "service": "windows_logon",
      "action": "failed_login"
    },
    "event_id": "EVT-000107"
  },
  {
    "source": "windows_security",
    "timestamp": "2026-02-17T05:22:08.357487",
    "raw": "{\"EventID\": 4625, \"TimeCreated\": \"2026-02-17T05:22:08.357487Z\", \"Computer\": \"WS-FIN-PC04.corpsec.local\", \"Channel\": \"Security\", \"Provider\": \"Microsoft-Windows-Security-Auditing\", \"Level\": \"Information\", \"Task\": \"Logon\", \"Keywords\": \"Audit Failure\", \"EventData\": {\"SubjectUserSid\": \"S-1-0-0\", \"SubjectUserName\": \"-\", \"SubjectDomainName\": \"-\", \"TargetUserName\": \"sa\", \"TargetDomainName\": \"CORPSEC\", \"Status\": \"0xC0000234\", \"FailureReason\": \"The user account has been locked out\", \"SubStatus\": \"0x0\", \"LogonType\": \"10\", \"LogonProcessName\": \"NtLmSsp\", \"AuthenticationPackageName\": \"NTLM\", \"WorkstationName\": \"WS-FIN-PC04\", \"IpAddress\": \"198.51.100.23\", \"IpPort\": \"47271\", \"LogonGuid\": \"{00000000-0000-0000-0000-000000000000}\"}}",
    "log_file": "/home/narenpindi/Desktop/project/enterprise-soc-lab/logs/windows/security_events.json",
    "event_type": "authentication_failure",
    "severity": "MEDIUM",
    "details": {
      "source_ip": "198.51.100.23",
      "username": "sa",
      "domain": "CORPSEC",
      "logon_type": "10",
      "failure_reason": "The user account has been locked out",
      "service": "windows_logon",
      "action": "failed_login"
    },
    "event_id": "EVT-000108"
  },
  {
    "source": "windows_security",
    "timestamp": "2026-02-17T05:22:12.939518",
    "raw": "{\"EventID\": 4625, \"TimeCreated\": \"2026-02-17T05:22:12.939518Z\", \"Computer\": \"WS-FIN-PC04.corpsec.local\", \"Channel\": \"Security\", \"Provider\": \"Microsoft-Windows-Security-Auditing\", \"Level\": \"Information\", \"Task\": \"Logon\", \"Keywords\": \"Audit Failure\", \"EventData\": {\"SubjectUserSid\": \"S-1-0-0\", \"SubjectUserName\": \"-\", \"SubjectDomainName\": \"-\", \"TargetUserName\": \"user1\", \"TargetDomainName\": \"CORPSEC\", \"Status\": \"0xC000006A\", \"FailureReason\": \"An incorrect password was supplied\", \"SubStatus\": \"0x0\", \"LogonType\": \"10\", \"LogonProcessName\": \"NtLmSsp\", \"AuthenticationPackageName\": \"NTLM\", \"WorkstationName\": \"WS-FIN-PC04\", \"IpAddress\": \"198.51.100.23\", \"IpPort\": \"61388\", \"LogonGuid\": \"{00000000-0000-0000-0000-000000000000}\"}}",
    "log_file": "/home/narenpindi/Desktop/project/enterprise-soc-lab/logs/windows/security_events.json",
    "event_type": "authentication_failure",
    "severity": "MEDIUM",
    "details": {
      "source_ip": "198.51.100.23",
      "username": "user1",
      "domain": "CORPSEC",
      "logon_type": "10",
      "failure_reason": "An incorrect password was supplied",
      "service": "windows_logon",
      "action": "failed_login"
    },
    "event_id": "EVT-000109"
  },
  {
    "source": "windows_security",
    "timestamp": "2026-02-17T05:22:13.201337",
    "raw": "{\"EventID\": 4625, \"TimeCreated\": \"2026-02-17T05:22:13.201337Z\", \"Computer\": \"WS-FIN-PC04.corpsec.local\", \"Channel\": \"Security\", \"Provider\": \"Microsoft-Windows-Security-Auditing\", \"Level\": \"Information\", \"Task\": \"Logon\", \"Keywords\": \"Audit Failure\", \"EventData\": {\"SubjectUserSid\": \"S-1-0-0\", \"SubjectUserName\": \"-\", \"SubjectDomainName\": \"-\", \"TargetUserName\": \"jsmith\", \"TargetDomainName\": \"CORPSEC\", \"Status\": \"0xC000006D\", \"FailureReason\": \"Bad username or authentication information\", \"SubStatus\": \"0x0\", \"LogonType\": \"10\", \"LogonProcessName\": \"NtLmSsp\", \"AuthenticationPackageName\": \"NTLM\", \"WorkstationName\": \"WS-FIN-PC04\", \"IpAddress\": \"198.51.100.23\", \"IpPort\": \"48010\", \"LogonGuid\": \"{00000000-0000-0000-0000-000000000000}\"}}",
    "log_file": "/home/narenpindi/Desktop/project/enterprise-soc-lab/logs/windows/security_events.json",
    "event_type": "authentication_failure",
    "severity": "MEDIUM",
    "details": {
      "source_ip": "198.51.100.23",
      "username": "jsmith",
      "domain": "CORPSEC",
      "logon_type": "10",
      "failure_reason": "Bad username or authentication information",
      "service": "windows_logon",
      "action": "failed_login"
    },
    "event_id": "EVT-000110"
  },
  {
    "source": "windows_security",
    "timestamp": "2026-02-17T05:22:15.759563",
    "raw": "{\"EventID\": 4625, \"TimeCreated\": \"2026-02-17T05:22:15.759563Z\", \"Computer\": \"WS-FIN-PC04.corpsec.local\", \"Channel\": \"Security\", \"Provider\": \"Microsoft-Windows-Security-Auditing\", \"Level\": \"Information\", \"Task\": \"Logon\", \"Keywords\": \"Audit Failure\", \"EventData\": {\"SubjectUserSid\": \"S-1-0-0\", \"SubjectUserName\": \"-\", \"SubjectDomainName\": \"-\", \"TargetUserName\": \"dbadmin\", \"TargetDomainName\": \"CORPSEC\", \"Status\": \"0xC0000064\", \"FailureReason\": \"The specified user does not exist\", \"SubStatus\": \"0x0\", \"LogonType\": \"10\", \"LogonProcessName\": \"NtLmSsp\", \"AuthenticationPackageName\": \"NTLM\", \"WorkstationName\": \"WS-FIN-PC04\", \"IpAddress\": \"198.51.100.23\", \"IpPort\": \"59260\", \"LogonGuid\": \"{00000000-0000-0000-0000-000000000000}\"}}",
    "log_file": "/home/narenpindi/Desktop/project/enterprise-soc-lab/logs/windows/security_events.json",
    "event_type": "authentication_failure",
    "severity": "MEDIUM",
    "details": {
      "source_ip": "198.51.100.23",
      "username": "dbadmin",
      "domain": "CORPSEC",
      "logon_type": "10",
      "failure_reason": "The specified user does not exist",
      "service": "windows_logon",
      "action": "failed_login"
    },
    "event_id": "EVT-000111"
  },
  {
    "source": "windows_security",
    "timestamp": "2026-02-17T05:22:18.276875",
    "raw": "{\"EventID\": 4625, \"TimeCreated\": \"2026-02-17T05:22:18.276875Z\", \"Computer\": \"WS-FIN-PC04.corpsec.local\", \"Channel\": \"Security\", \"Provider\": \"Microsoft-Windows-Security-Auditing\", \"Level\": \"Information\", \"Task\": \"Logon\", \"Keywords\": \"Audit Failure\", \"EventData\": {\"SubjectUserSid\": \"S-1-0-0\", \"SubjectUserName\": \"-\", \"SubjectDomainName\": \"-\", \"TargetUserName\": \"jsmith\", \"TargetDomainName\": \"CORPSEC\", \"Status\": \"0xC0000072\", \"FailureReason\": \"The user account is disabled\", \"SubStatus\": \"0x0\", \"LogonType\": \"10\", \"LogonProcessName\": \"NtLmSsp\", \"AuthenticationPackageName\": \"NTLM\", \"WorkstationName\": \"WS-FIN-PC04\", \"IpAddress\": \"198.51.100.23\", \"IpPort\": \"52186\", \"LogonGuid\": \"{00000000-0000-0000-0000-000000000000}\"}}",
    "log_file": "/home/narenpindi/Desktop/project/enterprise-soc-lab/logs/windows/security_events.json",
    "event_type": "authentication_failure",
    "severity": "MEDIUM",
    "details": {
      "source_ip": "198.51.100.23",
      "username": "jsmith",
      "domain": "CORPSEC",
      "logon_type": "10",
      "failure_reason": "The user account is disabled",
      "service": "windows_logon",
      "action": "failed_login"
    },
    "event_id": "EVT-000112"
  },
  {
    "source": "windows_security",
    "timestamp": "2026-02-17T05:22:19.982215",
    "raw": "{\"EventID\": 4625, \"TimeCreated\": \"2026-02-17T05:22:19.982215Z\", \"Computer\": \"WS-FIN-PC04.corpsec.local\", \"Channel\": \"Security\", \"Provider\": \"Microsoft-Windows-Security-Auditing\", \"Level\": \"Information\", \"Task\": \"Logon\", \"Keywords\": \"Audit Failure\", \"EventData\": {\"SubjectUserSid\": \"S-1-0-0\", \"SubjectUserName\": \"-\", \"SubjectDomainName\": \"-\", \"TargetUserName\": \"svc_backup\", \"TargetDomainName\": \"CORPSEC\", \"Status\": \"0xC0000072\", \"FailureReason\": \"The user account is disabled\", \"SubStatus\": \"0x0\", \"LogonType\": \"10\", \"LogonProcessName\": \"NtLmSsp\", \"AuthenticationPackageName\": \"NTLM\", \"WorkstationName\": \"WS-FIN-PC04\", \"IpAddress\": \"198.51.100.23\", \"IpPort\": \"56760\", \"LogonGuid\": \"{00000000-0000-0000-0000-000000000000}\"}}",
    "log_file": "/home/narenpindi/Desktop/project/enterprise-soc-lab/logs/windows/security_events.json",
    "event_type": "authentication_failure",
    "severity": "MEDIUM",
    "details": {
      "source_ip": "198.51.100.23",
      "username": "svc_backup",
      "domain": "CORPSEC",
      "logon_type": "10",
      "failure_reason": "The user account is disabled",
      "service": "windows_logon",
      "action": "failed_login"
    },
    "event_id": "EVT-000113"
  },
  {
    "source": "windows_security",
    "timestamp": "2026-02-17T05:22:20.973137",
    "raw": "{\"EventID\": 4625, \"TimeCreated\": \"2026-02-17T05:22:20.973137Z\", \"Computer\": \"WS-FIN-PC04.corpsec.local\", \"Channel\": \"Security\", \"Provider\": \"Microsoft-Windows-Security-Auditing\", \"Level\": \"Information\", \"Task\": \"Logon\", \"Keywords\": \"Audit Failure\", \"EventData\": {\"SubjectUserSid\": \"S-1-0-0\", \"SubjectUserName\": \"-\", \"SubjectDomainName\": \"-\", \"TargetUserName\": \"user1\", \"TargetDomainName\": \"CORPSEC\", \"Status\": \"0xC0000234\", \"FailureReason\": \"The user account has been locked out\", \"SubStatus\": \"0x0\", \"LogonType\": \"10\", \"LogonProcessName\": \"NtLmSsp\", \"AuthenticationPackageName\": \"NTLM\", \"WorkstationName\": \"WS-FIN-PC04\", \"IpAddress\": \"198.51.100.23\", \"IpPort\": \"63485\", \"LogonGuid\": \"{00000000-0000-0000-0000-000000000000}\"}}",
    "log_file": "/home/narenpindi/Desktop/project/enterprise-soc-lab/logs/windows/security_events.json",
    "event_type": "authentication_failure",
    "severity": "MEDIUM",
    "details": {
      "source_ip": "198.51.100.23",
      "username": "user1",
      "domain": "CORPSEC",
      "logon_type": "10",
      "failure_reason": "The user account has been locked out",
      "service": "windows_logon",
      "action": "failed_login"
    },
    "event_id": "EVT-000114"
  },
  {
    "source": "windows_security",
    "timestamp": "2026-02-17T05:22:21.915838",
    "raw": "{\"EventID\": 4625, \"TimeCreated\": \"2026-02-17T05:22:21.915838Z\", \"Computer\": \"WS-FIN-PC04.corpsec.local\", \"Channel\": \"Security\", \"Provider\": \"Microsoft-Windows-Security-Auditing\", \"Level\": \"Information\", \"Task\": \"Logon\", \"Keywords\": \"Audit Failure\", \"EventData\": {\"SubjectUserSid\": \"S-1-0-0\", \"SubjectUserName\": \"-\", \"SubjectDomainName\": \"-\", \"TargetUserName\": \"jsmith\", \"TargetDomainName\": \"CORPSEC\", \"Status\": \"0xC000006A\", \"FailureReason\": \"An incorrect password was supplied\", \"SubStatus\": \"0x0\", \"LogonType\": \"10\", \"LogonProcessName\": \"NtLmSsp\", \"AuthenticationPackageName\": \"NTLM\", \"WorkstationName\": \"WS-FIN-PC04\", \"IpAddress\": \"198.51.100.23\", \"IpPort\": \"58446\", \"LogonGuid\": \"{00000000-0000-0000-0000-000000000000}\"}}",
    "log_file": "/home/narenpindi/Desktop/project/enterprise-soc-lab/logs/windows/security_events.json",
    "event_type": "authentication_failure",
    "severity": "MEDIUM",
    "details": {
      "source_ip": "198.51.100.23",
      "username": "jsmith",
      "domain": "CORPSEC",
      "logon_type": "10",
      "failure_reason": "An incorrect password was supplied",
      "service": "windows_logon",
      "action": "failed_login"
    },
    "event_id": "EVT-000115"
  },
  {
    "source": "windows_security",
    "timestamp": "2026-02-17T05:22:23.711252",
    "raw": "{\"EventID\": 4625, \"TimeCreated\": \"2026-02-17T05:22:23.711252Z\", \"Computer\": \"WS-FIN-PC04.corpsec.local\", \"Channel\": \"Security\", \"Provider\": \"Microsoft-Windows-Security-Auditing\", \"Level\": \"Information\", \"Task\": \"Logon\", \"Keywords\": \"Audit Failure\", \"EventData\": {\"SubjectUserSid\": \"S-1-0-0\", \"SubjectUserName\": \"-\", \"SubjectDomainName\": \"-\", \"TargetUserName\": \"dbadmin\", \"TargetDomainName\": \"CORPSEC\", \"Status\": \"0xC0000234\", \"FailureReason\": \"The user account has been locked out\", \"SubStatus\": \"0x0\", \"LogonType\": \"10\", \"LogonProcessName\": \"NtLmSsp\", \"AuthenticationPackageName\": \"NTLM\", \"WorkstationName\": \"WS-FIN-PC04\", \"IpAddress\": \"198.51.100.23\", \"IpPort\": \"60590\", \"LogonGuid\": \"{00000000-0000-0000-0000-000000000000}\"}}",
    "log_file": "/home/narenpindi/Desktop/project/enterprise-soc-lab/logs/windows/security_events.json",
    "event_type": "authentication_failure",
    "severity": "MEDIUM",
    "details": {
      "source_ip": "198.51.100.23",
      "username": "dbadmin",
      "domain": "CORPSEC",
      "logon_type": "10",
      "failure_reason": "The user account has been locked out",
      "service": "windows_logon",
      "action": "failed_login"
    },
    "event_id": "EVT-000116"
  },
  {
    "source": "windows_security",
    "timestamp": "2026-02-17T05:22:26.539230",
    "raw": "{\"EventID\": 4625, \"TimeCreated\": \"2026-02-17T05:22:26.539230Z\", \"Computer\": \"WS-FIN-PC04.corpsec.local\", \"Channel\": \"Security\", \"Provider\": \"Microsoft-Windows-Security-Auditing\", \"Level\": \"Information\", \"Task\": \"Logon\", \"Keywords\": \"Audit Failure\", \"EventData\": {\"SubjectUserSid\": \"S-1-0-0\", \"SubjectUserName\": \"-\", \"SubjectDomainName\": \"-\", \"TargetUserName\": \"user1\", \"TargetDomainName\": \"CORPSEC\", \"Status\": \"0xC0000072\", \"FailureReason\": \"The user account is disabled\", \"SubStatus\": \"0x0\", \"LogonType\": \"10\", \"LogonProcessName\": \"NtLmSsp\", \"AuthenticationPackageName\": \"NTLM\", \"WorkstationName\": \"WS-FIN-PC04\", \"IpAddress\": \"198.51.100.23\", \"IpPort\": \"49306\", \"LogonGuid\": \"{00000000-0000-0000-0000-000000000000}\"}}",
    "log_file": "/home/narenpindi/Desktop/project/enterprise-soc-lab/logs/windows/security_events.json",
    "event_type": "authentication_failure",
    "severity": "MEDIUM",
    "details": {
      "source_ip": "198.51.100.23",
      "username": "user1",
      "domain": "CORPSEC",
      "logon_type": "10",
      "failure_reason": "The user account is disabled",
      "service": "windows_logon",
      "action": "failed_login"
    },
    "event_id": "EVT-000117"
  },
  {
    "source": "windows_security",
    "timestamp": "2026-02-17T05:22:27.609545",
    "raw": "{\"EventID\": 4625, \"TimeCreated\": \"2026-02-17T05:22:27.609545Z\", \"Computer\": \"WS-FIN-PC04.corpsec.local\", \"Channel\": \"Security\", \"Provider\": \"Microsoft-Windows-Security-Auditing\", \"Level\": \"Information\", \"Task\": \"Logon\", \"Keywords\": \"Audit Failure\", \"EventData\": {\"SubjectUserSid\": \"S-1-0-0\", \"SubjectUserName\": \"-\", \"SubjectDomainName\": \"-\", \"TargetUserName\": \"svc_backup\", \"TargetDomainName\": \"CORPSEC\", \"Status\": \"0xC0000064\", \"FailureReason\": \"The specified user does not exist\", \"SubStatus\": \"0x0\", \"LogonType\": \"10\", \"LogonProcessName\": \"NtLmSsp\", \"AuthenticationPackageName\": \"NTLM\", \"WorkstationName\": \"WS-FIN-PC04\", \"IpAddress\": \"198.51.100.23\", \"IpPort\": \"45686\", \"LogonGuid\": \"{00000000-0000-0000-0000-000000000000}\"}}",
    "log_file": "/home/narenpindi/Desktop/project/enterprise-soc-lab/logs/windows/security_events.json",
    "event_type": "authentication_failure",
    "severity": "MEDIUM",
    "details": {
      "source_ip": "198.51.100.23",
      "username": "svc_backup",
      "domain": "CORPSEC",
      "logon_type": "10",
      "failure_reason": "The specified user does not exist",
      "service": "windows_logon",
      "action": "failed_login"
    },
    "event_id": "EVT-000118"
  },
  {
    "source": "windows_security",
    "timestamp": "2026-02-17T05:22:28.160386",
    "raw": "{\"EventID\": 4625, \"TimeCreated\": \"2026-02-17T05:22:28.160386Z\", \"Computer\": \"WS-FIN-PC04.corpsec.local\", \"Channel\": \"Security\", \"Provider\": \"Microsoft-Windows-Security-Auditing\", \"Level\": \"Information\", \"Task\": \"Logon\", \"Keywords\": \"Audit Failure\", \"EventData\": {\"SubjectUserSid\": \"S-1-0-0\", \"SubjectUserName\": \"-\", \"SubjectDomainName\": \"-\", \"TargetUserName\": \"dbadmin\", \"TargetDomainName\": \"CORPSEC\", \"Status\": \"0xC000006D\", \"FailureReason\": \"Bad username or authentication information\", \"SubStatus\": \"0x0\", \"LogonType\": \"10\", \"LogonProcessName\": \"NtLmSsp\", \"AuthenticationPackageName\": \"NTLM\", \"WorkstationName\": \"WS-FIN-PC04\", \"IpAddress\": \"198.51.100.23\", \"IpPort\": \"44763\", \"LogonGuid\": \"{00000000-0000-0000-0000-000000000000}\"}}",
    "log_file": "/home/narenpindi/Desktop/project/enterprise-soc-lab/logs/windows/security_events.json",
    "event_type": "authentication_failure",
    "severity": "MEDIUM",
    "details": {
      "source_ip": "198.51.100.23",
      "username": "dbadmin",
      "domain": "CORPSEC",
      "logon_type": "10",
      "failure_reason": "Bad username or authentication information",
      "service": "windows_logon",
      "action": "failed_login"
    },
    "event_id": "EVT-000119"
  },
  {
    "source": "windows_security",
    "timestamp": "2026-02-17T05:22:29.311337",
    "raw": "{\"EventID\": 4625, \"TimeCreated\": \"2026-02-17T05:22:29.311337Z\", \"Computer\": \"WS-FIN-PC04.corpsec.local\", \"Channel\": \"Security\", \"Provider\": \"Microsoft-Windows-Security-Auditing\", \"Level\": \"Information\", \"Task\": \"Logon\", \"Keywords\": \"Audit Failure\", \"EventData\": {\"SubjectUserSid\": \"S-1-0-0\", \"SubjectUserName\": \"-\", \"SubjectDomainName\": \"-\", \"TargetUserName\": \"administrator\", \"TargetDomainName\": \"CORPSEC\", \"Status\": \"0xC0000064\", \"FailureReason\": \"The specified user does not exist\", \"SubStatus\": \"0x0\", \"LogonType\": \"10\", \"LogonProcessName\": \"NtLmSsp\", \"AuthenticationPackageName\": \"NTLM\", \"WorkstationName\": \"WS-FIN-PC04\", \"IpAddress\": \"198.51.100.23\", \"IpPort\": \"53559\", \"LogonGuid\": \"{00000000-0000-0000-0000-000000000000}\"}}",
    "log_file": "/home/narenpindi/Desktop/project/enterprise-soc-lab/logs/windows/security_events.json",
    "event_type": "authentication_failure",
    "severity": "MEDIUM",
    "details": {
      "source_ip": "198.51.100.23",
      "username": "administrator",
      "domain": "CORPSEC",
      "logon_type": "10",
      "failure_reason": "The specified user does not exist",
      "service": "windows_logon",
      "action": "failed_login"
    },
    "event_id": "EVT-000120"
  },
  {
    "source": "windows_security",
    "timestamp": "2026-02-17T05:22:29.349181",
    "raw": "{\"EventID\": 4625, \"TimeCreated\": \"2026-02-17T05:22:29.349181Z\", \"Computer\": \"WS-FIN-PC04.corpsec.local\", \"Channel\": \"Security\", \"Provider\": \"Microsoft-Windows-Security-Auditing\", \"Level\": \"Information\", \"Task\": \"Logon\", \"Keywords\": \"Audit Failure\", \"EventData\": {\"SubjectUserSid\": \"S-1-0-0\", \"SubjectUserName\": \"-\", \"SubjectDomainName\": \"-\", \"TargetUserName\": \"dbadmin\", \"TargetDomainName\": \"CORPSEC\", \"Status\": \"0xC0000234\", \"FailureReason\": \"The user account has been locked out\", \"SubStatus\": \"0x0\", \"LogonType\": \"10\", \"LogonProcessName\": \"NtLmSsp\", \"AuthenticationPackageName\": \"NTLM\", \"WorkstationName\": \"WS-FIN-PC04\", \"IpAddress\": \"198.51.100.23\", \"IpPort\": \"46803\", \"LogonGuid\": \"{00000000-0000-0000-0000-000000000000}\"}}",
    "log_file": "/home/narenpindi/Desktop/project/enterprise-soc-lab/logs/windows/security_events.json",
    "event_type": "authentication_failure",
    "severity": "MEDIUM",
    "details": {
      "source_ip": "198.51.100.23",
      "username": "dbadmin",
      "domain": "CORPSEC",
      "logon_type": "10",
      "failure_reason": "The user account has been locked out",
      "service": "windows_logon",
      "action": "failed_login"
    },
    "event_id": "EVT-000121"
  },
