  {
    "source": "proxy",
    "raw": "2026-02-17T23:30:00 2459 10.0.2.10 TCP_200/200 20765 GET https://registry.npmjs.org/express - DIRECT/13.107.42.14 Mozilla/5.0",
    "log_file": "/home/narenpindi/Desktop/project/enterprise-soc-lab/logs/network/proxy_access.log",
    "line_number": 54,
    "event_type": "web_request",
    "severity": "LOW",
    "timestamp": "2026-02-17T23:30:00",
    "details": {
      "source_ip": "10.0.2.10",
      "method": "GET",
      "url": "https://registry.npmjs.org/express",
      "bytes": 20765,
      "status": "200",
      "action": "web_access"
    },
    "event_id": "EVT-001124"
  },
  {
    "source": "linux_auth",
    "raw": "Feb 17 23:39:00 prod-web-01 sshd[10693]: Accepted password for ubuntu from 172.16.0.5 port 54457 ssh2",
    "log_file": "/home/narenpindi/Desktop/project/enterprise-soc-lab/logs/linux/auth.log",
    "line_number": 446,
    "timestamp": "2026-02-17T23:39:00",
    "event_type": "authentication_success",
    "severity": "INFO",
    "details": {
      "source_ip": "172.16.0.5",
      "username": "ubuntu",
      "service": "sshd",
      "action": "successful_login"
    },
    "event_id": "EVT-001125"
  },
  {
    "source": "linux_auth",
    "raw": "Feb 17 23:39:01 prod-web-01 sshd[10693]: pam_unix(sshd:session): session opened for user ubuntu(uid=1001) by (uid=0)",
    "log_file": "/home/narenpindi/Desktop/project/enterprise-soc-lab/logs/linux/auth.log",
    "line_number": 447,
    "timestamp": "2026-02-17T23:39:01",
    "event_type": "other",
    "severity": "LOW",
    "details": {
      "message": "Feb 17 23:39:01 prod-web-01 sshd[10693]: pam_unix(sshd:session): session opened for user ubuntu(uid=1001) by (uid=0)"
    },
    "event_id": "EVT-001126"
  },
  {
    "source": "dns",
    "raw": "17-Feb-2026 23:48:00.000 queries: info: client @0x4a6d 10.0.1.51#52313 (microsoft.com): query: microsoft.com IN AAAA + (10.0.0.2)",
    "log_file": "/home/narenpindi/Desktop/project/enterprise-soc-lab/logs/network/dns_queries.log",
    "line_number": 237,
    "event_type": "dns_query",
    "severity": "LOW",
    "details": {
      "query_domain": "microsoft.com",
      "query_type": "AAAA",
      "source_ip": "10.0.1.51",
      "action": "dns_lookup"
    },
    "timestamp": "2026-02-17T23:48:00",
    "event_id": "EVT-001127"
  },
  {
    "source": "dns",
    "raw": "18-Feb-2026 00:06:00.000 queries: info: client @0x5560 10.0.2.10#51484 (npmjs.org): query: npmjs.org IN CNAME + (10.0.0.2)",
    "log_file": "/home/narenpindi/Desktop/project/enterprise-soc-lab/logs/network/dns_queries.log",
    "line_number": 238,
    "event_type": "dns_query",
    "severity": "LOW",
    "details": {
      "query_domain": "npmjs.org",
      "query_type": "CNAME",
      "source_ip": "10.0.2.10",
      "action": "dns_lookup"
    },
    "timestamp": "2026-02-18T00:06:00",
    "event_id": "EVT-001128"
  },
  {
    "source": "dns",
    "raw": "18-Feb-2026 00:48:00.000 queries: info: client @0x7a73 10.0.1.50#40422 (stackoverflow.com): query: stackoverflow.com IN CNAME + (10.0.0.2)",
    "log_file": "/home/narenpindi/Desktop/project/enterprise-soc-lab/logs/network/dns_queries.log",
    "line_number": 239,
    "event_type": "dns_query",
    "severity": "LOW",
    "details": {
      "query_domain": "stackoverflow.com",
      "query_type": "CNAME",
      "source_ip": "10.0.1.50",
      "action": "dns_lookup"
    },
    "timestamp": "2026-02-18T00:48:00",
    "event_id": "EVT-001129"
  },
  {
    "source": "proxy",
    "raw": "2026-02-18T01:06:00 750 10.0.1.51 TCP_200/200 29863 POST https://docs.python.org/3/library - DIRECT/142.250.80.46 Mozilla/5.0",
    "log_file": "/home/narenpindi/Desktop/project/enterprise-soc-lab/logs/network/proxy_access.log",
    "line_number": 55,
    "event_type": "web_request",
    "severity": "LOW",
    "timestamp": "2026-02-18T01:06:00",
    "details": {
      "source_ip": "10.0.1.51",
      "method": "POST",
      "url": "https://docs.python.org/3/library",
      "bytes": 29863,
      "status": "200",
      "action": "web_access"
    },
    "event_id": "EVT-001130"
  },
  {
    "source": "dns",
    "raw": "18-Feb-2026 01:11:00.000 queries: info: client @0x950b 10.0.1.51#55794 (github.com): query: github.com IN CNAME + (10.0.0.2)",
    "log_file": "/home/narenpindi/Desktop/project/enterprise-soc-lab/logs/network/dns_queries.log",
    "line_number": 240,
    "event_type": "dns_query",
    "severity": "LOW",
    "details": {
      "query_domain": "github.com",
      "query_type": "CNAME",
      "source_ip": "10.0.1.51",
      "action": "dns_lookup"
    },
    "timestamp": "2026-02-18T01:11:00",
    "event_id": "EVT-001131"
  },
  {
    "source": "dns",
    "raw": "18-Feb-2026 01:12:00.000 queries: info: client @0x6c77 10.0.1.50#55269 (microsoft.com): query: microsoft.com IN AAAA + (10.0.0.2)",
    "log_file": "/home/narenpindi/Desktop/project/enterprise-soc-lab/logs/network/dns_queries.log",
    "line_number": 241,
    "event_type": "dns_query",
    "severity": "LOW",
    "details": {
      "query_domain": "microsoft.com",
      "query_type": "AAAA",
      "source_ip": "10.0.1.50",
      "action": "dns_lookup"
    },
    "timestamp": "2026-02-18T01:12:00",
    "event_id": "EVT-001132"
  },
  {
    "source": "proxy",
    "raw": "2026-02-18T01:14:00 182 10.0.1.50 TCP_200/200 38821 GET https://docs.python.org/3/library - DIRECT/142.250.80.46 Mozilla/5.0",
    "log_file": "/home/narenpindi/Desktop/project/enterprise-soc-lab/logs/network/proxy_access.log",
    "line_number": 56,
    "event_type": "web_request",
    "severity": "LOW",
    "timestamp": "2026-02-18T01:14:00",
    "details": {
      "source_ip": "10.0.1.50",
      "method": "GET",
      "url": "https://docs.python.org/3/library",
      "bytes": 38821,
      "status": "200",
      "action": "web_access"
    },
    "event_id": "EVT-001133"
  },
  {
    "source": "dns",
    "raw": "18-Feb-2026 01:44:00.000 queries: info: client @0x1fd2 10.0.1.50#54801 (ubuntu.com): query: ubuntu.com IN A + (10.0.0.2)",
    "log_file": "/home/narenpindi/Desktop/project/enterprise-soc-lab/logs/network/dns_queries.log",
    "line_number": 242,
    "event_type": "dns_query",
    "severity": "LOW",
    "details": {
      "query_domain": "ubuntu.com",
      "query_type": "A",
      "source_ip": "10.0.1.50",
      "action": "dns_lookup"
    },
    "timestamp": "2026-02-18T01:44:00",
    "event_id": "EVT-001134"
  },
  {
    "source": "aws_s3",
    "timestamp": "2026-02-18T01:58:00",
    "raw": "{\"eventVersion\": \"1.08\", \"eventSource\": \"s3.amazonaws.com\", \"eventName\": \"GetObject\", \"eventTime\": \"2026-02-18T01:58:00Z\", \"sourceIPAddress\": \"10.0.1.50\", \"userAgent\": \"aws-cli/2.15.0\", \"requestParameters\": {\"bucketName\": \"corpsec-prod-data\", \"key\": \"app/config/settings_1.json\"}, \"responseElements\": null, \"additionalEventData\": {\"bytesTransferredOut\": 42856}}",
    "log_file": "/home/narenpindi/Desktop/project/enterprise-soc-lab/logs/cloud/s3_access_events.json",
    "event_type": "s3_access",
    "severity": "LOW",
    "details": {
      "event_name": "GetObject",
      "source_ip": "10.0.1.50",
      "user_name": "unknown",
      "bucket_name": "corpsec-prod-data",
      "key": "app/config/settings_1.json",
      "bytes_transferred": 42856,
      "action": "GetObject"
    },
    "event_id": "EVT-001135"
  },
  {
    "source": "dns",
    "raw": "18-Feb-2026 02:02:00.000 queries: info: client @0x16d5 10.0.2.10#50227 (ubuntu.com): query: ubuntu.com IN AAAA + (10.0.0.2)",
    "log_file": "/home/narenpindi/Desktop/project/enterprise-soc-lab/logs/network/dns_queries.log",
    "line_number": 243,
    "event_type": "dns_query",
    "severity": "LOW",
    "details": {
      "query_domain": "ubuntu.com",
      "query_type": "AAAA",
      "source_ip": "10.0.2.10",
      "action": "dns_lookup"
    },
    "timestamp": "2026-02-18T02:02:00",
    "event_id": "EVT-001136"
  },
  {
    "source": "dns",
    "raw": "18-Feb-2026 02:47:00.000 queries: info: client @0xa1b0 10.0.1.51#43224 (slack.com): query: slack.com IN AAAA + (10.0.0.2)",
    "log_file": "/home/narenpindi/Desktop/project/enterprise-soc-lab/logs/network/dns_queries.log",
    "line_number": 244,
    "event_type": "dns_query",
    "severity": "LOW",
    "details": {
      "query_domain": "slack.com",
      "query_type": "AAAA",
      "source_ip": "10.0.1.51",
      "action": "dns_lookup"
    },
    "timestamp": "2026-02-18T02:47:00",
    "event_id": "EVT-001137"
  },
  {
    "source": "aws_cloudtrail",
    "timestamp": "2026-02-18T02:52:00",
    "raw": "{\"eventVersion\": \"1.08\", \"userIdentity\": {\"type\": \"IAMUser\", \"principalId\": \"AIDAEXAMPLE59946\", \"arn\": \"arn:aws:iam::123456789012:user/dev-ops-svc\", \"accountId\": \"123456789012\", \"accessKeyId\": \"AKIAIOSFODNN7EXAMPLE\", \"userName\": \"dev-ops-svc\"}, \"eventTime\": \"2026-02-18T02:52:00Z\", \"eventSource\": \"ec2.amazonaws.com\", \"eventName\": \"DescribeInstances\", \"awsRegion\": \"us-east-1\", \"sourceIPAddress\": \"10.0.1.50\", \"userAgent\": \"aws-cli/2.15.0 Python/3.11.6 Linux/5.15.0-91-generic\", \"requestParameters\": {}, \"responseElements\": {\"_return\": true}, \"requestID\": \"4800ec5f-1ed4-4b44-befd-4a52cac91394\", \"eventID\": \"7aa5bd50-dad1-42da-b347-1bfaea57e29e\", \"readOnly\": true, \"eventType\": \"AwsApiCall\", \"managementEvent\": true, \"recipientAccountId\": \"123456789012\"}",
    "log_file": "/home/narenpindi/Desktop/project/enterprise-soc-lab/logs/cloud/cloudtrail_events.json",
    "event_type": "cloud_api_call",
    "severity": "LOW",
    "details": {
      "event_name": "DescribeInstances",
      "event_source": "ec2.amazonaws.com",
      "source_ip": "10.0.1.50",
      "user_name": "dev-ops-svc",
      "region": "us-east-1",
      "access_key": "AKIAIOSFODNN7EXAMPLE",
      "request_params": {},
      "error_code": null,
      "action": "DescribeInstances"
    },
    "event_id": "EVT-001138"
  },
  {
    "source": "proxy",
    "raw": "2026-02-18T02:56:00 2564 10.0.2.10 TCP_200/200 35299 GET https://pypi.org/simple/requests/ - DIRECT/13.107.42.14 Mozilla/5.0",
    "log_file": "/home/narenpindi/Desktop/project/enterprise-soc-lab/logs/network/proxy_access.log",
    "line_number": 57,
    "event_type": "web_request",
    "severity": "LOW",
    "timestamp": "2026-02-18T02:56:00",
    "details": {
      "source_ip": "10.0.2.10",
      "method": "GET",
      "url": "https://pypi.org/simple/requests/",
      "bytes": 35299,
      "status": "200",
      "action": "web_access"
    },
    "event_id": "EVT-001139"
  },
  {
    "source": "dns",
    "raw": "18-Feb-2026 03:00:00.000 queries: info: client @0x6a2a 10.0.1.50#45526 (slack.com): query: slack.com IN AAAA + (10.0.0.2)",
    "log_file": "/home/narenpindi/Desktop/project/enterprise-soc-lab/logs/network/dns_queries.log",
    "line_number": 245,
    "event_type": "dns_query",
    "severity": "LOW",
    "details": {
      "query_domain": "slack.com",
      "query_type": "AAAA",
      "source_ip": "10.0.1.50",
      "action": "dns_lookup"
    },
    "timestamp": "2026-02-18T03:00:00",
    "event_id": "EVT-001140"
  },
  {
    "source": "proxy",
    "raw": "2026-02-18T03:07:00 2189 10.0.2.10 TCP_200/200 9675 GET https://pypi.org/simple/requests/ - DIRECT/142.250.80.46 Mozilla/5.0",
    "log_file": "/home/narenpindi/Desktop/project/enterprise-soc-lab/logs/network/proxy_access.log",
    "line_number": 58,
    "event_type": "web_request",
    "severity": "LOW",
    "timestamp": "2026-02-18T03:07:00",
    "details": {
      "source_ip": "10.0.2.10",
      "method": "GET",
      "url": "https://pypi.org/simple/requests/",
      "bytes": 9675,
      "status": "200",
      "action": "web_access"
    },
    "event_id": "EVT-001141"
  },
  {
    "source": "dns",
    "raw": "18-Feb-2026 03:17:00.000 queries: info: client @0xc2ff 10.0.2.10#44233 (github.com): query: github.com IN CNAME + (10.0.0.2)",
    "log_file": "/home/narenpindi/Desktop/project/enterprise-soc-lab/logs/network/dns_queries.log",
    "line_number": 246,
    "event_type": "dns_query",
    "severity": "LOW",
    "details": {
      "query_domain": "github.com",
      "query_type": "CNAME",
      "source_ip": "10.0.2.10",
      "action": "dns_lookup"
    },
    "timestamp": "2026-02-18T03:17:00",
    "event_id": "EVT-001142"
  },
  {
    "source": "dns",
    "raw": "18-Feb-2026 03:29:00.000 queries: info: client @0xb060 10.0.2.10#41246 (cloudflare.com): query: cloudflare.com IN CNAME + (10.0.0.2)",
    "log_file": "/home/narenpindi/Desktop/project/enterprise-soc-lab/logs/network/dns_queries.log",
    "line_number": 247,
    "event_type": "dns_query",
    "severity": "LOW",
    "details": {
      "query_domain": "cloudflare.com",
      "query_type": "CNAME",
      "source_ip": "10.0.2.10",
      "action": "dns_lookup"
    },
    "timestamp": "2026-02-18T03:29:00",
    "event_id": "EVT-001143"
  },
  {
    "source": "dns",
    "raw": "18-Feb-2026 03:36:00.000 queries: info: client @0x5744 10.0.1.50#41820 (zoom.us): query: zoom.us IN AAAA + (10.0.0.2)",
    "log_file": "/home/narenpindi/Desktop/project/enterprise-soc-lab/logs/network/dns_queries.log",
    "line_number": 248,
    "event_type": "dns_query",
    "severity": "LOW",
    "details": {
      "query_domain": "zoom.us",
      "query_type": "AAAA",
      "source_ip": "10.0.1.50",
      "action": "dns_lookup"
    },
    "timestamp": "2026-02-18T03:36:00",
    "event_id": "EVT-001144"
  },
  {
    "source": "aws_s3",
    "timestamp": "2026-02-18T03:39:00",
    "raw": "{\"eventVersion\": \"1.08\", \"eventSource\": \"s3.amazonaws.com\", \"eventName\": \"GetObject\", \"eventTime\": \"2026-02-18T03:39:00Z\", \"sourceIPAddress\": \"10.0.1.50\", \"userAgent\": \"aws-cli/2.15.0\", \"requestParameters\": {\"bucketName\": \"corpsec-prod-data\", \"key\": \"app/config/settings_4.json\"}, \"responseElements\": null, \"additionalEventData\": {\"bytesTransferredOut\": 10034}}",
    "log_file": "/home/narenpindi/Desktop/project/enterprise-soc-lab/logs/cloud/s3_access_events.json",
    "event_type": "s3_access",
    "severity": "LOW",
    "details": {
      "event_name": "GetObject",
      "source_ip": "10.0.1.50",
      "user_name": "unknown",
      "bucket_name": "corpsec-prod-data",
      "key": "app/config/settings_4.json",
      "bytes_transferred": 10034,
      "action": "GetObject"
    },
    "event_id": "EVT-001145"
  },
  {
    "source": "aws_cloudtrail",
    "timestamp": "2026-02-18T03:47:00",
    "raw": "{\"eventVersion\": \"1.08\", \"userIdentity\": {\"type\": \"IAMUser\", \"principalId\": \"AIDAEXAMPLE81470\", \"arn\": \"arn:aws:iam::123456789012:user/dev-ops-svc\", \"accountId\": \"123456789012\", \"accessKeyId\": \"AKIAIOSFODNN7EXAMPLE\", \"userName\": \"dev-ops-svc\"}, \"eventTime\": \"2026-02-18T03:47:00Z\", \"eventSource\": \"cloudwatch.amazonaws.com\", \"eventName\": \"DescribeAlarms\", \"awsRegion\": \"us-east-1\", \"sourceIPAddress\": \"10.0.1.50\", \"userAgent\": \"aws-cli/2.15.0 Python/3.11.6 Linux/5.15.0-91-generic\", \"requestParameters\": {}, \"responseElements\": {\"_return\": true}, \"requestID\": \"f62512e4-a609-46fa-9fa4-cee5de25bf71\", \"eventID\": \"11f74bb7-3237-484c-92d2-7f7cd881aa3d\", \"readOnly\": true, \"eventType\": \"AwsApiCall\", \"managementEvent\": true, \"recipientAccountId\": \"123456789012\"}",
    "log_file": "/home/narenpindi/Desktop/project/enterprise-soc-lab/logs/cloud/cloudtrail_events.json",
    "event_type": "cloud_api_call",
    "severity": "LOW",
    "details": {
      "event_name": "DescribeAlarms",
      "event_source": "cloudwatch.amazonaws.com",
      "source_ip": "10.0.1.50",
      "user_name": "dev-ops-svc",
      "region": "us-east-1",
      "access_key": "AKIAIOSFODNN7EXAMPLE",
      "request_params": {},
      "error_code": null,
      "action": "DescribeAlarms"
    },
    "event_id": "EVT-001146"
  },
  {
    "source": "dns",
    "raw": "18-Feb-2026 04:25:00.000 queries: info: client @0x4e0e 10.0.1.50#42924 (amazonaws.com): query: amazonaws.com IN CNAME + (10.0.0.2)",
    "log_file": "/home/narenpindi/Desktop/project/enterprise-soc-lab/logs/network/dns_queries.log",
    "line_number": 249,
    "event_type": "dns_query",
    "severity": "LOW",
    "details": {
      "query_domain": "amazonaws.com",
      "query_type": "CNAME",
      "source_ip": "10.0.1.50",
      "action": "dns_lookup"
    },
    "timestamp": "2026-02-18T04:25:00",
    "event_id": "EVT-001147"
  },
  {
    "source": "proxy",
    "raw": "2026-02-18T04:52:00 1881 10.0.1.51 TCP_200/200 26358 POST https://pypi.org/simple/requests/ - DIRECT/142.250.80.46 Mozilla/5.0",
    "log_file": "/home/narenpindi/Desktop/project/enterprise-soc-lab/logs/network/proxy_access.log",
    "line_number": 59,
    "event_type": "web_request",
    "severity": "LOW",
    "timestamp": "2026-02-18T04:52:00",
    "details": {
      "source_ip": "10.0.1.51",
      "method": "POST",
      "url": "https://pypi.org/simple/requests/",
      "bytes": 26358,
      "status": "200",
      "action": "web_access"
    },
    "event_id": "EVT-001148"
  },
  {
    "source": "dns",
    "raw": "18-Feb-2026 04:57:00.000 queries: info: client @0x19ab 10.0.1.51#58605 (ubuntu.com): query: ubuntu.com IN A + (10.0.0.2)",
    "log_file": "/home/narenpindi/Desktop/project/enterprise-soc-lab/logs/network/dns_queries.log",
    "line_number": 250,
    "event_type": "dns_query",
    "severity": "LOW",
    "details": {
      "query_domain": "ubuntu.com",
      "query_type": "A",
      "source_ip": "10.0.1.51",
      "action": "dns_lookup"
    },
    "timestamp": "2026-02-18T04:57:00",
    "event_id": "EVT-001149"
  },
  {
    "source": "linux_auth",
    "raw": "Feb 18 05:00:00 prod-web-01 CRON[17641]: (deploy CMD (/opt/app/scripts/backup.sh))",
    "log_file": "/home/narenpindi/Desktop/project/enterprise-soc-lab/logs/linux/auth.log",
    "line_number": 490,
    "timestamp": "2026-02-18T05:00:00",
    "event_type": "scheduled_task",
    "severity": "LOW",
    "details": {
      "action": "cron_execution",
      "command": "/opt/app/scripts/backup.sh)"
    },
    "event_id": "EVT-001150"
  },
  {
    "source": "dns",
    "raw": "18-Feb-2026 05:08:00.000 queries: info: client @0x5a59 10.0.1.51#60631 (npmjs.org): query: npmjs.org IN A + (10.0.0.2)",
    "log_file": "/home/narenpindi/Desktop/project/enterprise-soc-lab/logs/network/dns_queries.log",
    "line_number": 251,
    "event_type": "dns_query",
    "severity": "LOW",
    "details": {
      "query_domain": "npmjs.org",
      "query_type": "A",
      "source_ip": "10.0.1.51",
      "action": "dns_lookup"
    },
    "timestamp": "2026-02-18T05:08:00",
    "event_id": "EVT-001151"
  },
  {
    "source": "proxy",
    "raw": "2026-02-18T05:18:00 3822 10.0.1.51 TCP_200/200 23126 POST https://slack.com/api/chat.postMessage - DIRECT/13.107.42.14 Mozilla/5.0",
    "log_file": "/home/narenpindi/Desktop/project/enterprise-soc-lab/logs/network/proxy_access.log",
    "line_number": 60,
    "event_type": "web_request",
    "severity": "LOW",
    "timestamp": "2026-02-18T05:18:00",
    "details": {
      "source_ip": "10.0.1.51",
      "method": "POST",
      "url": "https://slack.com/api/chat.postMessage",
      "bytes": 23126,
      "status": "200",
      "action": "web_access"
    },
    "event_id": "EVT-001152"
  },
  {
    "source": "aws_s3",
    "timestamp": "2026-02-18T05:24:00",
    "raw": "{\"eventVersion\": \"1.08\", \"eventSource\": \"s3.amazonaws.com\", \"eventName\": \"GetObject\", \"eventTime\": \"2026-02-18T05:24:00Z\", \"sourceIPAddress\": \"10.0.1.50\", \"userAgent\": \"aws-cli/2.15.0\", \"requestParameters\": {\"bucketName\": \"corpsec-prod-data\", \"key\": \"app/config/settings_1.json\"}, \"responseElements\": null, \"additionalEventData\": {\"bytesTransferredOut\": 11811}}",
    "log_file": "/home/narenpindi/Desktop/project/enterprise-soc-lab/logs/cloud/s3_access_events.json",
    "event_type": "s3_access",
    "severity": "LOW",
    "details": {
      "event_name": "GetObject",
      "source_ip": "10.0.1.50",
      "user_name": "unknown",
      "bucket_name": "corpsec-prod-data",
      "key": "app/config/settings_1.json",
      "bytes_transferred": 11811,
      "action": "GetObject"
    },
    "event_id": "EVT-001153"
  },
  {
    "source": "dns",
    "raw": "18-Feb-2026 05:25:00.000 queries: info: client @0xb9b3 10.0.1.51#47334 (cloudflare.com): query: cloudflare.com IN AAAA + (10.0.0.2)",
    "log_file": "/home/narenpindi/Desktop/project/enterprise-soc-lab/logs/network/dns_queries.log",
    "line_number": 252,
    "event_type": "dns_query",
    "severity": "LOW",
    "details": {
      "query_domain": "cloudflare.com",
      "query_type": "AAAA",
      "source_ip": "10.0.1.51",
      "action": "dns_lookup"
    },
    "timestamp": "2026-02-18T05:25:00",
    "event_id": "EVT-001154"
  },
  {
    "source": "aws_cloudtrail",
    "timestamp": "2026-02-18T05:27:00",
    "raw": "{\"eventVersion\": \"1.08\", \"userIdentity\": {\"type\": \"IAMUser\", \"principalId\": \"AIDAEXAMPLE18771\", \"arn\": \"arn:aws:iam::123456789012:user/dev-ops-svc\", \"accountId\": \"123456789012\", \"accessKeyId\": \"AKIAIOSFODNN7EXAMPLE\", \"userName\": \"dev-ops-svc\"}, \"eventTime\": \"2026-02-18T05:27:00Z\", \"eventSource\": \"cloudwatch.amazonaws.com\", \"eventName\": \"DescribeAlarms\", \"awsRegion\": \"us-east-1\", \"sourceIPAddress\": \"10.0.1.50\", \"userAgent\": \"aws-cli/2.15.0 Python/3.11.6 Linux/5.15.0-91-generic\", \"requestParameters\": {}, \"responseElements\": {\"_return\": true}, \"requestID\": \"3c345c51-7f65-439d-be0f-519fa485c94c\", \"eventID\": \"0b1af64a-63bb-4b11-b17b-6d7e722073d1\", \"readOnly\": true, \"eventType\": \"AwsApiCall\", \"managementEvent\": true, \"recipientAccountId\": \"123456789012\"}",
    "log_file": "/home/narenpindi/Desktop/project/enterprise-soc-lab/logs/cloud/cloudtrail_events.json",
    "event_type": "cloud_api_call",
    "severity": "LOW",
    "details": {
      "event_name": "DescribeAlarms",
      "event_source": "cloudwatch.amazonaws.com",
      "source_ip": "10.0.1.50",
      "user_name": "dev-ops-svc",
      "region": "us-east-1",
      "access_key": "AKIAIOSFODNN7EXAMPLE",
      "request_params": {},
      "error_code": null,
      "action": "DescribeAlarms"
    },
    "event_id": "EVT-001155"
  },
  {
    "source": "windows_security",
    "timestamp": "2026-02-18T05:34:00",
    "raw": "{\"EventID\": 4624, \"TimeCreated\": \"2026-02-18T05:34:00Z\", \"Computer\": \"WS-FIN-PC04.corpsec.local\", \"Channel\": \"Security\", \"Provider\": \"Microsoft-Windows-Security-Auditing\", \"Level\": \"Information\", \"Task\": \"Logon\", \"Keywords\": \"Audit Success\", \"EventData\": {\"SubjectUserSid\": \"S-1-5-18\", \"SubjectUserName\": \"WS-FIN-PC04$\", \"SubjectDomainName\": \"CORPSEC\", \"TargetUserSid\": \"S-1-5-21-9672510-8640\", \"TargetUserName\": \"administrator\", \"TargetDomainName\": \"CORPSEC\", \"LogonType\": \"2\", \"LogonProcessName\": \"NtLmSsp\", \"AuthenticationPackageName\": \"NTLM\", \"WorkstationName\": \"WS-FIN-PC04\", \"LogonGuid\": \"{6d58c747-9479-432f-baea-e24d45217cc3}\", \"IpAddress\": \"10.0.1.100\", \"IpPort\": \"47108\", \"ElevatedToken\": \"%%1842\"}}",
    "log_file": "/home/narenpindi/Desktop/project/enterprise-soc-lab/logs/windows/security_events.json",
    "event_type": "authentication_success",
    "severity": "INFO",
    "details": {
      "source_ip": "10.0.1.100",
      "username": "administrator",
      "domain": "CORPSEC",
      "logon_type": "2",
      "service": "windows_logon",
      "action": "successful_login"
    },
    "event_id": "EVT-001156"
  },
  {
    "source": "dns",
    "raw": "18-Feb-2026 05:41:00.000 queries: info: client @0xd90d 10.0.1.51#58549 (npmjs.org): query: npmjs.org IN CNAME + (10.0.0.2)",
    "log_file": "/home/narenpindi/Desktop/project/enterprise-soc-lab/logs/network/dns_queries.log",
    "line_number": 253,
    "event_type": "dns_query",
    "severity": "LOW",
    "details": {
      "query_domain": "npmjs.org",
      "query_type": "CNAME",
      "source_ip": "10.0.1.51",
      "action": "dns_lookup"
    },
    "timestamp": "2026-02-18T05:41:00",
    "event_id": "EVT-001157"
  },
  {
    "source": "windows_security",
    "timestamp": "2026-02-18T06:24:00",
    "raw": "{\"EventID\": 4624, \"TimeCreated\": \"2026-02-18T06:24:00Z\", \"Computer\": \"WS-FIN-PC04.corpsec.local\", \"Channel\": \"Security\", \"Provider\": \"Microsoft-Windows-Security-Auditing\", \"Level\": \"Information\", \"Task\": \"Logon\", \"Keywords\": \"Audit Success\", \"EventData\": {\"SubjectUserSid\": \"S-1-5-18\", \"SubjectUserName\": \"WS-FIN-PC04$\", \"SubjectDomainName\": \"CORPSEC\", \"TargetUserSid\": \"S-1-5-21-5514028-5163\", \"TargetUserName\": \"jsmith\", \"TargetDomainName\": \"CORPSEC\", \"LogonType\": \"3\", \"LogonProcessName\": \"NtLmSsp\", \"AuthenticationPackageName\": \"NTLM\", \"WorkstationName\": \"WS-FIN-PC04\", \"LogonGuid\": \"{912b6af3-e358-4aa4-b105-7a6fc2d482f9}\", \"IpAddress\": \"10.0.1.100\", \"IpPort\": \"48781\", \"ElevatedToken\": \"%%1843\"}}",
    "log_file": "/home/narenpindi/Desktop/project/enterprise-soc-lab/logs/windows/security_events.json",
    "event_type": "authentication_success",
    "severity": "INFO",
    "details": {
      "source_ip": "10.0.1.100",
      "username": "jsmith",
      "domain": "CORPSEC",
      "logon_type": "3",
      "service": "windows_logon",
      "action": "successful_login"
    },
    "event_id": "EVT-001158"
  },
  {
    "source": "dns",
    "raw": "18-Feb-2026 06:25:00.000 queries: info: client @0x749f 10.0.1.51#46871 (ubuntu.com): query: ubuntu.com IN A + (10.0.0.2)",
    "log_file": "/home/narenpindi/Desktop/project/enterprise-soc-lab/logs/network/dns_queries.log",
    "line_number": 254,
    "event_type": "dns_query",
    "severity": "LOW",
    "details": {
      "query_domain": "ubuntu.com",
      "query_type": "A",
      "source_ip": "10.0.1.51",
      "action": "dns_lookup"
    },
    "timestamp": "2026-02-18T06:25:00",
    "event_id": "EVT-001159"
  },
  {
    "source": "windows_security",
    "timestamp": "2026-02-18T06:34:00",
    "raw": "{\"EventID\": 4624, \"TimeCreated\": \"2026-02-18T06:34:00Z\", \"Computer\": \"WS-FIN-PC04.corpsec.local\", \"Channel\": \"Security\", \"Provider\": \"Microsoft-Windows-Security-Auditing\", \"Level\": \"Information\", \"Task\": \"Logon\", \"Keywords\": \"Audit Success\", \"EventData\": {\"SubjectUserSid\": \"S-1-5-18\", \"SubjectUserName\": \"WS-FIN-PC04$\", \"SubjectDomainName\": \"CORPSEC\", \"TargetUserSid\": \"S-1-5-21-1897018-1406\", \"TargetUserName\": \"jsmith\", \"TargetDomainName\": \"CORPSEC\", \"LogonType\": \"2\", \"LogonProcessName\": \"NtLmSsp\", \"AuthenticationPackageName\": \"NTLM\", \"WorkstationName\": \"WS-FIN-PC04\", \"LogonGuid\": \"{b79e36ad-b681-4eed-95e8-267164c385c1}\", \"IpAddress\": \"10.0.1.101\", \"IpPort\": \"62674\", \"ElevatedToken\": \"%%1843\"}}",
    "log_file": "/home/narenpindi/Desktop/project/enterprise-soc-lab/logs/windows/security_events.json",
    "event_type": "authentication_success",
    "severity": "INFO",
    "details": {
      "source_ip": "10.0.1.101",
      "username": "jsmith",
      "domain": "CORPSEC",
      "logon_type": "2",
      "service": "windows_logon",
      "action": "successful_login"
    },
    "event_id": "EVT-001160"
  },
  {
    "source": "linux_auth",
    "raw": "Feb 18 07:00:00 prod-web-01 CRON[25742]: (root CMD (/usr/bin/certbot renew --quiet))",
    "log_file": "/home/narenpindi/Desktop/project/enterprise-soc-lab/logs/linux/auth.log",
    "line_number": 491,
    "timestamp": "2026-02-18T07:00:00",
    "event_type": "scheduled_task",
    "severity": "LOW",
    "details": {
      "action": "cron_execution",
      "command": "/usr/bin/certbot renew --quiet)"
    },
    "event_id": "EVT-001161"
  },
  {
    "source": "dns",
    "raw": "18-Feb-2026 07:14:00.000 queries: info: client @0xff93 10.0.1.51#55982 (pypi.org): query: pypi.org IN CNAME + (10.0.0.2)",
    "log_file": "/home/narenpindi/Desktop/project/enterprise-soc-lab/logs/network/dns_queries.log",
    "line_number": 255,
    "event_type": "dns_query",
    "severity": "LOW",
    "details": {
      "query_domain": "pypi.org",
      "query_type": "CNAME",
      "source_ip": "10.0.1.51",
      "action": "dns_lookup"
    },
    "timestamp": "2026-02-18T07:14:00",
    "event_id": "EVT-001162"
  },
  {
    "source": "dns",
    "raw": "18-Feb-2026 07:34:00.000 queries: info: client @0xa9ec 10.0.1.50#52108 (google.com): query: google.com IN CNAME + (10.0.0.2)",
    "log_file": "/home/narenpindi/Desktop/project/enterprise-soc-lab/logs/network/dns_queries.log",
    "line_number": 256,
    "event_type": "dns_query",
    "severity": "LOW",
    "details": {
      "query_domain": "google.com",
      "query_type": "CNAME",
      "source_ip": "10.0.1.50",
      "action": "dns_lookup"
    },
    "timestamp": "2026-02-18T07:34:00",
    "event_id": "EVT-001163"
  },
  {
    "source": "aws_cloudtrail",
    "timestamp": "2026-02-18T09:02:00",
    "raw": "{\"eventVersion\": \"1.08\", \"userIdentity\": {\"type\": \"IAMUser\", \"principalId\": \"AIDAEXAMPLE22180\", \"arn\": \"arn:aws:iam::123456789012:user/dev-ops-svc\", \"accountId\": \"123456789012\", \"accessKeyId\": \"AKIAIOSFODNN7EXAMPLE\", \"userName\": \"dev-ops-svc\"}, \"eventTime\": \"2026-02-18T09:02:00Z\", \"eventSource\": \"ec2.amazonaws.com\", \"eventName\": \"DescribeSecurityGroups\", \"awsRegion\": \"us-east-1\", \"sourceIPAddress\": \"10.0.1.50\", \"userAgent\": \"aws-cli/2.15.0 Python/3.11.6 Linux/5.15.0-91-generic\", \"requestParameters\": {}, \"responseElements\": {\"_return\": true}, \"requestID\": \"6c6dfa33-9402-4d98-9f7f-604744e0c440\", \"eventID\": \"79d5d691-9714-4b50-ae80-8dc977c16628\", \"readOnly\": true, \"eventType\": \"AwsApiCall\", \"managementEvent\": true, \"recipientAccountId\": \"123456789012\"}",
    "log_file": "/home/narenpindi/Desktop/project/enterprise-soc-lab/logs/cloud/cloudtrail_events.json",
    "event_type": "cloud_api_call",
    "severity": "LOW",
    "details": {
      "event_name": "DescribeSecurityGroups",
      "event_source": "ec2.amazonaws.com",
      "source_ip": "10.0.1.50",
      "user_name": "dev-ops-svc",
      "region": "us-east-1",
      "access_key": "AKIAIOSFODNN7EXAMPLE",
      "request_params": {},
      "error_code": null,
      "action": "DescribeSecurityGroups"
    },
    "event_id": "EVT-001164"
  },
  {
    "source": "windows_security",
    "timestamp": "2026-02-18T09:12:00",
    "raw": "{\"EventID\": 4624, \"TimeCreated\": \"2026-02-18T09:12:00Z\", \"Computer\": \"WS-FIN-PC04.corpsec.local\", \"Channel\": \"Security\", \"Provider\": \"Microsoft-Windows-Security-Auditing\", \"Level\": \"Information\", \"Task\": \"Logon\", \"Keywords\": \"Audit Success\", \"EventData\": {\"SubjectUserSid\": \"S-1-5-18\", \"SubjectUserName\": \"WS-FIN-PC04$\", \"SubjectDomainName\": \"CORPSEC\", \"TargetUserSid\": \"S-1-5-21-3969998-2960\", \"TargetUserName\": \"administrator\", \"TargetDomainName\": \"CORPSEC\", \"LogonType\": \"3\", \"LogonProcessName\": \"NtLmSsp\", \"AuthenticationPackageName\": \"NTLM\", \"WorkstationName\": \"WS-FIN-PC04\", \"LogonGuid\": \"{c3c6a755-c7e5-45c6-891e-298eead0096f}\", \"IpAddress\": \"10.0.2.50\", \"IpPort\": \"49873\", \"ElevatedToken\": \"%%1842\"}}",
    "log_file": "/home/narenpindi/Desktop/project/enterprise-soc-lab/logs/windows/security_events.json",
    "event_type": "authentication_success",
    "severity": "INFO",
    "details": {
      "source_ip": "10.0.2.50",
      "username": "administrator",
      "domain": "CORPSEC",
      "logon_type": "3",
      "service": "windows_logon",
      "action": "successful_login"
    },
    "event_id": "EVT-001165"
  },
  {
    "source": "dns",
    "raw": "18-Feb-2026 09:19:00.000 queries: info: client @0x9c0e 10.0.2.10#42117 (npmjs.org): query: npmjs.org IN A + (10.0.0.2)",
    "log_file": "/home/narenpindi/Desktop/project/enterprise-soc-lab/logs/network/dns_queries.log",
    "line_number": 257,
    "event_type": "dns_query",
    "severity": "LOW",
    "details": {
      "query_domain": "npmjs.org",
      "query_type": "A",
      "source_ip": "10.0.2.10",
      "action": "dns_lookup"
    },
    "timestamp": "2026-02-18T09:19:00",
    "event_id": "EVT-001166"
  },
  {
    "source": "windows_security",
    "timestamp": "2026-02-18T09:27:00",
    "raw": "{\"EventID\": 4624, \"TimeCreated\": \"2026-02-18T09:27:00Z\", \"Computer\": \"WS-FIN-PC04.corpsec.local\", \"Channel\": \"Security\", \"Provider\": \"Microsoft-Windows-Security-Auditing\", \"Level\": \"Information\", \"Task\": \"Logon\", \"Keywords\": \"Audit Success\", \"EventData\": {\"SubjectUserSid\": \"S-1-5-18\", \"SubjectUserName\": \"WS-FIN-PC04$\", \"SubjectDomainName\": \"CORPSEC\", \"TargetUserSid\": \"S-1-5-21-3485362-4516\", \"TargetUserName\": \"svc_backup\", \"TargetDomainName\": \"CORPSEC\", \"LogonType\": \"10\", \"LogonProcessName\": \"NtLmSsp\", \"AuthenticationPackageName\": \"NTLM\", \"WorkstationName\": \"WS-FIN-PC04\", \"LogonGuid\": \"{29227734-c8ba-4f02-b8ab-e65e0b8a0bef}\", \"IpAddress\": \"10.0.2.50\", \"IpPort\": \"47956\", \"ElevatedToken\": \"%%1843\"}}",
    "log_file": "/home/narenpindi/Desktop/project/enterprise-soc-lab/logs/windows/security_events.json",
    "event_type": "authentication_success",
    "severity": "INFO",
    "details": {
      "source_ip": "10.0.2.50",
      "username": "svc_backup",
      "domain": "CORPSEC",
      "logon_type": "10",
      "service": "windows_logon",
      "action": "successful_login"
    },
    "event_id": "EVT-001167"
  },
  {
    "source": "aws_cloudtrail",
    "timestamp": "2026-02-18T09:28:00",
    "raw": "{\"eventVersion\": \"1.08\", \"userIdentity\": {\"type\": \"IAMUser\", \"principalId\": \"AIDAEXAMPLE96393\", \"arn\": \"arn:aws:iam::123456789012:user/dev-ops-svc\", \"accountId\": \"123456789012\", \"accessKeyId\": \"AKIAIOSFODNN7EXAMPLE\", \"userName\": \"dev-ops-svc\"}, \"eventTime\": \"2026-02-18T09:28:00Z\", \"eventSource\": \"ec2.amazonaws.com\", \"eventName\": \"DescribeSecurityGroups\", \"awsRegion\": \"us-east-1\", \"sourceIPAddress\": \"10.0.1.50\", \"userAgent\": \"aws-cli/2.15.0 Python/3.11.6 Linux/5.15.0-91-generic\", \"requestParameters\": {}, \"responseElements\": {\"_return\": true}, \"requestID\": \"10a4b74c-0bd8-49c9-bb55-1659b5745a5f\", \"eventID\": \"ba6a73c2-eca7-42d5-92e8-204c01943535\", \"readOnly\": true, \"eventType\": \"AwsApiCall\", \"managementEvent\": true, \"recipientAccountId\": \"123456789012\"}",
    "log_file": "/home/narenpindi/Desktop/project/enterprise-soc-lab/logs/cloud/cloudtrail_events.json",
    "event_type": "cloud_api_call",
    "severity": "LOW",
    "details": {
      "event_name": "DescribeSecurityGroups",
      "event_source": "ec2.amazonaws.com",
      "source_ip": "10.0.1.50",
      "user_name": "dev-ops-svc",
      "region": "us-east-1",
      "access_key": "AKIAIOSFODNN7EXAMPLE",
      "request_params": {},
      "error_code": null,
      "action": "DescribeSecurityGroups"
    },
    "event_id": "EVT-001168"
  },
  {
    "source": "proxy",
    "raw": "2026-02-18T10:03:00 3274 10.0.1.51 TCP_200/200 4294 POST https://docs.python.org/3/library - DIRECT/142.250.80.46 Mozilla/5.0",
    "log_file": "/home/narenpindi/Desktop/project/enterprise-soc-lab/logs/network/proxy_access.log",
    "line_number": 61,
    "event_type": "web_request",
    "severity": "LOW",
    "timestamp": "2026-02-18T10:03:00",
    "details": {
      "source_ip": "10.0.1.51",
      "method": "POST",
      "url": "https://docs.python.org/3/library",
      "bytes": 4294,
      "status": "200",
      "action": "web_access"
    },
    "event_id": "EVT-001169"
  },
  {
    "source": "proxy",
    "raw": "2026-02-18T10:24:00 3362 10.0.2.10 TCP_200/200 12806 GET https://docs.python.org/3/library - DIRECT/185.199.108.133 Mozilla/5.0",
    "log_file": "/home/narenpindi/Desktop/project/enterprise-soc-lab/logs/network/proxy_access.log",
    "line_number": 62,
    "event_type": "web_request",
    "severity": "LOW",
    "timestamp": "2026-02-18T10:24:00",
    "details": {
      "source_ip": "10.0.2.10",
      "method": "GET",
      "url": "https://docs.python.org/3/library",
      "bytes": 12806,
      "status": "200",
      "action": "web_access"
    },
    "event_id": "EVT-001170"
  },
  {
    "source": "dns",
    "raw": "18-Feb-2026 10:34:00.000 queries: info: client @0x3855 10.0.2.10#46171 (npmjs.org): query: npmjs.org IN AAAA + (10.0.0.2)",
    "log_file": "/home/narenpindi/Desktop/project/enterprise-soc-lab/logs/network/dns_queries.log",
    "line_number": 258,
    "event_type": "dns_query",
    "severity": "LOW",
    "details": {
      "query_domain": "npmjs.org",
      "query_type": "AAAA",
      "source_ip": "10.0.2.10",
      "action": "dns_lookup"
    },
    "timestamp": "2026-02-18T10:34:00",
    "event_id": "EVT-001171"
  },
  {
    "source": "dns",
    "raw": "18-Feb-2026 10:46:00.000 queries: info: client @0xa44e 10.0.1.51#48675 (zoom.us): query: zoom.us IN CNAME + (10.0.0.2)",
    "log_file": "/home/narenpindi/Desktop/project/enterprise-soc-lab/logs/network/dns_queries.log",
    "line_number": 259,
    "event_type": "dns_query",
    "severity": "LOW",
    "details": {
      "query_domain": "zoom.us",
      "query_type": "CNAME",
      "source_ip": "10.0.1.51",
      "action": "dns_lookup"
    },
    "timestamp": "2026-02-18T10:46:00",
    "event_id": "EVT-001172"
  },
  {
    "source": "proxy",
    "raw": "2026-02-18T10:52:00 4365 10.0.2.10 TCP_200/200 18179 POST https://registry.npmjs.org/express - DIRECT/142.250.80.46 Mozilla/5.0",
    "log_file": "/home/narenpindi/Desktop/project/enterprise-soc-lab/logs/network/proxy_access.log",
    "line_number": 63,
    "event_type": "web_request",
    "severity": "LOW",
    "timestamp": "2026-02-18T10:52:00",
    "details": {
      "source_ip": "10.0.2.10",
      "method": "POST",
      "url": "https://registry.npmjs.org/express",
      "bytes": 18179,
      "status": "200",
      "action": "web_access"
    },
    "event_id": "EVT-001173"
  },
  {
    "source": "proxy",
    "raw": "2026-02-18T10:59:00 1700 10.0.1.51 TCP_200/200 15888 GET https://registry.npmjs.org/express - DIRECT/185.199.108.133 Mozilla/5.0",
    "log_file": "/home/narenpindi/Desktop/project/enterprise-soc-lab/logs/network/proxy_access.log",
    "line_number": 64,
    "event_type": "web_request",
    "severity": "LOW",
    "timestamp": "2026-02-18T10:59:00",
    "details": {
      "source_ip": "10.0.1.51",
      "method": "GET",
      "url": "https://registry.npmjs.org/express",
      "bytes": 15888,
      "status": "200",
      "action": "web_access"
    },
    "event_id": "EVT-001174"
  },
  {
    "source": "aws_cloudtrail",
    "timestamp": "2026-02-18T11:10:00",
    "raw": "{\"eventVersion\": \"1.08\", \"userIdentity\": {\"type\": \"IAMUser\", \"principalId\": \"AIDAEXAMPLE10278\", \"arn\": \"arn:aws:iam::123456789012:user/dev-ops-svc\", \"accountId\": \"123456789012\", \"accessKeyId\": \"AKIAIOSFODNN7EXAMPLE\", \"userName\": \"dev-ops-svc\"}, \"eventTime\": \"2026-02-18T11:10:00Z\", \"eventSource\": \"cloudwatch.amazonaws.com\", \"eventName\": \"DescribeAlarms\", \"awsRegion\": \"us-east-1\", \"sourceIPAddress\": \"10.0.1.50\", \"userAgent\": \"aws-cli/2.15.0 Python/3.11.6 Linux/5.15.0-91-generic\", \"requestParameters\": {}, \"responseElements\": {\"_return\": true}, \"requestID\": \"d59645b2-4fe7-4916-99d1-cd78a89302a3\", \"eventID\": \"d4605a27-55b7-4f6a-863e-1bda097ddaec\", \"readOnly\": true, \"eventType\": \"AwsApiCall\", \"managementEvent\": true, \"recipientAccountId\": \"123456789012\"}",
    "log_file": "/home/narenpindi/Desktop/project/enterprise-soc-lab/logs/cloud/cloudtrail_events.json",
    "event_type": "cloud_api_call",
    "severity": "LOW",
    "details": {
      "event_name": "DescribeAlarms",
      "event_source": "cloudwatch.amazonaws.com",
      "source_ip": "10.0.1.50",
      "user_name": "dev-ops-svc",
      "region": "us-east-1",
      "access_key": "AKIAIOSFODNN7EXAMPLE",
      "request_params": {},
      "error_code": null,
      "action": "DescribeAlarms"
    },
    "event_id": "EVT-001175"
  },
  {
    "source": "proxy",
    "raw": "2026-02-18T11:24:00 1799 10.0.1.51 TCP_200/200 37368 POST http://github.com/api/v3/repos - DIRECT/13.107.42.14 Mozilla/5.0",
    "log_file": "/home/narenpindi/Desktop/project/enterprise-soc-lab/logs/network/proxy_access.log",
    "line_number": 65,
    "event_type": "web_request",
    "severity": "LOW",
    "timestamp": "2026-02-18T11:24:00",
    "details": {
      "source_ip": "10.0.1.51",
      "method": "POST",
      "url": "http://github.com/api/v3/repos",
      "bytes": 37368,
      "status": "200",
      "action": "web_access"
    },
    "event_id": "EVT-001176"
  },
  {
    "source": "dns",
    "raw": "18-Feb-2026 11:34:00.000 queries: info: client @0x9844 10.0.1.50#53980 (npmjs.org): query: npmjs.org IN A + (10.0.0.2)",
    "log_file": "/home/narenpindi/Desktop/project/enterprise-soc-lab/logs/network/dns_queries.log",
    "line_number": 260,
    "event_type": "dns_query",
    "severity": "LOW",
    "details": {
      "query_domain": "npmjs.org",
      "query_type": "A",
      "source_ip": "10.0.1.50",
      "action": "dns_lookup"
    },
    "timestamp": "2026-02-18T11:34:00",
    "event_id": "EVT-001177"
  },
  {
    "source": "dns",
    "raw": "18-Feb-2026 11:38:00.000 queries: info: client @0x6111 10.0.2.10#64329 (amazonaws.com): query: amazonaws.com IN A + (10.0.0.2)",
    "log_file": "/home/narenpindi/Desktop/project/enterprise-soc-lab/logs/network/dns_queries.log",
    "line_number": 261,
    "event_type": "dns_query",
    "severity": "LOW",
    "details": {
      "query_domain": "amazonaws.com",
      "query_type": "A",
      "source_ip": "10.0.2.10",
      "action": "dns_lookup"
    },
    "timestamp": "2026-02-18T11:38:00",
    "event_id": "EVT-001178"
  },
  {
    "source": "aws_cloudtrail",
    "timestamp": "2026-02-18T11:57:00",
    "raw": "{\"eventVersion\": \"1.08\", \"userIdentity\": {\"type\": \"IAMUser\", \"principalId\": \"AIDAEXAMPLE68418\", \"arn\": \"arn:aws:iam::123456789012:user/dev-ops-svc\", \"accountId\": \"123456789012\", \"accessKeyId\": \"AKIAIOSFODNN7EXAMPLE\", \"userName\": \"dev-ops-svc\"}, \"eventTime\": \"2026-02-18T11:57:00Z\", \"eventSource\": \"cloudwatch.amazonaws.com\", \"eventName\": \"DescribeAlarms\", \"awsRegion\": \"us-east-1\", \"sourceIPAddress\": \"10.0.1.50\", \"userAgent\": \"aws-cli/2.15.0 Python/3.11.6 Linux/5.15.0-91-generic\", \"requestParameters\": {}, \"responseElements\": {\"_return\": true}, \"requestID\": \"eef512d1-4952-4533-9591-e9c8ec82b930\", \"eventID\": \"114d7dfa-e2df-4576-814c-9c73feea0479\", \"readOnly\": true, \"eventType\": \"AwsApiCall\", \"managementEvent\": true, \"recipientAccountId\": \"123456789012\"}",
    "log_file": "/home/narenpindi/Desktop/project/enterprise-soc-lab/logs/cloud/cloudtrail_events.json",
    "event_type": "cloud_api_call",
    "severity": "LOW",
    "details": {
      "event_name": "DescribeAlarms",
      "event_source": "cloudwatch.amazonaws.com",
      "source_ip": "10.0.1.50",
      "user_name": "dev-ops-svc",
      "region": "us-east-1",
      "access_key": "AKIAIOSFODNN7EXAMPLE",
      "request_params": {},
      "error_code": null,
      "action": "DescribeAlarms"
    },
    "event_id": "EVT-001179"
  },
  {
    "source": "aws_cloudtrail",
    "timestamp": "2026-02-18T12:18:00",
    "raw": "{\"eventVersion\": \"1.08\", \"userIdentity\": {\"type\": \"IAMUser\", \"principalId\": \"AIDAEXAMPLE81754\", \"arn\": \"arn:aws:iam::123456789012:user/dev-ops-svc\", \"accountId\": \"123456789012\", \"accessKeyId\": \"AKIAIOSFODNN7EXAMPLE\", \"userName\": \"dev-ops-svc\"}, \"eventTime\": \"2026-02-18T12:18:00Z\", \"eventSource\": \"logs.amazonaws.com\", \"eventName\": \"DescribeLogGroups\", \"awsRegion\": \"us-east-1\", \"sourceIPAddress\": \"10.0.1.50\", \"userAgent\": \"aws-cli/2.15.0 Python/3.11.6 Linux/5.15.0-91-generic\", \"requestParameters\": {}, \"responseElements\": {\"_return\": true}, \"requestID\": \"6a3bf713-3d88-4aab-a5d1-52582ee39848\", \"eventID\": \"91efeddd-5a2b-4627-9aa3-bd408f206b64\", \"readOnly\": true, \"eventType\": \"AwsApiCall\", \"managementEvent\": true, \"recipientAccountId\": \"123456789012\"}",
    "log_file": "/home/narenpindi/Desktop/project/enterprise-soc-lab/logs/cloud/cloudtrail_events.json",
    "event_type": "cloud_api_call",
    "severity": "LOW",
    "details": {
      "event_name": "DescribeLogGroups",
      "event_source": "logs.amazonaws.com",
      "source_ip": "10.0.1.50",
      "user_name": "dev-ops-svc",
      "region": "us-east-1",
      "access_key": "AKIAIOSFODNN7EXAMPLE",
      "request_params": {},
      "error_code": null,
      "action": "DescribeLogGroups"
    },
    "event_id": "EVT-001180"
  },
  {
    "source": "aws_cloudtrail",
    "timestamp": "2026-02-18T12:25:00",
    "raw": "{\"eventVersion\": \"1.08\", \"userIdentity\": {\"type\": \"IAMUser\", \"principalId\": \"AIDAEXAMPLE43297\", \"arn\": \"arn:aws:iam::123456789012:user/dev-ops-svc\", \"accountId\": \"123456789012\", \"accessKeyId\": \"AKIAIOSFODNN7EXAMPLE\", \"userName\": \"dev-ops-svc\"}, \"eventTime\": \"2026-02-18T12:25:00Z\", \"eventSource\": \"ec2.amazonaws.com\", \"eventName\": \"DescribeInstances\", \"awsRegion\": \"us-east-1\", \"sourceIPAddress\": \"10.0.1.50\", \"userAgent\": \"aws-cli/2.15.0 Python/3.11.6 Linux/5.15.0-91-generic\", \"requestParameters\": {}, \"responseElements\": {\"_return\": true}, \"requestID\": \"d20f5354-4fd7-448a-8717-0cc897c30b86\", \"eventID\": \"e1cbbf88-d309-484d-86ab-b2f4fd33650d\", \"readOnly\": true, \"eventType\": \"AwsApiCall\", \"managementEvent\": true, \"recipientAccountId\": \"123456789012\"}",
    "log_file": "/home/narenpindi/Desktop/project/enterprise-soc-lab/logs/cloud/cloudtrail_events.json",
    "event_type": "cloud_api_call",
    "severity": "LOW",
    "details": {
      "event_name": "DescribeInstances",
      "event_source": "ec2.amazonaws.com",
      "source_ip": "10.0.1.50",
      "user_name": "dev-ops-svc",
      "region": "us-east-1",
      "access_key": "AKIAIOSFODNN7EXAMPLE",
      "request_params": {},
      "error_code": null,
      "action": "DescribeInstances"
    },
    "event_id": "EVT-001181"
  },
  {
    "source": "windows_security",
    "timestamp": "2026-02-18T12:46:00",
    "raw": "{\"EventID\": 4624, \"TimeCreated\": \"2026-02-18T12:46:00Z\", \"Computer\": \"WS-FIN-PC04.corpsec.local\", \"Channel\": \"Security\", \"Provider\": \"Microsoft-Windows-Security-Auditing\", \"Level\": \"Information\", \"Task\": \"Logon\", \"Keywords\": \"Audit Success\", \"EventData\": {\"SubjectUserSid\": \"S-1-5-18\", \"SubjectUserName\": \"WS-FIN-PC04$\", \"SubjectDomainName\": \"CORPSEC\", \"TargetUserSid\": \"S-1-5-21-6376857-2412\", \"TargetUserName\": \"svc_backup\", \"TargetDomainName\": \"CORPSEC\", \"LogonType\": \"2\", \"LogonProcessName\": \"NtLmSsp\", \"AuthenticationPackageName\": \"NTLM\", \"WorkstationName\": \"WS-FIN-PC04\", \"LogonGuid\": \"{fae23632-ff8e-4361-86fb-864180e20c46}\", \"IpAddress\": \"10.0.1.101\", \"IpPort\": \"59640\", \"ElevatedToken\": \"%%1843\"}}",
    "log_file": "/home/narenpindi/Desktop/project/enterprise-soc-lab/logs/windows/security_events.json",
    "event_type": "authentication_success",
    "severity": "INFO",
    "details": {
      "source_ip": "10.0.1.101",
      "username": "svc_backup",
      "domain": "CORPSEC",
      "logon_type": "2",
      "service": "windows_logon",
      "action": "successful_login"
    },
    "event_id": "EVT-001182"
  },
  {
    "source": "windows_security",
    "timestamp": "2026-02-18T12:51:00",
    "raw": "{\"EventID\": 4624, \"TimeCreated\": \"2026-02-18T12:51:00Z\", \"Computer\": \"WS-FIN-PC04.corpsec.local\", \"Channel\": \"Security\", \"Provider\": \"Microsoft-Windows-Security-Auditing\", \"Level\": \"Information\", \"Task\": \"Logon\", \"Keywords\": \"Audit Success\", \"EventData\": {\"SubjectUserSid\": \"S-1-5-18\", \"SubjectUserName\": \"WS-FIN-PC04$\", \"SubjectDomainName\": \"CORPSEC\", \"TargetUserSid\": \"S-1-5-21-7873521-4163\", \"TargetUserName\": \"svc_backup\", \"TargetDomainName\": \"CORPSEC\", \"LogonType\": \"10\", \"LogonProcessName\": \"NtLmSsp\", \"AuthenticationPackageName\": \"NTLM\", \"WorkstationName\": \"WS-FIN-PC04\", \"LogonGuid\": \"{4dcec1c0-2870-4062-b4b2-13367e88418d}\", \"IpAddress\": \"10.0.1.101\", \"IpPort\": \"44171\", \"ElevatedToken\": \"%%1843\"}}",
    "log_file": "/home/narenpindi/Desktop/project/enterprise-soc-lab/logs/windows/security_events.json",
    "event_type": "authentication_success",
    "severity": "INFO",
    "details": {
      "source_ip": "10.0.1.101",
      "username": "svc_backup",
      "domain": "CORPSEC",
      "logon_type": "10",
      "service": "windows_logon",
      "action": "successful_login"
    },
    "event_id": "EVT-001183"
  },
